<?xml version="1.0" encoding="UTF-8"?>
<!-- Generated by org.testng.reporters.JUnitReportReporter -->
<testsuite hostname="FOCUS-QA-10" name="com.focus.testcases.FinancialReportsXTest" tests="197" failures="9" timestamp="8 Dec 2022 10:59:50 GMT" time="5840.045" errors="125">
  <testcase name="checkPaymentRegisterReport" time="10.361" classname="com.focus.testcases.FinancialReportsXTest"/>
  <testcase name="checkReceavibleAndPayableReport" time="57.562" classname="com.focus.testcases.FinancialReportsXTest">
    <error type="org.openqa.selenium.TimeoutException" message="Expected condition failed: waiting for element to be clickable: [[ChromeDriver: chrome on WINDOWS (4e5b63374159fa2ea6e25ee1b1617078)] -&gt; xpath: (//input[@id=&#039;5002&#039;])[1]/following-sibling::span] (tried for 40 second(s) with 5000 milliseconds interval)
Build info: version: &#039;3.12.0&#039;, revision: &#039;7c6e0b3&#039;, time: &#039;2018-05-08T14:04:26.12Z&#039;
System info: host: &#039;FOCUS-QA-10&#039;, ip: &#039;192.168.4.206&#039;, os.name: &#039;Windows 10&#039;, os.arch: &#039;amd64&#039;, os.version: &#039;10.0&#039;, java.version: &#039;1.8.0_111&#039;
Driver info: driver.version: unknown">
      <![CDATA[org.openqa.selenium.TimeoutException: Expected condition failed: waiting for element to be clickable: [[ChromeDriver: chrome on WINDOWS (4e5b63374159fa2ea6e25ee1b1617078)] -> xpath: (//input[@id='5002'])[1]/following-sibling::span] (tried for 40 second(s) with 5000 milliseconds interval)
Build info: version: '3.12.0', revision: '7c6e0b3', time: '2018-05-08T14:04:26.12Z'
System info: host: 'FOCUS-QA-10', ip: '192.168.4.206', os.name: 'Windows 10', os.arch: 'amd64', os.version: '10.0', java.version: '1.8.0_111'
Driver info: driver.version: unknown
	at org.openqa.selenium.support.ui.FluentWait.timeoutException(FluentWait.java:303)
	at org.openqa.selenium.support.ui.FluentWait.until(FluentWait.java:271)
	at com.focus.Pages.FinancilaReportsXPage.checkReceavibleAndPayableReport(FinancilaReportsXPage.java:36610)
	at com.focus.testcases.FinancialReportsXTest.checkReceavibleAndPayableReport(FinancialReportsXTest.java:1278)
	at sun.reflect.NativeMethodAccessorImpl.invoke0(Native Method)
	at sun.reflect.NativeMethodAccessorImpl.invoke(Unknown Source)
	at sun.reflect.DelegatingMethodAccessorImpl.invoke(Unknown Source)
	at java.lang.reflect.Method.invoke(Unknown Source)
	at org.testng.internal.MethodInvocationHelper.invokeMethod(MethodInvocationHelper.java:86)
	at org.testng.internal.Invoker.invokeMethod(Invoker.java:643)
	at org.testng.internal.Invoker.invokeTestMethod(Invoker.java:820)
	at org.testng.internal.Invoker.invokeTestMethods(Invoker.java:1128)
	at org.testng.internal.TestMethodWorker.invokeTestMethods(TestMethodWorker.java:129)
	at org.testng.internal.TestMethodWorker.run(TestMethodWorker.java:112)
	at org.testng.TestRunner.privateRun(TestRunner.java:782)
	at org.testng.TestRunner.run(TestRunner.java:632)
	at org.testng.SuiteRunner.runTest(SuiteRunner.java:366)
	at org.testng.SuiteRunner.runSequentially(SuiteRunner.java:361)
	at org.testng.SuiteRunner.privateRun(SuiteRunner.java:319)
	at org.testng.SuiteRunner.run(SuiteRunner.java:268)
	at org.testng.SuiteRunnerWorker.runSuite(SuiteRunnerWorker.java:52)
	at org.testng.SuiteRunnerWorker.run(SuiteRunnerWorker.java:86)
	at org.testng.TestNG.runSuitesSequentially(TestNG.java:1244)
	at org.testng.TestNG.runSuitesLocally(TestNG.java:1169)
	at org.testng.TestNG.run(TestNG.java:1064)
	at org.testng.remote.AbstractRemoteTestNG.run(AbstractRemoteTestNG.java:114)
	at org.testng.remote.RemoteTestNG.initAndRun(RemoteTestNG.java:251)
	at org.testng.remote.RemoteTestNG.main(RemoteTestNG.java:77)
]]>
    </error>
  </testcase> <!-- checkReceavibleAndPayableReport -->
  <testcase name="checkVatAuditFileReportOptions" time="21.629" classname="com.focus.testcases.FinancialReportsXTest"/>
  <testcase name="checkTransactionsTypeAnalysisReport" time="1.129" classname="com.focus.testcases.FinancialReportsXTest">
    <error type="org.openqa.selenium.ElementClickInterceptedException" message="element click intercepted: Element &lt;li class=&quot;nav-item&quot; style=&quot;text-align:center&quot;&gt;...&lt;/li&gt; is not clickable at point (44, 167). Other element would receive the click: &lt;div id=&quot;fullScreen&quot; class=&quot;modal fade right show&quot; role=&quot;dialog&quot; data-backdrop=&quot;static&quot; style=&quot;z-index: 10000001; padding-right: 10px; display: block;&quot; aria-modal=&quot;true&quot;&gt;...&lt;/div&gt;
  (Session info: chrome=107.0.5304.122)
Build info: version: &#039;3.12.0&#039;, revision: &#039;7c6e0b3&#039;, time: &#039;2018-05-08T14:04:26.12Z&#039;
System info: host: &#039;FOCUS-QA-10&#039;, ip: &#039;192.168.4.206&#039;, os.name: &#039;Windows 10&#039;, os.arch: &#039;amd64&#039;, os.version: &#039;10.0&#039;, java.version: &#039;1.8.0_111&#039;
Driver info: org.openqa.selenium.chrome.ChromeDriver
Capabilities {acceptInsecureCerts: false, browserName: chrome, browserVersion: 107.0.5304.122, chrome: {chromedriverVersion: 106.0.5249.61 (511755355844..., userDataDir: C:\Users\Rakesh\AppData\Loc...}, goog:chromeOptions: {debuggerAddress: localhost:54194}, javascriptEnabled: true, networkConnectionEnabled: false, pageLoadStrategy: normal, platform: WINDOWS, platformName: WINDOWS, proxy: Proxy(), setWindowRect: true, strictFileInteractability: false, timeouts: {implicit: 0, pageLoad: 300000, script: 30000}, unhandledPromptBehavior: dismiss and notify, webauthn:extension:credBlob: true, webauthn:extension:largeBlob: true, webauthn:virtualAuthenticators: true}
Session ID: 4e5b63374159fa2ea6e25ee1b1617078">
      <![CDATA[org.openqa.selenium.ElementClickInterceptedException: element click intercepted: Element <li class="nav-item" style="text-align:center">...</li> is not clickable at point (44, 167). Other element would receive the click: <div id="fullScreen" class="modal fade right show" role="dialog" data-backdrop="static" style="z-index: 10000001; padding-right: 10px; display: block;" aria-modal="true">...</div>
  (Session info: chrome=107.0.5304.122)
Build info: version: '3.12.0', revision: '7c6e0b3', time: '2018-05-08T14:04:26.12Z'
System info: host: 'FOCUS-QA-10', ip: '192.168.4.206', os.name: 'Windows 10', os.arch: 'amd64', os.version: '10.0', java.version: '1.8.0_111'
Driver info: org.openqa.selenium.chrome.ChromeDriver
Capabilities {acceptInsecureCerts: false, browserName: chrome, browserVersion: 107.0.5304.122, chrome: {chromedriverVersion: 106.0.5249.61 (511755355844..., userDataDir: C:\Users\Rakesh\AppData\Loc...}, goog:chromeOptions: {debuggerAddress: localhost:54194}, javascriptEnabled: true, networkConnectionEnabled: false, pageLoadStrategy: normal, platform: WINDOWS, platformName: WINDOWS, proxy: Proxy(), setWindowRect: true, strictFileInteractability: false, timeouts: {implicit: 0, pageLoad: 300000, script: 30000}, unhandledPromptBehavior: dismiss and notify, webauthn:extension:credBlob: true, webauthn:extension:largeBlob: true, webauthn:virtualAuthenticators: true}
Session ID: 4e5b63374159fa2ea6e25ee1b1617078
	at sun.reflect.GeneratedConstructorAccessor45.newInstance(Unknown Source)
	at sun.reflect.DelegatingConstructorAccessorImpl.newInstance(Unknown Source)
	at java.lang.reflect.Constructor.newInstance(Unknown Source)
	at org.openqa.selenium.remote.http.W3CHttpResponseCodec.createException(W3CHttpResponseCodec.java:187)
	at org.openqa.selenium.remote.http.W3CHttpResponseCodec.decode(W3CHttpResponseCodec.java:122)
	at org.openqa.selenium.remote.http.W3CHttpResponseCodec.decode(W3CHttpResponseCodec.java:49)
	at org.openqa.selenium.remote.HttpCommandExecutor.execute(HttpCommandExecutor.java:158)
	at org.openqa.selenium.remote.service.DriverCommandExecutor.execute(DriverCommandExecutor.java:83)
	at org.openqa.selenium.remote.RemoteWebDriver.execute(RemoteWebDriver.java:543)
	at org.openqa.selenium.remote.RemoteWebElement.execute(RemoteWebElement.java:276)
	at org.openqa.selenium.remote.RemoteWebElement.click(RemoteWebElement.java:83)
	at sun.reflect.GeneratedMethodAccessor4.invoke(Unknown Source)
	at sun.reflect.DelegatingMethodAccessorImpl.invoke(Unknown Source)
	at java.lang.reflect.Method.invoke(Unknown Source)
	at org.openqa.selenium.support.pagefactory.internal.LocatingElementHandler.invoke(LocatingElementHandler.java:51)
	at com.sun.proxy.$Proxy15.click(Unknown Source)
	at com.focus.Pages.FinancilaReportsXPage.checkTransactionsTypeAnalysisReport(FinancilaReportsXPage.java:25767)
	at com.focus.testcases.FinancialReportsXTest.checkTransactionsTypeAnalysisReport(FinancialReportsXTest.java:873)
	at sun.reflect.NativeMethodAccessorImpl.invoke0(Native Method)
	at sun.reflect.NativeMethodAccessorImpl.invoke(Unknown Source)
	at sun.reflect.DelegatingMethodAccessorImpl.invoke(Unknown Source)
	at java.lang.reflect.Method.invoke(Unknown Source)
	at org.testng.internal.MethodInvocationHelper.invokeMethod(MethodInvocationHelper.java:86)
	at org.testng.internal.Invoker.invokeMethod(Invoker.java:643)
	at org.testng.internal.Invoker.invokeTestMethod(Invoker.java:820)
	at org.testng.internal.Invoker.invokeTestMethods(Invoker.java:1128)
	at org.testng.internal.TestMethodWorker.invokeTestMethods(TestMethodWorker.java:129)
	at org.testng.internal.TestMethodWorker.run(TestMethodWorker.java:112)
	at org.testng.TestRunner.privateRun(TestRunner.java:782)
	at org.testng.TestRunner.run(TestRunner.java:632)
	at org.testng.SuiteRunner.runTest(SuiteRunner.java:366)
	at org.testng.SuiteRunner.runSequentially(SuiteRunner.java:361)
	at org.testng.SuiteRunner.privateRun(SuiteRunner.java:319)
	at org.testng.SuiteRunner.run(SuiteRunner.java:268)
	at org.testng.SuiteRunnerWorker.runSuite(SuiteRunnerWorker.java:52)
	at org.testng.SuiteRunnerWorker.run(SuiteRunnerWorker.java:86)
	at org.testng.TestNG.runSuitesSequentially(TestNG.java:1244)
	at org.testng.TestNG.runSuitesLocally(TestNG.java:1169)
	at org.testng.TestNG.run(TestNG.java:1064)
	at org.testng.remote.AbstractRemoteTestNG.run(AbstractRemoteTestNG.java:114)
	at org.testng.remote.RemoteTestNG.initAndRun(RemoteTestNG.java:251)
	at org.testng.remote.RemoteTestNG.main(RemoteTestNG.java:77)
]]>
    </error>
  </testcase> <!-- checkTransactionsTypeAnalysisReport -->
  <testcase name="checkPrintOptionInTradingAndProfitAndLossReport" time="2.707" classname="com.focus.testcases.FinancialReportsXTest">
    <error type="org.openqa.selenium.ElementClickInterceptedException" message="element click intercepted: Element &lt;li class=&quot;nav-item active&quot; data-outputscreen=&quot;1&quot; data-isprintfromreportrender=&quot;true&quot; onclick=&quot;REPORTRENDER.GetOutputScreen(this,event,false,true,true,&#039;420ece86-53b2-47b6-a7c5-bc08c17cdfaa&#039;)&quot; id=&quot;print_report_420ece86-53b2-47b6-a7c5-bc08c17cdfaa&quot;&gt;...&lt;/li&gt; is not clickable at point (1070, 98). Other element would receive the click: &lt;div class=&quot;col-lg-12&quot; style=&quot;padding-right:0px;padding-left:0px;width:100%;padding-bottom:28px;&quot;&gt;...&lt;/div&gt;
  (Session info: chrome=107.0.5304.122)
Build info: version: &#039;3.12.0&#039;, revision: &#039;7c6e0b3&#039;, time: &#039;2018-05-08T14:04:26.12Z&#039;
System info: host: &#039;FOCUS-QA-10&#039;, ip: &#039;192.168.4.206&#039;, os.name: &#039;Windows 10&#039;, os.arch: &#039;amd64&#039;, os.version: &#039;10.0&#039;, java.version: &#039;1.8.0_111&#039;
Driver info: org.openqa.selenium.chrome.ChromeDriver
Capabilities {acceptInsecureCerts: false, browserName: chrome, browserVersion: 107.0.5304.122, chrome: {chromedriverVersion: 106.0.5249.61 (511755355844..., userDataDir: C:\Users\Rakesh\AppData\Loc...}, goog:chromeOptions: {debuggerAddress: localhost:54194}, javascriptEnabled: true, networkConnectionEnabled: false, pageLoadStrategy: normal, platform: WINDOWS, platformName: WINDOWS, proxy: Proxy(), setWindowRect: true, strictFileInteractability: false, timeouts: {implicit: 0, pageLoad: 300000, script: 30000}, unhandledPromptBehavior: dismiss and notify, webauthn:extension:credBlob: true, webauthn:extension:largeBlob: true, webauthn:virtualAuthenticators: true}
Session ID: 4e5b63374159fa2ea6e25ee1b1617078">
      <![CDATA[org.openqa.selenium.ElementClickInterceptedException: element click intercepted: Element <li class="nav-item active" data-outputscreen="1" data-isprintfromreportrender="true" onclick="REPORTRENDER.GetOutputScreen(this,event,false,true,true,'420ece86-53b2-47b6-a7c5-bc08c17cdfaa')" id="print_report_420ece86-53b2-47b6-a7c5-bc08c17cdfaa">...</li> is not clickable at point (1070, 98). Other element would receive the click: <div class="col-lg-12" style="padding-right:0px;padding-left:0px;width:100%;padding-bottom:28px;">...</div>
  (Session info: chrome=107.0.5304.122)
Build info: version: '3.12.0', revision: '7c6e0b3', time: '2018-05-08T14:04:26.12Z'
System info: host: 'FOCUS-QA-10', ip: '192.168.4.206', os.name: 'Windows 10', os.arch: 'amd64', os.version: '10.0', java.version: '1.8.0_111'
Driver info: org.openqa.selenium.chrome.ChromeDriver
Capabilities {acceptInsecureCerts: false, browserName: chrome, browserVersion: 107.0.5304.122, chrome: {chromedriverVersion: 106.0.5249.61 (511755355844..., userDataDir: C:\Users\Rakesh\AppData\Loc...}, goog:chromeOptions: {debuggerAddress: localhost:54194}, javascriptEnabled: true, networkConnectionEnabled: false, pageLoadStrategy: normal, platform: WINDOWS, platformName: WINDOWS, proxy: Proxy(), setWindowRect: true, strictFileInteractability: false, timeouts: {implicit: 0, pageLoad: 300000, script: 30000}, unhandledPromptBehavior: dismiss and notify, webauthn:extension:credBlob: true, webauthn:extension:largeBlob: true, webauthn:virtualAuthenticators: true}
Session ID: 4e5b63374159fa2ea6e25ee1b1617078
	at sun.reflect.GeneratedConstructorAccessor45.newInstance(Unknown Source)
	at sun.reflect.DelegatingConstructorAccessorImpl.newInstance(Unknown Source)
	at java.lang.reflect.Constructor.newInstance(Unknown Source)
	at org.openqa.selenium.remote.http.W3CHttpResponseCodec.createException(W3CHttpResponseCodec.java:187)
	at org.openqa.selenium.remote.http.W3CHttpResponseCodec.decode(W3CHttpResponseCodec.java:122)
	at org.openqa.selenium.remote.http.W3CHttpResponseCodec.decode(W3CHttpResponseCodec.java:49)
	at org.openqa.selenium.remote.HttpCommandExecutor.execute(HttpCommandExecutor.java:158)
	at org.openqa.selenium.remote.service.DriverCommandExecutor.execute(DriverCommandExecutor.java:83)
	at org.openqa.selenium.remote.RemoteWebDriver.execute(RemoteWebDriver.java:543)
	at org.openqa.selenium.remote.RemoteWebElement.execute(RemoteWebElement.java:276)
	at org.openqa.selenium.remote.RemoteWebElement.click(RemoteWebElement.java:83)
	at sun.reflect.GeneratedMethodAccessor4.invoke(Unknown Source)
	at sun.reflect.DelegatingMethodAccessorImpl.invoke(Unknown Source)
	at java.lang.reflect.Method.invoke(Unknown Source)
	at org.openqa.selenium.support.pagefactory.internal.LocatingElementHandler.invoke(LocatingElementHandler.java:51)
	at com.sun.proxy.$Proxy15.click(Unknown Source)
	at com.focus.Pages.FinancilaReportsXPage.checkPrintOptionInTradingAndProfitAndLossReport(FinancilaReportsXPage.java:33982)
	at com.focus.testcases.FinancialReportsXTest.checkPrintOptionInTradingAndProfitAndLossReport(FinancialReportsXTest.java:1110)
	at sun.reflect.NativeMethodAccessorImpl.invoke0(Native Method)
	at sun.reflect.NativeMethodAccessorImpl.invoke(Unknown Source)
	at sun.reflect.DelegatingMethodAccessorImpl.invoke(Unknown Source)
	at java.lang.reflect.Method.invoke(Unknown Source)
	at org.testng.internal.MethodInvocationHelper.invokeMethod(MethodInvocationHelper.java:86)
	at org.testng.internal.Invoker.invokeMethod(Invoker.java:643)
	at org.testng.internal.Invoker.invokeTestMethod(Invoker.java:820)
	at org.testng.internal.Invoker.invokeTestMethods(Invoker.java:1128)
	at org.testng.internal.TestMethodWorker.invokeTestMethods(TestMethodWorker.java:129)
	at org.testng.internal.TestMethodWorker.run(TestMethodWorker.java:112)
	at org.testng.TestRunner.privateRun(TestRunner.java:782)
	at org.testng.TestRunner.run(TestRunner.java:632)
	at org.testng.SuiteRunner.runTest(SuiteRunner.java:366)
	at org.testng.SuiteRunner.runSequentially(SuiteRunner.java:361)
	at org.testng.SuiteRunner.privateRun(SuiteRunner.java:319)
	at org.testng.SuiteRunner.run(SuiteRunner.java:268)
	at org.testng.SuiteRunnerWorker.runSuite(SuiteRunnerWorker.java:52)
	at org.testng.SuiteRunnerWorker.run(SuiteRunnerWorker.java:86)
	at org.testng.TestNG.runSuitesSequentially(TestNG.java:1244)
	at org.testng.TestNG.runSuitesLocally(TestNG.java:1169)
	at org.testng.TestNG.run(TestNG.java:1064)
	at org.testng.remote.AbstractRemoteTestNG.run(AbstractRemoteTestNG.java:114)
	at org.testng.remote.RemoteTestNG.initAndRun(RemoteTestNG.java:251)
	at org.testng.remote.RemoteTestNG.main(RemoteTestNG.java:77)
]]>
    </error>
  </testcase> <!-- checkPrintOptionInTradingAndProfitAndLossReport -->
  <testcase name="checkSortingOptionInAbcAnalysisReport" time="46.593" classname="com.focus.testcases.FinancialReportsXTest">
    <error type="org.openqa.selenium.TimeoutException" message="Expected condition failed: waiting for element to be clickable: [[ChromeDriver: chrome on WINDOWS (4e5b63374159fa2ea6e25ee1b1617078)] -&gt; xpath: //li[contains(text(),&#039;Descending&#039;)]] (tried for 40 second(s) with 5000 milliseconds interval)
Build info: version: &#039;3.12.0&#039;, revision: &#039;7c6e0b3&#039;, time: &#039;2018-05-08T14:04:26.12Z&#039;
System info: host: &#039;FOCUS-QA-10&#039;, ip: &#039;192.168.4.206&#039;, os.name: &#039;Windows 10&#039;, os.arch: &#039;amd64&#039;, os.version: &#039;10.0&#039;, java.version: &#039;1.8.0_111&#039;
Driver info: driver.version: unknown">
      <![CDATA[org.openqa.selenium.TimeoutException: Expected condition failed: waiting for element to be clickable: [[ChromeDriver: chrome on WINDOWS (4e5b63374159fa2ea6e25ee1b1617078)] -> xpath: //li[contains(text(),'Descending')]] (tried for 40 second(s) with 5000 milliseconds interval)
Build info: version: '3.12.0', revision: '7c6e0b3', time: '2018-05-08T14:04:26.12Z'
System info: host: 'FOCUS-QA-10', ip: '192.168.4.206', os.name: 'Windows 10', os.arch: 'amd64', os.version: '10.0', java.version: '1.8.0_111'
Driver info: driver.version: unknown
	at org.openqa.selenium.support.ui.FluentWait.timeoutException(FluentWait.java:303)
	at org.openqa.selenium.support.ui.FluentWait.until(FluentWait.java:271)
	at com.focus.Pages.FinancilaReportsXPage.checkSortingOptionInAbcAnalysisReport(FinancilaReportsXPage.java:26612)
	at com.focus.testcases.FinancialReportsXTest.checkSortingOptionInAbcAnalysisReport(FinancialReportsXTest.java:899)
	at sun.reflect.NativeMethodAccessorImpl.invoke0(Native Method)
	at sun.reflect.NativeMethodAccessorImpl.invoke(Unknown Source)
	at sun.reflect.DelegatingMethodAccessorImpl.invoke(Unknown Source)
	at java.lang.reflect.Method.invoke(Unknown Source)
	at org.testng.internal.MethodInvocationHelper.invokeMethod(MethodInvocationHelper.java:86)
	at org.testng.internal.Invoker.invokeMethod(Invoker.java:643)
	at org.testng.internal.Invoker.invokeTestMethod(Invoker.java:820)
	at org.testng.internal.Invoker.invokeTestMethods(Invoker.java:1128)
	at org.testng.internal.TestMethodWorker.invokeTestMethods(TestMethodWorker.java:129)
	at org.testng.internal.TestMethodWorker.run(TestMethodWorker.java:112)
	at org.testng.TestRunner.privateRun(TestRunner.java:782)
	at org.testng.TestRunner.run(TestRunner.java:632)
	at org.testng.SuiteRunner.runTest(SuiteRunner.java:366)
	at org.testng.SuiteRunner.runSequentially(SuiteRunner.java:361)
	at org.testng.SuiteRunner.privateRun(SuiteRunner.java:319)
	at org.testng.SuiteRunner.run(SuiteRunner.java:268)
	at org.testng.SuiteRunnerWorker.runSuite(SuiteRunnerWorker.java:52)
	at org.testng.SuiteRunnerWorker.run(SuiteRunnerWorker.java:86)
	at org.testng.TestNG.runSuitesSequentially(TestNG.java:1244)
	at org.testng.TestNG.runSuitesLocally(TestNG.java:1169)
	at org.testng.TestNG.run(TestNG.java:1064)
	at org.testng.remote.AbstractRemoteTestNG.run(AbstractRemoteTestNG.java:114)
	at org.testng.remote.RemoteTestNG.initAndRun(RemoteTestNG.java:251)
	at org.testng.remote.RemoteTestNG.main(RemoteTestNG.java:77)
]]>
    </error>
  </testcase> <!-- checkSortingOptionInAbcAnalysisReport -->
  <testcase name="checkTransactionAuthorizationReport" time="18.788" classname="com.focus.testcases.FinancialReportsXTest"/>
  <testcase name="checkBalanceSheetOptions" time="60.127" classname="com.focus.testcases.FinancialReportsXTest">
    <error type="org.openqa.selenium.TimeoutException" message="Expected condition failed: waiting for element to be clickable: [[ChromeDriver: chrome on WINDOWS (4e5b63374159fa2ea6e25ee1b1617078)] -&gt; xpath: (//input[@id=&#039;5002&#039;])[1]/following-sibling::span] (tried for 40 second(s) with 5000 milliseconds interval)
Build info: version: &#039;3.12.0&#039;, revision: &#039;7c6e0b3&#039;, time: &#039;2018-05-08T14:04:26.12Z&#039;
System info: host: &#039;FOCUS-QA-10&#039;, ip: &#039;192.168.4.206&#039;, os.name: &#039;Windows 10&#039;, os.arch: &#039;amd64&#039;, os.version: &#039;10.0&#039;, java.version: &#039;1.8.0_111&#039;
Driver info: driver.version: unknown">
      <![CDATA[org.openqa.selenium.TimeoutException: Expected condition failed: waiting for element to be clickable: [[ChromeDriver: chrome on WINDOWS (4e5b63374159fa2ea6e25ee1b1617078)] -> xpath: (//input[@id='5002'])[1]/following-sibling::span] (tried for 40 second(s) with 5000 milliseconds interval)
Build info: version: '3.12.0', revision: '7c6e0b3', time: '2018-05-08T14:04:26.12Z'
System info: host: 'FOCUS-QA-10', ip: '192.168.4.206', os.name: 'Windows 10', os.arch: 'amd64', os.version: '10.0', java.version: '1.8.0_111'
Driver info: driver.version: unknown
	at org.openqa.selenium.support.ui.FluentWait.timeoutException(FluentWait.java:303)
	at org.openqa.selenium.support.ui.FluentWait.until(FluentWait.java:271)
	at com.focus.Pages.FinancilaReportsXPage.checkBalanceSheetOptions(FinancilaReportsXPage.java:34242)
	at com.focus.testcases.FinancialReportsXTest.checkBalanceSheetOptions(FinancialReportsXTest.java:1128)
	at sun.reflect.NativeMethodAccessorImpl.invoke0(Native Method)
	at sun.reflect.NativeMethodAccessorImpl.invoke(Unknown Source)
	at sun.reflect.DelegatingMethodAccessorImpl.invoke(Unknown Source)
	at java.lang.reflect.Method.invoke(Unknown Source)
	at org.testng.internal.MethodInvocationHelper.invokeMethod(MethodInvocationHelper.java:86)
	at org.testng.internal.Invoker.invokeMethod(Invoker.java:643)
	at org.testng.internal.Invoker.invokeTestMethod(Invoker.java:820)
	at org.testng.internal.Invoker.invokeTestMethods(Invoker.java:1128)
	at org.testng.internal.TestMethodWorker.invokeTestMethods(TestMethodWorker.java:129)
	at org.testng.internal.TestMethodWorker.run(TestMethodWorker.java:112)
	at org.testng.TestRunner.privateRun(TestRunner.java:782)
	at org.testng.TestRunner.run(TestRunner.java:632)
	at org.testng.SuiteRunner.runTest(SuiteRunner.java:366)
	at org.testng.SuiteRunner.runSequentially(SuiteRunner.java:361)
	at org.testng.SuiteRunner.privateRun(SuiteRunner.java:319)
	at org.testng.SuiteRunner.run(SuiteRunner.java:268)
	at org.testng.SuiteRunnerWorker.runSuite(SuiteRunnerWorker.java:52)
	at org.testng.SuiteRunnerWorker.run(SuiteRunnerWorker.java:86)
	at org.testng.TestNG.runSuitesSequentially(TestNG.java:1244)
	at org.testng.TestNG.runSuitesLocally(TestNG.java:1169)
	at org.testng.TestNG.run(TestNG.java:1064)
	at org.testng.remote.AbstractRemoteTestNG.run(AbstractRemoteTestNG.java:114)
	at org.testng.remote.RemoteTestNG.initAndRun(RemoteTestNG.java:251)
	at org.testng.remote.RemoteTestNG.main(RemoteTestNG.java:77)
]]>
    </error>
  </testcase> <!-- checkBalanceSheetOptions -->
  <testcase name="checkBankReconciliationReport" time="12.576" classname="com.focus.testcases.FinancialReportsXTest">
    <failure type="java.lang.AssertionError" message="expected [true] but found [false]">
      <![CDATA[java.lang.AssertionError: expected [true] but found [false]
	at org.testng.Assert.fail(Assert.java:94)
	at org.testng.Assert.failNotEquals(Assert.java:513)
	at org.testng.Assert.assertEqualsImpl(Assert.java:135)
	at org.testng.Assert.assertEquals(Assert.java:116)
	at org.testng.Assert.assertEquals(Assert.java:305)
	at org.testng.Assert.assertEquals(Assert.java:315)
	at com.focus.testcases.FinancialReportsXTest.checkBankReconciliationReport(FinancialReportsXTest.java:198)
	at sun.reflect.NativeMethodAccessorImpl.invoke0(Native Method)
	at sun.reflect.NativeMethodAccessorImpl.invoke(Unknown Source)
	at sun.reflect.DelegatingMethodAccessorImpl.invoke(Unknown Source)
	at java.lang.reflect.Method.invoke(Unknown Source)
	at org.testng.internal.MethodInvocationHelper.invokeMethod(MethodInvocationHelper.java:86)
	at org.testng.internal.Invoker.invokeMethod(Invoker.java:643)
	at org.testng.internal.Invoker.invokeTestMethod(Invoker.java:820)
	at org.testng.internal.Invoker.invokeTestMethods(Invoker.java:1128)
	at org.testng.internal.TestMethodWorker.invokeTestMethods(TestMethodWorker.java:129)
	at org.testng.internal.TestMethodWorker.run(TestMethodWorker.java:112)
	at org.testng.TestRunner.privateRun(TestRunner.java:782)
	at org.testng.TestRunner.run(TestRunner.java:632)
	at org.testng.SuiteRunner.runTest(SuiteRunner.java:366)
	at org.testng.SuiteRunner.runSequentially(SuiteRunner.java:361)
	at org.testng.SuiteRunner.privateRun(SuiteRunner.java:319)
	at org.testng.SuiteRunner.run(SuiteRunner.java:268)
	at org.testng.SuiteRunnerWorker.runSuite(SuiteRunnerWorker.java:52)
	at org.testng.SuiteRunnerWorker.run(SuiteRunnerWorker.java:86)
	at org.testng.TestNG.runSuitesSequentially(TestNG.java:1244)
	at org.testng.TestNG.runSuitesLocally(TestNG.java:1169)
	at org.testng.TestNG.run(TestNG.java:1064)
	at org.testng.remote.AbstractRemoteTestNG.run(AbstractRemoteTestNG.java:114)
	at org.testng.remote.RemoteTestNG.initAndRun(RemoteTestNG.java:251)
	at org.testng.remote.RemoteTestNG.main(RemoteTestNG.java:77)
]]>
    </failure>
  </testcase> <!-- checkBankReconciliationReport -->
  <testcase name="CheckPrintAndCustomiseOptionnInVendorDetailsVendorAgeingDetailsReport" time="81.686" classname="com.focus.testcases.FinancialReportsXTest">
    <error type="org.openqa.selenium.TimeoutException" message="Expected condition failed: waiting for element to be clickable: Proxy element for: DefaultElementLocator &#039;By.xpath: //*[@class=&#039;icon-custamize hiconright2&#039;]&#039; (tried for 40 second(s) with 5000 milliseconds interval)">
      <![CDATA[org.openqa.selenium.TimeoutException: Expected condition failed: waiting for element to be clickable: Proxy element for: DefaultElementLocator 'By.xpath: //*[@class='icon-custamize hiconright2']' (tried for 40 second(s) with 5000 milliseconds interval)
	at org.openqa.selenium.support.ui.FluentWait.timeoutException(FluentWait.java:303)
	at org.openqa.selenium.support.ui.FluentWait.until(FluentWait.java:271)
	at com.focus.Pages.FinancilaReportsXPage.CheckPrintAndCustomiseOptionnInVendorDetailsVendorAgeingDetailsReport(FinancilaReportsXPage.java:44216)
	at com.focus.testcases.FinancialReportsXTest.CheckPrintAndCustomiseOptionnInVendorDetailsVendorAgeingDetailsReport(FinancialReportsXTest.java:1646)
	at sun.reflect.NativeMethodAccessorImpl.invoke0(Native Method)
	at sun.reflect.NativeMethodAccessorImpl.invoke(Unknown Source)
	at sun.reflect.DelegatingMethodAccessorImpl.invoke(Unknown Source)
	at java.lang.reflect.Method.invoke(Unknown Source)
	at org.testng.internal.MethodInvocationHelper.invokeMethod(MethodInvocationHelper.java:86)
	at org.testng.internal.Invoker.invokeMethod(Invoker.java:643)
	at org.testng.internal.Invoker.invokeTestMethod(Invoker.java:820)
	at org.testng.internal.Invoker.invokeTestMethods(Invoker.java:1128)
	at org.testng.internal.TestMethodWorker.invokeTestMethods(TestMethodWorker.java:129)
	at org.testng.internal.TestMethodWorker.run(TestMethodWorker.java:112)
	at org.testng.TestRunner.privateRun(TestRunner.java:782)
	at org.testng.TestRunner.run(TestRunner.java:632)
	at org.testng.SuiteRunner.runTest(SuiteRunner.java:366)
	at org.testng.SuiteRunner.runSequentially(SuiteRunner.java:361)
	at org.testng.SuiteRunner.privateRun(SuiteRunner.java:319)
	at org.testng.SuiteRunner.run(SuiteRunner.java:268)
	at org.testng.SuiteRunnerWorker.runSuite(SuiteRunnerWorker.java:52)
	at org.testng.SuiteRunnerWorker.run(SuiteRunnerWorker.java:86)
	at org.testng.TestNG.runSuitesSequentially(TestNG.java:1244)
	at org.testng.TestNG.runSuitesLocally(TestNG.java:1169)
	at org.testng.TestNG.run(TestNG.java:1064)
	at org.testng.remote.AbstractRemoteTestNG.run(AbstractRemoteTestNG.java:114)
	at org.testng.remote.RemoteTestNG.initAndRun(RemoteTestNG.java:251)
	at org.testng.remote.RemoteTestNG.main(RemoteTestNG.java:77)
Caused by: org.openqa.selenium.NoSuchElementException: no such element: Unable to locate element: {"method":"xpath","selector":"//*[@class='icon-custamize hiconright2']"}
  (Session info: chrome=107.0.5304.122)
For documentation on this error, please visit: http://seleniumhq.org/exceptions/no_such_element.html
Build info: version: '3.12.0', revision: '7c6e0b3', time: '2018-05-08T14:04:26.12Z'
System info: host: 'FOCUS-QA-10', ip: '192.168.4.206', os.name: 'Windows 10', os.arch: 'amd64', os.version: '10.0', java.version: '1.8.0_111'
Driver info: org.openqa.selenium.chrome.ChromeDriver
Capabilities {acceptInsecureCerts: false, browserName: chrome, browserVersion: 107.0.5304.122, chrome: {chromedriverVersion: 106.0.5249.61 (511755355844..., userDataDir: C:\Users\Rakesh\AppData\Loc...}, goog:chromeOptions: {debuggerAddress: localhost:54194}, javascriptEnabled: true, networkConnectionEnabled: false, pageLoadStrategy: normal, platform: WINDOWS, platformName: WINDOWS, proxy: Proxy(), setWindowRect: true, strictFileInteractability: false, timeouts: {implicit: 0, pageLoad: 300000, script: 30000}, unhandledPromptBehavior: dismiss and notify, webauthn:extension:credBlob: true, webauthn:extension:largeBlob: true, webauthn:virtualAuthenticators: true}
Session ID: 4e5b63374159fa2ea6e25ee1b1617078
*** Element info: {Using=xpath, value=//*[@class='icon-custamize hiconright2']}
	at sun.reflect.GeneratedConstructorAccessor43.newInstance(Unknown Source)
	at sun.reflect.DelegatingConstructorAccessorImpl.newInstance(Unknown Source)
	at java.lang.reflect.Constructor.newInstance(Unknown Source)
	at org.openqa.selenium.remote.http.W3CHttpResponseCodec.createException(W3CHttpResponseCodec.java:187)
	at org.openqa.selenium.remote.http.W3CHttpResponseCodec.decode(W3CHttpResponseCodec.java:122)
	at org.openqa.selenium.remote.http.W3CHttpResponseCodec.decode(W3CHttpResponseCodec.java:49)
	at org.openqa.selenium.remote.HttpCommandExecutor.execute(HttpCommandExecutor.java:158)
	at org.openqa.selenium.remote.service.DriverCommandExecutor.execute(DriverCommandExecutor.java:83)
	at org.openqa.selenium.remote.RemoteWebDriver.execute(RemoteWebDriver.java:543)
	at org.openqa.selenium.remote.RemoteWebDriver.findElement(RemoteWebDriver.java:317)
	at org.openqa.selenium.remote.RemoteWebDriver.findElementByXPath(RemoteWebDriver.java:419)
	at org.openqa.selenium.By$ByXPath.findElement(By.java:353)
	at org.openqa.selenium.remote.RemoteWebDriver.findElement(RemoteWebDriver.java:309)
	at org.openqa.selenium.support.pagefactory.DefaultElementLocator.findElement(DefaultElementLocator.java:69)
	at org.openqa.selenium.support.pagefactory.internal.LocatingElementHandler.invoke(LocatingElementHandler.java:38)
	at com.sun.proxy.$Proxy15.isDisplayed(Unknown Source)
	at org.openqa.selenium.support.ui.ExpectedConditions.elementIfVisible(ExpectedConditions.java:315)
	at org.openqa.selenium.support.ui.ExpectedConditions.access$100(ExpectedConditions.java:44)
	at org.openqa.selenium.support.ui.ExpectedConditions$10.apply(ExpectedConditions.java:301)
	at org.openqa.selenium.support.ui.ExpectedConditions$10.apply(ExpectedConditions.java:298)
	at org.openqa.selenium.support.ui.ExpectedConditions$23.apply(ExpectedConditions.java:686)
	at org.openqa.selenium.support.ui.ExpectedConditions$23.apply(ExpectedConditions.java:682)
	at org.openqa.selenium.support.ui.FluentWait.until(FluentWait.java:248)
	... 26 more
]]>
    </error>
  </testcase> <!-- CheckPrintAndCustomiseOptionnInVendorDetailsVendorAgeingDetailsReport -->
  <testcase name="checkCustomerReconciliationReport" time="13.744" classname="com.focus.testcases.FinancialReportsXTest">
    <failure type="java.lang.AssertionError" message="expected [true] but found [false]">
      <![CDATA[java.lang.AssertionError: expected [true] but found [false]
	at org.testng.Assert.fail(Assert.java:94)
	at org.testng.Assert.failNotEquals(Assert.java:513)
	at org.testng.Assert.assertEqualsImpl(Assert.java:135)
	at org.testng.Assert.assertEquals(Assert.java:116)
	at org.testng.Assert.assertEquals(Assert.java:305)
	at org.testng.Assert.assertEquals(Assert.java:315)
	at com.focus.testcases.FinancialReportsXTest.checkCustomerReconciliationReport(FinancialReportsXTest.java:215)
	at sun.reflect.NativeMethodAccessorImpl.invoke0(Native Method)
	at sun.reflect.NativeMethodAccessorImpl.invoke(Unknown Source)
	at sun.reflect.DelegatingMethodAccessorImpl.invoke(Unknown Source)
	at java.lang.reflect.Method.invoke(Unknown Source)
	at org.testng.internal.MethodInvocationHelper.invokeMethod(MethodInvocationHelper.java:86)
	at org.testng.internal.Invoker.invokeMethod(Invoker.java:643)
	at org.testng.internal.Invoker.invokeTestMethod(Invoker.java:820)
	at org.testng.internal.Invoker.invokeTestMethods(Invoker.java:1128)
	at org.testng.internal.TestMethodWorker.invokeTestMethods(TestMethodWorker.java:129)
	at org.testng.internal.TestMethodWorker.run(TestMethodWorker.java:112)
	at org.testng.TestRunner.privateRun(TestRunner.java:782)
	at org.testng.TestRunner.run(TestRunner.java:632)
	at org.testng.SuiteRunner.runTest(SuiteRunner.java:366)
	at org.testng.SuiteRunner.runSequentially(SuiteRunner.java:361)
	at org.testng.SuiteRunner.privateRun(SuiteRunner.java:319)
	at org.testng.SuiteRunner.run(SuiteRunner.java:268)
	at org.testng.SuiteRunnerWorker.runSuite(SuiteRunnerWorker.java:52)
	at org.testng.SuiteRunnerWorker.run(SuiteRunnerWorker.java:86)
	at org.testng.TestNG.runSuitesSequentially(TestNG.java:1244)
	at org.testng.TestNG.runSuitesLocally(TestNG.java:1169)
	at org.testng.TestNG.run(TestNG.java:1064)
	at org.testng.remote.AbstractRemoteTestNG.run(AbstractRemoteTestNG.java:114)
	at org.testng.remote.RemoteTestNG.initAndRun(RemoteTestNG.java:251)
	at org.testng.remote.RemoteTestNG.main(RemoteTestNG.java:77)
]]>
    </failure>
  </testcase> <!-- checkCustomerReconciliationReport -->
  <testcase name="checkCustomerOverDueAnalysisReport" time="3.613" classname="com.focus.testcases.FinancialReportsXTest">
    <error type="org.openqa.selenium.ElementClickInterceptedException" message="element click intercepted: Element &lt;span...class=&quot;checkmark&quot;&gt; &lt;/span&gt; is not clickable at point (1037, 590). Other element would receive the click: &lt;body class=&quot; custom_scrollbar&quot; style=&quot;background-color:#f5f7f7 !important&quot; onscroll=&quot;mainScroll(this, event);&quot; onkeydown=&quot;return onBodyKeyDown(this, event);&quot; data-version=&quot;2&quot;&gt;...&lt;/body&gt;
  (Session info: chrome=107.0.5304.122)
Build info: version: &#039;3.12.0&#039;, revision: &#039;7c6e0b3&#039;, time: &#039;2018-05-08T14:04:26.12Z&#039;
System info: host: &#039;FOCUS-QA-10&#039;, ip: &#039;192.168.4.206&#039;, os.name: &#039;Windows 10&#039;, os.arch: &#039;amd64&#039;, os.version: &#039;10.0&#039;, java.version: &#039;1.8.0_111&#039;
Driver info: org.openqa.selenium.chrome.ChromeDriver
Capabilities {acceptInsecureCerts: false, browserName: chrome, browserVersion: 107.0.5304.122, chrome: {chromedriverVersion: 106.0.5249.61 (511755355844..., userDataDir: C:\Users\Rakesh\AppData\Loc...}, goog:chromeOptions: {debuggerAddress: localhost:54194}, javascriptEnabled: true, networkConnectionEnabled: false, pageLoadStrategy: normal, platform: WINDOWS, platformName: WINDOWS, proxy: Proxy(), setWindowRect: true, strictFileInteractability: false, timeouts: {implicit: 0, pageLoad: 300000, script: 30000}, unhandledPromptBehavior: dismiss and notify, webauthn:extension:credBlob: true, webauthn:extension:largeBlob: true, webauthn:virtualAuthenticators: true}
Session ID: 4e5b63374159fa2ea6e25ee1b1617078">
      <![CDATA[org.openqa.selenium.ElementClickInterceptedException: element click intercepted: Element <span...class="checkmark"> </span> is not clickable at point (1037, 590). Other element would receive the click: <body class=" custom_scrollbar" style="background-color:#f5f7f7 !important" onscroll="mainScroll(this, event);" onkeydown="return onBodyKeyDown(this, event);" data-version="2">...</body>
  (Session info: chrome=107.0.5304.122)
Build info: version: '3.12.0', revision: '7c6e0b3', time: '2018-05-08T14:04:26.12Z'
System info: host: 'FOCUS-QA-10', ip: '192.168.4.206', os.name: 'Windows 10', os.arch: 'amd64', os.version: '10.0', java.version: '1.8.0_111'
Driver info: org.openqa.selenium.chrome.ChromeDriver
Capabilities {acceptInsecureCerts: false, browserName: chrome, browserVersion: 107.0.5304.122, chrome: {chromedriverVersion: 106.0.5249.61 (511755355844..., userDataDir: C:\Users\Rakesh\AppData\Loc...}, goog:chromeOptions: {debuggerAddress: localhost:54194}, javascriptEnabled: true, networkConnectionEnabled: false, pageLoadStrategy: normal, platform: WINDOWS, platformName: WINDOWS, proxy: Proxy(), setWindowRect: true, strictFileInteractability: false, timeouts: {implicit: 0, pageLoad: 300000, script: 30000}, unhandledPromptBehavior: dismiss and notify, webauthn:extension:credBlob: true, webauthn:extension:largeBlob: true, webauthn:virtualAuthenticators: true}
Session ID: 4e5b63374159fa2ea6e25ee1b1617078
	at sun.reflect.GeneratedConstructorAccessor45.newInstance(Unknown Source)
	at sun.reflect.DelegatingConstructorAccessorImpl.newInstance(Unknown Source)
	at java.lang.reflect.Constructor.newInstance(Unknown Source)
	at org.openqa.selenium.remote.http.W3CHttpResponseCodec.createException(W3CHttpResponseCodec.java:187)
	at org.openqa.selenium.remote.http.W3CHttpResponseCodec.decode(W3CHttpResponseCodec.java:122)
	at org.openqa.selenium.remote.http.W3CHttpResponseCodec.decode(W3CHttpResponseCodec.java:49)
	at org.openqa.selenium.remote.HttpCommandExecutor.execute(HttpCommandExecutor.java:158)
	at org.openqa.selenium.remote.service.DriverCommandExecutor.execute(DriverCommandExecutor.java:83)
	at org.openqa.selenium.remote.RemoteWebDriver.execute(RemoteWebDriver.java:543)
	at org.openqa.selenium.remote.RemoteWebElement.execute(RemoteWebElement.java:276)
	at org.openqa.selenium.remote.RemoteWebElement.click(RemoteWebElement.java:83)
	at sun.reflect.GeneratedMethodAccessor4.invoke(Unknown Source)
	at sun.reflect.DelegatingMethodAccessorImpl.invoke(Unknown Source)
	at java.lang.reflect.Method.invoke(Unknown Source)
	at org.openqa.selenium.support.pagefactory.internal.LocatingElementHandler.invoke(LocatingElementHandler.java:51)
	at com.sun.proxy.$Proxy15.click(Unknown Source)
	at com.focus.Pages.FinancilaReportsXPage.checkCustomerOverDueAnalysisReport(FinancilaReportsXPage.java:39962)
	at com.focus.testcases.FinancialReportsXTest.checkCustomerOverDueAnalysisReport(FinancialReportsXTest.java:1431)
	at sun.reflect.NativeMethodAccessorImpl.invoke0(Native Method)
	at sun.reflect.NativeMethodAccessorImpl.invoke(Unknown Source)
	at sun.reflect.DelegatingMethodAccessorImpl.invoke(Unknown Source)
	at java.lang.reflect.Method.invoke(Unknown Source)
	at org.testng.internal.MethodInvocationHelper.invokeMethod(MethodInvocationHelper.java:86)
	at org.testng.internal.Invoker.invokeMethod(Invoker.java:643)
	at org.testng.internal.Invoker.invokeTestMethod(Invoker.java:820)
	at org.testng.internal.Invoker.invokeTestMethods(Invoker.java:1128)
	at org.testng.internal.TestMethodWorker.invokeTestMethods(TestMethodWorker.java:129)
	at org.testng.internal.TestMethodWorker.run(TestMethodWorker.java:112)
	at org.testng.TestRunner.privateRun(TestRunner.java:782)
	at org.testng.TestRunner.run(TestRunner.java:632)
	at org.testng.SuiteRunner.runTest(SuiteRunner.java:366)
	at org.testng.SuiteRunner.runSequentially(SuiteRunner.java:361)
	at org.testng.SuiteRunner.privateRun(SuiteRunner.java:319)
	at org.testng.SuiteRunner.run(SuiteRunner.java:268)
	at org.testng.SuiteRunnerWorker.runSuite(SuiteRunnerWorker.java:52)
	at org.testng.SuiteRunnerWorker.run(SuiteRunnerWorker.java:86)
	at org.testng.TestNG.runSuitesSequentially(TestNG.java:1244)
	at org.testng.TestNG.runSuitesLocally(TestNG.java:1169)
	at org.testng.TestNG.run(TestNG.java:1064)
	at org.testng.remote.AbstractRemoteTestNG.run(AbstractRemoteTestNG.java:114)
	at org.testng.remote.RemoteTestNG.initAndRun(RemoteTestNG.java:251)
	at org.testng.remote.RemoteTestNG.main(RemoteTestNG.java:77)
]]>
    </error>
  </testcase> <!-- checkCustomerOverDueAnalysisReport -->
  <testcase name="checkVATSalesAccountReportBackTrackOption" time="1.452" classname="com.focus.testcases.FinancialReportsXTest">
    <error type="org.openqa.selenium.ElementClickInterceptedException" message="element click intercepted: Element &lt;i class=&quot;icon-backtrack hiconright2&quot;&gt;&lt;/i&gt; is not clickable at point (1124, 98). Other element would receive the click: &lt;div class=&quot;col-lg-12&quot; style=&quot;padding-right:0px;padding-left:0px;width:100%;padding-bottom:28px;&quot;&gt;...&lt;/div&gt;
  (Session info: chrome=107.0.5304.122)
Build info: version: &#039;3.12.0&#039;, revision: &#039;7c6e0b3&#039;, time: &#039;2018-05-08T14:04:26.12Z&#039;
System info: host: &#039;FOCUS-QA-10&#039;, ip: &#039;192.168.4.206&#039;, os.name: &#039;Windows 10&#039;, os.arch: &#039;amd64&#039;, os.version: &#039;10.0&#039;, java.version: &#039;1.8.0_111&#039;
Driver info: org.openqa.selenium.chrome.ChromeDriver
Capabilities {acceptInsecureCerts: false, browserName: chrome, browserVersion: 107.0.5304.122, chrome: {chromedriverVersion: 106.0.5249.61 (511755355844..., userDataDir: C:\Users\Rakesh\AppData\Loc...}, goog:chromeOptions: {debuggerAddress: localhost:54194}, javascriptEnabled: true, networkConnectionEnabled: false, pageLoadStrategy: normal, platform: WINDOWS, platformName: WINDOWS, proxy: Proxy(), setWindowRect: true, strictFileInteractability: false, timeouts: {implicit: 0, pageLoad: 300000, script: 30000}, unhandledPromptBehavior: dismiss and notify, webauthn:extension:credBlob: true, webauthn:extension:largeBlob: true, webauthn:virtualAuthenticators: true}
Session ID: 4e5b63374159fa2ea6e25ee1b1617078">
      <![CDATA[org.openqa.selenium.ElementClickInterceptedException: element click intercepted: Element <i class="icon-backtrack hiconright2"></i> is not clickable at point (1124, 98). Other element would receive the click: <div class="col-lg-12" style="padding-right:0px;padding-left:0px;width:100%;padding-bottom:28px;">...</div>
  (Session info: chrome=107.0.5304.122)
Build info: version: '3.12.0', revision: '7c6e0b3', time: '2018-05-08T14:04:26.12Z'
System info: host: 'FOCUS-QA-10', ip: '192.168.4.206', os.name: 'Windows 10', os.arch: 'amd64', os.version: '10.0', java.version: '1.8.0_111'
Driver info: org.openqa.selenium.chrome.ChromeDriver
Capabilities {acceptInsecureCerts: false, browserName: chrome, browserVersion: 107.0.5304.122, chrome: {chromedriverVersion: 106.0.5249.61 (511755355844..., userDataDir: C:\Users\Rakesh\AppData\Loc...}, goog:chromeOptions: {debuggerAddress: localhost:54194}, javascriptEnabled: true, networkConnectionEnabled: false, pageLoadStrategy: normal, platform: WINDOWS, platformName: WINDOWS, proxy: Proxy(), setWindowRect: true, strictFileInteractability: false, timeouts: {implicit: 0, pageLoad: 300000, script: 30000}, unhandledPromptBehavior: dismiss and notify, webauthn:extension:credBlob: true, webauthn:extension:largeBlob: true, webauthn:virtualAuthenticators: true}
Session ID: 4e5b63374159fa2ea6e25ee1b1617078
	at sun.reflect.NativeConstructorAccessorImpl.newInstance0(Native Method)
	at sun.reflect.NativeConstructorAccessorImpl.newInstance(Unknown Source)
	at sun.reflect.DelegatingConstructorAccessorImpl.newInstance(Unknown Source)
	at java.lang.reflect.Constructor.newInstance(Unknown Source)
	at org.openqa.selenium.remote.http.W3CHttpResponseCodec.createException(W3CHttpResponseCodec.java:187)
	at org.openqa.selenium.remote.http.W3CHttpResponseCodec.decode(W3CHttpResponseCodec.java:122)
	at org.openqa.selenium.remote.http.W3CHttpResponseCodec.decode(W3CHttpResponseCodec.java:49)
	at org.openqa.selenium.remote.HttpCommandExecutor.execute(HttpCommandExecutor.java:158)
	at org.openqa.selenium.remote.service.DriverCommandExecutor.execute(DriverCommandExecutor.java:83)
	at org.openqa.selenium.remote.RemoteWebDriver.execute(RemoteWebDriver.java:543)
	at org.openqa.selenium.remote.RemoteWebElement.execute(RemoteWebElement.java:276)
	at org.openqa.selenium.remote.RemoteWebElement.click(RemoteWebElement.java:83)
	at sun.reflect.GeneratedMethodAccessor4.invoke(Unknown Source)
	at sun.reflect.DelegatingMethodAccessorImpl.invoke(Unknown Source)
	at java.lang.reflect.Method.invoke(Unknown Source)
	at org.openqa.selenium.support.pagefactory.internal.LocatingElementHandler.invoke(LocatingElementHandler.java:51)
	at com.sun.proxy.$Proxy15.click(Unknown Source)
	at com.focus.Pages.FinancilaReportsXPage.checkVATSalesAccountReportBackTrackOption(FinancilaReportsXPage.java:13931)
	at com.focus.testcases.FinancialReportsXTest.checkVATSalesAccountReportBackTrackOption(FinancialReportsXTest.java:510)
	at sun.reflect.NativeMethodAccessorImpl.invoke0(Native Method)
	at sun.reflect.NativeMethodAccessorImpl.invoke(Unknown Source)
	at sun.reflect.DelegatingMethodAccessorImpl.invoke(Unknown Source)
	at java.lang.reflect.Method.invoke(Unknown Source)
	at org.testng.internal.MethodInvocationHelper.invokeMethod(MethodInvocationHelper.java:86)
	at org.testng.internal.Invoker.invokeMethod(Invoker.java:643)
	at org.testng.internal.Invoker.invokeTestMethod(Invoker.java:820)
	at org.testng.internal.Invoker.invokeTestMethods(Invoker.java:1128)
	at org.testng.internal.TestMethodWorker.invokeTestMethods(TestMethodWorker.java:129)
	at org.testng.internal.TestMethodWorker.run(TestMethodWorker.java:112)
	at org.testng.TestRunner.privateRun(TestRunner.java:782)
	at org.testng.TestRunner.run(TestRunner.java:632)
	at org.testng.SuiteRunner.runTest(SuiteRunner.java:366)
	at org.testng.SuiteRunner.runSequentially(SuiteRunner.java:361)
	at org.testng.SuiteRunner.privateRun(SuiteRunner.java:319)
	at org.testng.SuiteRunner.run(SuiteRunner.java:268)
	at org.testng.SuiteRunnerWorker.runSuite(SuiteRunnerWorker.java:52)
	at org.testng.SuiteRunnerWorker.run(SuiteRunnerWorker.java:86)
	at org.testng.TestNG.runSuitesSequentially(TestNG.java:1244)
	at org.testng.TestNG.runSuitesLocally(TestNG.java:1169)
	at org.testng.TestNG.run(TestNG.java:1064)
	at org.testng.remote.AbstractRemoteTestNG.run(AbstractRemoteTestNG.java:114)
	at org.testng.remote.RemoteTestNG.initAndRun(RemoteTestNG.java:251)
	at org.testng.remote.RemoteTestNG.main(RemoteTestNG.java:77)
]]>
    </error>
  </testcase> <!-- checkVATSalesAccountReportBackTrackOption -->
  <testcase name="checkBankReconciliationStatementReportBackTrackOption" time="13.985" classname="com.focus.testcases.FinancialReportsXTest"/>
  <testcase name="checkAuditTrailLoginsReport" time="87.717" classname="com.focus.testcases.FinancialReportsXTest">
    <error type="org.openqa.selenium.TimeoutException" message="Expected condition failed: waiting for element to be clickable: Proxy element for: DefaultElementLocator &#039;By.xpath: //*[@id=&#039;id_reportmenudisplay&#039;]/ul/li[12]&#039; (tried for 40 second(s) with 5000 milliseconds interval)">
      <![CDATA[org.openqa.selenium.TimeoutException: Expected condition failed: waiting for element to be clickable: Proxy element for: DefaultElementLocator 'By.xpath: //*[@id='id_reportmenudisplay']/ul/li[12]' (tried for 40 second(s) with 5000 milliseconds interval)
	at org.openqa.selenium.support.ui.FluentWait.timeoutException(FluentWait.java:303)
	at org.openqa.selenium.support.ui.FluentWait.until(FluentWait.java:271)
	at com.focus.Pages.FinancilaReportsXPage.checkAuditTrailLoginsReport(FinancilaReportsXPage.java:29123)
	at com.focus.testcases.FinancialReportsXTest.checkAuditTrailLoginsReport(FinancialReportsXTest.java:990)
	at sun.reflect.NativeMethodAccessorImpl.invoke0(Native Method)
	at sun.reflect.NativeMethodAccessorImpl.invoke(Unknown Source)
	at sun.reflect.DelegatingMethodAccessorImpl.invoke(Unknown Source)
	at java.lang.reflect.Method.invoke(Unknown Source)
	at org.testng.internal.MethodInvocationHelper.invokeMethod(MethodInvocationHelper.java:86)
	at org.testng.internal.Invoker.invokeMethod(Invoker.java:643)
	at org.testng.internal.Invoker.invokeTestMethod(Invoker.java:820)
	at org.testng.internal.Invoker.invokeTestMethods(Invoker.java:1128)
	at org.testng.internal.TestMethodWorker.invokeTestMethods(TestMethodWorker.java:129)
	at org.testng.internal.TestMethodWorker.run(TestMethodWorker.java:112)
	at org.testng.TestRunner.privateRun(TestRunner.java:782)
	at org.testng.TestRunner.run(TestRunner.java:632)
	at org.testng.SuiteRunner.runTest(SuiteRunner.java:366)
	at org.testng.SuiteRunner.runSequentially(SuiteRunner.java:361)
	at org.testng.SuiteRunner.privateRun(SuiteRunner.java:319)
	at org.testng.SuiteRunner.run(SuiteRunner.java:268)
	at org.testng.SuiteRunnerWorker.runSuite(SuiteRunnerWorker.java:52)
	at org.testng.SuiteRunnerWorker.run(SuiteRunnerWorker.java:86)
	at org.testng.TestNG.runSuitesSequentially(TestNG.java:1244)
	at org.testng.TestNG.runSuitesLocally(TestNG.java:1169)
	at org.testng.TestNG.run(TestNG.java:1064)
	at org.testng.remote.AbstractRemoteTestNG.run(AbstractRemoteTestNG.java:114)
	at org.testng.remote.RemoteTestNG.initAndRun(RemoteTestNG.java:251)
	at org.testng.remote.RemoteTestNG.main(RemoteTestNG.java:77)
Caused by: org.openqa.selenium.NoSuchElementException: no such element: Unable to locate element: {"method":"xpath","selector":"//*[@id='id_reportmenudisplay']/ul/li[12]"}
  (Session info: chrome=107.0.5304.122)
For documentation on this error, please visit: http://seleniumhq.org/exceptions/no_such_element.html
Build info: version: '3.12.0', revision: '7c6e0b3', time: '2018-05-08T14:04:26.12Z'
System info: host: 'FOCUS-QA-10', ip: '192.168.4.206', os.name: 'Windows 10', os.arch: 'amd64', os.version: '10.0', java.version: '1.8.0_111'
Driver info: org.openqa.selenium.chrome.ChromeDriver
Capabilities {acceptInsecureCerts: false, browserName: chrome, browserVersion: 107.0.5304.122, chrome: {chromedriverVersion: 106.0.5249.61 (511755355844..., userDataDir: C:\Users\Rakesh\AppData\Loc...}, goog:chromeOptions: {debuggerAddress: localhost:54194}, javascriptEnabled: true, networkConnectionEnabled: false, pageLoadStrategy: normal, platform: WINDOWS, platformName: WINDOWS, proxy: Proxy(), setWindowRect: true, strictFileInteractability: false, timeouts: {implicit: 0, pageLoad: 300000, script: 30000}, unhandledPromptBehavior: dismiss and notify, webauthn:extension:credBlob: true, webauthn:extension:largeBlob: true, webauthn:virtualAuthenticators: true}
Session ID: 4e5b63374159fa2ea6e25ee1b1617078
*** Element info: {Using=xpath, value=//*[@id='id_reportmenudisplay']/ul/li[12]}
	at sun.reflect.GeneratedConstructorAccessor43.newInstance(Unknown Source)
	at sun.reflect.DelegatingConstructorAccessorImpl.newInstance(Unknown Source)
	at java.lang.reflect.Constructor.newInstance(Unknown Source)
	at org.openqa.selenium.remote.http.W3CHttpResponseCodec.createException(W3CHttpResponseCodec.java:187)
	at org.openqa.selenium.remote.http.W3CHttpResponseCodec.decode(W3CHttpResponseCodec.java:122)
	at org.openqa.selenium.remote.http.W3CHttpResponseCodec.decode(W3CHttpResponseCodec.java:49)
	at org.openqa.selenium.remote.HttpCommandExecutor.execute(HttpCommandExecutor.java:158)
	at org.openqa.selenium.remote.service.DriverCommandExecutor.execute(DriverCommandExecutor.java:83)
	at org.openqa.selenium.remote.RemoteWebDriver.execute(RemoteWebDriver.java:543)
	at org.openqa.selenium.remote.RemoteWebDriver.findElement(RemoteWebDriver.java:317)
	at org.openqa.selenium.remote.RemoteWebDriver.findElementByXPath(RemoteWebDriver.java:419)
	at org.openqa.selenium.By$ByXPath.findElement(By.java:353)
	at org.openqa.selenium.remote.RemoteWebDriver.findElement(RemoteWebDriver.java:309)
	at org.openqa.selenium.support.pagefactory.DefaultElementLocator.findElement(DefaultElementLocator.java:69)
	at org.openqa.selenium.support.pagefactory.internal.LocatingElementHandler.invoke(LocatingElementHandler.java:38)
	at com.sun.proxy.$Proxy15.isDisplayed(Unknown Source)
	at org.openqa.selenium.support.ui.ExpectedConditions.elementIfVisible(ExpectedConditions.java:315)
	at org.openqa.selenium.support.ui.ExpectedConditions.access$100(ExpectedConditions.java:44)
	at org.openqa.selenium.support.ui.ExpectedConditions$10.apply(ExpectedConditions.java:301)
	at org.openqa.selenium.support.ui.ExpectedConditions$10.apply(ExpectedConditions.java:298)
	at org.openqa.selenium.support.ui.ExpectedConditions$23.apply(ExpectedConditions.java:686)
	at org.openqa.selenium.support.ui.ExpectedConditions$23.apply(ExpectedConditions.java:682)
	at org.openqa.selenium.support.ui.FluentWait.until(FluentWait.java:248)
	... 26 more
]]>
    </error>
  </testcase> <!-- checkAuditTrailLoginsReport -->
  <testcase name="checkBackTrackInCashFlowAnalysis" time="3.202" classname="com.focus.testcases.FinancialReportsXTest">
    <error type="org.openqa.selenium.ElementClickInterceptedException" message="element click intercepted: Element &lt;td data-ifieldid=&quot;1&quot; data-datatypeid=&quot;0&quot; onclick=&quot;REPORTRENDER.GetFieldId(this);&quot; id=&quot;tdSort_0_col_Particulars_&quot; class=&quot;TextAlignLeft&quot; colspan=&quot;0&quot; style=&quot;border-style: none; font-style: normal; font-weight: normal; font-size: 12px; width: 120px;&quot;&gt;...&lt;/td&gt; is not clickable at point (206, 175). Other element would receive the click: &lt;div id=&quot;fullScreen&quot; class=&quot;modal fade right show&quot; role=&quot;dialog&quot; data-backdrop=&quot;static&quot; style=&quot;z-index: 10000001; padding-right: 10px; display: block;&quot; aria-modal=&quot;true&quot;&gt;...&lt;/div&gt;
  (Session info: chrome=107.0.5304.122)
Build info: version: &#039;3.12.0&#039;, revision: &#039;7c6e0b3&#039;, time: &#039;2018-05-08T14:04:26.12Z&#039;
System info: host: &#039;FOCUS-QA-10&#039;, ip: &#039;192.168.4.206&#039;, os.name: &#039;Windows 10&#039;, os.arch: &#039;amd64&#039;, os.version: &#039;10.0&#039;, java.version: &#039;1.8.0_111&#039;
Driver info: org.openqa.selenium.chrome.ChromeDriver
Capabilities {acceptInsecureCerts: false, browserName: chrome, browserVersion: 107.0.5304.122, chrome: {chromedriverVersion: 106.0.5249.61 (511755355844..., userDataDir: C:\Users\Rakesh\AppData\Loc...}, goog:chromeOptions: {debuggerAddress: localhost:54194}, javascriptEnabled: true, networkConnectionEnabled: false, pageLoadStrategy: normal, platform: WINDOWS, platformName: WINDOWS, proxy: Proxy(), setWindowRect: true, strictFileInteractability: false, timeouts: {implicit: 0, pageLoad: 300000, script: 30000}, unhandledPromptBehavior: dismiss and notify, webauthn:extension:credBlob: true, webauthn:extension:largeBlob: true, webauthn:virtualAuthenticators: true}
Session ID: 4e5b63374159fa2ea6e25ee1b1617078">
      <![CDATA[org.openqa.selenium.ElementClickInterceptedException: element click intercepted: Element <td data-ifieldid="1" data-datatypeid="0" onclick="REPORTRENDER.GetFieldId(this);" id="tdSort_0_col_Particulars_" class="TextAlignLeft" colspan="0" style="border-style: none; font-style: normal; font-weight: normal; font-size: 12px; width: 120px;">...</td> is not clickable at point (206, 175). Other element would receive the click: <div id="fullScreen" class="modal fade right show" role="dialog" data-backdrop="static" style="z-index: 10000001; padding-right: 10px; display: block;" aria-modal="true">...</div>
  (Session info: chrome=107.0.5304.122)
Build info: version: '3.12.0', revision: '7c6e0b3', time: '2018-05-08T14:04:26.12Z'
System info: host: 'FOCUS-QA-10', ip: '192.168.4.206', os.name: 'Windows 10', os.arch: 'amd64', os.version: '10.0', java.version: '1.8.0_111'
Driver info: org.openqa.selenium.chrome.ChromeDriver
Capabilities {acceptInsecureCerts: false, browserName: chrome, browserVersion: 107.0.5304.122, chrome: {chromedriverVersion: 106.0.5249.61 (511755355844..., userDataDir: C:\Users\Rakesh\AppData\Loc...}, goog:chromeOptions: {debuggerAddress: localhost:54194}, javascriptEnabled: true, networkConnectionEnabled: false, pageLoadStrategy: normal, platform: WINDOWS, platformName: WINDOWS, proxy: Proxy(), setWindowRect: true, strictFileInteractability: false, timeouts: {implicit: 0, pageLoad: 300000, script: 30000}, unhandledPromptBehavior: dismiss and notify, webauthn:extension:credBlob: true, webauthn:extension:largeBlob: true, webauthn:virtualAuthenticators: true}
Session ID: 4e5b63374159fa2ea6e25ee1b1617078
	at sun.reflect.GeneratedConstructorAccessor45.newInstance(Unknown Source)
	at sun.reflect.DelegatingConstructorAccessorImpl.newInstance(Unknown Source)
	at java.lang.reflect.Constructor.newInstance(Unknown Source)
	at org.openqa.selenium.remote.http.W3CHttpResponseCodec.createException(W3CHttpResponseCodec.java:187)
	at org.openqa.selenium.remote.http.W3CHttpResponseCodec.decode(W3CHttpResponseCodec.java:122)
	at org.openqa.selenium.remote.http.W3CHttpResponseCodec.decode(W3CHttpResponseCodec.java:49)
	at org.openqa.selenium.remote.HttpCommandExecutor.execute(HttpCommandExecutor.java:158)
	at org.openqa.selenium.remote.service.DriverCommandExecutor.execute(DriverCommandExecutor.java:83)
	at org.openqa.selenium.remote.RemoteWebDriver.execute(RemoteWebDriver.java:543)
	at org.openqa.selenium.remote.RemoteWebElement.execute(RemoteWebElement.java:276)
	at org.openqa.selenium.remote.RemoteWebElement.click(RemoteWebElement.java:83)
	at com.focus.Pages.FinancilaReportsXPage.checkBackTrackInCashFlowAnalysis(FinancilaReportsXPage.java:36144)
	at com.focus.testcases.FinancialReportsXTest.checkBackTrackInCashFlowAnalysis(FinancialReportsXTest.java:1234)
	at sun.reflect.NativeMethodAccessorImpl.invoke0(Native Method)
	at sun.reflect.NativeMethodAccessorImpl.invoke(Unknown Source)
	at sun.reflect.DelegatingMethodAccessorImpl.invoke(Unknown Source)
	at java.lang.reflect.Method.invoke(Unknown Source)
	at org.testng.internal.MethodInvocationHelper.invokeMethod(MethodInvocationHelper.java:86)
	at org.testng.internal.Invoker.invokeMethod(Invoker.java:643)
	at org.testng.internal.Invoker.invokeTestMethod(Invoker.java:820)
	at org.testng.internal.Invoker.invokeTestMethods(Invoker.java:1128)
	at org.testng.internal.TestMethodWorker.invokeTestMethods(TestMethodWorker.java:129)
	at org.testng.internal.TestMethodWorker.run(TestMethodWorker.java:112)
	at org.testng.TestRunner.privateRun(TestRunner.java:782)
	at org.testng.TestRunner.run(TestRunner.java:632)
	at org.testng.SuiteRunner.runTest(SuiteRunner.java:366)
	at org.testng.SuiteRunner.runSequentially(SuiteRunner.java:361)
	at org.testng.SuiteRunner.privateRun(SuiteRunner.java:319)
	at org.testng.SuiteRunner.run(SuiteRunner.java:268)
	at org.testng.SuiteRunnerWorker.runSuite(SuiteRunnerWorker.java:52)
	at org.testng.SuiteRunnerWorker.run(SuiteRunnerWorker.java:86)
	at org.testng.TestNG.runSuitesSequentially(TestNG.java:1244)
	at org.testng.TestNG.runSuitesLocally(TestNG.java:1169)
	at org.testng.TestNG.run(TestNG.java:1064)
	at org.testng.remote.AbstractRemoteTestNG.run(AbstractRemoteTestNG.java:114)
	at org.testng.remote.RemoteTestNG.initAndRun(RemoteTestNG.java:251)
	at org.testng.remote.RemoteTestNG.main(RemoteTestNG.java:77)
]]>
    </error>
  </testcase> <!-- checkBackTrackInCashFlowAnalysis -->
  <testcase name="CheckFilterAndPrintOptionnInCustomerOverDueAnalysis" time="81.694" classname="com.focus.testcases.FinancialReportsXTest">
    <error type="org.openqa.selenium.TimeoutException" message="Expected condition failed: waiting for element to be clickable: Proxy element for: DefaultElementLocator &#039;By.xpath: (//*[@class=&#039;icon-print hiconright2&#039;])[2]&#039; (tried for 40 second(s) with 5000 milliseconds interval)">
      <![CDATA[org.openqa.selenium.TimeoutException: Expected condition failed: waiting for element to be clickable: Proxy element for: DefaultElementLocator 'By.xpath: (//*[@class='icon-print hiconright2'])[2]' (tried for 40 second(s) with 5000 milliseconds interval)
	at org.openqa.selenium.support.ui.FluentWait.timeoutException(FluentWait.java:303)
	at org.openqa.selenium.support.ui.FluentWait.until(FluentWait.java:271)
	at com.focus.Pages.FinancilaReportsXPage.CheckFilterAndPrintOptionnInCustomerOverDueAnalysis(FinancilaReportsXPage.java:40138)
	at com.focus.testcases.FinancialReportsXTest.CheckFilterAndPrintOptionnInCustomerOverDueAnalysis(FinancialReportsXTest.java:1438)
	at sun.reflect.NativeMethodAccessorImpl.invoke0(Native Method)
	at sun.reflect.NativeMethodAccessorImpl.invoke(Unknown Source)
	at sun.reflect.DelegatingMethodAccessorImpl.invoke(Unknown Source)
	at java.lang.reflect.Method.invoke(Unknown Source)
	at org.testng.internal.MethodInvocationHelper.invokeMethod(MethodInvocationHelper.java:86)
	at org.testng.internal.Invoker.invokeMethod(Invoker.java:643)
	at org.testng.internal.Invoker.invokeTestMethod(Invoker.java:820)
	at org.testng.internal.Invoker.invokeTestMethods(Invoker.java:1128)
	at org.testng.internal.TestMethodWorker.invokeTestMethods(TestMethodWorker.java:129)
	at org.testng.internal.TestMethodWorker.run(TestMethodWorker.java:112)
	at org.testng.TestRunner.privateRun(TestRunner.java:782)
	at org.testng.TestRunner.run(TestRunner.java:632)
	at org.testng.SuiteRunner.runTest(SuiteRunner.java:366)
	at org.testng.SuiteRunner.runSequentially(SuiteRunner.java:361)
	at org.testng.SuiteRunner.privateRun(SuiteRunner.java:319)
	at org.testng.SuiteRunner.run(SuiteRunner.java:268)
	at org.testng.SuiteRunnerWorker.runSuite(SuiteRunnerWorker.java:52)
	at org.testng.SuiteRunnerWorker.run(SuiteRunnerWorker.java:86)
	at org.testng.TestNG.runSuitesSequentially(TestNG.java:1244)
	at org.testng.TestNG.runSuitesLocally(TestNG.java:1169)
	at org.testng.TestNG.run(TestNG.java:1064)
	at org.testng.remote.AbstractRemoteTestNG.run(AbstractRemoteTestNG.java:114)
	at org.testng.remote.RemoteTestNG.initAndRun(RemoteTestNG.java:251)
	at org.testng.remote.RemoteTestNG.main(RemoteTestNG.java:77)
Caused by: org.openqa.selenium.NoSuchElementException: no such element: Unable to locate element: {"method":"xpath","selector":"(//*[@class='icon-print hiconright2'])[2]"}
  (Session info: chrome=107.0.5304.122)
For documentation on this error, please visit: http://seleniumhq.org/exceptions/no_such_element.html
Build info: version: '3.12.0', revision: '7c6e0b3', time: '2018-05-08T14:04:26.12Z'
System info: host: 'FOCUS-QA-10', ip: '192.168.4.206', os.name: 'Windows 10', os.arch: 'amd64', os.version: '10.0', java.version: '1.8.0_111'
Driver info: org.openqa.selenium.chrome.ChromeDriver
Capabilities {acceptInsecureCerts: false, browserName: chrome, browserVersion: 107.0.5304.122, chrome: {chromedriverVersion: 106.0.5249.61 (511755355844..., userDataDir: C:\Users\Rakesh\AppData\Loc...}, goog:chromeOptions: {debuggerAddress: localhost:54194}, javascriptEnabled: true, networkConnectionEnabled: false, pageLoadStrategy: normal, platform: WINDOWS, platformName: WINDOWS, proxy: Proxy(), setWindowRect: true, strictFileInteractability: false, timeouts: {implicit: 0, pageLoad: 300000, script: 30000}, unhandledPromptBehavior: dismiss and notify, webauthn:extension:credBlob: true, webauthn:extension:largeBlob: true, webauthn:virtualAuthenticators: true}
Session ID: 4e5b63374159fa2ea6e25ee1b1617078
*** Element info: {Using=xpath, value=(//*[@class='icon-print hiconright2'])[2]}
	at sun.reflect.GeneratedConstructorAccessor43.newInstance(Unknown Source)
	at sun.reflect.DelegatingConstructorAccessorImpl.newInstance(Unknown Source)
	at java.lang.reflect.Constructor.newInstance(Unknown Source)
	at org.openqa.selenium.remote.http.W3CHttpResponseCodec.createException(W3CHttpResponseCodec.java:187)
	at org.openqa.selenium.remote.http.W3CHttpResponseCodec.decode(W3CHttpResponseCodec.java:122)
	at org.openqa.selenium.remote.http.W3CHttpResponseCodec.decode(W3CHttpResponseCodec.java:49)
	at org.openqa.selenium.remote.HttpCommandExecutor.execute(HttpCommandExecutor.java:158)
	at org.openqa.selenium.remote.service.DriverCommandExecutor.execute(DriverCommandExecutor.java:83)
	at org.openqa.selenium.remote.RemoteWebDriver.execute(RemoteWebDriver.java:543)
	at org.openqa.selenium.remote.RemoteWebDriver.findElement(RemoteWebDriver.java:317)
	at org.openqa.selenium.remote.RemoteWebDriver.findElementByXPath(RemoteWebDriver.java:419)
	at org.openqa.selenium.By$ByXPath.findElement(By.java:353)
	at org.openqa.selenium.remote.RemoteWebDriver.findElement(RemoteWebDriver.java:309)
	at org.openqa.selenium.support.pagefactory.DefaultElementLocator.findElement(DefaultElementLocator.java:69)
	at org.openqa.selenium.support.pagefactory.internal.LocatingElementHandler.invoke(LocatingElementHandler.java:38)
	at com.sun.proxy.$Proxy15.isDisplayed(Unknown Source)
	at org.openqa.selenium.support.ui.ExpectedConditions.elementIfVisible(ExpectedConditions.java:315)
	at org.openqa.selenium.support.ui.ExpectedConditions.access$100(ExpectedConditions.java:44)
	at org.openqa.selenium.support.ui.ExpectedConditions$10.apply(ExpectedConditions.java:301)
	at org.openqa.selenium.support.ui.ExpectedConditions$10.apply(ExpectedConditions.java:298)
	at org.openqa.selenium.support.ui.ExpectedConditions$23.apply(ExpectedConditions.java:686)
	at org.openqa.selenium.support.ui.ExpectedConditions$23.apply(ExpectedConditions.java:682)
	at org.openqa.selenium.support.ui.FluentWait.until(FluentWait.java:248)
	... 26 more
]]>
    </error>
  </testcase> <!-- CheckFilterAndPrintOptionnInCustomerOverDueAnalysis -->
  <testcase name="CheckCustomerAgeingDetailsAnalysisBackTrackOption" time="121.196" classname="com.focus.testcases.FinancialReportsXTest">
    <error type="org.openqa.selenium.TimeoutException" message="Expected condition failed: waiting for element to be clickable: Proxy element for: DefaultElementLocator &#039;By.xpath: //*[@id=&#039;id_reportmenudisplay&#039;]/ul/li[7]&#039; (tried for 40 second(s) with 5000 milliseconds interval)">
      <![CDATA[org.openqa.selenium.TimeoutException: Expected condition failed: waiting for element to be clickable: Proxy element for: DefaultElementLocator 'By.xpath: //*[@id='id_reportmenudisplay']/ul/li[7]' (tried for 40 second(s) with 5000 milliseconds interval)
	at org.openqa.selenium.support.ui.FluentWait.timeoutException(FluentWait.java:303)
	at org.openqa.selenium.support.ui.FluentWait.until(FluentWait.java:271)
	at com.focus.Pages.FinancilaReportsXPage.CheckCustomerAgeingDetailsAnalysisBackTrackOption(FinancilaReportsXPage.java:39370)
	at com.focus.testcases.FinancialReportsXTest.CheckCustomerAgeingDetailsAnalysisBackTrackOption(FinancialReportsXTest.java:1395)
	at sun.reflect.NativeMethodAccessorImpl.invoke0(Native Method)
	at sun.reflect.NativeMethodAccessorImpl.invoke(Unknown Source)
	at sun.reflect.DelegatingMethodAccessorImpl.invoke(Unknown Source)
	at java.lang.reflect.Method.invoke(Unknown Source)
	at org.testng.internal.MethodInvocationHelper.invokeMethod(MethodInvocationHelper.java:86)
	at org.testng.internal.Invoker.invokeMethod(Invoker.java:643)
	at org.testng.internal.Invoker.invokeTestMethod(Invoker.java:820)
	at org.testng.internal.Invoker.invokeTestMethods(Invoker.java:1128)
	at org.testng.internal.TestMethodWorker.invokeTestMethods(TestMethodWorker.java:129)
	at org.testng.internal.TestMethodWorker.run(TestMethodWorker.java:112)
	at org.testng.TestRunner.privateRun(TestRunner.java:782)
	at org.testng.TestRunner.run(TestRunner.java:632)
	at org.testng.SuiteRunner.runTest(SuiteRunner.java:366)
	at org.testng.SuiteRunner.runSequentially(SuiteRunner.java:361)
	at org.testng.SuiteRunner.privateRun(SuiteRunner.java:319)
	at org.testng.SuiteRunner.run(SuiteRunner.java:268)
	at org.testng.SuiteRunnerWorker.runSuite(SuiteRunnerWorker.java:52)
	at org.testng.SuiteRunnerWorker.run(SuiteRunnerWorker.java:86)
	at org.testng.TestNG.runSuitesSequentially(TestNG.java:1244)
	at org.testng.TestNG.runSuitesLocally(TestNG.java:1169)
	at org.testng.TestNG.run(TestNG.java:1064)
	at org.testng.remote.AbstractRemoteTestNG.run(AbstractRemoteTestNG.java:114)
	at org.testng.remote.RemoteTestNG.initAndRun(RemoteTestNG.java:251)
	at org.testng.remote.RemoteTestNG.main(RemoteTestNG.java:77)
Caused by: org.openqa.selenium.NoSuchElementException: no such element: Unable to locate element: {"method":"xpath","selector":"//*[@id='id_reportmenudisplay']/ul/li[7]"}
  (Session info: chrome=107.0.5304.122)
For documentation on this error, please visit: http://seleniumhq.org/exceptions/no_such_element.html
Build info: version: '3.12.0', revision: '7c6e0b3', time: '2018-05-08T14:04:26.12Z'
System info: host: 'FOCUS-QA-10', ip: '192.168.4.206', os.name: 'Windows 10', os.arch: 'amd64', os.version: '10.0', java.version: '1.8.0_111'
Driver info: org.openqa.selenium.chrome.ChromeDriver
Capabilities {acceptInsecureCerts: false, browserName: chrome, browserVersion: 107.0.5304.122, chrome: {chromedriverVersion: 106.0.5249.61 (511755355844..., userDataDir: C:\Users\Rakesh\AppData\Loc...}, goog:chromeOptions: {debuggerAddress: localhost:54194}, javascriptEnabled: true, networkConnectionEnabled: false, pageLoadStrategy: normal, platform: WINDOWS, platformName: WINDOWS, proxy: Proxy(), setWindowRect: true, strictFileInteractability: false, timeouts: {implicit: 0, pageLoad: 300000, script: 30000}, unhandledPromptBehavior: dismiss and notify, webauthn:extension:credBlob: true, webauthn:extension:largeBlob: true, webauthn:virtualAuthenticators: true}
Session ID: 4e5b63374159fa2ea6e25ee1b1617078
*** Element info: {Using=xpath, value=//*[@id='id_reportmenudisplay']/ul/li[7]}
	at sun.reflect.GeneratedConstructorAccessor43.newInstance(Unknown Source)
	at sun.reflect.DelegatingConstructorAccessorImpl.newInstance(Unknown Source)
	at java.lang.reflect.Constructor.newInstance(Unknown Source)
	at org.openqa.selenium.remote.http.W3CHttpResponseCodec.createException(W3CHttpResponseCodec.java:187)
	at org.openqa.selenium.remote.http.W3CHttpResponseCodec.decode(W3CHttpResponseCodec.java:122)
	at org.openqa.selenium.remote.http.W3CHttpResponseCodec.decode(W3CHttpResponseCodec.java:49)
	at org.openqa.selenium.remote.HttpCommandExecutor.execute(HttpCommandExecutor.java:158)
	at org.openqa.selenium.remote.service.DriverCommandExecutor.execute(DriverCommandExecutor.java:83)
	at org.openqa.selenium.remote.RemoteWebDriver.execute(RemoteWebDriver.java:543)
	at org.openqa.selenium.remote.RemoteWebDriver.findElement(RemoteWebDriver.java:317)
	at org.openqa.selenium.remote.RemoteWebDriver.findElementByXPath(RemoteWebDriver.java:419)
	at org.openqa.selenium.By$ByXPath.findElement(By.java:353)
	at org.openqa.selenium.remote.RemoteWebDriver.findElement(RemoteWebDriver.java:309)
	at org.openqa.selenium.support.pagefactory.DefaultElementLocator.findElement(DefaultElementLocator.java:69)
	at org.openqa.selenium.support.pagefactory.internal.LocatingElementHandler.invoke(LocatingElementHandler.java:38)
	at com.sun.proxy.$Proxy15.isDisplayed(Unknown Source)
	at org.openqa.selenium.support.ui.ExpectedConditions.elementIfVisible(ExpectedConditions.java:315)
	at org.openqa.selenium.support.ui.ExpectedConditions.access$100(ExpectedConditions.java:44)
	at org.openqa.selenium.support.ui.ExpectedConditions$10.apply(ExpectedConditions.java:301)
	at org.openqa.selenium.support.ui.ExpectedConditions$10.apply(ExpectedConditions.java:298)
	at org.openqa.selenium.support.ui.ExpectedConditions$23.apply(ExpectedConditions.java:686)
	at org.openqa.selenium.support.ui.ExpectedConditions$23.apply(ExpectedConditions.java:682)
	at org.openqa.selenium.support.ui.FluentWait.until(FluentWait.java:248)
	... 26 more
]]>
    </error>
  </testcase> <!-- CheckCustomerAgeingDetailsAnalysisBackTrackOption -->
  <testcase name="checkFinancialSubLedgerReport" time="13.765" classname="com.focus.testcases.FinancialReportsXTest"/>
  <testcase name="checkBackTrackInTradingAndProfitAndLoss" time="1.448" classname="com.focus.testcases.FinancialReportsXTest">
    <error type="org.openqa.selenium.ElementClickInterceptedException" message="element click intercepted: Element &lt;td data-ifieldid=&quot;1&quot; data-datatypeid=&quot;0&quot; onclick=&quot;REPORTRENDER.GetFieldId(this);&quot; id=&quot;tdSort_11_col_Particulars_&quot; class=&quot;TextAlignLeft&quot; colspan=&quot;0&quot; style=&quot;border-style: none; font-style: normal; font-weight: normal; font-size: 12px; width: 120px;&quot;&gt;...&lt;/td&gt; is not clickable at point (206, 406). Other element would receive the click: &lt;div id=&quot;fullScreen&quot; class=&quot;modal fade right show&quot; role=&quot;dialog&quot; data-backdrop=&quot;static&quot; style=&quot;z-index: 10000001; padding-right: 10px; display: block;&quot; aria-modal=&quot;true&quot;&gt;...&lt;/div&gt;
  (Session info: chrome=107.0.5304.122)
Build info: version: &#039;3.12.0&#039;, revision: &#039;7c6e0b3&#039;, time: &#039;2018-05-08T14:04:26.12Z&#039;
System info: host: &#039;FOCUS-QA-10&#039;, ip: &#039;192.168.4.206&#039;, os.name: &#039;Windows 10&#039;, os.arch: &#039;amd64&#039;, os.version: &#039;10.0&#039;, java.version: &#039;1.8.0_111&#039;
Driver info: org.openqa.selenium.chrome.ChromeDriver
Capabilities {acceptInsecureCerts: false, browserName: chrome, browserVersion: 107.0.5304.122, chrome: {chromedriverVersion: 106.0.5249.61 (511755355844..., userDataDir: C:\Users\Rakesh\AppData\Loc...}, goog:chromeOptions: {debuggerAddress: localhost:54194}, javascriptEnabled: true, networkConnectionEnabled: false, pageLoadStrategy: normal, platform: WINDOWS, platformName: WINDOWS, proxy: Proxy(), setWindowRect: true, strictFileInteractability: false, timeouts: {implicit: 0, pageLoad: 300000, script: 30000}, unhandledPromptBehavior: dismiss and notify, webauthn:extension:credBlob: true, webauthn:extension:largeBlob: true, webauthn:virtualAuthenticators: true}
Session ID: 4e5b63374159fa2ea6e25ee1b1617078">
      <![CDATA[org.openqa.selenium.ElementClickInterceptedException: element click intercepted: Element <td data-ifieldid="1" data-datatypeid="0" onclick="REPORTRENDER.GetFieldId(this);" id="tdSort_11_col_Particulars_" class="TextAlignLeft" colspan="0" style="border-style: none; font-style: normal; font-weight: normal; font-size: 12px; width: 120px;">...</td> is not clickable at point (206, 406). Other element would receive the click: <div id="fullScreen" class="modal fade right show" role="dialog" data-backdrop="static" style="z-index: 10000001; padding-right: 10px; display: block;" aria-modal="true">...</div>
  (Session info: chrome=107.0.5304.122)
Build info: version: '3.12.0', revision: '7c6e0b3', time: '2018-05-08T14:04:26.12Z'
System info: host: 'FOCUS-QA-10', ip: '192.168.4.206', os.name: 'Windows 10', os.arch: 'amd64', os.version: '10.0', java.version: '1.8.0_111'
Driver info: org.openqa.selenium.chrome.ChromeDriver
Capabilities {acceptInsecureCerts: false, browserName: chrome, browserVersion: 107.0.5304.122, chrome: {chromedriverVersion: 106.0.5249.61 (511755355844..., userDataDir: C:\Users\Rakesh\AppData\Loc...}, goog:chromeOptions: {debuggerAddress: localhost:54194}, javascriptEnabled: true, networkConnectionEnabled: false, pageLoadStrategy: normal, platform: WINDOWS, platformName: WINDOWS, proxy: Proxy(), setWindowRect: true, strictFileInteractability: false, timeouts: {implicit: 0, pageLoad: 300000, script: 30000}, unhandledPromptBehavior: dismiss and notify, webauthn:extension:credBlob: true, webauthn:extension:largeBlob: true, webauthn:virtualAuthenticators: true}
Session ID: 4e5b63374159fa2ea6e25ee1b1617078
	at sun.reflect.GeneratedConstructorAccessor45.newInstance(Unknown Source)
	at sun.reflect.DelegatingConstructorAccessorImpl.newInstance(Unknown Source)
	at java.lang.reflect.Constructor.newInstance(Unknown Source)
	at org.openqa.selenium.remote.http.W3CHttpResponseCodec.createException(W3CHttpResponseCodec.java:187)
	at org.openqa.selenium.remote.http.W3CHttpResponseCodec.decode(W3CHttpResponseCodec.java:122)
	at org.openqa.selenium.remote.http.W3CHttpResponseCodec.decode(W3CHttpResponseCodec.java:49)
	at org.openqa.selenium.remote.HttpCommandExecutor.execute(HttpCommandExecutor.java:158)
	at org.openqa.selenium.remote.service.DriverCommandExecutor.execute(DriverCommandExecutor.java:83)
	at org.openqa.selenium.remote.RemoteWebDriver.execute(RemoteWebDriver.java:543)
	at org.openqa.selenium.remote.RemoteWebElement.execute(RemoteWebElement.java:276)
	at org.openqa.selenium.remote.RemoteWebElement.click(RemoteWebElement.java:83)
	at com.focus.Pages.FinancilaReportsXPage.checkBackTrackInTradingAndProfitAndLoss(FinancilaReportsXPage.java:34030)
	at com.focus.testcases.FinancialReportsXTest.checkBackTrackInTradingAndProfitAndLoss(FinancialReportsXTest.java:1117)
	at sun.reflect.NativeMethodAccessorImpl.invoke0(Native Method)
	at sun.reflect.NativeMethodAccessorImpl.invoke(Unknown Source)
	at sun.reflect.DelegatingMethodAccessorImpl.invoke(Unknown Source)
	at java.lang.reflect.Method.invoke(Unknown Source)
	at org.testng.internal.MethodInvocationHelper.invokeMethod(MethodInvocationHelper.java:86)
	at org.testng.internal.Invoker.invokeMethod(Invoker.java:643)
	at org.testng.internal.Invoker.invokeTestMethod(Invoker.java:820)
	at org.testng.internal.Invoker.invokeTestMethods(Invoker.java:1128)
	at org.testng.internal.TestMethodWorker.invokeTestMethods(TestMethodWorker.java:129)
	at org.testng.internal.TestMethodWorker.run(TestMethodWorker.java:112)
	at org.testng.TestRunner.privateRun(TestRunner.java:782)
	at org.testng.TestRunner.run(TestRunner.java:632)
	at org.testng.SuiteRunner.runTest(SuiteRunner.java:366)
	at org.testng.SuiteRunner.runSequentially(SuiteRunner.java:361)
	at org.testng.SuiteRunner.privateRun(SuiteRunner.java:319)
	at org.testng.SuiteRunner.run(SuiteRunner.java:268)
	at org.testng.SuiteRunnerWorker.runSuite(SuiteRunnerWorker.java:52)
	at org.testng.SuiteRunnerWorker.run(SuiteRunnerWorker.java:86)
	at org.testng.TestNG.runSuitesSequentially(TestNG.java:1244)
	at org.testng.TestNG.runSuitesLocally(TestNG.java:1169)
	at org.testng.TestNG.run(TestNG.java:1064)
	at org.testng.remote.AbstractRemoteTestNG.run(AbstractRemoteTestNG.java:114)
	at org.testng.remote.RemoteTestNG.initAndRun(RemoteTestNG.java:251)
	at org.testng.remote.RemoteTestNG.main(RemoteTestNG.java:77)
]]>
    </error>
  </testcase> <!-- checkBackTrackInTradingAndProfitAndLoss -->
  <testcase name="checkVendorListingOfOutstandingBillsReportBackTrackOption" time="3.462" classname="com.focus.testcases.FinancialReportsXTest">
    <error type="org.openqa.selenium.ElementClickInterceptedException" message="element click intercepted: Element &lt;td data-ifieldid=&quot;1&quot; data-datatypeid=&quot;0&quot; onclick=&quot;REPORTRENDER.GetFieldId(this);&quot; id=&quot;tdSort_6_col_Voucher_&quot; class=&quot;TextAlignLeft&quot; colspan=&quot;0&quot; style=&quot;border-style: none; font-style: normal; font-weight: normal; font-size: 12px; width: 120px;&quot;&gt;...&lt;/td&gt; is not clickable at point (206, 274). Other element would receive the click: &lt;body class=&quot; custom_scrollbar&quot; style=&quot;background-color:#f5f7f7 !important&quot; onscroll=&quot;mainScroll(this, event);&quot; onkeydown=&quot;return onBodyKeyDown(this, event);&quot; data-version=&quot;2&quot;&gt;...&lt;/body&gt;
  (Session info: chrome=107.0.5304.122)
Build info: version: &#039;3.12.0&#039;, revision: &#039;7c6e0b3&#039;, time: &#039;2018-05-08T14:04:26.12Z&#039;
System info: host: &#039;FOCUS-QA-10&#039;, ip: &#039;192.168.4.206&#039;, os.name: &#039;Windows 10&#039;, os.arch: &#039;amd64&#039;, os.version: &#039;10.0&#039;, java.version: &#039;1.8.0_111&#039;
Driver info: org.openqa.selenium.chrome.ChromeDriver
Capabilities {acceptInsecureCerts: false, browserName: chrome, browserVersion: 107.0.5304.122, chrome: {chromedriverVersion: 106.0.5249.61 (511755355844..., userDataDir: C:\Users\Rakesh\AppData\Loc...}, goog:chromeOptions: {debuggerAddress: localhost:54194}, javascriptEnabled: true, networkConnectionEnabled: false, pageLoadStrategy: normal, platform: WINDOWS, platformName: WINDOWS, proxy: Proxy(), setWindowRect: true, strictFileInteractability: false, timeouts: {implicit: 0, pageLoad: 300000, script: 30000}, unhandledPromptBehavior: dismiss and notify, webauthn:extension:credBlob: true, webauthn:extension:largeBlob: true, webauthn:virtualAuthenticators: true}
Session ID: 4e5b63374159fa2ea6e25ee1b1617078">
      <![CDATA[org.openqa.selenium.ElementClickInterceptedException: element click intercepted: Element <td data-ifieldid="1" data-datatypeid="0" onclick="REPORTRENDER.GetFieldId(this);" id="tdSort_6_col_Voucher_" class="TextAlignLeft" colspan="0" style="border-style: none; font-style: normal; font-weight: normal; font-size: 12px; width: 120px;">...</td> is not clickable at point (206, 274). Other element would receive the click: <body class=" custom_scrollbar" style="background-color:#f5f7f7 !important" onscroll="mainScroll(this, event);" onkeydown="return onBodyKeyDown(this, event);" data-version="2">...</body>
  (Session info: chrome=107.0.5304.122)
Build info: version: '3.12.0', revision: '7c6e0b3', time: '2018-05-08T14:04:26.12Z'
System info: host: 'FOCUS-QA-10', ip: '192.168.4.206', os.name: 'Windows 10', os.arch: 'amd64', os.version: '10.0', java.version: '1.8.0_111'
Driver info: org.openqa.selenium.chrome.ChromeDriver
Capabilities {acceptInsecureCerts: false, browserName: chrome, browserVersion: 107.0.5304.122, chrome: {chromedriverVersion: 106.0.5249.61 (511755355844..., userDataDir: C:\Users\Rakesh\AppData\Loc...}, goog:chromeOptions: {debuggerAddress: localhost:54194}, javascriptEnabled: true, networkConnectionEnabled: false, pageLoadStrategy: normal, platform: WINDOWS, platformName: WINDOWS, proxy: Proxy(), setWindowRect: true, strictFileInteractability: false, timeouts: {implicit: 0, pageLoad: 300000, script: 30000}, unhandledPromptBehavior: dismiss and notify, webauthn:extension:credBlob: true, webauthn:extension:largeBlob: true, webauthn:virtualAuthenticators: true}
Session ID: 4e5b63374159fa2ea6e25ee1b1617078
	at sun.reflect.GeneratedConstructorAccessor45.newInstance(Unknown Source)
	at sun.reflect.DelegatingConstructorAccessorImpl.newInstance(Unknown Source)
	at java.lang.reflect.Constructor.newInstance(Unknown Source)
	at org.openqa.selenium.remote.http.W3CHttpResponseCodec.createException(W3CHttpResponseCodec.java:187)
	at org.openqa.selenium.remote.http.W3CHttpResponseCodec.decode(W3CHttpResponseCodec.java:122)
	at org.openqa.selenium.remote.http.W3CHttpResponseCodec.decode(W3CHttpResponseCodec.java:49)
	at org.openqa.selenium.remote.HttpCommandExecutor.execute(HttpCommandExecutor.java:158)
	at org.openqa.selenium.remote.service.DriverCommandExecutor.execute(DriverCommandExecutor.java:83)
	at org.openqa.selenium.remote.RemoteWebDriver.execute(RemoteWebDriver.java:543)
	at org.openqa.selenium.remote.RemoteWebElement.execute(RemoteWebElement.java:276)
	at org.openqa.selenium.remote.RemoteWebElement.click(RemoteWebElement.java:83)
	at com.focus.Pages.FinancilaReportsXPage.checkVendorListingOfOutstandingBillsReportBackTrackOption(FinancilaReportsXPage.java:42941)
	at com.focus.testcases.FinancialReportsXTest.checkVendorListingOfOutstandingBillsReportBackTrackOption(FinancialReportsXTest.java:1579)
	at sun.reflect.NativeMethodAccessorImpl.invoke0(Native Method)
	at sun.reflect.NativeMethodAccessorImpl.invoke(Unknown Source)
	at sun.reflect.DelegatingMethodAccessorImpl.invoke(Unknown Source)
	at java.lang.reflect.Method.invoke(Unknown Source)
	at org.testng.internal.MethodInvocationHelper.invokeMethod(MethodInvocationHelper.java:86)
	at org.testng.internal.Invoker.invokeMethod(Invoker.java:643)
	at org.testng.internal.Invoker.invokeTestMethod(Invoker.java:820)
	at org.testng.internal.Invoker.invokeTestMethods(Invoker.java:1128)
	at org.testng.internal.TestMethodWorker.invokeTestMethods(TestMethodWorker.java:129)
	at org.testng.internal.TestMethodWorker.run(TestMethodWorker.java:112)
	at org.testng.TestRunner.privateRun(TestRunner.java:782)
	at org.testng.TestRunner.run(TestRunner.java:632)
	at org.testng.SuiteRunner.runTest(SuiteRunner.java:366)
	at org.testng.SuiteRunner.runSequentially(SuiteRunner.java:361)
	at org.testng.SuiteRunner.privateRun(SuiteRunner.java:319)
	at org.testng.SuiteRunner.run(SuiteRunner.java:268)
	at org.testng.SuiteRunnerWorker.runSuite(SuiteRunnerWorker.java:52)
	at org.testng.SuiteRunnerWorker.run(SuiteRunnerWorker.java:86)
	at org.testng.TestNG.runSuitesSequentially(TestNG.java:1244)
	at org.testng.TestNG.runSuitesLocally(TestNG.java:1169)
	at org.testng.TestNG.run(TestNG.java:1064)
	at org.testng.remote.AbstractRemoteTestNG.run(AbstractRemoteTestNG.java:114)
	at org.testng.remote.RemoteTestNG.initAndRun(RemoteTestNG.java:251)
	at org.testng.remote.RemoteTestNG.main(RemoteTestNG.java:77)
]]>
    </error>
  </testcase> <!-- checkVendorListingOfOutstandingBillsReportBackTrackOption -->
  <testcase name="checkCustomisationOptionINPurchasesGroupedByDepartmentReport" time="81.733" classname="com.focus.testcases.FinancialReportsXTest">
    <error type="org.openqa.selenium.TimeoutException" message="Expected condition failed: waiting for element to be clickable: Proxy element for: DefaultElementLocator &#039;By.xpath: //span[@id=&#039;id_Default_spanPlus&#039;]&#039; (tried for 40 second(s) with 5000 milliseconds interval)">
      <![CDATA[org.openqa.selenium.TimeoutException: Expected condition failed: waiting for element to be clickable: Proxy element for: DefaultElementLocator 'By.xpath: //span[@id='id_Default_spanPlus']' (tried for 40 second(s) with 5000 milliseconds interval)
	at org.openqa.selenium.support.ui.FluentWait.timeoutException(FluentWait.java:303)
	at org.openqa.selenium.support.ui.FluentWait.until(FluentWait.java:271)
	at com.focus.Pages.FinancilaReportsXPage.checkCustomisationOptionINPurchasesGroupedByDepartmentReport(FinancilaReportsXPage.java:23913)
	at com.focus.testcases.FinancialReportsXTest.checkCustomisationOptionINPurchasesGroupedByDepartmentReport(FinancialReportsXTest.java:822)
	at sun.reflect.NativeMethodAccessorImpl.invoke0(Native Method)
	at sun.reflect.NativeMethodAccessorImpl.invoke(Unknown Source)
	at sun.reflect.DelegatingMethodAccessorImpl.invoke(Unknown Source)
	at java.lang.reflect.Method.invoke(Unknown Source)
	at org.testng.internal.MethodInvocationHelper.invokeMethod(MethodInvocationHelper.java:86)
	at org.testng.internal.Invoker.invokeMethod(Invoker.java:643)
	at org.testng.internal.Invoker.invokeTestMethod(Invoker.java:820)
	at org.testng.internal.Invoker.invokeTestMethods(Invoker.java:1128)
	at org.testng.internal.TestMethodWorker.invokeTestMethods(TestMethodWorker.java:129)
	at org.testng.internal.TestMethodWorker.run(TestMethodWorker.java:112)
	at org.testng.TestRunner.privateRun(TestRunner.java:782)
	at org.testng.TestRunner.run(TestRunner.java:632)
	at org.testng.SuiteRunner.runTest(SuiteRunner.java:366)
	at org.testng.SuiteRunner.runSequentially(SuiteRunner.java:361)
	at org.testng.SuiteRunner.privateRun(SuiteRunner.java:319)
	at org.testng.SuiteRunner.run(SuiteRunner.java:268)
	at org.testng.SuiteRunnerWorker.runSuite(SuiteRunnerWorker.java:52)
	at org.testng.SuiteRunnerWorker.run(SuiteRunnerWorker.java:86)
	at org.testng.TestNG.runSuitesSequentially(TestNG.java:1244)
	at org.testng.TestNG.runSuitesLocally(TestNG.java:1169)
	at org.testng.TestNG.run(TestNG.java:1064)
	at org.testng.remote.AbstractRemoteTestNG.run(AbstractRemoteTestNG.java:114)
	at org.testng.remote.RemoteTestNG.initAndRun(RemoteTestNG.java:251)
	at org.testng.remote.RemoteTestNG.main(RemoteTestNG.java:77)
Caused by: org.openqa.selenium.NoSuchElementException: no such element: Unable to locate element: {"method":"xpath","selector":"//span[@id='id_Default_spanPlus']"}
  (Session info: chrome=107.0.5304.122)
For documentation on this error, please visit: http://seleniumhq.org/exceptions/no_such_element.html
Build info: version: '3.12.0', revision: '7c6e0b3', time: '2018-05-08T14:04:26.12Z'
System info: host: 'FOCUS-QA-10', ip: '192.168.4.206', os.name: 'Windows 10', os.arch: 'amd64', os.version: '10.0', java.version: '1.8.0_111'
Driver info: org.openqa.selenium.chrome.ChromeDriver
Capabilities {acceptInsecureCerts: false, browserName: chrome, browserVersion: 107.0.5304.122, chrome: {chromedriverVersion: 106.0.5249.61 (511755355844..., userDataDir: C:\Users\Rakesh\AppData\Loc...}, goog:chromeOptions: {debuggerAddress: localhost:54194}, javascriptEnabled: true, networkConnectionEnabled: false, pageLoadStrategy: normal, platform: WINDOWS, platformName: WINDOWS, proxy: Proxy(), setWindowRect: true, strictFileInteractability: false, timeouts: {implicit: 0, pageLoad: 300000, script: 30000}, unhandledPromptBehavior: dismiss and notify, webauthn:extension:credBlob: true, webauthn:extension:largeBlob: true, webauthn:virtualAuthenticators: true}
Session ID: 4e5b63374159fa2ea6e25ee1b1617078
*** Element info: {Using=xpath, value=//span[@id='id_Default_spanPlus']}
	at sun.reflect.GeneratedConstructorAccessor43.newInstance(Unknown Source)
	at sun.reflect.DelegatingConstructorAccessorImpl.newInstance(Unknown Source)
	at java.lang.reflect.Constructor.newInstance(Unknown Source)
	at org.openqa.selenium.remote.http.W3CHttpResponseCodec.createException(W3CHttpResponseCodec.java:187)
	at org.openqa.selenium.remote.http.W3CHttpResponseCodec.decode(W3CHttpResponseCodec.java:122)
	at org.openqa.selenium.remote.http.W3CHttpResponseCodec.decode(W3CHttpResponseCodec.java:49)
	at org.openqa.selenium.remote.HttpCommandExecutor.execute(HttpCommandExecutor.java:158)
	at org.openqa.selenium.remote.service.DriverCommandExecutor.execute(DriverCommandExecutor.java:83)
	at org.openqa.selenium.remote.RemoteWebDriver.execute(RemoteWebDriver.java:543)
	at org.openqa.selenium.remote.RemoteWebDriver.findElement(RemoteWebDriver.java:317)
	at org.openqa.selenium.remote.RemoteWebDriver.findElementByXPath(RemoteWebDriver.java:419)
	at org.openqa.selenium.By$ByXPath.findElement(By.java:353)
	at org.openqa.selenium.remote.RemoteWebDriver.findElement(RemoteWebDriver.java:309)
	at org.openqa.selenium.support.pagefactory.DefaultElementLocator.findElement(DefaultElementLocator.java:69)
	at org.openqa.selenium.support.pagefactory.internal.LocatingElementHandler.invoke(LocatingElementHandler.java:38)
	at com.sun.proxy.$Proxy15.isDisplayed(Unknown Source)
	at org.openqa.selenium.support.ui.ExpectedConditions.elementIfVisible(ExpectedConditions.java:315)
	at org.openqa.selenium.support.ui.ExpectedConditions.access$100(ExpectedConditions.java:44)
	at org.openqa.selenium.support.ui.ExpectedConditions$10.apply(ExpectedConditions.java:301)
	at org.openqa.selenium.support.ui.ExpectedConditions$10.apply(ExpectedConditions.java:298)
	at org.openqa.selenium.support.ui.ExpectedConditions$23.apply(ExpectedConditions.java:686)
	at org.openqa.selenium.support.ui.ExpectedConditions$23.apply(ExpectedConditions.java:682)
	at org.openqa.selenium.support.ui.FluentWait.until(FluentWait.java:248)
	... 26 more
]]>
    </error>
  </testcase> <!-- checkCustomisationOptionINPurchasesGroupedByDepartmentReport -->
  <testcase name="checkVATPurchaseAccountReports" time="13.142" classname="com.focus.testcases.FinancialReportsXTest"/>
  <testcase name="checkAuditTrailTransactionsReport" time="11.511" classname="com.focus.testcases.FinancialReportsXTest"/>
  <testcase name="checkTradingAccountOptions" time="14.637" classname="com.focus.testcases.FinancialReportsXTest"/>
  <testcase name="checkFilterOptionInVendorListingOfOutstandingBillsReport" time="2.340" classname="com.focus.testcases.FinancialReportsXTest">
    <error type="org.openqa.selenium.ElementClickInterceptedException" message="element click intercepted: Element &lt;i class=&quot;icon-filter hiconright2&quot;&gt;&lt;/i&gt; is not clickable at point (1198, 98). Other element would receive the click: &lt;body class=&quot; custom_scrollbar&quot; style=&quot;background-color:#f5f7f7 !important&quot; onscroll=&quot;mainScroll(this, event);&quot; onkeydown=&quot;return onBodyKeyDown(this, event);&quot; data-version=&quot;2&quot;&gt;...&lt;/body&gt;
  (Session info: chrome=107.0.5304.122)
Build info: version: &#039;3.12.0&#039;, revision: &#039;7c6e0b3&#039;, time: &#039;2018-05-08T14:04:26.12Z&#039;
System info: host: &#039;FOCUS-QA-10&#039;, ip: &#039;192.168.4.206&#039;, os.name: &#039;Windows 10&#039;, os.arch: &#039;amd64&#039;, os.version: &#039;10.0&#039;, java.version: &#039;1.8.0_111&#039;
Driver info: org.openqa.selenium.chrome.ChromeDriver
Capabilities {acceptInsecureCerts: false, browserName: chrome, browserVersion: 107.0.5304.122, chrome: {chromedriverVersion: 106.0.5249.61 (511755355844..., userDataDir: C:\Users\Rakesh\AppData\Loc...}, goog:chromeOptions: {debuggerAddress: localhost:54194}, javascriptEnabled: true, networkConnectionEnabled: false, pageLoadStrategy: normal, platform: WINDOWS, platformName: WINDOWS, proxy: Proxy(), setWindowRect: true, strictFileInteractability: false, timeouts: {implicit: 0, pageLoad: 300000, script: 30000}, unhandledPromptBehavior: dismiss and notify, webauthn:extension:credBlob: true, webauthn:extension:largeBlob: true, webauthn:virtualAuthenticators: true}
Session ID: 4e5b63374159fa2ea6e25ee1b1617078">
      <![CDATA[org.openqa.selenium.ElementClickInterceptedException: element click intercepted: Element <i class="icon-filter hiconright2"></i> is not clickable at point (1198, 98). Other element would receive the click: <body class=" custom_scrollbar" style="background-color:#f5f7f7 !important" onscroll="mainScroll(this, event);" onkeydown="return onBodyKeyDown(this, event);" data-version="2">...</body>
  (Session info: chrome=107.0.5304.122)
Build info: version: '3.12.0', revision: '7c6e0b3', time: '2018-05-08T14:04:26.12Z'
System info: host: 'FOCUS-QA-10', ip: '192.168.4.206', os.name: 'Windows 10', os.arch: 'amd64', os.version: '10.0', java.version: '1.8.0_111'
Driver info: org.openqa.selenium.chrome.ChromeDriver
Capabilities {acceptInsecureCerts: false, browserName: chrome, browserVersion: 107.0.5304.122, chrome: {chromedriverVersion: 106.0.5249.61 (511755355844..., userDataDir: C:\Users\Rakesh\AppData\Loc...}, goog:chromeOptions: {debuggerAddress: localhost:54194}, javascriptEnabled: true, networkConnectionEnabled: false, pageLoadStrategy: normal, platform: WINDOWS, platformName: WINDOWS, proxy: Proxy(), setWindowRect: true, strictFileInteractability: false, timeouts: {implicit: 0, pageLoad: 300000, script: 30000}, unhandledPromptBehavior: dismiss and notify, webauthn:extension:credBlob: true, webauthn:extension:largeBlob: true, webauthn:virtualAuthenticators: true}
Session ID: 4e5b63374159fa2ea6e25ee1b1617078
	at sun.reflect.GeneratedConstructorAccessor45.newInstance(Unknown Source)
	at sun.reflect.DelegatingConstructorAccessorImpl.newInstance(Unknown Source)
	at java.lang.reflect.Constructor.newInstance(Unknown Source)
	at org.openqa.selenium.remote.http.W3CHttpResponseCodec.createException(W3CHttpResponseCodec.java:187)
	at org.openqa.selenium.remote.http.W3CHttpResponseCodec.decode(W3CHttpResponseCodec.java:122)
	at org.openqa.selenium.remote.http.W3CHttpResponseCodec.decode(W3CHttpResponseCodec.java:49)
	at org.openqa.selenium.remote.HttpCommandExecutor.execute(HttpCommandExecutor.java:158)
	at org.openqa.selenium.remote.service.DriverCommandExecutor.execute(DriverCommandExecutor.java:83)
	at org.openqa.selenium.remote.RemoteWebDriver.execute(RemoteWebDriver.java:543)
	at org.openqa.selenium.remote.RemoteWebElement.execute(RemoteWebElement.java:276)
	at org.openqa.selenium.remote.RemoteWebElement.click(RemoteWebElement.java:83)
	at sun.reflect.GeneratedMethodAccessor4.invoke(Unknown Source)
	at sun.reflect.DelegatingMethodAccessorImpl.invoke(Unknown Source)
	at java.lang.reflect.Method.invoke(Unknown Source)
	at org.openqa.selenium.support.pagefactory.internal.LocatingElementHandler.invoke(LocatingElementHandler.java:51)
	at com.sun.proxy.$Proxy15.click(Unknown Source)
	at com.focus.Pages.FinancilaReportsXPage.checkFilterOptionInVendorListingOfOutstandingBillsReport(FinancilaReportsXPage.java:42800)
	at com.focus.testcases.FinancialReportsXTest.checkFilterOptionInVendorListingOfOutstandingBillsReport(FinancialReportsXTest.java:1572)
	at sun.reflect.NativeMethodAccessorImpl.invoke0(Native Method)
	at sun.reflect.NativeMethodAccessorImpl.invoke(Unknown Source)
	at sun.reflect.DelegatingMethodAccessorImpl.invoke(Unknown Source)
	at java.lang.reflect.Method.invoke(Unknown Source)
	at org.testng.internal.MethodInvocationHelper.invokeMethod(MethodInvocationHelper.java:86)
	at org.testng.internal.Invoker.invokeMethod(Invoker.java:643)
	at org.testng.internal.Invoker.invokeTestMethod(Invoker.java:820)
	at org.testng.internal.Invoker.invokeTestMethods(Invoker.java:1128)
	at org.testng.internal.TestMethodWorker.invokeTestMethods(TestMethodWorker.java:129)
	at org.testng.internal.TestMethodWorker.run(TestMethodWorker.java:112)
	at org.testng.TestRunner.privateRun(TestRunner.java:782)
	at org.testng.TestRunner.run(TestRunner.java:632)
	at org.testng.SuiteRunner.runTest(SuiteRunner.java:366)
	at org.testng.SuiteRunner.runSequentially(SuiteRunner.java:361)
	at org.testng.SuiteRunner.privateRun(SuiteRunner.java:319)
	at org.testng.SuiteRunner.run(SuiteRunner.java:268)
	at org.testng.SuiteRunnerWorker.runSuite(SuiteRunnerWorker.java:52)
	at org.testng.SuiteRunnerWorker.run(SuiteRunnerWorker.java:86)
	at org.testng.TestNG.runSuitesSequentially(TestNG.java:1244)
	at org.testng.TestNG.runSuitesLocally(TestNG.java:1169)
	at org.testng.TestNG.run(TestNG.java:1064)
	at org.testng.remote.AbstractRemoteTestNG.run(AbstractRemoteTestNG.java:114)
	at org.testng.remote.RemoteTestNG.initAndRun(RemoteTestNG.java:251)
	at org.testng.remote.RemoteTestNG.main(RemoteTestNG.java:77)
]]>
    </error>
  </testcase> <!-- checkFilterOptionInVendorListingOfOutstandingBillsReport -->
  <testcase name="checkOpeningBalanceRegisterReport" time="13.236" classname="com.focus.testcases.FinancialReportsXTest">
    <failure type="java.lang.AssertionError" message="expected [true] but found [false]">
      <![CDATA[java.lang.AssertionError: expected [true] but found [false]
	at org.testng.Assert.fail(Assert.java:94)
	at org.testng.Assert.failNotEquals(Assert.java:513)
	at org.testng.Assert.assertEqualsImpl(Assert.java:135)
	at org.testng.Assert.assertEquals(Assert.java:116)
	at org.testng.Assert.assertEquals(Assert.java:305)
	at org.testng.Assert.assertEquals(Assert.java:315)
	at com.focus.testcases.FinancialReportsXTest.checkOpeningBalanceRegisterReport(FinancialReportsXTest.java:584)
	at sun.reflect.NativeMethodAccessorImpl.invoke0(Native Method)
	at sun.reflect.NativeMethodAccessorImpl.invoke(Unknown Source)
	at sun.reflect.DelegatingMethodAccessorImpl.invoke(Unknown Source)
	at java.lang.reflect.Method.invoke(Unknown Source)
	at org.testng.internal.MethodInvocationHelper.invokeMethod(MethodInvocationHelper.java:86)
	at org.testng.internal.Invoker.invokeMethod(Invoker.java:643)
	at org.testng.internal.Invoker.invokeTestMethod(Invoker.java:820)
	at org.testng.internal.Invoker.invokeTestMethods(Invoker.java:1128)
	at org.testng.internal.TestMethodWorker.invokeTestMethods(TestMethodWorker.java:129)
	at org.testng.internal.TestMethodWorker.run(TestMethodWorker.java:112)
	at org.testng.TestRunner.privateRun(TestRunner.java:782)
	at org.testng.TestRunner.run(TestRunner.java:632)
	at org.testng.SuiteRunner.runTest(SuiteRunner.java:366)
	at org.testng.SuiteRunner.runSequentially(SuiteRunner.java:361)
	at org.testng.SuiteRunner.privateRun(SuiteRunner.java:319)
	at org.testng.SuiteRunner.run(SuiteRunner.java:268)
	at org.testng.SuiteRunnerWorker.runSuite(SuiteRunnerWorker.java:52)
	at org.testng.SuiteRunnerWorker.run(SuiteRunnerWorker.java:86)
	at org.testng.TestNG.runSuitesSequentially(TestNG.java:1244)
	at org.testng.TestNG.runSuitesLocally(TestNG.java:1169)
	at org.testng.TestNG.run(TestNG.java:1064)
	at org.testng.remote.AbstractRemoteTestNG.run(AbstractRemoteTestNG.java:114)
	at org.testng.remote.RemoteTestNG.initAndRun(RemoteTestNG.java:251)
	at org.testng.remote.RemoteTestNG.main(RemoteTestNG.java:77)
]]>
    </failure>
  </testcase> <!-- checkOpeningBalanceRegisterReport -->
  <testcase name="checkVatReturnReport" time="18.595" classname="com.focus.testcases.FinancialReportsXTest"/>
  <testcase name="checkVendorDetailsVendorAgeingReportBackTrackOption" time="121.099" classname="com.focus.testcases.FinancialReportsXTest">
    <error type="org.openqa.selenium.TimeoutException" message="Expected condition failed: waiting for element to be clickable: Proxy element for: DefaultElementLocator &#039;By.xpath: //*[@id=&#039;id_reportmenudisplay&#039;]/ul/li[7]&#039; (tried for 40 second(s) with 5000 milliseconds interval)">
      <![CDATA[org.openqa.selenium.TimeoutException: Expected condition failed: waiting for element to be clickable: Proxy element for: DefaultElementLocator 'By.xpath: //*[@id='id_reportmenudisplay']/ul/li[7]' (tried for 40 second(s) with 5000 milliseconds interval)
	at org.openqa.selenium.support.ui.FluentWait.timeoutException(FluentWait.java:303)
	at org.openqa.selenium.support.ui.FluentWait.until(FluentWait.java:271)
	at com.focus.Pages.FinancilaReportsXPage.checkVendorDetailsVendorAgeingReportBackTrackOption(FinancilaReportsXPage.java:44374)
	at com.focus.testcases.FinancialReportsXTest.checkVendorDetailsVendorAgeingReportBackTrackOption(FinancialReportsXTest.java:1653)
	at sun.reflect.NativeMethodAccessorImpl.invoke0(Native Method)
	at sun.reflect.NativeMethodAccessorImpl.invoke(Unknown Source)
	at sun.reflect.DelegatingMethodAccessorImpl.invoke(Unknown Source)
	at java.lang.reflect.Method.invoke(Unknown Source)
	at org.testng.internal.MethodInvocationHelper.invokeMethod(MethodInvocationHelper.java:86)
	at org.testng.internal.Invoker.invokeMethod(Invoker.java:643)
	at org.testng.internal.Invoker.invokeTestMethod(Invoker.java:820)
	at org.testng.internal.Invoker.invokeTestMethods(Invoker.java:1128)
	at org.testng.internal.TestMethodWorker.invokeTestMethods(TestMethodWorker.java:129)
	at org.testng.internal.TestMethodWorker.run(TestMethodWorker.java:112)
	at org.testng.TestRunner.privateRun(TestRunner.java:782)
	at org.testng.TestRunner.run(TestRunner.java:632)
	at org.testng.SuiteRunner.runTest(SuiteRunner.java:366)
	at org.testng.SuiteRunner.runSequentially(SuiteRunner.java:361)
	at org.testng.SuiteRunner.privateRun(SuiteRunner.java:319)
	at org.testng.SuiteRunner.run(SuiteRunner.java:268)
	at org.testng.SuiteRunnerWorker.runSuite(SuiteRunnerWorker.java:52)
	at org.testng.SuiteRunnerWorker.run(SuiteRunnerWorker.java:86)
	at org.testng.TestNG.runSuitesSequentially(TestNG.java:1244)
	at org.testng.TestNG.runSuitesLocally(TestNG.java:1169)
	at org.testng.TestNG.run(TestNG.java:1064)
	at org.testng.remote.AbstractRemoteTestNG.run(AbstractRemoteTestNG.java:114)
	at org.testng.remote.RemoteTestNG.initAndRun(RemoteTestNG.java:251)
	at org.testng.remote.RemoteTestNG.main(RemoteTestNG.java:77)
Caused by: org.openqa.selenium.NoSuchElementException: no such element: Unable to locate element: {"method":"xpath","selector":"//*[@id='id_reportmenudisplay']/ul/li[7]"}
  (Session info: chrome=107.0.5304.122)
For documentation on this error, please visit: http://seleniumhq.org/exceptions/no_such_element.html
Build info: version: '3.12.0', revision: '7c6e0b3', time: '2018-05-08T14:04:26.12Z'
System info: host: 'FOCUS-QA-10', ip: '192.168.4.206', os.name: 'Windows 10', os.arch: 'amd64', os.version: '10.0', java.version: '1.8.0_111'
Driver info: org.openqa.selenium.chrome.ChromeDriver
Capabilities {acceptInsecureCerts: false, browserName: chrome, browserVersion: 107.0.5304.122, chrome: {chromedriverVersion: 106.0.5249.61 (511755355844..., userDataDir: C:\Users\Rakesh\AppData\Loc...}, goog:chromeOptions: {debuggerAddress: localhost:54194}, javascriptEnabled: true, networkConnectionEnabled: false, pageLoadStrategy: normal, platform: WINDOWS, platformName: WINDOWS, proxy: Proxy(), setWindowRect: true, strictFileInteractability: false, timeouts: {implicit: 0, pageLoad: 300000, script: 30000}, unhandledPromptBehavior: dismiss and notify, webauthn:extension:credBlob: true, webauthn:extension:largeBlob: true, webauthn:virtualAuthenticators: true}
Session ID: 4e5b63374159fa2ea6e25ee1b1617078
*** Element info: {Using=xpath, value=//*[@id='id_reportmenudisplay']/ul/li[7]}
	at sun.reflect.GeneratedConstructorAccessor43.newInstance(Unknown Source)
	at sun.reflect.DelegatingConstructorAccessorImpl.newInstance(Unknown Source)
	at java.lang.reflect.Constructor.newInstance(Unknown Source)
	at org.openqa.selenium.remote.http.W3CHttpResponseCodec.createException(W3CHttpResponseCodec.java:187)
	at org.openqa.selenium.remote.http.W3CHttpResponseCodec.decode(W3CHttpResponseCodec.java:122)
	at org.openqa.selenium.remote.http.W3CHttpResponseCodec.decode(W3CHttpResponseCodec.java:49)
	at org.openqa.selenium.remote.HttpCommandExecutor.execute(HttpCommandExecutor.java:158)
	at org.openqa.selenium.remote.service.DriverCommandExecutor.execute(DriverCommandExecutor.java:83)
	at org.openqa.selenium.remote.RemoteWebDriver.execute(RemoteWebDriver.java:543)
	at org.openqa.selenium.remote.RemoteWebDriver.findElement(RemoteWebDriver.java:317)
	at org.openqa.selenium.remote.RemoteWebDriver.findElementByXPath(RemoteWebDriver.java:419)
	at org.openqa.selenium.By$ByXPath.findElement(By.java:353)
	at org.openqa.selenium.remote.RemoteWebDriver.findElement(RemoteWebDriver.java:309)
	at org.openqa.selenium.support.pagefactory.DefaultElementLocator.findElement(DefaultElementLocator.java:69)
	at org.openqa.selenium.support.pagefactory.internal.LocatingElementHandler.invoke(LocatingElementHandler.java:38)
	at com.sun.proxy.$Proxy15.isDisplayed(Unknown Source)
	at org.openqa.selenium.support.ui.ExpectedConditions.elementIfVisible(ExpectedConditions.java:315)
	at org.openqa.selenium.support.ui.ExpectedConditions.access$100(ExpectedConditions.java:44)
	at org.openqa.selenium.support.ui.ExpectedConditions$10.apply(ExpectedConditions.java:301)
	at org.openqa.selenium.support.ui.ExpectedConditions$10.apply(ExpectedConditions.java:298)
	at org.openqa.selenium.support.ui.ExpectedConditions$23.apply(ExpectedConditions.java:686)
	at org.openqa.selenium.support.ui.ExpectedConditions$23.apply(ExpectedConditions.java:682)
	at org.openqa.selenium.support.ui.FluentWait.until(FluentWait.java:248)
	... 26 more
]]>
    </error>
  </testcase> <!-- checkVendorDetailsVendorAgeingReportBackTrackOption -->
  <testcase name="checkCustomerStatementReport" time="9.628" classname="com.focus.testcases.FinancialReportsXTest">
    <error type="org.openqa.selenium.ElementClickInterceptedException" message="element click intercepted: Element &lt;span...class=&quot;checkmark&quot;&gt; &lt;/span&gt; is not clickable at point (1037, 590). Other element would receive the click: &lt;body class=&quot; custom_scrollbar&quot; style=&quot;background-color:#f5f7f7 !important&quot; onscroll=&quot;mainScroll(this, event);&quot; onkeydown=&quot;return onBodyKeyDown(this, event);&quot; data-version=&quot;2&quot;&gt;...&lt;/body&gt;
  (Session info: chrome=107.0.5304.122)
Build info: version: &#039;3.12.0&#039;, revision: &#039;7c6e0b3&#039;, time: &#039;2018-05-08T14:04:26.12Z&#039;
System info: host: &#039;FOCUS-QA-10&#039;, ip: &#039;192.168.4.206&#039;, os.name: &#039;Windows 10&#039;, os.arch: &#039;amd64&#039;, os.version: &#039;10.0&#039;, java.version: &#039;1.8.0_111&#039;
Driver info: org.openqa.selenium.chrome.ChromeDriver
Capabilities {acceptInsecureCerts: false, browserName: chrome, browserVersion: 107.0.5304.122, chrome: {chromedriverVersion: 106.0.5249.61 (511755355844..., userDataDir: C:\Users\Rakesh\AppData\Loc...}, goog:chromeOptions: {debuggerAddress: localhost:54194}, javascriptEnabled: true, networkConnectionEnabled: false, pageLoadStrategy: normal, platform: WINDOWS, platformName: WINDOWS, proxy: Proxy(), setWindowRect: true, strictFileInteractability: false, timeouts: {implicit: 0, pageLoad: 300000, script: 30000}, unhandledPromptBehavior: dismiss and notify, webauthn:extension:credBlob: true, webauthn:extension:largeBlob: true, webauthn:virtualAuthenticators: true}
Session ID: 4e5b63374159fa2ea6e25ee1b1617078">
      <![CDATA[org.openqa.selenium.ElementClickInterceptedException: element click intercepted: Element <span...class="checkmark"> </span> is not clickable at point (1037, 590). Other element would receive the click: <body class=" custom_scrollbar" style="background-color:#f5f7f7 !important" onscroll="mainScroll(this, event);" onkeydown="return onBodyKeyDown(this, event);" data-version="2">...</body>
  (Session info: chrome=107.0.5304.122)
Build info: version: '3.12.0', revision: '7c6e0b3', time: '2018-05-08T14:04:26.12Z'
System info: host: 'FOCUS-QA-10', ip: '192.168.4.206', os.name: 'Windows 10', os.arch: 'amd64', os.version: '10.0', java.version: '1.8.0_111'
Driver info: org.openqa.selenium.chrome.ChromeDriver
Capabilities {acceptInsecureCerts: false, browserName: chrome, browserVersion: 107.0.5304.122, chrome: {chromedriverVersion: 106.0.5249.61 (511755355844..., userDataDir: C:\Users\Rakesh\AppData\Loc...}, goog:chromeOptions: {debuggerAddress: localhost:54194}, javascriptEnabled: true, networkConnectionEnabled: false, pageLoadStrategy: normal, platform: WINDOWS, platformName: WINDOWS, proxy: Proxy(), setWindowRect: true, strictFileInteractability: false, timeouts: {implicit: 0, pageLoad: 300000, script: 30000}, unhandledPromptBehavior: dismiss and notify, webauthn:extension:credBlob: true, webauthn:extension:largeBlob: true, webauthn:virtualAuthenticators: true}
Session ID: 4e5b63374159fa2ea6e25ee1b1617078
	at sun.reflect.GeneratedConstructorAccessor45.newInstance(Unknown Source)
	at sun.reflect.DelegatingConstructorAccessorImpl.newInstance(Unknown Source)
	at java.lang.reflect.Constructor.newInstance(Unknown Source)
	at org.openqa.selenium.remote.http.W3CHttpResponseCodec.createException(W3CHttpResponseCodec.java:187)
	at org.openqa.selenium.remote.http.W3CHttpResponseCodec.decode(W3CHttpResponseCodec.java:122)
	at org.openqa.selenium.remote.http.W3CHttpResponseCodec.decode(W3CHttpResponseCodec.java:49)
	at org.openqa.selenium.remote.HttpCommandExecutor.execute(HttpCommandExecutor.java:158)
	at org.openqa.selenium.remote.service.DriverCommandExecutor.execute(DriverCommandExecutor.java:83)
	at org.openqa.selenium.remote.RemoteWebDriver.execute(RemoteWebDriver.java:543)
	at org.openqa.selenium.remote.RemoteWebElement.execute(RemoteWebElement.java:276)
	at org.openqa.selenium.remote.RemoteWebElement.click(RemoteWebElement.java:83)
	at sun.reflect.GeneratedMethodAccessor4.invoke(Unknown Source)
	at sun.reflect.DelegatingMethodAccessorImpl.invoke(Unknown Source)
	at java.lang.reflect.Method.invoke(Unknown Source)
	at org.openqa.selenium.support.pagefactory.internal.LocatingElementHandler.invoke(LocatingElementHandler.java:51)
	at com.sun.proxy.$Proxy15.click(Unknown Source)
	at com.focus.Pages.FinancilaReportsXPage.checkCustomerStatementReport(FinancilaReportsXPage.java:37994)
	at com.focus.testcases.FinancialReportsXTest.checkCustomerStatementReport(FinancialReportsXTest.java:1331)
	at sun.reflect.NativeMethodAccessorImpl.invoke0(Native Method)
	at sun.reflect.NativeMethodAccessorImpl.invoke(Unknown Source)
	at sun.reflect.DelegatingMethodAccessorImpl.invoke(Unknown Source)
	at java.lang.reflect.Method.invoke(Unknown Source)
	at org.testng.internal.MethodInvocationHelper.invokeMethod(MethodInvocationHelper.java:86)
	at org.testng.internal.Invoker.invokeMethod(Invoker.java:643)
	at org.testng.internal.Invoker.invokeTestMethod(Invoker.java:820)
	at org.testng.internal.Invoker.invokeTestMethods(Invoker.java:1128)
	at org.testng.internal.TestMethodWorker.invokeTestMethods(TestMethodWorker.java:129)
	at org.testng.internal.TestMethodWorker.run(TestMethodWorker.java:112)
	at org.testng.TestRunner.privateRun(TestRunner.java:782)
	at org.testng.TestRunner.run(TestRunner.java:632)
	at org.testng.SuiteRunner.runTest(SuiteRunner.java:366)
	at org.testng.SuiteRunner.runSequentially(SuiteRunner.java:361)
	at org.testng.SuiteRunner.privateRun(SuiteRunner.java:319)
	at org.testng.SuiteRunner.run(SuiteRunner.java:268)
	at org.testng.SuiteRunnerWorker.runSuite(SuiteRunnerWorker.java:52)
	at org.testng.SuiteRunnerWorker.run(SuiteRunnerWorker.java:86)
	at org.testng.TestNG.runSuitesSequentially(TestNG.java:1244)
	at org.testng.TestNG.runSuitesLocally(TestNG.java:1169)
	at org.testng.TestNG.run(TestNG.java:1064)
	at org.testng.remote.AbstractRemoteTestNG.run(AbstractRemoteTestNG.java:114)
	at org.testng.remote.RemoteTestNG.initAndRun(RemoteTestNG.java:251)
	at org.testng.remote.RemoteTestNG.main(RemoteTestNG.java:77)
]]>
    </error>
  </testcase> <!-- checkCustomerStatementReport -->
  <testcase name="checkPDCReceiptsRegisterReportBackTrackOption" time="2.358" classname="com.focus.testcases.FinancialReportsXTest">
    <error type="java.lang.IndexOutOfBoundsException" message="Index: 1, Size: 1">
      <![CDATA[java.lang.IndexOutOfBoundsException: Index: 1, Size: 1
	at java.util.ArrayList.rangeCheck(Unknown Source)
	at java.util.ArrayList.get(Unknown Source)
	at com.focus.Pages.FinancilaReportsXPage.checkPDCReceiptsRegisterReportBackTrackOption(FinancilaReportsXPage.java:18835)
	at com.focus.testcases.FinancialReportsXTest.checkPDCReceiptsRegisterReportBackTrackOption(FinancialReportsXTest.java:698)
	at sun.reflect.NativeMethodAccessorImpl.invoke0(Native Method)
	at sun.reflect.NativeMethodAccessorImpl.invoke(Unknown Source)
	at sun.reflect.DelegatingMethodAccessorImpl.invoke(Unknown Source)
	at java.lang.reflect.Method.invoke(Unknown Source)
	at org.testng.internal.MethodInvocationHelper.invokeMethod(MethodInvocationHelper.java:86)
	at org.testng.internal.Invoker.invokeMethod(Invoker.java:643)
	at org.testng.internal.Invoker.invokeTestMethod(Invoker.java:820)
	at org.testng.internal.Invoker.invokeTestMethods(Invoker.java:1128)
	at org.testng.internal.TestMethodWorker.invokeTestMethods(TestMethodWorker.java:129)
	at org.testng.internal.TestMethodWorker.run(TestMethodWorker.java:112)
	at org.testng.TestRunner.privateRun(TestRunner.java:782)
	at org.testng.TestRunner.run(TestRunner.java:632)
	at org.testng.SuiteRunner.runTest(SuiteRunner.java:366)
	at org.testng.SuiteRunner.runSequentially(SuiteRunner.java:361)
	at org.testng.SuiteRunner.privateRun(SuiteRunner.java:319)
	at org.testng.SuiteRunner.run(SuiteRunner.java:268)
	at org.testng.SuiteRunnerWorker.runSuite(SuiteRunnerWorker.java:52)
	at org.testng.SuiteRunnerWorker.run(SuiteRunnerWorker.java:86)
	at org.testng.TestNG.runSuitesSequentially(TestNG.java:1244)
	at org.testng.TestNG.runSuitesLocally(TestNG.java:1169)
	at org.testng.TestNG.run(TestNG.java:1064)
	at org.testng.remote.AbstractRemoteTestNG.run(AbstractRemoteTestNG.java:114)
	at org.testng.remote.RemoteTestNG.initAndRun(RemoteTestNG.java:251)
	at org.testng.remote.RemoteTestNG.main(RemoteTestNG.java:77)
]]>
    </error>
  </testcase> <!-- checkPDCReceiptsRegisterReportBackTrackOption -->
  <testcase name="checkVatSummaryReport" time="15.659" classname="com.focus.testcases.FinancialReportsXTest"/>
  <testcase name="checkBackTrackInBalanceSheet" time="3.215" classname="com.focus.testcases.FinancialReportsXTest">
    <error type="org.openqa.selenium.ElementClickInterceptedException" message="element click intercepted: Element &lt;td data-ifieldid=&quot;1&quot; data-datatypeid=&quot;0&quot; onclick=&quot;REPORTRENDER.GetFieldId(this);&quot; id=&quot;tdSort_0_col_Particulars_&quot; class=&quot;TextAlignLeft&quot; colspan=&quot;0&quot; style=&quot;border-style: none; font-style: normal; font-weight: normal; font-size: 12px; width: 120px;&quot;&gt;...&lt;/td&gt; is not clickable at point (206, 175). Other element would receive the click: &lt;div id=&quot;fullScreen&quot; class=&quot;modal fade right show&quot; role=&quot;dialog&quot; data-backdrop=&quot;static&quot; style=&quot;z-index: 10000001; padding-right: 10px; display: block;&quot; aria-modal=&quot;true&quot;&gt;...&lt;/div&gt;
  (Session info: chrome=107.0.5304.122)
Build info: version: &#039;3.12.0&#039;, revision: &#039;7c6e0b3&#039;, time: &#039;2018-05-08T14:04:26.12Z&#039;
System info: host: &#039;FOCUS-QA-10&#039;, ip: &#039;192.168.4.206&#039;, os.name: &#039;Windows 10&#039;, os.arch: &#039;amd64&#039;, os.version: &#039;10.0&#039;, java.version: &#039;1.8.0_111&#039;
Driver info: org.openqa.selenium.chrome.ChromeDriver
Capabilities {acceptInsecureCerts: false, browserName: chrome, browserVersion: 107.0.5304.122, chrome: {chromedriverVersion: 106.0.5249.61 (511755355844..., userDataDir: C:\Users\Rakesh\AppData\Loc...}, goog:chromeOptions: {debuggerAddress: localhost:54194}, javascriptEnabled: true, networkConnectionEnabled: false, pageLoadStrategy: normal, platform: WINDOWS, platformName: WINDOWS, proxy: Proxy(), setWindowRect: true, strictFileInteractability: false, timeouts: {implicit: 0, pageLoad: 300000, script: 30000}, unhandledPromptBehavior: dismiss and notify, webauthn:extension:credBlob: true, webauthn:extension:largeBlob: true, webauthn:virtualAuthenticators: true}
Session ID: 4e5b63374159fa2ea6e25ee1b1617078">
      <![CDATA[org.openqa.selenium.ElementClickInterceptedException: element click intercepted: Element <td data-ifieldid="1" data-datatypeid="0" onclick="REPORTRENDER.GetFieldId(this);" id="tdSort_0_col_Particulars_" class="TextAlignLeft" colspan="0" style="border-style: none; font-style: normal; font-weight: normal; font-size: 12px; width: 120px;">...</td> is not clickable at point (206, 175). Other element would receive the click: <div id="fullScreen" class="modal fade right show" role="dialog" data-backdrop="static" style="z-index: 10000001; padding-right: 10px; display: block;" aria-modal="true">...</div>
  (Session info: chrome=107.0.5304.122)
Build info: version: '3.12.0', revision: '7c6e0b3', time: '2018-05-08T14:04:26.12Z'
System info: host: 'FOCUS-QA-10', ip: '192.168.4.206', os.name: 'Windows 10', os.arch: 'amd64', os.version: '10.0', java.version: '1.8.0_111'
Driver info: org.openqa.selenium.chrome.ChromeDriver
Capabilities {acceptInsecureCerts: false, browserName: chrome, browserVersion: 107.0.5304.122, chrome: {chromedriverVersion: 106.0.5249.61 (511755355844..., userDataDir: C:\Users\Rakesh\AppData\Loc...}, goog:chromeOptions: {debuggerAddress: localhost:54194}, javascriptEnabled: true, networkConnectionEnabled: false, pageLoadStrategy: normal, platform: WINDOWS, platformName: WINDOWS, proxy: Proxy(), setWindowRect: true, strictFileInteractability: false, timeouts: {implicit: 0, pageLoad: 300000, script: 30000}, unhandledPromptBehavior: dismiss and notify, webauthn:extension:credBlob: true, webauthn:extension:largeBlob: true, webauthn:virtualAuthenticators: true}
Session ID: 4e5b63374159fa2ea6e25ee1b1617078
	at sun.reflect.GeneratedConstructorAccessor45.newInstance(Unknown Source)
	at sun.reflect.DelegatingConstructorAccessorImpl.newInstance(Unknown Source)
	at java.lang.reflect.Constructor.newInstance(Unknown Source)
	at org.openqa.selenium.remote.http.W3CHttpResponseCodec.createException(W3CHttpResponseCodec.java:187)
	at org.openqa.selenium.remote.http.W3CHttpResponseCodec.decode(W3CHttpResponseCodec.java:122)
	at org.openqa.selenium.remote.http.W3CHttpResponseCodec.decode(W3CHttpResponseCodec.java:49)
	at org.openqa.selenium.remote.HttpCommandExecutor.execute(HttpCommandExecutor.java:158)
	at org.openqa.selenium.remote.service.DriverCommandExecutor.execute(DriverCommandExecutor.java:83)
	at org.openqa.selenium.remote.RemoteWebDriver.execute(RemoteWebDriver.java:543)
	at org.openqa.selenium.remote.RemoteWebElement.execute(RemoteWebElement.java:276)
	at org.openqa.selenium.remote.RemoteWebElement.click(RemoteWebElement.java:83)
	at com.focus.Pages.FinancilaReportsXPage.checkBackTrackInBalanceSheet(FinancilaReportsXPage.java:34486)
	at com.focus.testcases.FinancialReportsXTest.checkBackTrackInBalanceSheet(FinancialReportsXTest.java:1142)
	at sun.reflect.NativeMethodAccessorImpl.invoke0(Native Method)
	at sun.reflect.NativeMethodAccessorImpl.invoke(Unknown Source)
	at sun.reflect.DelegatingMethodAccessorImpl.invoke(Unknown Source)
	at java.lang.reflect.Method.invoke(Unknown Source)
	at org.testng.internal.MethodInvocationHelper.invokeMethod(MethodInvocationHelper.java:86)
	at org.testng.internal.Invoker.invokeMethod(Invoker.java:643)
	at org.testng.internal.Invoker.invokeTestMethod(Invoker.java:820)
	at org.testng.internal.Invoker.invokeTestMethods(Invoker.java:1128)
	at org.testng.internal.TestMethodWorker.invokeTestMethods(TestMethodWorker.java:129)
	at org.testng.internal.TestMethodWorker.run(TestMethodWorker.java:112)
	at org.testng.TestRunner.privateRun(TestRunner.java:782)
	at org.testng.TestRunner.run(TestRunner.java:632)
	at org.testng.SuiteRunner.runTest(SuiteRunner.java:366)
	at org.testng.SuiteRunner.runSequentially(SuiteRunner.java:361)
	at org.testng.SuiteRunner.privateRun(SuiteRunner.java:319)
	at org.testng.SuiteRunner.run(SuiteRunner.java:268)
	at org.testng.SuiteRunnerWorker.runSuite(SuiteRunnerWorker.java:52)
	at org.testng.SuiteRunnerWorker.run(SuiteRunnerWorker.java:86)
	at org.testng.TestNG.runSuitesSequentially(TestNG.java:1244)
	at org.testng.TestNG.runSuitesLocally(TestNG.java:1169)
	at org.testng.TestNG.run(TestNG.java:1064)
	at org.testng.remote.AbstractRemoteTestNG.run(AbstractRemoteTestNG.java:114)
	at org.testng.remote.RemoteTestNG.initAndRun(RemoteTestNG.java:251)
	at org.testng.remote.RemoteTestNG.main(RemoteTestNG.java:77)
]]>
    </error>
  </testcase> <!-- checkBackTrackInBalanceSheet -->
  <testcase name="CheckCustomerAgeingDetailsDueDateBackTrackOption" time="121.190" classname="com.focus.testcases.FinancialReportsXTest">
    <error type="org.openqa.selenium.TimeoutException" message="Expected condition failed: waiting for element to be clickable: Proxy element for: DefaultElementLocator &#039;By.xpath: //*[@id=&#039;id_reportmenudisplay&#039;]/ul/li[7]&#039; (tried for 40 second(s) with 5000 milliseconds interval)">
      <![CDATA[org.openqa.selenium.TimeoutException: Expected condition failed: waiting for element to be clickable: Proxy element for: DefaultElementLocator 'By.xpath: //*[@id='id_reportmenudisplay']/ul/li[7]' (tried for 40 second(s) with 5000 milliseconds interval)
	at org.openqa.selenium.support.ui.FluentWait.timeoutException(FluentWait.java:303)
	at org.openqa.selenium.support.ui.FluentWait.until(FluentWait.java:271)
	at com.focus.Pages.FinancilaReportsXPage.CheckCustomerAgeingDetailsDueDateBackTrackOption(FinancilaReportsXPage.java:39826)
	at com.focus.testcases.FinancialReportsXTest.CheckCustomerAgeingDetailsDueDateBackTrackOption(FinancialReportsXTest.java:1420)
	at sun.reflect.NativeMethodAccessorImpl.invoke0(Native Method)
	at sun.reflect.NativeMethodAccessorImpl.invoke(Unknown Source)
	at sun.reflect.DelegatingMethodAccessorImpl.invoke(Unknown Source)
	at java.lang.reflect.Method.invoke(Unknown Source)
	at org.testng.internal.MethodInvocationHelper.invokeMethod(MethodInvocationHelper.java:86)
	at org.testng.internal.Invoker.invokeMethod(Invoker.java:643)
	at org.testng.internal.Invoker.invokeTestMethod(Invoker.java:820)
	at org.testng.internal.Invoker.invokeTestMethods(Invoker.java:1128)
	at org.testng.internal.TestMethodWorker.invokeTestMethods(TestMethodWorker.java:129)
	at org.testng.internal.TestMethodWorker.run(TestMethodWorker.java:112)
	at org.testng.TestRunner.privateRun(TestRunner.java:782)
	at org.testng.TestRunner.run(TestRunner.java:632)
	at org.testng.SuiteRunner.runTest(SuiteRunner.java:366)
	at org.testng.SuiteRunner.runSequentially(SuiteRunner.java:361)
	at org.testng.SuiteRunner.privateRun(SuiteRunner.java:319)
	at org.testng.SuiteRunner.run(SuiteRunner.java:268)
	at org.testng.SuiteRunnerWorker.runSuite(SuiteRunnerWorker.java:52)
	at org.testng.SuiteRunnerWorker.run(SuiteRunnerWorker.java:86)
	at org.testng.TestNG.runSuitesSequentially(TestNG.java:1244)
	at org.testng.TestNG.runSuitesLocally(TestNG.java:1169)
	at org.testng.TestNG.run(TestNG.java:1064)
	at org.testng.remote.AbstractRemoteTestNG.run(AbstractRemoteTestNG.java:114)
	at org.testng.remote.RemoteTestNG.initAndRun(RemoteTestNG.java:251)
	at org.testng.remote.RemoteTestNG.main(RemoteTestNG.java:77)
Caused by: org.openqa.selenium.NoSuchElementException: no such element: Unable to locate element: {"method":"xpath","selector":"//*[@id='id_reportmenudisplay']/ul/li[7]"}
  (Session info: chrome=107.0.5304.122)
For documentation on this error, please visit: http://seleniumhq.org/exceptions/no_such_element.html
Build info: version: '3.12.0', revision: '7c6e0b3', time: '2018-05-08T14:04:26.12Z'
System info: host: 'FOCUS-QA-10', ip: '192.168.4.206', os.name: 'Windows 10', os.arch: 'amd64', os.version: '10.0', java.version: '1.8.0_111'
Driver info: org.openqa.selenium.chrome.ChromeDriver
Capabilities {acceptInsecureCerts: false, browserName: chrome, browserVersion: 107.0.5304.122, chrome: {chromedriverVersion: 106.0.5249.61 (511755355844..., userDataDir: C:\Users\Rakesh\AppData\Loc...}, goog:chromeOptions: {debuggerAddress: localhost:54194}, javascriptEnabled: true, networkConnectionEnabled: false, pageLoadStrategy: normal, platform: WINDOWS, platformName: WINDOWS, proxy: Proxy(), setWindowRect: true, strictFileInteractability: false, timeouts: {implicit: 0, pageLoad: 300000, script: 30000}, unhandledPromptBehavior: dismiss and notify, webauthn:extension:credBlob: true, webauthn:extension:largeBlob: true, webauthn:virtualAuthenticators: true}
Session ID: 4e5b63374159fa2ea6e25ee1b1617078
*** Element info: {Using=xpath, value=//*[@id='id_reportmenudisplay']/ul/li[7]}
	at sun.reflect.GeneratedConstructorAccessor43.newInstance(Unknown Source)
	at sun.reflect.DelegatingConstructorAccessorImpl.newInstance(Unknown Source)
	at java.lang.reflect.Constructor.newInstance(Unknown Source)
	at org.openqa.selenium.remote.http.W3CHttpResponseCodec.createException(W3CHttpResponseCodec.java:187)
	at org.openqa.selenium.remote.http.W3CHttpResponseCodec.decode(W3CHttpResponseCodec.java:122)
	at org.openqa.selenium.remote.http.W3CHttpResponseCodec.decode(W3CHttpResponseCodec.java:49)
	at org.openqa.selenium.remote.HttpCommandExecutor.execute(HttpCommandExecutor.java:158)
	at org.openqa.selenium.remote.service.DriverCommandExecutor.execute(DriverCommandExecutor.java:83)
	at org.openqa.selenium.remote.RemoteWebDriver.execute(RemoteWebDriver.java:543)
	at org.openqa.selenium.remote.RemoteWebDriver.findElement(RemoteWebDriver.java:317)
	at org.openqa.selenium.remote.RemoteWebDriver.findElementByXPath(RemoteWebDriver.java:419)
	at org.openqa.selenium.By$ByXPath.findElement(By.java:353)
	at org.openqa.selenium.remote.RemoteWebDriver.findElement(RemoteWebDriver.java:309)
	at org.openqa.selenium.support.pagefactory.DefaultElementLocator.findElement(DefaultElementLocator.java:69)
	at org.openqa.selenium.support.pagefactory.internal.LocatingElementHandler.invoke(LocatingElementHandler.java:38)
	at com.sun.proxy.$Proxy15.isDisplayed(Unknown Source)
	at org.openqa.selenium.support.ui.ExpectedConditions.elementIfVisible(ExpectedConditions.java:315)
	at org.openqa.selenium.support.ui.ExpectedConditions.access$100(ExpectedConditions.java:44)
	at org.openqa.selenium.support.ui.ExpectedConditions$10.apply(ExpectedConditions.java:301)
	at org.openqa.selenium.support.ui.ExpectedConditions$10.apply(ExpectedConditions.java:298)
	at org.openqa.selenium.support.ui.ExpectedConditions$23.apply(ExpectedConditions.java:686)
	at org.openqa.selenium.support.ui.ExpectedConditions$23.apply(ExpectedConditions.java:682)
	at org.openqa.selenium.support.ui.FluentWait.until(FluentWait.java:248)
	... 26 more
]]>
    </error>
  </testcase> <!-- CheckCustomerAgeingDetailsDueDateBackTrackOption -->
  <testcase name="checkSkidDefinitionReport" time="12.816" classname="com.focus.testcases.FinancialReportsXTest"/>
  <testcase name="CheckFilterAndPrintOptionnInCustomerStatements" time="81.709" classname="com.focus.testcases.FinancialReportsXTest">
    <error type="org.openqa.selenium.TimeoutException" message="Expected condition failed: waiting for element to be clickable: Proxy element for: DefaultElementLocator &#039;By.xpath: (//*[@class=&#039;icon-print hiconright2&#039;])[2]&#039; (tried for 40 second(s) with 5000 milliseconds interval)">
      <![CDATA[org.openqa.selenium.TimeoutException: Expected condition failed: waiting for element to be clickable: Proxy element for: DefaultElementLocator 'By.xpath: (//*[@class='icon-print hiconright2'])[2]' (tried for 40 second(s) with 5000 milliseconds interval)
	at org.openqa.selenium.support.ui.FluentWait.timeoutException(FluentWait.java:303)
	at org.openqa.selenium.support.ui.FluentWait.until(FluentWait.java:271)
	at com.focus.Pages.FinancilaReportsXPage.CheckFilterAndPrintOptionnInCustomerStatements(FinancilaReportsXPage.java:38221)
	at com.focus.testcases.FinancialReportsXTest.CheckFilterAndPrintOptionnInCustomerStatements(FinancialReportsXTest.java:1338)
	at sun.reflect.NativeMethodAccessorImpl.invoke0(Native Method)
	at sun.reflect.NativeMethodAccessorImpl.invoke(Unknown Source)
	at sun.reflect.DelegatingMethodAccessorImpl.invoke(Unknown Source)
	at java.lang.reflect.Method.invoke(Unknown Source)
	at org.testng.internal.MethodInvocationHelper.invokeMethod(MethodInvocationHelper.java:86)
	at org.testng.internal.Invoker.invokeMethod(Invoker.java:643)
	at org.testng.internal.Invoker.invokeTestMethod(Invoker.java:820)
	at org.testng.internal.Invoker.invokeTestMethods(Invoker.java:1128)
	at org.testng.internal.TestMethodWorker.invokeTestMethods(TestMethodWorker.java:129)
	at org.testng.internal.TestMethodWorker.run(TestMethodWorker.java:112)
	at org.testng.TestRunner.privateRun(TestRunner.java:782)
	at org.testng.TestRunner.run(TestRunner.java:632)
	at org.testng.SuiteRunner.runTest(SuiteRunner.java:366)
	at org.testng.SuiteRunner.runSequentially(SuiteRunner.java:361)
	at org.testng.SuiteRunner.privateRun(SuiteRunner.java:319)
	at org.testng.SuiteRunner.run(SuiteRunner.java:268)
	at org.testng.SuiteRunnerWorker.runSuite(SuiteRunnerWorker.java:52)
	at org.testng.SuiteRunnerWorker.run(SuiteRunnerWorker.java:86)
	at org.testng.TestNG.runSuitesSequentially(TestNG.java:1244)
	at org.testng.TestNG.runSuitesLocally(TestNG.java:1169)
	at org.testng.TestNG.run(TestNG.java:1064)
	at org.testng.remote.AbstractRemoteTestNG.run(AbstractRemoteTestNG.java:114)
	at org.testng.remote.RemoteTestNG.initAndRun(RemoteTestNG.java:251)
	at org.testng.remote.RemoteTestNG.main(RemoteTestNG.java:77)
Caused by: org.openqa.selenium.NoSuchElementException: no such element: Unable to locate element: {"method":"xpath","selector":"(//*[@class='icon-print hiconright2'])[2]"}
  (Session info: chrome=107.0.5304.122)
For documentation on this error, please visit: http://seleniumhq.org/exceptions/no_such_element.html
Build info: version: '3.12.0', revision: '7c6e0b3', time: '2018-05-08T14:04:26.12Z'
System info: host: 'FOCUS-QA-10', ip: '192.168.4.206', os.name: 'Windows 10', os.arch: 'amd64', os.version: '10.0', java.version: '1.8.0_111'
Driver info: org.openqa.selenium.chrome.ChromeDriver
Capabilities {acceptInsecureCerts: false, browserName: chrome, browserVersion: 107.0.5304.122, chrome: {chromedriverVersion: 106.0.5249.61 (511755355844..., userDataDir: C:\Users\Rakesh\AppData\Loc...}, goog:chromeOptions: {debuggerAddress: localhost:54194}, javascriptEnabled: true, networkConnectionEnabled: false, pageLoadStrategy: normal, platform: WINDOWS, platformName: WINDOWS, proxy: Proxy(), setWindowRect: true, strictFileInteractability: false, timeouts: {implicit: 0, pageLoad: 300000, script: 30000}, unhandledPromptBehavior: dismiss and notify, webauthn:extension:credBlob: true, webauthn:extension:largeBlob: true, webauthn:virtualAuthenticators: true}
Session ID: 4e5b63374159fa2ea6e25ee1b1617078
*** Element info: {Using=xpath, value=(//*[@class='icon-print hiconright2'])[2]}
	at sun.reflect.GeneratedConstructorAccessor43.newInstance(Unknown Source)
	at sun.reflect.DelegatingConstructorAccessorImpl.newInstance(Unknown Source)
	at java.lang.reflect.Constructor.newInstance(Unknown Source)
	at org.openqa.selenium.remote.http.W3CHttpResponseCodec.createException(W3CHttpResponseCodec.java:187)
	at org.openqa.selenium.remote.http.W3CHttpResponseCodec.decode(W3CHttpResponseCodec.java:122)
	at org.openqa.selenium.remote.http.W3CHttpResponseCodec.decode(W3CHttpResponseCodec.java:49)
	at org.openqa.selenium.remote.HttpCommandExecutor.execute(HttpCommandExecutor.java:158)
	at org.openqa.selenium.remote.service.DriverCommandExecutor.execute(DriverCommandExecutor.java:83)
	at org.openqa.selenium.remote.RemoteWebDriver.execute(RemoteWebDriver.java:543)
	at org.openqa.selenium.remote.RemoteWebDriver.findElement(RemoteWebDriver.java:317)
	at org.openqa.selenium.remote.RemoteWebDriver.findElementByXPath(RemoteWebDriver.java:419)
	at org.openqa.selenium.By$ByXPath.findElement(By.java:353)
	at org.openqa.selenium.remote.RemoteWebDriver.findElement(RemoteWebDriver.java:309)
	at org.openqa.selenium.support.pagefactory.DefaultElementLocator.findElement(DefaultElementLocator.java:69)
	at org.openqa.selenium.support.pagefactory.internal.LocatingElementHandler.invoke(LocatingElementHandler.java:38)
	at com.sun.proxy.$Proxy15.isDisplayed(Unknown Source)
	at org.openqa.selenium.support.ui.ExpectedConditions.elementIfVisible(ExpectedConditions.java:315)
	at org.openqa.selenium.support.ui.ExpectedConditions.access$100(ExpectedConditions.java:44)
	at org.openqa.selenium.support.ui.ExpectedConditions$10.apply(ExpectedConditions.java:301)
	at org.openqa.selenium.support.ui.ExpectedConditions$10.apply(ExpectedConditions.java:298)
	at org.openqa.selenium.support.ui.ExpectedConditions$23.apply(ExpectedConditions.java:686)
	at org.openqa.selenium.support.ui.ExpectedConditions$23.apply(ExpectedConditions.java:682)
	at org.openqa.selenium.support.ui.FluentWait.until(FluentWait.java:248)
	... 26 more
]]>
    </error>
  </testcase> <!-- CheckFilterAndPrintOptionnInCustomerStatements -->
  <testcase name="checkPettyCashBookReport" time="1.660" classname="com.focus.testcases.FinancialReportsXTest">
    <error type="org.openqa.selenium.ElementClickInterceptedException" message="element click intercepted: Element &lt;select class=&quot;custom-select&quot; id=&quot;DateOptions_&quot; onchange=&quot;REPORTVIEW.applyDateSetting(this,&#039;id_starting_date_&#039; + &#039;&#039;, &#039;id_ending_date_&#039; + &#039;&#039;, &#039;132382978&#039;, &#039;132516872&#039;, &#039;4&#039;, &#039;1&#039;)&quot;&gt;...&lt;/select&gt; is not clickable at point (1017, 445). Other element would receive the click: &lt;body class=&quot; custom_scrollbar&quot; style=&quot;background-color:#f5f7f7 !important&quot; onscroll=&quot;mainScroll(this, event);&quot; onkeydown=&quot;return onBodyKeyDown(this, event);&quot; data-version=&quot;2&quot;&gt;...&lt;/body&gt;
  (Session info: chrome=107.0.5304.122)
Build info: version: &#039;3.12.0&#039;, revision: &#039;7c6e0b3&#039;, time: &#039;2018-05-08T14:04:26.12Z&#039;
System info: host: &#039;FOCUS-QA-10&#039;, ip: &#039;192.168.4.206&#039;, os.name: &#039;Windows 10&#039;, os.arch: &#039;amd64&#039;, os.version: &#039;10.0&#039;, java.version: &#039;1.8.0_111&#039;
Driver info: org.openqa.selenium.chrome.ChromeDriver
Capabilities {acceptInsecureCerts: false, browserName: chrome, browserVersion: 107.0.5304.122, chrome: {chromedriverVersion: 106.0.5249.61 (511755355844..., userDataDir: C:\Users\Rakesh\AppData\Loc...}, goog:chromeOptions: {debuggerAddress: localhost:54194}, javascriptEnabled: true, networkConnectionEnabled: false, pageLoadStrategy: normal, platform: WINDOWS, platformName: WINDOWS, proxy: Proxy(), setWindowRect: true, strictFileInteractability: false, timeouts: {implicit: 0, pageLoad: 300000, script: 30000}, unhandledPromptBehavior: dismiss and notify, webauthn:extension:credBlob: true, webauthn:extension:largeBlob: true, webauthn:virtualAuthenticators: true}
Session ID: 4e5b63374159fa2ea6e25ee1b1617078">
      <![CDATA[org.openqa.selenium.ElementClickInterceptedException: element click intercepted: Element <select class="custom-select" id="DateOptions_" onchange="REPORTVIEW.applyDateSetting(this,'id_starting_date_' + '', 'id_ending_date_' + '', '132382978', '132516872', '4', '1')">...</select> is not clickable at point (1017, 445). Other element would receive the click: <body class=" custom_scrollbar" style="background-color:#f5f7f7 !important" onscroll="mainScroll(this, event);" onkeydown="return onBodyKeyDown(this, event);" data-version="2">...</body>
  (Session info: chrome=107.0.5304.122)
Build info: version: '3.12.0', revision: '7c6e0b3', time: '2018-05-08T14:04:26.12Z'
System info: host: 'FOCUS-QA-10', ip: '192.168.4.206', os.name: 'Windows 10', os.arch: 'amd64', os.version: '10.0', java.version: '1.8.0_111'
Driver info: org.openqa.selenium.chrome.ChromeDriver
Capabilities {acceptInsecureCerts: false, browserName: chrome, browserVersion: 107.0.5304.122, chrome: {chromedriverVersion: 106.0.5249.61 (511755355844..., userDataDir: C:\Users\Rakesh\AppData\Loc...}, goog:chromeOptions: {debuggerAddress: localhost:54194}, javascriptEnabled: true, networkConnectionEnabled: false, pageLoadStrategy: normal, platform: WINDOWS, platformName: WINDOWS, proxy: Proxy(), setWindowRect: true, strictFileInteractability: false, timeouts: {implicit: 0, pageLoad: 300000, script: 30000}, unhandledPromptBehavior: dismiss and notify, webauthn:extension:credBlob: true, webauthn:extension:largeBlob: true, webauthn:virtualAuthenticators: true}
Session ID: 4e5b63374159fa2ea6e25ee1b1617078
	at sun.reflect.NativeConstructorAccessorImpl.newInstance0(Native Method)
	at sun.reflect.NativeConstructorAccessorImpl.newInstance(Unknown Source)
	at sun.reflect.DelegatingConstructorAccessorImpl.newInstance(Unknown Source)
	at java.lang.reflect.Constructor.newInstance(Unknown Source)
	at org.openqa.selenium.remote.http.W3CHttpResponseCodec.createException(W3CHttpResponseCodec.java:187)
	at org.openqa.selenium.remote.http.W3CHttpResponseCodec.decode(W3CHttpResponseCodec.java:122)
	at org.openqa.selenium.remote.http.W3CHttpResponseCodec.decode(W3CHttpResponseCodec.java:49)
	at org.openqa.selenium.remote.HttpCommandExecutor.execute(HttpCommandExecutor.java:158)
	at org.openqa.selenium.remote.service.DriverCommandExecutor.execute(DriverCommandExecutor.java:83)
	at org.openqa.selenium.remote.RemoteWebDriver.execute(RemoteWebDriver.java:543)
	at org.openqa.selenium.remote.RemoteWebElement.execute(RemoteWebElement.java:276)
	at org.openqa.selenium.remote.RemoteWebElement.click(RemoteWebElement.java:83)
	at sun.reflect.GeneratedMethodAccessor4.invoke(Unknown Source)
	at sun.reflect.DelegatingMethodAccessorImpl.invoke(Unknown Source)
	at java.lang.reflect.Method.invoke(Unknown Source)
	at org.openqa.selenium.support.pagefactory.internal.LocatingElementHandler.invoke(LocatingElementHandler.java:51)
	at com.sun.proxy.$Proxy15.click(Unknown Source)
	at com.focus.Pages.FinancilaReportsXPage.checkPettyCashBookReport(FinancilaReportsXPage.java:4631)
	at com.focus.testcases.FinancialReportsXTest.checkPettyCashBookReport(FinancialReportsXTest.java:162)
	at sun.reflect.NativeMethodAccessorImpl.invoke0(Native Method)
	at sun.reflect.NativeMethodAccessorImpl.invoke(Unknown Source)
	at sun.reflect.DelegatingMethodAccessorImpl.invoke(Unknown Source)
	at java.lang.reflect.Method.invoke(Unknown Source)
	at org.testng.internal.MethodInvocationHelper.invokeMethod(MethodInvocationHelper.java:86)
	at org.testng.internal.Invoker.invokeMethod(Invoker.java:643)
	at org.testng.internal.Invoker.invokeTestMethod(Invoker.java:820)
	at org.testng.internal.Invoker.invokeTestMethods(Invoker.java:1128)
	at org.testng.internal.TestMethodWorker.invokeTestMethods(TestMethodWorker.java:129)
	at org.testng.internal.TestMethodWorker.run(TestMethodWorker.java:112)
	at org.testng.TestRunner.privateRun(TestRunner.java:782)
	at org.testng.TestRunner.run(TestRunner.java:632)
	at org.testng.SuiteRunner.runTest(SuiteRunner.java:366)
	at org.testng.SuiteRunner.runSequentially(SuiteRunner.java:361)
	at org.testng.SuiteRunner.privateRun(SuiteRunner.java:319)
	at org.testng.SuiteRunner.run(SuiteRunner.java:268)
	at org.testng.SuiteRunnerWorker.runSuite(SuiteRunnerWorker.java:52)
	at org.testng.SuiteRunnerWorker.run(SuiteRunnerWorker.java:86)
	at org.testng.TestNG.runSuitesSequentially(TestNG.java:1244)
	at org.testng.TestNG.runSuitesLocally(TestNG.java:1169)
	at org.testng.TestNG.run(TestNG.java:1064)
	at org.testng.remote.AbstractRemoteTestNG.run(AbstractRemoteTestNG.java:114)
	at org.testng.remote.RemoteTestNG.initAndRun(RemoteTestNG.java:251)
	at org.testng.remote.RemoteTestNG.main(RemoteTestNG.java:77)
]]>
    </error>
  </testcase> <!-- checkPettyCashBookReport -->
  <testcase name="checkPDCReceiptsRegisterReportwithAllIncludePDC" time="9.649" classname="com.focus.testcases.FinancialReportsXTest">
    <failure type="java.lang.AssertionError" message="expected [true] but found [false]">
      <![CDATA[java.lang.AssertionError: expected [true] but found [false]
	at org.testng.Assert.fail(Assert.java:94)
	at org.testng.Assert.failNotEquals(Assert.java:513)
	at org.testng.Assert.assertEqualsImpl(Assert.java:135)
	at org.testng.Assert.assertEquals(Assert.java:116)
	at org.testng.Assert.assertEquals(Assert.java:305)
	at org.testng.Assert.assertEquals(Assert.java:315)
	at com.focus.testcases.FinancialReportsXTest.checkPDCReceiptsRegisterReportwithAllIncludePDC(FinancialReportsXTest.java:689)
	at sun.reflect.NativeMethodAccessorImpl.invoke0(Native Method)
	at sun.reflect.NativeMethodAccessorImpl.invoke(Unknown Source)
	at sun.reflect.DelegatingMethodAccessorImpl.invoke(Unknown Source)
	at java.lang.reflect.Method.invoke(Unknown Source)
	at org.testng.internal.MethodInvocationHelper.invokeMethod(MethodInvocationHelper.java:86)
	at org.testng.internal.Invoker.invokeMethod(Invoker.java:643)
	at org.testng.internal.Invoker.invokeTestMethod(Invoker.java:820)
	at org.testng.internal.Invoker.invokeTestMethods(Invoker.java:1128)
	at org.testng.internal.TestMethodWorker.invokeTestMethods(TestMethodWorker.java:129)
	at org.testng.internal.TestMethodWorker.run(TestMethodWorker.java:112)
	at org.testng.TestRunner.privateRun(TestRunner.java:782)
	at org.testng.TestRunner.run(TestRunner.java:632)
	at org.testng.SuiteRunner.runTest(SuiteRunner.java:366)
	at org.testng.SuiteRunner.runSequentially(SuiteRunner.java:361)
	at org.testng.SuiteRunner.privateRun(SuiteRunner.java:319)
	at org.testng.SuiteRunner.run(SuiteRunner.java:268)
	at org.testng.SuiteRunnerWorker.runSuite(SuiteRunnerWorker.java:52)
	at org.testng.SuiteRunnerWorker.run(SuiteRunnerWorker.java:86)
	at org.testng.TestNG.runSuitesSequentially(TestNG.java:1244)
	at org.testng.TestNG.runSuitesLocally(TestNG.java:1169)
	at org.testng.TestNG.run(TestNG.java:1064)
	at org.testng.remote.AbstractRemoteTestNG.run(AbstractRemoteTestNG.java:114)
	at org.testng.remote.RemoteTestNG.initAndRun(RemoteTestNG.java:251)
	at org.testng.remote.RemoteTestNG.main(RemoteTestNG.java:77)
]]>
    </failure>
  </testcase> <!-- checkPDCReceiptsRegisterReportwithAllIncludePDC -->
  <testcase name="checkcustomerSummaryCustomerOverDueSummeryReport" time="8.891" classname="com.focus.testcases.FinancialReportsXTest">
    <error type="org.openqa.selenium.ElementClickInterceptedException" message="element click intercepted: Element &lt;span...class=&quot;checkmark&quot;&gt; &lt;/span&gt; is not clickable at point (1037, 590). Other element would receive the click: &lt;div class=&quot;row&quot; style=&quot;&quot;&gt;...&lt;/div&gt;
  (Session info: chrome=107.0.5304.122)
Build info: version: &#039;3.12.0&#039;, revision: &#039;7c6e0b3&#039;, time: &#039;2018-05-08T14:04:26.12Z&#039;
System info: host: &#039;FOCUS-QA-10&#039;, ip: &#039;192.168.4.206&#039;, os.name: &#039;Windows 10&#039;, os.arch: &#039;amd64&#039;, os.version: &#039;10.0&#039;, java.version: &#039;1.8.0_111&#039;
Driver info: org.openqa.selenium.chrome.ChromeDriver
Capabilities {acceptInsecureCerts: false, browserName: chrome, browserVersion: 107.0.5304.122, chrome: {chromedriverVersion: 106.0.5249.61 (511755355844..., userDataDir: C:\Users\Rakesh\AppData\Loc...}, goog:chromeOptions: {debuggerAddress: localhost:54194}, javascriptEnabled: true, networkConnectionEnabled: false, pageLoadStrategy: normal, platform: WINDOWS, platformName: WINDOWS, proxy: Proxy(), setWindowRect: true, strictFileInteractability: false, timeouts: {implicit: 0, pageLoad: 300000, script: 30000}, unhandledPromptBehavior: dismiss and notify, webauthn:extension:credBlob: true, webauthn:extension:largeBlob: true, webauthn:virtualAuthenticators: true}
Session ID: 4e5b63374159fa2ea6e25ee1b1617078">
      <![CDATA[org.openqa.selenium.ElementClickInterceptedException: element click intercepted: Element <span...class="checkmark"> </span> is not clickable at point (1037, 590). Other element would receive the click: <div class="row" style="">...</div>
  (Session info: chrome=107.0.5304.122)
Build info: version: '3.12.0', revision: '7c6e0b3', time: '2018-05-08T14:04:26.12Z'
System info: host: 'FOCUS-QA-10', ip: '192.168.4.206', os.name: 'Windows 10', os.arch: 'amd64', os.version: '10.0', java.version: '1.8.0_111'
Driver info: org.openqa.selenium.chrome.ChromeDriver
Capabilities {acceptInsecureCerts: false, browserName: chrome, browserVersion: 107.0.5304.122, chrome: {chromedriverVersion: 106.0.5249.61 (511755355844..., userDataDir: C:\Users\Rakesh\AppData\Loc...}, goog:chromeOptions: {debuggerAddress: localhost:54194}, javascriptEnabled: true, networkConnectionEnabled: false, pageLoadStrategy: normal, platform: WINDOWS, platformName: WINDOWS, proxy: Proxy(), setWindowRect: true, strictFileInteractability: false, timeouts: {implicit: 0, pageLoad: 300000, script: 30000}, unhandledPromptBehavior: dismiss and notify, webauthn:extension:credBlob: true, webauthn:extension:largeBlob: true, webauthn:virtualAuthenticators: true}
Session ID: 4e5b63374159fa2ea6e25ee1b1617078
	at sun.reflect.GeneratedConstructorAccessor45.newInstance(Unknown Source)
	at sun.reflect.DelegatingConstructorAccessorImpl.newInstance(Unknown Source)
	at java.lang.reflect.Constructor.newInstance(Unknown Source)
	at org.openqa.selenium.remote.http.W3CHttpResponseCodec.createException(W3CHttpResponseCodec.java:187)
	at org.openqa.selenium.remote.http.W3CHttpResponseCodec.decode(W3CHttpResponseCodec.java:122)
	at org.openqa.selenium.remote.http.W3CHttpResponseCodec.decode(W3CHttpResponseCodec.java:49)
	at org.openqa.selenium.remote.HttpCommandExecutor.execute(HttpCommandExecutor.java:158)
	at org.openqa.selenium.remote.service.DriverCommandExecutor.execute(DriverCommandExecutor.java:83)
	at org.openqa.selenium.remote.RemoteWebDriver.execute(RemoteWebDriver.java:543)
	at org.openqa.selenium.remote.RemoteWebElement.execute(RemoteWebElement.java:276)
	at org.openqa.selenium.remote.RemoteWebElement.click(RemoteWebElement.java:83)
	at sun.reflect.GeneratedMethodAccessor4.invoke(Unknown Source)
	at sun.reflect.DelegatingMethodAccessorImpl.invoke(Unknown Source)
	at java.lang.reflect.Method.invoke(Unknown Source)
	at org.openqa.selenium.support.pagefactory.internal.LocatingElementHandler.invoke(LocatingElementHandler.java:51)
	at com.sun.proxy.$Proxy15.click(Unknown Source)
	at com.focus.Pages.FinancilaReportsXPage.checkcustomerSummaryCustomerOverDueSummeryReport(FinancilaReportsXPage.java:41462)
	at com.focus.testcases.FinancialReportsXTest.checkcustomerSummaryCustomerOverDueSummeryReport(FinancialReportsXTest.java:1506)
	at sun.reflect.NativeMethodAccessorImpl.invoke0(Native Method)
	at sun.reflect.NativeMethodAccessorImpl.invoke(Unknown Source)
	at sun.reflect.DelegatingMethodAccessorImpl.invoke(Unknown Source)
	at java.lang.reflect.Method.invoke(Unknown Source)
	at org.testng.internal.MethodInvocationHelper.invokeMethod(MethodInvocationHelper.java:86)
	at org.testng.internal.Invoker.invokeMethod(Invoker.java:643)
	at org.testng.internal.Invoker.invokeTestMethod(Invoker.java:820)
	at org.testng.internal.Invoker.invokeTestMethods(Invoker.java:1128)
	at org.testng.internal.TestMethodWorker.invokeTestMethods(TestMethodWorker.java:129)
	at org.testng.internal.TestMethodWorker.run(TestMethodWorker.java:112)
	at org.testng.TestRunner.privateRun(TestRunner.java:782)
	at org.testng.TestRunner.run(TestRunner.java:632)
	at org.testng.SuiteRunner.runTest(SuiteRunner.java:366)
	at org.testng.SuiteRunner.runSequentially(SuiteRunner.java:361)
	at org.testng.SuiteRunner.privateRun(SuiteRunner.java:319)
	at org.testng.SuiteRunner.run(SuiteRunner.java:268)
	at org.testng.SuiteRunnerWorker.runSuite(SuiteRunnerWorker.java:52)
	at org.testng.SuiteRunnerWorker.run(SuiteRunnerWorker.java:86)
	at org.testng.TestNG.runSuitesSequentially(TestNG.java:1244)
	at org.testng.TestNG.runSuitesLocally(TestNG.java:1169)
	at org.testng.TestNG.run(TestNG.java:1064)
	at org.testng.remote.AbstractRemoteTestNG.run(AbstractRemoteTestNG.java:114)
	at org.testng.remote.RemoteTestNG.initAndRun(RemoteTestNG.java:251)
	at org.testng.remote.RemoteTestNG.main(RemoteTestNG.java:77)
]]>
    </error>
  </testcase> <!-- checkcustomerSummaryCustomerOverDueSummeryReport -->
  <testcase name="checkCustomizationAndPrintOptionInCashFlowAnalysis" time="3.109" classname="com.focus.testcases.FinancialReportsXTest">
    <error type="org.openqa.selenium.ElementClickInterceptedException" message="element click intercepted: Element &lt;i class=&quot;icon-custamize hiconright2&quot;&gt;&lt;/i&gt; is not clickable at point (1178, 98). Other element would receive the click: &lt;div class=&quot;col-lg-12&quot; style=&quot;padding-right:0px;padding-left:0px;width:100%;padding-bottom:28px;&quot;&gt;...&lt;/div&gt;
  (Session info: chrome=107.0.5304.122)
Build info: version: &#039;3.12.0&#039;, revision: &#039;7c6e0b3&#039;, time: &#039;2018-05-08T14:04:26.12Z&#039;
System info: host: &#039;FOCUS-QA-10&#039;, ip: &#039;192.168.4.206&#039;, os.name: &#039;Windows 10&#039;, os.arch: &#039;amd64&#039;, os.version: &#039;10.0&#039;, java.version: &#039;1.8.0_111&#039;
Driver info: org.openqa.selenium.chrome.ChromeDriver
Capabilities {acceptInsecureCerts: false, browserName: chrome, browserVersion: 107.0.5304.122, chrome: {chromedriverVersion: 106.0.5249.61 (511755355844..., userDataDir: C:\Users\Rakesh\AppData\Loc...}, goog:chromeOptions: {debuggerAddress: localhost:54194}, javascriptEnabled: true, networkConnectionEnabled: false, pageLoadStrategy: normal, platform: WINDOWS, platformName: WINDOWS, proxy: Proxy(), setWindowRect: true, strictFileInteractability: false, timeouts: {implicit: 0, pageLoad: 300000, script: 30000}, unhandledPromptBehavior: dismiss and notify, webauthn:extension:credBlob: true, webauthn:extension:largeBlob: true, webauthn:virtualAuthenticators: true}
Session ID: 4e5b63374159fa2ea6e25ee1b1617078">
      <![CDATA[org.openqa.selenium.ElementClickInterceptedException: element click intercepted: Element <i class="icon-custamize hiconright2"></i> is not clickable at point (1178, 98). Other element would receive the click: <div class="col-lg-12" style="padding-right:0px;padding-left:0px;width:100%;padding-bottom:28px;">...</div>
  (Session info: chrome=107.0.5304.122)
Build info: version: '3.12.0', revision: '7c6e0b3', time: '2018-05-08T14:04:26.12Z'
System info: host: 'FOCUS-QA-10', ip: '192.168.4.206', os.name: 'Windows 10', os.arch: 'amd64', os.version: '10.0', java.version: '1.8.0_111'
Driver info: org.openqa.selenium.chrome.ChromeDriver
Capabilities {acceptInsecureCerts: false, browserName: chrome, browserVersion: 107.0.5304.122, chrome: {chromedriverVersion: 106.0.5249.61 (511755355844..., userDataDir: C:\Users\Rakesh\AppData\Loc...}, goog:chromeOptions: {debuggerAddress: localhost:54194}, javascriptEnabled: true, networkConnectionEnabled: false, pageLoadStrategy: normal, platform: WINDOWS, platformName: WINDOWS, proxy: Proxy(), setWindowRect: true, strictFileInteractability: false, timeouts: {implicit: 0, pageLoad: 300000, script: 30000}, unhandledPromptBehavior: dismiss and notify, webauthn:extension:credBlob: true, webauthn:extension:largeBlob: true, webauthn:virtualAuthenticators: true}
Session ID: 4e5b63374159fa2ea6e25ee1b1617078
	at sun.reflect.GeneratedConstructorAccessor45.newInstance(Unknown Source)
	at sun.reflect.DelegatingConstructorAccessorImpl.newInstance(Unknown Source)
	at java.lang.reflect.Constructor.newInstance(Unknown Source)
	at org.openqa.selenium.remote.http.W3CHttpResponseCodec.createException(W3CHttpResponseCodec.java:187)
	at org.openqa.selenium.remote.http.W3CHttpResponseCodec.decode(W3CHttpResponseCodec.java:122)
	at org.openqa.selenium.remote.http.W3CHttpResponseCodec.decode(W3CHttpResponseCodec.java:49)
	at org.openqa.selenium.remote.HttpCommandExecutor.execute(HttpCommandExecutor.java:158)
	at org.openqa.selenium.remote.service.DriverCommandExecutor.execute(DriverCommandExecutor.java:83)
	at org.openqa.selenium.remote.RemoteWebDriver.execute(RemoteWebDriver.java:543)
	at org.openqa.selenium.remote.RemoteWebElement.execute(RemoteWebElement.java:276)
	at org.openqa.selenium.remote.RemoteWebElement.click(RemoteWebElement.java:83)
	at sun.reflect.GeneratedMethodAccessor4.invoke(Unknown Source)
	at sun.reflect.DelegatingMethodAccessorImpl.invoke(Unknown Source)
	at java.lang.reflect.Method.invoke(Unknown Source)
	at org.openqa.selenium.support.pagefactory.internal.LocatingElementHandler.invoke(LocatingElementHandler.java:51)
	at com.sun.proxy.$Proxy15.click(Unknown Source)
	at com.focus.Pages.FinancilaReportsXPage.checkCustomizationAndPrintOptionInCashFlowAnalysis(FinancilaReportsXPage.java:35993)
	at com.focus.testcases.FinancialReportsXTest.checkCustomizationAndPrintOptionInCashFlowAnalysis(FinancialReportsXTest.java:1227)
	at sun.reflect.NativeMethodAccessorImpl.invoke0(Native Method)
	at sun.reflect.NativeMethodAccessorImpl.invoke(Unknown Source)
	at sun.reflect.DelegatingMethodAccessorImpl.invoke(Unknown Source)
	at java.lang.reflect.Method.invoke(Unknown Source)
	at org.testng.internal.MethodInvocationHelper.invokeMethod(MethodInvocationHelper.java:86)
	at org.testng.internal.Invoker.invokeMethod(Invoker.java:643)
	at org.testng.internal.Invoker.invokeTestMethod(Invoker.java:820)
	at org.testng.internal.Invoker.invokeTestMethods(Invoker.java:1128)
	at org.testng.internal.TestMethodWorker.invokeTestMethods(TestMethodWorker.java:129)
	at org.testng.internal.TestMethodWorker.run(TestMethodWorker.java:112)
	at org.testng.TestRunner.privateRun(TestRunner.java:782)
	at org.testng.TestRunner.run(TestRunner.java:632)
	at org.testng.SuiteRunner.runTest(SuiteRunner.java:366)
	at org.testng.SuiteRunner.runSequentially(SuiteRunner.java:361)
	at org.testng.SuiteRunner.privateRun(SuiteRunner.java:319)
	at org.testng.SuiteRunner.run(SuiteRunner.java:268)
	at org.testng.SuiteRunnerWorker.runSuite(SuiteRunnerWorker.java:52)
	at org.testng.SuiteRunnerWorker.run(SuiteRunnerWorker.java:86)
	at org.testng.TestNG.runSuitesSequentially(TestNG.java:1244)
	at org.testng.TestNG.runSuitesLocally(TestNG.java:1169)
	at org.testng.TestNG.run(TestNG.java:1064)
	at org.testng.remote.AbstractRemoteTestNG.run(AbstractRemoteTestNG.java:114)
	at org.testng.remote.RemoteTestNG.initAndRun(RemoteTestNG.java:251)
	at org.testng.remote.RemoteTestNG.main(RemoteTestNG.java:77)
]]>
    </error>
  </testcase> <!-- checkCustomizationAndPrintOptionInCashFlowAnalysis -->
  <testcase name="checkEntryJournalRegisterReportBackTrackOption" time="1.589" classname="com.focus.testcases.FinancialReportsXTest">
    <error type="org.openqa.selenium.ElementClickInterceptedException" message="element click intercepted: Element &lt;i class=&quot;icon-backtrack hiconright2&quot;&gt;&lt;/i&gt; is not clickable at point (1124, 98). Other element would receive the click: &lt;div class=&quot;col-lg-12&quot; style=&quot;padding-right:0px;padding-left:0px;width:100%;padding-bottom:28px;&quot;&gt;...&lt;/div&gt;
  (Session info: chrome=107.0.5304.122)
Build info: version: &#039;3.12.0&#039;, revision: &#039;7c6e0b3&#039;, time: &#039;2018-05-08T14:04:26.12Z&#039;
System info: host: &#039;FOCUS-QA-10&#039;, ip: &#039;192.168.4.206&#039;, os.name: &#039;Windows 10&#039;, os.arch: &#039;amd64&#039;, os.version: &#039;10.0&#039;, java.version: &#039;1.8.0_111&#039;
Driver info: org.openqa.selenium.chrome.ChromeDriver
Capabilities {acceptInsecureCerts: false, browserName: chrome, browserVersion: 107.0.5304.122, chrome: {chromedriverVersion: 106.0.5249.61 (511755355844..., userDataDir: C:\Users\Rakesh\AppData\Loc...}, goog:chromeOptions: {debuggerAddress: localhost:54194}, javascriptEnabled: true, networkConnectionEnabled: false, pageLoadStrategy: normal, platform: WINDOWS, platformName: WINDOWS, proxy: Proxy(), setWindowRect: true, strictFileInteractability: false, timeouts: {implicit: 0, pageLoad: 300000, script: 30000}, unhandledPromptBehavior: dismiss and notify, webauthn:extension:credBlob: true, webauthn:extension:largeBlob: true, webauthn:virtualAuthenticators: true}
Session ID: 4e5b63374159fa2ea6e25ee1b1617078">
      <![CDATA[org.openqa.selenium.ElementClickInterceptedException: element click intercepted: Element <i class="icon-backtrack hiconright2"></i> is not clickable at point (1124, 98). Other element would receive the click: <div class="col-lg-12" style="padding-right:0px;padding-left:0px;width:100%;padding-bottom:28px;">...</div>
  (Session info: chrome=107.0.5304.122)
Build info: version: '3.12.0', revision: '7c6e0b3', time: '2018-05-08T14:04:26.12Z'
System info: host: 'FOCUS-QA-10', ip: '192.168.4.206', os.name: 'Windows 10', os.arch: 'amd64', os.version: '10.0', java.version: '1.8.0_111'
Driver info: org.openqa.selenium.chrome.ChromeDriver
Capabilities {acceptInsecureCerts: false, browserName: chrome, browserVersion: 107.0.5304.122, chrome: {chromedriverVersion: 106.0.5249.61 (511755355844..., userDataDir: C:\Users\Rakesh\AppData\Loc...}, goog:chromeOptions: {debuggerAddress: localhost:54194}, javascriptEnabled: true, networkConnectionEnabled: false, pageLoadStrategy: normal, platform: WINDOWS, platformName: WINDOWS, proxy: Proxy(), setWindowRect: true, strictFileInteractability: false, timeouts: {implicit: 0, pageLoad: 300000, script: 30000}, unhandledPromptBehavior: dismiss and notify, webauthn:extension:credBlob: true, webauthn:extension:largeBlob: true, webauthn:virtualAuthenticators: true}
Session ID: 4e5b63374159fa2ea6e25ee1b1617078
	at sun.reflect.GeneratedConstructorAccessor45.newInstance(Unknown Source)
	at sun.reflect.DelegatingConstructorAccessorImpl.newInstance(Unknown Source)
	at java.lang.reflect.Constructor.newInstance(Unknown Source)
	at org.openqa.selenium.remote.http.W3CHttpResponseCodec.createException(W3CHttpResponseCodec.java:187)
	at org.openqa.selenium.remote.http.W3CHttpResponseCodec.decode(W3CHttpResponseCodec.java:122)
	at org.openqa.selenium.remote.http.W3CHttpResponseCodec.decode(W3CHttpResponseCodec.java:49)
	at org.openqa.selenium.remote.HttpCommandExecutor.execute(HttpCommandExecutor.java:158)
	at org.openqa.selenium.remote.service.DriverCommandExecutor.execute(DriverCommandExecutor.java:83)
	at org.openqa.selenium.remote.RemoteWebDriver.execute(RemoteWebDriver.java:543)
	at org.openqa.selenium.remote.RemoteWebElement.execute(RemoteWebElement.java:276)
	at org.openqa.selenium.remote.RemoteWebElement.click(RemoteWebElement.java:83)
	at sun.reflect.GeneratedMethodAccessor4.invoke(Unknown Source)
	at sun.reflect.DelegatingMethodAccessorImpl.invoke(Unknown Source)
	at java.lang.reflect.Method.invoke(Unknown Source)
	at org.openqa.selenium.support.pagefactory.internal.LocatingElementHandler.invoke(LocatingElementHandler.java:51)
	at com.sun.proxy.$Proxy15.click(Unknown Source)
	at com.focus.Pages.FinancilaReportsXPage.checkEntryJournalRegisterReportBackTrackOption(FinancilaReportsXPage.java:19978)
	at com.focus.testcases.FinancialReportsXTest.checkEntryJournalRegisterReportBackTrackOption(FinancialReportsXTest.java:730)
	at sun.reflect.NativeMethodAccessorImpl.invoke0(Native Method)
	at sun.reflect.NativeMethodAccessorImpl.invoke(Unknown Source)
	at sun.reflect.DelegatingMethodAccessorImpl.invoke(Unknown Source)
	at java.lang.reflect.Method.invoke(Unknown Source)
	at org.testng.internal.MethodInvocationHelper.invokeMethod(MethodInvocationHelper.java:86)
	at org.testng.internal.Invoker.invokeMethod(Invoker.java:643)
	at org.testng.internal.Invoker.invokeTestMethod(Invoker.java:820)
	at org.testng.internal.Invoker.invokeTestMethods(Invoker.java:1128)
	at org.testng.internal.TestMethodWorker.invokeTestMethods(TestMethodWorker.java:129)
	at org.testng.internal.TestMethodWorker.run(TestMethodWorker.java:112)
	at org.testng.TestRunner.privateRun(TestRunner.java:782)
	at org.testng.TestRunner.run(TestRunner.java:632)
	at org.testng.SuiteRunner.runTest(SuiteRunner.java:366)
	at org.testng.SuiteRunner.runSequentially(SuiteRunner.java:361)
	at org.testng.SuiteRunner.privateRun(SuiteRunner.java:319)
	at org.testng.SuiteRunner.run(SuiteRunner.java:268)
	at org.testng.SuiteRunnerWorker.runSuite(SuiteRunnerWorker.java:52)
	at org.testng.SuiteRunnerWorker.run(SuiteRunnerWorker.java:86)
	at org.testng.TestNG.runSuitesSequentially(TestNG.java:1244)
	at org.testng.TestNG.runSuitesLocally(TestNG.java:1169)
	at org.testng.TestNG.run(TestNG.java:1064)
	at org.testng.remote.AbstractRemoteTestNG.run(AbstractRemoteTestNG.java:114)
	at org.testng.remote.RemoteTestNG.initAndRun(RemoteTestNG.java:251)
	at org.testng.remote.RemoteTestNG.main(RemoteTestNG.java:77)
]]>
    </error>
  </testcase> <!-- checkEntryJournalRegisterReportBackTrackOption -->
  <testcase name="checkMasterAuthorizationReport" time="14.432" classname="com.focus.testcases.FinancialReportsXTest"/>
  <testcase name="checkBankReconcilationStatementReport" time="6.816" classname="com.focus.testcases.FinancialReportsXTest">
    <failure type="java.lang.AssertionError" message="expected [true] but found [false]">
      <![CDATA[java.lang.AssertionError: expected [true] but found [false]
	at org.testng.Assert.fail(Assert.java:94)
	at org.testng.Assert.failNotEquals(Assert.java:513)
	at org.testng.Assert.assertEqualsImpl(Assert.java:135)
	at org.testng.Assert.assertEquals(Assert.java:116)
	at org.testng.Assert.assertEquals(Assert.java:305)
	at org.testng.Assert.assertEquals(Assert.java:315)
	at com.focus.testcases.FinancialReportsXTest.checkBankReconcilationStatementReport(FinancialReportsXTest.java:223)
	at sun.reflect.NativeMethodAccessorImpl.invoke0(Native Method)
	at sun.reflect.NativeMethodAccessorImpl.invoke(Unknown Source)
	at sun.reflect.DelegatingMethodAccessorImpl.invoke(Unknown Source)
	at java.lang.reflect.Method.invoke(Unknown Source)
	at org.testng.internal.MethodInvocationHelper.invokeMethod(MethodInvocationHelper.java:86)
	at org.testng.internal.Invoker.invokeMethod(Invoker.java:643)
	at org.testng.internal.Invoker.invokeTestMethod(Invoker.java:820)
	at org.testng.internal.Invoker.invokeTestMethods(Invoker.java:1128)
	at org.testng.internal.TestMethodWorker.invokeTestMethods(TestMethodWorker.java:129)
	at org.testng.internal.TestMethodWorker.run(TestMethodWorker.java:112)
	at org.testng.TestRunner.privateRun(TestRunner.java:782)
	at org.testng.TestRunner.run(TestRunner.java:632)
	at org.testng.SuiteRunner.runTest(SuiteRunner.java:366)
	at org.testng.SuiteRunner.runSequentially(SuiteRunner.java:361)
	at org.testng.SuiteRunner.privateRun(SuiteRunner.java:319)
	at org.testng.SuiteRunner.run(SuiteRunner.java:268)
	at org.testng.SuiteRunnerWorker.runSuite(SuiteRunnerWorker.java:52)
	at org.testng.SuiteRunnerWorker.run(SuiteRunnerWorker.java:86)
	at org.testng.TestNG.runSuitesSequentially(TestNG.java:1244)
	at org.testng.TestNG.runSuitesLocally(TestNG.java:1169)
	at org.testng.TestNG.run(TestNG.java:1064)
	at org.testng.remote.AbstractRemoteTestNG.run(AbstractRemoteTestNG.java:114)
	at org.testng.remote.RemoteTestNG.initAndRun(RemoteTestNG.java:251)
	at org.testng.remote.RemoteTestNG.main(RemoteTestNG.java:77)
]]>
    </failure>
  </testcase> <!-- checkBankReconcilationStatementReport -->
  <testcase name="checkVATDetailedReportBackTrackOption" time="1.477" classname="com.focus.testcases.FinancialReportsXTest">
    <error type="org.openqa.selenium.ElementClickInterceptedException" message="element click intercepted: Element &lt;td data-ifieldid=&quot;1&quot; data-datatypeid=&quot;0&quot; onclick=&quot;REPORTRENDER.GetFieldId(this);&quot; id=&quot;tdSort_13_col_Voucher_&quot; class=&quot;TextAlignLeft&quot; colspan=&quot;0&quot; style=&quot;border-style: none; font-style: normal; font-weight: normal; font-size: 12px; width: 120px;&quot;&gt;...&lt;/td&gt; is not clickable at point (266, 425). Other element would receive the click: &lt;div id=&quot;fullScreen&quot; class=&quot;modal fade right show&quot; role=&quot;dialog&quot; data-backdrop=&quot;static&quot; style=&quot;z-index: 10000001; padding-right: 10px; display: block;&quot; aria-modal=&quot;true&quot;&gt;...&lt;/div&gt;
  (Session info: chrome=107.0.5304.122)
Build info: version: &#039;3.12.0&#039;, revision: &#039;7c6e0b3&#039;, time: &#039;2018-05-08T14:04:26.12Z&#039;
System info: host: &#039;FOCUS-QA-10&#039;, ip: &#039;192.168.4.206&#039;, os.name: &#039;Windows 10&#039;, os.arch: &#039;amd64&#039;, os.version: &#039;10.0&#039;, java.version: &#039;1.8.0_111&#039;
Driver info: org.openqa.selenium.chrome.ChromeDriver
Capabilities {acceptInsecureCerts: false, browserName: chrome, browserVersion: 107.0.5304.122, chrome: {chromedriverVersion: 106.0.5249.61 (511755355844..., userDataDir: C:\Users\Rakesh\AppData\Loc...}, goog:chromeOptions: {debuggerAddress: localhost:54194}, javascriptEnabled: true, networkConnectionEnabled: false, pageLoadStrategy: normal, platform: WINDOWS, platformName: WINDOWS, proxy: Proxy(), setWindowRect: true, strictFileInteractability: false, timeouts: {implicit: 0, pageLoad: 300000, script: 30000}, unhandledPromptBehavior: dismiss and notify, webauthn:extension:credBlob: true, webauthn:extension:largeBlob: true, webauthn:virtualAuthenticators: true}
Session ID: 4e5b63374159fa2ea6e25ee1b1617078">
      <![CDATA[org.openqa.selenium.ElementClickInterceptedException: element click intercepted: Element <td data-ifieldid="1" data-datatypeid="0" onclick="REPORTRENDER.GetFieldId(this);" id="tdSort_13_col_Voucher_" class="TextAlignLeft" colspan="0" style="border-style: none; font-style: normal; font-weight: normal; font-size: 12px; width: 120px;">...</td> is not clickable at point (266, 425). Other element would receive the click: <div id="fullScreen" class="modal fade right show" role="dialog" data-backdrop="static" style="z-index: 10000001; padding-right: 10px; display: block;" aria-modal="true">...</div>
  (Session info: chrome=107.0.5304.122)
Build info: version: '3.12.0', revision: '7c6e0b3', time: '2018-05-08T14:04:26.12Z'
System info: host: 'FOCUS-QA-10', ip: '192.168.4.206', os.name: 'Windows 10', os.arch: 'amd64', os.version: '10.0', java.version: '1.8.0_111'
Driver info: org.openqa.selenium.chrome.ChromeDriver
Capabilities {acceptInsecureCerts: false, browserName: chrome, browserVersion: 107.0.5304.122, chrome: {chromedriverVersion: 106.0.5249.61 (511755355844..., userDataDir: C:\Users\Rakesh\AppData\Loc...}, goog:chromeOptions: {debuggerAddress: localhost:54194}, javascriptEnabled: true, networkConnectionEnabled: false, pageLoadStrategy: normal, platform: WINDOWS, platformName: WINDOWS, proxy: Proxy(), setWindowRect: true, strictFileInteractability: false, timeouts: {implicit: 0, pageLoad: 300000, script: 30000}, unhandledPromptBehavior: dismiss and notify, webauthn:extension:credBlob: true, webauthn:extension:largeBlob: true, webauthn:virtualAuthenticators: true}
Session ID: 4e5b63374159fa2ea6e25ee1b1617078
	at sun.reflect.NativeConstructorAccessorImpl.newInstance0(Native Method)
	at sun.reflect.NativeConstructorAccessorImpl.newInstance(Unknown Source)
	at sun.reflect.DelegatingConstructorAccessorImpl.newInstance(Unknown Source)
	at java.lang.reflect.Constructor.newInstance(Unknown Source)
	at org.openqa.selenium.remote.http.W3CHttpResponseCodec.createException(W3CHttpResponseCodec.java:187)
	at org.openqa.selenium.remote.http.W3CHttpResponseCodec.decode(W3CHttpResponseCodec.java:122)
	at org.openqa.selenium.remote.http.W3CHttpResponseCodec.decode(W3CHttpResponseCodec.java:49)
	at org.openqa.selenium.remote.HttpCommandExecutor.execute(HttpCommandExecutor.java:158)
	at org.openqa.selenium.remote.service.DriverCommandExecutor.execute(DriverCommandExecutor.java:83)
	at org.openqa.selenium.remote.RemoteWebDriver.execute(RemoteWebDriver.java:543)
	at org.openqa.selenium.remote.RemoteWebElement.execute(RemoteWebElement.java:276)
	at org.openqa.selenium.remote.RemoteWebElement.click(RemoteWebElement.java:83)
	at com.focus.Pages.FinancilaReportsXPage.checkVATDetailedReportBackTrackOption(FinancilaReportsXPage.java:13301)
	at com.focus.testcases.FinancialReportsXTest.checkVATDetailedReportBackTrackOption(FinancialReportsXTest.java:486)
	at sun.reflect.NativeMethodAccessorImpl.invoke0(Native Method)
	at sun.reflect.NativeMethodAccessorImpl.invoke(Unknown Source)
	at sun.reflect.DelegatingMethodAccessorImpl.invoke(Unknown Source)
	at java.lang.reflect.Method.invoke(Unknown Source)
	at org.testng.internal.MethodInvocationHelper.invokeMethod(MethodInvocationHelper.java:86)
	at org.testng.internal.Invoker.invokeMethod(Invoker.java:643)
	at org.testng.internal.Invoker.invokeTestMethod(Invoker.java:820)
	at org.testng.internal.Invoker.invokeTestMethods(Invoker.java:1128)
	at org.testng.internal.TestMethodWorker.invokeTestMethods(TestMethodWorker.java:129)
	at org.testng.internal.TestMethodWorker.run(TestMethodWorker.java:112)
	at org.testng.TestRunner.privateRun(TestRunner.java:782)
	at org.testng.TestRunner.run(TestRunner.java:632)
	at org.testng.SuiteRunner.runTest(SuiteRunner.java:366)
	at org.testng.SuiteRunner.runSequentially(SuiteRunner.java:361)
	at org.testng.SuiteRunner.privateRun(SuiteRunner.java:319)
	at org.testng.SuiteRunner.run(SuiteRunner.java:268)
	at org.testng.SuiteRunnerWorker.runSuite(SuiteRunnerWorker.java:52)
	at org.testng.SuiteRunnerWorker.run(SuiteRunnerWorker.java:86)
	at org.testng.TestNG.runSuitesSequentially(TestNG.java:1244)
	at org.testng.TestNG.runSuitesLocally(TestNG.java:1169)
	at org.testng.TestNG.run(TestNG.java:1064)
	at org.testng.remote.AbstractRemoteTestNG.run(AbstractRemoteTestNG.java:114)
	at org.testng.remote.RemoteTestNG.initAndRun(RemoteTestNG.java:251)
	at org.testng.remote.RemoteTestNG.main(RemoteTestNG.java:77)
]]>
    </error>
  </testcase> <!-- checkVATDetailedReportBackTrackOption -->
  <testcase name="checkPurchaseRegisterReport" time="13.524" classname="com.focus.testcases.FinancialReportsXTest"/>
  <testcase name="checkMastersInformationMenuReport" time="15.122" classname="com.focus.testcases.FinancialReportsXTest">
    <error type="org.openqa.selenium.ElementClickInterceptedException" message="element click intercepted: Element &lt;select class=&quot;custom-select&quot; id=&quot;DateOptions_&quot; onchange=&quot;REPORTVIEW.applyDateSetting(this,&#039;id_starting_date_&#039; + &#039;&#039;, &#039;id_ending_date_&#039; + &#039;&#039;, &#039;132382978&#039;, &#039;132516872&#039;, &#039;4&#039;, &#039;1&#039;)&quot;&gt;...&lt;/select&gt; is not clickable at point (1168, 588). Other element would receive the click: &lt;div class=&quot;col-xs-12 col-md-12&quot;&gt;...&lt;/div&gt;
  (Session info: chrome=107.0.5304.122)
Build info: version: &#039;3.12.0&#039;, revision: &#039;7c6e0b3&#039;, time: &#039;2018-05-08T14:04:26.12Z&#039;
System info: host: &#039;FOCUS-QA-10&#039;, ip: &#039;192.168.4.206&#039;, os.name: &#039;Windows 10&#039;, os.arch: &#039;amd64&#039;, os.version: &#039;10.0&#039;, java.version: &#039;1.8.0_111&#039;
Driver info: org.openqa.selenium.chrome.ChromeDriver
Capabilities {acceptInsecureCerts: false, browserName: chrome, browserVersion: 107.0.5304.122, chrome: {chromedriverVersion: 106.0.5249.61 (511755355844..., userDataDir: C:\Users\Rakesh\AppData\Loc...}, goog:chromeOptions: {debuggerAddress: localhost:54194}, javascriptEnabled: true, networkConnectionEnabled: false, pageLoadStrategy: normal, platform: WINDOWS, platformName: WINDOWS, proxy: Proxy(), setWindowRect: true, strictFileInteractability: false, timeouts: {implicit: 0, pageLoad: 300000, script: 30000}, unhandledPromptBehavior: dismiss and notify, webauthn:extension:credBlob: true, webauthn:extension:largeBlob: true, webauthn:virtualAuthenticators: true}
Session ID: 4e5b63374159fa2ea6e25ee1b1617078">
      <![CDATA[org.openqa.selenium.ElementClickInterceptedException: element click intercepted: Element <select class="custom-select" id="DateOptions_" onchange="REPORTVIEW.applyDateSetting(this,'id_starting_date_' + '', 'id_ending_date_' + '', '132382978', '132516872', '4', '1')">...</select> is not clickable at point (1168, 588). Other element would receive the click: <div class="col-xs-12 col-md-12">...</div>
  (Session info: chrome=107.0.5304.122)
Build info: version: '3.12.0', revision: '7c6e0b3', time: '2018-05-08T14:04:26.12Z'
System info: host: 'FOCUS-QA-10', ip: '192.168.4.206', os.name: 'Windows 10', os.arch: 'amd64', os.version: '10.0', java.version: '1.8.0_111'
Driver info: org.openqa.selenium.chrome.ChromeDriver
Capabilities {acceptInsecureCerts: false, browserName: chrome, browserVersion: 107.0.5304.122, chrome: {chromedriverVersion: 106.0.5249.61 (511755355844..., userDataDir: C:\Users\Rakesh\AppData\Loc...}, goog:chromeOptions: {debuggerAddress: localhost:54194}, javascriptEnabled: true, networkConnectionEnabled: false, pageLoadStrategy: normal, platform: WINDOWS, platformName: WINDOWS, proxy: Proxy(), setWindowRect: true, strictFileInteractability: false, timeouts: {implicit: 0, pageLoad: 300000, script: 30000}, unhandledPromptBehavior: dismiss and notify, webauthn:extension:credBlob: true, webauthn:extension:largeBlob: true, webauthn:virtualAuthenticators: true}
Session ID: 4e5b63374159fa2ea6e25ee1b1617078
	at sun.reflect.GeneratedConstructorAccessor45.newInstance(Unknown Source)
	at sun.reflect.DelegatingConstructorAccessorImpl.newInstance(Unknown Source)
	at java.lang.reflect.Constructor.newInstance(Unknown Source)
	at org.openqa.selenium.remote.http.W3CHttpResponseCodec.createException(W3CHttpResponseCodec.java:187)
	at org.openqa.selenium.remote.http.W3CHttpResponseCodec.decode(W3CHttpResponseCodec.java:122)
	at org.openqa.selenium.remote.http.W3CHttpResponseCodec.decode(W3CHttpResponseCodec.java:49)
	at org.openqa.selenium.remote.HttpCommandExecutor.execute(HttpCommandExecutor.java:158)
	at org.openqa.selenium.remote.service.DriverCommandExecutor.execute(DriverCommandExecutor.java:83)
	at org.openqa.selenium.remote.RemoteWebDriver.execute(RemoteWebDriver.java:543)
	at org.openqa.selenium.remote.RemoteWebElement.execute(RemoteWebElement.java:276)
	at org.openqa.selenium.remote.RemoteWebElement.click(RemoteWebElement.java:83)
	at sun.reflect.GeneratedMethodAccessor4.invoke(Unknown Source)
	at sun.reflect.DelegatingMethodAccessorImpl.invoke(Unknown Source)
	at java.lang.reflect.Method.invoke(Unknown Source)
	at org.openqa.selenium.support.pagefactory.internal.LocatingElementHandler.invoke(LocatingElementHandler.java:51)
	at com.sun.proxy.$Proxy15.click(Unknown Source)
	at com.focus.Pages.FinancilaReportsXPage.checkMastersInformationMenuReport(FinancilaReportsXPage.java:28083)
	at com.focus.testcases.FinancialReportsXTest.checkMastersInformationMenuReport(FinancialReportsXTest.java:941)
	at sun.reflect.NativeMethodAccessorImpl.invoke0(Native Method)
	at sun.reflect.NativeMethodAccessorImpl.invoke(Unknown Source)
	at sun.reflect.DelegatingMethodAccessorImpl.invoke(Unknown Source)
	at java.lang.reflect.Method.invoke(Unknown Source)
	at org.testng.internal.MethodInvocationHelper.invokeMethod(MethodInvocationHelper.java:86)
	at org.testng.internal.Invoker.invokeMethod(Invoker.java:643)
	at org.testng.internal.Invoker.invokeTestMethod(Invoker.java:820)
	at org.testng.internal.Invoker.invokeTestMethods(Invoker.java:1128)
	at org.testng.internal.TestMethodWorker.invokeTestMethods(TestMethodWorker.java:129)
	at org.testng.internal.TestMethodWorker.run(TestMethodWorker.java:112)
	at org.testng.TestRunner.privateRun(TestRunner.java:782)
	at org.testng.TestRunner.run(TestRunner.java:632)
	at org.testng.SuiteRunner.runTest(SuiteRunner.java:366)
	at org.testng.SuiteRunner.runSequentially(SuiteRunner.java:361)
	at org.testng.SuiteRunner.privateRun(SuiteRunner.java:319)
	at org.testng.SuiteRunner.run(SuiteRunner.java:268)
	at org.testng.SuiteRunnerWorker.runSuite(SuiteRunnerWorker.java:52)
	at org.testng.SuiteRunnerWorker.run(SuiteRunnerWorker.java:86)
	at org.testng.TestNG.runSuitesSequentially(TestNG.java:1244)
	at org.testng.TestNG.runSuitesLocally(TestNG.java:1169)
	at org.testng.TestNG.run(TestNG.java:1064)
	at org.testng.remote.AbstractRemoteTestNG.run(AbstractRemoteTestNG.java:114)
	at org.testng.remote.RemoteTestNG.initAndRun(RemoteTestNG.java:251)
	at org.testng.remote.RemoteTestNG.main(RemoteTestNG.java:77)
]]>
    </error>
  </testcase> <!-- checkMastersInformationMenuReport -->
  <testcase name="checkTrailBalanceReport" time="61.235" classname="com.focus.testcases.FinancialReportsXTest">
    <error type="org.openqa.selenium.TimeoutException" message="Expected condition failed: waiting for element to be clickable: [[ChromeDriver: chrome on WINDOWS (4e5b63374159fa2ea6e25ee1b1617078)] -&gt; xpath: (//input[@id=&#039;5002&#039;])[1]/following-sibling::span] (tried for 40 second(s) with 5000 milliseconds interval)
Build info: version: &#039;3.12.0&#039;, revision: &#039;7c6e0b3&#039;, time: &#039;2018-05-08T14:04:26.12Z&#039;
System info: host: &#039;FOCUS-QA-10&#039;, ip: &#039;192.168.4.206&#039;, os.name: &#039;Windows 10&#039;, os.arch: &#039;amd64&#039;, os.version: &#039;10.0&#039;, java.version: &#039;1.8.0_111&#039;
Driver info: driver.version: unknown">
      <![CDATA[org.openqa.selenium.TimeoutException: Expected condition failed: waiting for element to be clickable: [[ChromeDriver: chrome on WINDOWS (4e5b63374159fa2ea6e25ee1b1617078)] -> xpath: (//input[@id='5002'])[1]/following-sibling::span] (tried for 40 second(s) with 5000 milliseconds interval)
Build info: version: '3.12.0', revision: '7c6e0b3', time: '2018-05-08T14:04:26.12Z'
System info: host: 'FOCUS-QA-10', ip: '192.168.4.206', os.name: 'Windows 10', os.arch: 'amd64', os.version: '10.0', java.version: '1.8.0_111'
Driver info: driver.version: unknown
	at org.openqa.selenium.support.ui.FluentWait.timeoutException(FluentWait.java:303)
	at org.openqa.selenium.support.ui.FluentWait.until(FluentWait.java:271)
	at com.focus.Pages.FinancilaReportsXPage.checkTrailBalanceReport(FinancilaReportsXPage.java:32741)
	at com.focus.testcases.FinancialReportsXTest.checkTrailBalanceReport(FinancialReportsXTest.java:1034)
	at sun.reflect.NativeMethodAccessorImpl.invoke0(Native Method)
	at sun.reflect.NativeMethodAccessorImpl.invoke(Unknown Source)
	at sun.reflect.DelegatingMethodAccessorImpl.invoke(Unknown Source)
	at java.lang.reflect.Method.invoke(Unknown Source)
	at org.testng.internal.MethodInvocationHelper.invokeMethod(MethodInvocationHelper.java:86)
	at org.testng.internal.Invoker.invokeMethod(Invoker.java:643)
	at org.testng.internal.Invoker.invokeTestMethod(Invoker.java:820)
	at org.testng.internal.Invoker.invokeTestMethods(Invoker.java:1128)
	at org.testng.internal.TestMethodWorker.invokeTestMethods(TestMethodWorker.java:129)
	at org.testng.internal.TestMethodWorker.run(TestMethodWorker.java:112)
	at org.testng.TestRunner.privateRun(TestRunner.java:782)
	at org.testng.TestRunner.run(TestRunner.java:632)
	at org.testng.SuiteRunner.runTest(SuiteRunner.java:366)
	at org.testng.SuiteRunner.runSequentially(SuiteRunner.java:361)
	at org.testng.SuiteRunner.privateRun(SuiteRunner.java:319)
	at org.testng.SuiteRunner.run(SuiteRunner.java:268)
	at org.testng.SuiteRunnerWorker.runSuite(SuiteRunnerWorker.java:52)
	at org.testng.SuiteRunnerWorker.run(SuiteRunnerWorker.java:86)
	at org.testng.TestNG.runSuitesSequentially(TestNG.java:1244)
	at org.testng.TestNG.runSuitesLocally(TestNG.java:1169)
	at org.testng.TestNG.run(TestNG.java:1064)
	at org.testng.remote.AbstractRemoteTestNG.run(AbstractRemoteTestNG.java:114)
	at org.testng.remote.RemoteTestNG.initAndRun(RemoteTestNG.java:251)
	at org.testng.remote.RemoteTestNG.main(RemoteTestNG.java:77)
]]>
    </error>
  </testcase> <!-- checkTrailBalanceReport -->
  <testcase name="checkProfitAndLossReport" time="18.415" classname="com.focus.testcases.FinancialReportsXTest"/>
  <testcase name="checkABCAnalysiswithReportBasedonBalance" time="17.145" classname="com.focus.testcases.FinancialReportsXTest"/>
  <testcase name="checkPurchasesGroupedByItemReport" time="90.557" classname="com.focus.testcases.FinancialReportsXTest">
    <error type="org.openqa.selenium.TimeoutException" message="Expected condition failed: waiting for element to be clickable: Proxy element for: DefaultElementLocator &#039;By.xpath: //div[@id=&#039;id_reportmenudisplay&#039;]/ul/li[13]&#039; (tried for 40 second(s) with 5000 milliseconds interval)">
      <![CDATA[org.openqa.selenium.TimeoutException: Expected condition failed: waiting for element to be clickable: Proxy element for: DefaultElementLocator 'By.xpath: //div[@id='id_reportmenudisplay']/ul/li[13]' (tried for 40 second(s) with 5000 milliseconds interval)
	at org.openqa.selenium.support.ui.FluentWait.timeoutException(FluentWait.java:303)
	at org.openqa.selenium.support.ui.FluentWait.until(FluentWait.java:271)
	at com.focus.Pages.FinancilaReportsXPage.checkPurchasesGroupedByItemReport(FinancilaReportsXPage.java:23337)
	at com.focus.testcases.FinancialReportsXTest.checkPurchasesGroupedByItemReport(FinancialReportsXTest.java:807)
	at sun.reflect.NativeMethodAccessorImpl.invoke0(Native Method)
	at sun.reflect.NativeMethodAccessorImpl.invoke(Unknown Source)
	at sun.reflect.DelegatingMethodAccessorImpl.invoke(Unknown Source)
	at java.lang.reflect.Method.invoke(Unknown Source)
	at org.testng.internal.MethodInvocationHelper.invokeMethod(MethodInvocationHelper.java:86)
	at org.testng.internal.Invoker.invokeMethod(Invoker.java:643)
	at org.testng.internal.Invoker.invokeTestMethod(Invoker.java:820)
	at org.testng.internal.Invoker.invokeTestMethods(Invoker.java:1128)
	at org.testng.internal.TestMethodWorker.invokeTestMethods(TestMethodWorker.java:129)
	at org.testng.internal.TestMethodWorker.run(TestMethodWorker.java:112)
	at org.testng.TestRunner.privateRun(TestRunner.java:782)
	at org.testng.TestRunner.run(TestRunner.java:632)
	at org.testng.SuiteRunner.runTest(SuiteRunner.java:366)
	at org.testng.SuiteRunner.runSequentially(SuiteRunner.java:361)
	at org.testng.SuiteRunner.privateRun(SuiteRunner.java:319)
	at org.testng.SuiteRunner.run(SuiteRunner.java:268)
	at org.testng.SuiteRunnerWorker.runSuite(SuiteRunnerWorker.java:52)
	at org.testng.SuiteRunnerWorker.run(SuiteRunnerWorker.java:86)
	at org.testng.TestNG.runSuitesSequentially(TestNG.java:1244)
	at org.testng.TestNG.runSuitesLocally(TestNG.java:1169)
	at org.testng.TestNG.run(TestNG.java:1064)
	at org.testng.remote.AbstractRemoteTestNG.run(AbstractRemoteTestNG.java:114)
	at org.testng.remote.RemoteTestNG.initAndRun(RemoteTestNG.java:251)
	at org.testng.remote.RemoteTestNG.main(RemoteTestNG.java:77)
Caused by: org.openqa.selenium.NoSuchElementException: no such element: Unable to locate element: {"method":"xpath","selector":"//div[@id='id_reportmenudisplay']/ul/li[13]"}
  (Session info: chrome=107.0.5304.122)
For documentation on this error, please visit: http://seleniumhq.org/exceptions/no_such_element.html
Build info: version: '3.12.0', revision: '7c6e0b3', time: '2018-05-08T14:04:26.12Z'
System info: host: 'FOCUS-QA-10', ip: '192.168.4.206', os.name: 'Windows 10', os.arch: 'amd64', os.version: '10.0', java.version: '1.8.0_111'
Driver info: org.openqa.selenium.chrome.ChromeDriver
Capabilities {acceptInsecureCerts: false, browserName: chrome, browserVersion: 107.0.5304.122, chrome: {chromedriverVersion: 106.0.5249.61 (511755355844..., userDataDir: C:\Users\Rakesh\AppData\Loc...}, goog:chromeOptions: {debuggerAddress: localhost:54194}, javascriptEnabled: true, networkConnectionEnabled: false, pageLoadStrategy: normal, platform: WINDOWS, platformName: WINDOWS, proxy: Proxy(), setWindowRect: true, strictFileInteractability: false, timeouts: {implicit: 0, pageLoad: 300000, script: 30000}, unhandledPromptBehavior: dismiss and notify, webauthn:extension:credBlob: true, webauthn:extension:largeBlob: true, webauthn:virtualAuthenticators: true}
Session ID: 4e5b63374159fa2ea6e25ee1b1617078
*** Element info: {Using=xpath, value=//div[@id='id_reportmenudisplay']/ul/li[13]}
	at sun.reflect.GeneratedConstructorAccessor43.newInstance(Unknown Source)
	at sun.reflect.DelegatingConstructorAccessorImpl.newInstance(Unknown Source)
	at java.lang.reflect.Constructor.newInstance(Unknown Source)
	at org.openqa.selenium.remote.http.W3CHttpResponseCodec.createException(W3CHttpResponseCodec.java:187)
	at org.openqa.selenium.remote.http.W3CHttpResponseCodec.decode(W3CHttpResponseCodec.java:122)
	at org.openqa.selenium.remote.http.W3CHttpResponseCodec.decode(W3CHttpResponseCodec.java:49)
	at org.openqa.selenium.remote.HttpCommandExecutor.execute(HttpCommandExecutor.java:158)
	at org.openqa.selenium.remote.service.DriverCommandExecutor.execute(DriverCommandExecutor.java:83)
	at org.openqa.selenium.remote.RemoteWebDriver.execute(RemoteWebDriver.java:543)
	at org.openqa.selenium.remote.RemoteWebDriver.findElement(RemoteWebDriver.java:317)
	at org.openqa.selenium.remote.RemoteWebDriver.findElementByXPath(RemoteWebDriver.java:419)
	at org.openqa.selenium.By$ByXPath.findElement(By.java:353)
	at org.openqa.selenium.remote.RemoteWebDriver.findElement(RemoteWebDriver.java:309)
	at org.openqa.selenium.support.pagefactory.DefaultElementLocator.findElement(DefaultElementLocator.java:69)
	at org.openqa.selenium.support.pagefactory.internal.LocatingElementHandler.invoke(LocatingElementHandler.java:38)
	at com.sun.proxy.$Proxy15.isDisplayed(Unknown Source)
	at org.openqa.selenium.support.ui.ExpectedConditions.elementIfVisible(ExpectedConditions.java:315)
	at org.openqa.selenium.support.ui.ExpectedConditions.access$100(ExpectedConditions.java:44)
	at org.openqa.selenium.support.ui.ExpectedConditions$10.apply(ExpectedConditions.java:301)
	at org.openqa.selenium.support.ui.ExpectedConditions$10.apply(ExpectedConditions.java:298)
	at org.openqa.selenium.support.ui.ExpectedConditions$23.apply(ExpectedConditions.java:686)
	at org.openqa.selenium.support.ui.ExpectedConditions$23.apply(ExpectedConditions.java:682)
	at org.openqa.selenium.support.ui.FluentWait.until(FluentWait.java:248)
	... 26 more
]]>
    </error>
  </testcase> <!-- checkPurchasesGroupedByItemReport -->
  <testcase name="checkvendorDetailsVendorStatementsReport" time="10.202" classname="com.focus.testcases.FinancialReportsXTest">
    <error type="org.openqa.selenium.ElementClickInterceptedException" message="element click intercepted: Element &lt;span...class=&quot;checkmark&quot;&gt; &lt;/span&gt; is not clickable at point (1037, 590). Other element would receive the click: &lt;span class=&quot;checkmark&quot;&gt;&lt;/span&gt;
  (Session info: chrome=107.0.5304.122)
Build info: version: &#039;3.12.0&#039;, revision: &#039;7c6e0b3&#039;, time: &#039;2018-05-08T14:04:26.12Z&#039;
System info: host: &#039;FOCUS-QA-10&#039;, ip: &#039;192.168.4.206&#039;, os.name: &#039;Windows 10&#039;, os.arch: &#039;amd64&#039;, os.version: &#039;10.0&#039;, java.version: &#039;1.8.0_111&#039;
Driver info: org.openqa.selenium.chrome.ChromeDriver
Capabilities {acceptInsecureCerts: false, browserName: chrome, browserVersion: 107.0.5304.122, chrome: {chromedriverVersion: 106.0.5249.61 (511755355844..., userDataDir: C:\Users\Rakesh\AppData\Loc...}, goog:chromeOptions: {debuggerAddress: localhost:54194}, javascriptEnabled: true, networkConnectionEnabled: false, pageLoadStrategy: normal, platform: WINDOWS, platformName: WINDOWS, proxy: Proxy(), setWindowRect: true, strictFileInteractability: false, timeouts: {implicit: 0, pageLoad: 300000, script: 30000}, unhandledPromptBehavior: dismiss and notify, webauthn:extension:credBlob: true, webauthn:extension:largeBlob: true, webauthn:virtualAuthenticators: true}
Session ID: 4e5b63374159fa2ea6e25ee1b1617078">
      <![CDATA[org.openqa.selenium.ElementClickInterceptedException: element click intercepted: Element <span...class="checkmark"> </span> is not clickable at point (1037, 590). Other element would receive the click: <span class="checkmark"></span>
  (Session info: chrome=107.0.5304.122)
Build info: version: '3.12.0', revision: '7c6e0b3', time: '2018-05-08T14:04:26.12Z'
System info: host: 'FOCUS-QA-10', ip: '192.168.4.206', os.name: 'Windows 10', os.arch: 'amd64', os.version: '10.0', java.version: '1.8.0_111'
Driver info: org.openqa.selenium.chrome.ChromeDriver
Capabilities {acceptInsecureCerts: false, browserName: chrome, browserVersion: 107.0.5304.122, chrome: {chromedriverVersion: 106.0.5249.61 (511755355844..., userDataDir: C:\Users\Rakesh\AppData\Loc...}, goog:chromeOptions: {debuggerAddress: localhost:54194}, javascriptEnabled: true, networkConnectionEnabled: false, pageLoadStrategy: normal, platform: WINDOWS, platformName: WINDOWS, proxy: Proxy(), setWindowRect: true, strictFileInteractability: false, timeouts: {implicit: 0, pageLoad: 300000, script: 30000}, unhandledPromptBehavior: dismiss and notify, webauthn:extension:credBlob: true, webauthn:extension:largeBlob: true, webauthn:virtualAuthenticators: true}
Session ID: 4e5b63374159fa2ea6e25ee1b1617078
	at sun.reflect.GeneratedConstructorAccessor45.newInstance(Unknown Source)
	at sun.reflect.DelegatingConstructorAccessorImpl.newInstance(Unknown Source)
	at java.lang.reflect.Constructor.newInstance(Unknown Source)
	at org.openqa.selenium.remote.http.W3CHttpResponseCodec.createException(W3CHttpResponseCodec.java:187)
	at org.openqa.selenium.remote.http.W3CHttpResponseCodec.decode(W3CHttpResponseCodec.java:122)
	at org.openqa.selenium.remote.http.W3CHttpResponseCodec.decode(W3CHttpResponseCodec.java:49)
	at org.openqa.selenium.remote.HttpCommandExecutor.execute(HttpCommandExecutor.java:158)
	at org.openqa.selenium.remote.service.DriverCommandExecutor.execute(DriverCommandExecutor.java:83)
	at org.openqa.selenium.remote.RemoteWebDriver.execute(RemoteWebDriver.java:543)
	at org.openqa.selenium.remote.RemoteWebElement.execute(RemoteWebElement.java:276)
	at org.openqa.selenium.remote.RemoteWebElement.click(RemoteWebElement.java:83)
	at sun.reflect.GeneratedMethodAccessor4.invoke(Unknown Source)
	at sun.reflect.DelegatingMethodAccessorImpl.invoke(Unknown Source)
	at java.lang.reflect.Method.invoke(Unknown Source)
	at org.openqa.selenium.support.pagefactory.internal.LocatingElementHandler.invoke(LocatingElementHandler.java:51)
	at com.sun.proxy.$Proxy15.click(Unknown Source)
	at com.focus.Pages.FinancilaReportsXPage.checkvendorDetailsVendorStatementsReport(FinancilaReportsXPage.java:43146)
	at com.focus.testcases.FinancialReportsXTest.checkvendorDetailsVendorStatementsReport(FinancialReportsXTest.java:1591)
	at sun.reflect.NativeMethodAccessorImpl.invoke0(Native Method)
	at sun.reflect.NativeMethodAccessorImpl.invoke(Unknown Source)
	at sun.reflect.DelegatingMethodAccessorImpl.invoke(Unknown Source)
	at java.lang.reflect.Method.invoke(Unknown Source)
	at org.testng.internal.MethodInvocationHelper.invokeMethod(MethodInvocationHelper.java:86)
	at org.testng.internal.Invoker.invokeMethod(Invoker.java:643)
	at org.testng.internal.Invoker.invokeTestMethod(Invoker.java:820)
	at org.testng.internal.Invoker.invokeTestMethods(Invoker.java:1128)
	at org.testng.internal.TestMethodWorker.invokeTestMethods(TestMethodWorker.java:129)
	at org.testng.internal.TestMethodWorker.run(TestMethodWorker.java:112)
	at org.testng.TestRunner.privateRun(TestRunner.java:782)
	at org.testng.TestRunner.run(TestRunner.java:632)
	at org.testng.SuiteRunner.runTest(SuiteRunner.java:366)
	at org.testng.SuiteRunner.runSequentially(SuiteRunner.java:361)
	at org.testng.SuiteRunner.privateRun(SuiteRunner.java:319)
	at org.testng.SuiteRunner.run(SuiteRunner.java:268)
	at org.testng.SuiteRunnerWorker.runSuite(SuiteRunnerWorker.java:52)
	at org.testng.SuiteRunnerWorker.run(SuiteRunnerWorker.java:86)
	at org.testng.TestNG.runSuitesSequentially(TestNG.java:1244)
	at org.testng.TestNG.runSuitesLocally(TestNG.java:1169)
	at org.testng.TestNG.run(TestNG.java:1064)
	at org.testng.remote.AbstractRemoteTestNG.run(AbstractRemoteTestNG.java:114)
	at org.testng.remote.RemoteTestNG.initAndRun(RemoteTestNG.java:251)
	at org.testng.remote.RemoteTestNG.main(RemoteTestNG.java:77)
]]>
    </error>
  </testcase> <!-- checkvendorDetailsVendorStatementsReport -->
  <testcase name="checkCustomizationAndPrintOptionInRecevibleAndPayableReport" time="1.128" classname="com.focus.testcases.FinancialReportsXTest">
    <error type="org.openqa.selenium.ElementClickInterceptedException" message="element click intercepted: Element &lt;i class=&quot;icon-custamize hiconright2&quot;&gt;&lt;/i&gt; is not clickable at point (1151, 98). Other element would receive the click: &lt;div class=&quot;col-lg-12&quot; style=&quot;padding-right:0px;padding-left:0px;width:100%;padding-bottom:28px;&quot;&gt;...&lt;/div&gt;
  (Session info: chrome=107.0.5304.122)
Build info: version: &#039;3.12.0&#039;, revision: &#039;7c6e0b3&#039;, time: &#039;2018-05-08T14:04:26.12Z&#039;
System info: host: &#039;FOCUS-QA-10&#039;, ip: &#039;192.168.4.206&#039;, os.name: &#039;Windows 10&#039;, os.arch: &#039;amd64&#039;, os.version: &#039;10.0&#039;, java.version: &#039;1.8.0_111&#039;
Driver info: org.openqa.selenium.chrome.ChromeDriver
Capabilities {acceptInsecureCerts: false, browserName: chrome, browserVersion: 107.0.5304.122, chrome: {chromedriverVersion: 106.0.5249.61 (511755355844..., userDataDir: C:\Users\Rakesh\AppData\Loc...}, goog:chromeOptions: {debuggerAddress: localhost:54194}, javascriptEnabled: true, networkConnectionEnabled: false, pageLoadStrategy: normal, platform: WINDOWS, platformName: WINDOWS, proxy: Proxy(), setWindowRect: true, strictFileInteractability: false, timeouts: {implicit: 0, pageLoad: 300000, script: 30000}, unhandledPromptBehavior: dismiss and notify, webauthn:extension:credBlob: true, webauthn:extension:largeBlob: true, webauthn:virtualAuthenticators: true}
Session ID: 4e5b63374159fa2ea6e25ee1b1617078">
      <![CDATA[org.openqa.selenium.ElementClickInterceptedException: element click intercepted: Element <i class="icon-custamize hiconright2"></i> is not clickable at point (1151, 98). Other element would receive the click: <div class="col-lg-12" style="padding-right:0px;padding-left:0px;width:100%;padding-bottom:28px;">...</div>
  (Session info: chrome=107.0.5304.122)
Build info: version: '3.12.0', revision: '7c6e0b3', time: '2018-05-08T14:04:26.12Z'
System info: host: 'FOCUS-QA-10', ip: '192.168.4.206', os.name: 'Windows 10', os.arch: 'amd64', os.version: '10.0', java.version: '1.8.0_111'
Driver info: org.openqa.selenium.chrome.ChromeDriver
Capabilities {acceptInsecureCerts: false, browserName: chrome, browserVersion: 107.0.5304.122, chrome: {chromedriverVersion: 106.0.5249.61 (511755355844..., userDataDir: C:\Users\Rakesh\AppData\Loc...}, goog:chromeOptions: {debuggerAddress: localhost:54194}, javascriptEnabled: true, networkConnectionEnabled: false, pageLoadStrategy: normal, platform: WINDOWS, platformName: WINDOWS, proxy: Proxy(), setWindowRect: true, strictFileInteractability: false, timeouts: {implicit: 0, pageLoad: 300000, script: 30000}, unhandledPromptBehavior: dismiss and notify, webauthn:extension:credBlob: true, webauthn:extension:largeBlob: true, webauthn:virtualAuthenticators: true}
Session ID: 4e5b63374159fa2ea6e25ee1b1617078
	at sun.reflect.GeneratedConstructorAccessor45.newInstance(Unknown Source)
	at sun.reflect.DelegatingConstructorAccessorImpl.newInstance(Unknown Source)
	at java.lang.reflect.Constructor.newInstance(Unknown Source)
	at org.openqa.selenium.remote.http.W3CHttpResponseCodec.createException(W3CHttpResponseCodec.java:187)
	at org.openqa.selenium.remote.http.W3CHttpResponseCodec.decode(W3CHttpResponseCodec.java:122)
	at org.openqa.selenium.remote.http.W3CHttpResponseCodec.decode(W3CHttpResponseCodec.java:49)
	at org.openqa.selenium.remote.HttpCommandExecutor.execute(HttpCommandExecutor.java:158)
	at org.openqa.selenium.remote.service.DriverCommandExecutor.execute(DriverCommandExecutor.java:83)
	at org.openqa.selenium.remote.RemoteWebDriver.execute(RemoteWebDriver.java:543)
	at org.openqa.selenium.remote.RemoteWebElement.execute(RemoteWebElement.java:276)
	at org.openqa.selenium.remote.RemoteWebElement.click(RemoteWebElement.java:83)
	at sun.reflect.GeneratedMethodAccessor4.invoke(Unknown Source)
	at sun.reflect.DelegatingMethodAccessorImpl.invoke(Unknown Source)
	at java.lang.reflect.Method.invoke(Unknown Source)
	at org.openqa.selenium.support.pagefactory.internal.LocatingElementHandler.invoke(LocatingElementHandler.java:51)
	at com.sun.proxy.$Proxy15.click(Unknown Source)
	at com.focus.Pages.FinancilaReportsXPage.checkCustomizationAndPrintOptionInRecevibleAndPayableReport(FinancilaReportsXPage.java:36713)
	at com.focus.testcases.FinancialReportsXTest.checkCustomizationAndPrintOptionInRecevibleAndPayableReport(FinancialReportsXTest.java:1285)
	at sun.reflect.NativeMethodAccessorImpl.invoke0(Native Method)
	at sun.reflect.NativeMethodAccessorImpl.invoke(Unknown Source)
	at sun.reflect.DelegatingMethodAccessorImpl.invoke(Unknown Source)
	at java.lang.reflect.Method.invoke(Unknown Source)
	at org.testng.internal.MethodInvocationHelper.invokeMethod(MethodInvocationHelper.java:86)
	at org.testng.internal.Invoker.invokeMethod(Invoker.java:643)
	at org.testng.internal.Invoker.invokeTestMethod(Invoker.java:820)
	at org.testng.internal.Invoker.invokeTestMethods(Invoker.java:1128)
	at org.testng.internal.TestMethodWorker.invokeTestMethods(TestMethodWorker.java:129)
	at org.testng.internal.TestMethodWorker.run(TestMethodWorker.java:112)
	at org.testng.TestRunner.privateRun(TestRunner.java:782)
	at org.testng.TestRunner.run(TestRunner.java:632)
	at org.testng.SuiteRunner.runTest(SuiteRunner.java:366)
	at org.testng.SuiteRunner.runSequentially(SuiteRunner.java:361)
	at org.testng.SuiteRunner.privateRun(SuiteRunner.java:319)
	at org.testng.SuiteRunner.run(SuiteRunner.java:268)
	at org.testng.SuiteRunnerWorker.runSuite(SuiteRunnerWorker.java:52)
	at org.testng.SuiteRunnerWorker.run(SuiteRunnerWorker.java:86)
	at org.testng.TestNG.runSuitesSequentially(TestNG.java:1244)
	at org.testng.TestNG.runSuitesLocally(TestNG.java:1169)
	at org.testng.TestNG.run(TestNG.java:1064)
	at org.testng.remote.AbstractRemoteTestNG.run(AbstractRemoteTestNG.java:114)
	at org.testng.remote.RemoteTestNG.initAndRun(RemoteTestNG.java:251)
	at org.testng.remote.RemoteTestNG.main(RemoteTestNG.java:77)
]]>
    </error>
  </testcase> <!-- checkCustomizationAndPrintOptionInRecevibleAndPayableReport -->
  <testcase name="checkCustomerDueDateAnalysisReport" time="3.605" classname="com.focus.testcases.FinancialReportsXTest">
    <error type="org.openqa.selenium.ElementClickInterceptedException" message="element click intercepted: Element &lt;span...class=&quot;checkmark&quot;&gt; &lt;/span&gt; is not clickable at point (1037, 590). Other element would receive the click: &lt;div class=&quot;rightpanelaccountM col-md-3 col-lg-3 custom_scrollbar&quot; id=&quot;dvReportInputs&quot; style=&quot;border-left: 1px solid rgb(204, 204, 204); left: 0px; overflow-x: hidden !important; border-radius: 0px !important; height: 555.5px;&quot;&gt;...&lt;/div&gt;
  (Session info: chrome=107.0.5304.122)
Build info: version: &#039;3.12.0&#039;, revision: &#039;7c6e0b3&#039;, time: &#039;2018-05-08T14:04:26.12Z&#039;
System info: host: &#039;FOCUS-QA-10&#039;, ip: &#039;192.168.4.206&#039;, os.name: &#039;Windows 10&#039;, os.arch: &#039;amd64&#039;, os.version: &#039;10.0&#039;, java.version: &#039;1.8.0_111&#039;
Driver info: org.openqa.selenium.chrome.ChromeDriver
Capabilities {acceptInsecureCerts: false, browserName: chrome, browserVersion: 107.0.5304.122, chrome: {chromedriverVersion: 106.0.5249.61 (511755355844..., userDataDir: C:\Users\Rakesh\AppData\Loc...}, goog:chromeOptions: {debuggerAddress: localhost:54194}, javascriptEnabled: true, networkConnectionEnabled: false, pageLoadStrategy: normal, platform: WINDOWS, platformName: WINDOWS, proxy: Proxy(), setWindowRect: true, strictFileInteractability: false, timeouts: {implicit: 0, pageLoad: 300000, script: 30000}, unhandledPromptBehavior: dismiss and notify, webauthn:extension:credBlob: true, webauthn:extension:largeBlob: true, webauthn:virtualAuthenticators: true}
Session ID: 4e5b63374159fa2ea6e25ee1b1617078">
      <![CDATA[org.openqa.selenium.ElementClickInterceptedException: element click intercepted: Element <span...class="checkmark"> </span> is not clickable at point (1037, 590). Other element would receive the click: <div class="rightpanelaccountM col-md-3 col-lg-3 custom_scrollbar" id="dvReportInputs" style="border-left: 1px solid rgb(204, 204, 204); left: 0px; overflow-x: hidden !important; border-radius: 0px !important; height: 555.5px;">...</div>
  (Session info: chrome=107.0.5304.122)
Build info: version: '3.12.0', revision: '7c6e0b3', time: '2018-05-08T14:04:26.12Z'
System info: host: 'FOCUS-QA-10', ip: '192.168.4.206', os.name: 'Windows 10', os.arch: 'amd64', os.version: '10.0', java.version: '1.8.0_111'
Driver info: org.openqa.selenium.chrome.ChromeDriver
Capabilities {acceptInsecureCerts: false, browserName: chrome, browserVersion: 107.0.5304.122, chrome: {chromedriverVersion: 106.0.5249.61 (511755355844..., userDataDir: C:\Users\Rakesh\AppData\Loc...}, goog:chromeOptions: {debuggerAddress: localhost:54194}, javascriptEnabled: true, networkConnectionEnabled: false, pageLoadStrategy: normal, platform: WINDOWS, platformName: WINDOWS, proxy: Proxy(), setWindowRect: true, strictFileInteractability: false, timeouts: {implicit: 0, pageLoad: 300000, script: 30000}, unhandledPromptBehavior: dismiss and notify, webauthn:extension:credBlob: true, webauthn:extension:largeBlob: true, webauthn:virtualAuthenticators: true}
Session ID: 4e5b63374159fa2ea6e25ee1b1617078
	at sun.reflect.GeneratedConstructorAccessor45.newInstance(Unknown Source)
	at sun.reflect.DelegatingConstructorAccessorImpl.newInstance(Unknown Source)
	at java.lang.reflect.Constructor.newInstance(Unknown Source)
	at org.openqa.selenium.remote.http.W3CHttpResponseCodec.createException(W3CHttpResponseCodec.java:187)
	at org.openqa.selenium.remote.http.W3CHttpResponseCodec.decode(W3CHttpResponseCodec.java:122)
	at org.openqa.selenium.remote.http.W3CHttpResponseCodec.decode(W3CHttpResponseCodec.java:49)
	at org.openqa.selenium.remote.HttpCommandExecutor.execute(HttpCommandExecutor.java:158)
	at org.openqa.selenium.remote.service.DriverCommandExecutor.execute(DriverCommandExecutor.java:83)
	at org.openqa.selenium.remote.RemoteWebDriver.execute(RemoteWebDriver.java:543)
	at org.openqa.selenium.remote.RemoteWebElement.execute(RemoteWebElement.java:276)
	at org.openqa.selenium.remote.RemoteWebElement.click(RemoteWebElement.java:83)
	at sun.reflect.GeneratedMethodAccessor4.invoke(Unknown Source)
	at sun.reflect.DelegatingMethodAccessorImpl.invoke(Unknown Source)
	at java.lang.reflect.Method.invoke(Unknown Source)
	at org.openqa.selenium.support.pagefactory.internal.LocatingElementHandler.invoke(LocatingElementHandler.java:51)
	at com.sun.proxy.$Proxy15.click(Unknown Source)
	at com.focus.Pages.FinancilaReportsXPage.checkCustomerDueDateAnalysisReport(FinancilaReportsXPage.java:38483)
	at com.focus.testcases.FinancialReportsXTest.checkCustomerDueDateAnalysisReport(FinancialReportsXTest.java:1356)
	at sun.reflect.NativeMethodAccessorImpl.invoke0(Native Method)
	at sun.reflect.NativeMethodAccessorImpl.invoke(Unknown Source)
	at sun.reflect.DelegatingMethodAccessorImpl.invoke(Unknown Source)
	at java.lang.reflect.Method.invoke(Unknown Source)
	at org.testng.internal.MethodInvocationHelper.invokeMethod(MethodInvocationHelper.java:86)
	at org.testng.internal.Invoker.invokeMethod(Invoker.java:643)
	at org.testng.internal.Invoker.invokeTestMethod(Invoker.java:820)
	at org.testng.internal.Invoker.invokeTestMethods(Invoker.java:1128)
	at org.testng.internal.TestMethodWorker.invokeTestMethods(TestMethodWorker.java:129)
	at org.testng.internal.TestMethodWorker.run(TestMethodWorker.java:112)
	at org.testng.TestRunner.privateRun(TestRunner.java:782)
	at org.testng.TestRunner.run(TestRunner.java:632)
	at org.testng.SuiteRunner.runTest(SuiteRunner.java:366)
	at org.testng.SuiteRunner.runSequentially(SuiteRunner.java:361)
	at org.testng.SuiteRunner.privateRun(SuiteRunner.java:319)
	at org.testng.SuiteRunner.run(SuiteRunner.java:268)
	at org.testng.SuiteRunnerWorker.runSuite(SuiteRunnerWorker.java:52)
	at org.testng.SuiteRunnerWorker.run(SuiteRunnerWorker.java:86)
	at org.testng.TestNG.runSuitesSequentially(TestNG.java:1244)
	at org.testng.TestNG.runSuitesLocally(TestNG.java:1169)
	at org.testng.TestNG.run(TestNG.java:1064)
	at org.testng.remote.AbstractRemoteTestNG.run(AbstractRemoteTestNG.java:114)
	at org.testng.remote.RemoteTestNG.initAndRun(RemoteTestNG.java:251)
	at org.testng.remote.RemoteTestNG.main(RemoteTestNG.java:77)
]]>
    </error>
  </testcase> <!-- checkCustomerDueDateAnalysisReport -->
  <testcase name="CheckPrintAndCustomiseOptionnInVendorSummeryVendorSummaryAgeingByDueDateReport" time="2.632" classname="com.focus.testcases.FinancialReportsXTest">
    <error type="org.openqa.selenium.ElementClickInterceptedException" message="element click intercepted: Element &lt;i class=&quot;icon-custamize hiconright2&quot;&gt;&lt;/i&gt; is not clickable at point (1151, 98). Other element would receive the click: &lt;div class=&quot;col-lg-12&quot; style=&quot;padding-right:0px;padding-left:0px;width:100%;padding-bottom:28px;&quot;&gt;...&lt;/div&gt;
  (Session info: chrome=107.0.5304.122)
Build info: version: &#039;3.12.0&#039;, revision: &#039;7c6e0b3&#039;, time: &#039;2018-05-08T14:04:26.12Z&#039;
System info: host: &#039;FOCUS-QA-10&#039;, ip: &#039;192.168.4.206&#039;, os.name: &#039;Windows 10&#039;, os.arch: &#039;amd64&#039;, os.version: &#039;10.0&#039;, java.version: &#039;1.8.0_111&#039;
Driver info: org.openqa.selenium.chrome.ChromeDriver
Capabilities {acceptInsecureCerts: false, browserName: chrome, browserVersion: 107.0.5304.122, chrome: {chromedriverVersion: 106.0.5249.61 (511755355844..., userDataDir: C:\Users\Rakesh\AppData\Loc...}, goog:chromeOptions: {debuggerAddress: localhost:54194}, javascriptEnabled: true, networkConnectionEnabled: false, pageLoadStrategy: normal, platform: WINDOWS, platformName: WINDOWS, proxy: Proxy(), setWindowRect: true, strictFileInteractability: false, timeouts: {implicit: 0, pageLoad: 300000, script: 30000}, unhandledPromptBehavior: dismiss and notify, webauthn:extension:credBlob: true, webauthn:extension:largeBlob: true, webauthn:virtualAuthenticators: true}
Session ID: 4e5b63374159fa2ea6e25ee1b1617078">
      <![CDATA[org.openqa.selenium.ElementClickInterceptedException: element click intercepted: Element <i class="icon-custamize hiconright2"></i> is not clickable at point (1151, 98). Other element would receive the click: <div class="col-lg-12" style="padding-right:0px;padding-left:0px;width:100%;padding-bottom:28px;">...</div>
  (Session info: chrome=107.0.5304.122)
Build info: version: '3.12.0', revision: '7c6e0b3', time: '2018-05-08T14:04:26.12Z'
System info: host: 'FOCUS-QA-10', ip: '192.168.4.206', os.name: 'Windows 10', os.arch: 'amd64', os.version: '10.0', java.version: '1.8.0_111'
Driver info: org.openqa.selenium.chrome.ChromeDriver
Capabilities {acceptInsecureCerts: false, browserName: chrome, browserVersion: 107.0.5304.122, chrome: {chromedriverVersion: 106.0.5249.61 (511755355844..., userDataDir: C:\Users\Rakesh\AppData\Loc...}, goog:chromeOptions: {debuggerAddress: localhost:54194}, javascriptEnabled: true, networkConnectionEnabled: false, pageLoadStrategy: normal, platform: WINDOWS, platformName: WINDOWS, proxy: Proxy(), setWindowRect: true, strictFileInteractability: false, timeouts: {implicit: 0, pageLoad: 300000, script: 30000}, unhandledPromptBehavior: dismiss and notify, webauthn:extension:credBlob: true, webauthn:extension:largeBlob: true, webauthn:virtualAuthenticators: true}
Session ID: 4e5b63374159fa2ea6e25ee1b1617078
	at sun.reflect.GeneratedConstructorAccessor45.newInstance(Unknown Source)
	at sun.reflect.DelegatingConstructorAccessorImpl.newInstance(Unknown Source)
	at java.lang.reflect.Constructor.newInstance(Unknown Source)
	at org.openqa.selenium.remote.http.W3CHttpResponseCodec.createException(W3CHttpResponseCodec.java:187)
	at org.openqa.selenium.remote.http.W3CHttpResponseCodec.decode(W3CHttpResponseCodec.java:122)
	at org.openqa.selenium.remote.http.W3CHttpResponseCodec.decode(W3CHttpResponseCodec.java:49)
	at org.openqa.selenium.remote.HttpCommandExecutor.execute(HttpCommandExecutor.java:158)
	at org.openqa.selenium.remote.service.DriverCommandExecutor.execute(DriverCommandExecutor.java:83)
	at org.openqa.selenium.remote.RemoteWebDriver.execute(RemoteWebDriver.java:543)
	at org.openqa.selenium.remote.RemoteWebElement.execute(RemoteWebElement.java:276)
	at org.openqa.selenium.remote.RemoteWebElement.click(RemoteWebElement.java:83)
	at sun.reflect.GeneratedMethodAccessor4.invoke(Unknown Source)
	at sun.reflect.DelegatingMethodAccessorImpl.invoke(Unknown Source)
	at java.lang.reflect.Method.invoke(Unknown Source)
	at org.openqa.selenium.support.pagefactory.internal.LocatingElementHandler.invoke(LocatingElementHandler.java:51)
	at com.sun.proxy.$Proxy15.click(Unknown Source)
	at com.focus.Pages.FinancilaReportsXPage.CheckPrintAndCustomiseOptionnInVendorSummeryVendorSummaryAgeingByDueDateReport(FinancilaReportsXPage.java:45963)
	at com.focus.testcases.FinancialReportsXTest.CheckPrintAndCustomiseOptionnInVendorSummeryVendorSummaryAgeingByDueDateReport(FinancialReportsXTest.java:1744)
	at sun.reflect.NativeMethodAccessorImpl.invoke0(Native Method)
	at sun.reflect.NativeMethodAccessorImpl.invoke(Unknown Source)
	at sun.reflect.DelegatingMethodAccessorImpl.invoke(Unknown Source)
	at java.lang.reflect.Method.invoke(Unknown Source)
	at org.testng.internal.MethodInvocationHelper.invokeMethod(MethodInvocationHelper.java:86)
	at org.testng.internal.Invoker.invokeMethod(Invoker.java:643)
	at org.testng.internal.Invoker.invokeTestMethod(Invoker.java:820)
	at org.testng.internal.Invoker.invokeTestMethods(Invoker.java:1128)
	at org.testng.internal.TestMethodWorker.invokeTestMethods(TestMethodWorker.java:129)
	at org.testng.internal.TestMethodWorker.run(TestMethodWorker.java:112)
	at org.testng.TestRunner.privateRun(TestRunner.java:782)
	at org.testng.TestRunner.run(TestRunner.java:632)
	at org.testng.SuiteRunner.runTest(SuiteRunner.java:366)
	at org.testng.SuiteRunner.runSequentially(SuiteRunner.java:361)
	at org.testng.SuiteRunner.privateRun(SuiteRunner.java:319)
	at org.testng.SuiteRunner.run(SuiteRunner.java:268)
	at org.testng.SuiteRunnerWorker.runSuite(SuiteRunnerWorker.java:52)
	at org.testng.SuiteRunnerWorker.run(SuiteRunnerWorker.java:86)
	at org.testng.TestNG.runSuitesSequentially(TestNG.java:1244)
	at org.testng.TestNG.runSuitesLocally(TestNG.java:1169)
	at org.testng.TestNG.run(TestNG.java:1064)
	at org.testng.remote.AbstractRemoteTestNG.run(AbstractRemoteTestNG.java:114)
	at org.testng.remote.RemoteTestNG.initAndRun(RemoteTestNG.java:251)
	at org.testng.remote.RemoteTestNG.main(RemoteTestNG.java:77)
]]>
    </error>
  </testcase> <!-- CheckPrintAndCustomiseOptionnInVendorSummeryVendorSummaryAgeingByDueDateReport -->
  <testcase name="checkTopCustomersListReport" time="15.471" classname="com.focus.testcases.FinancialReportsXTest"/>
  <testcase name="checkCustomerAgeingDetailsAnalysisReport" time="3.958" classname="com.focus.testcases.FinancialReportsXTest">
    <error type="org.openqa.selenium.ElementClickInterceptedException" message="element click intercepted: Element &lt;span...class=&quot;checkmark&quot;&gt; &lt;/span&gt; is not clickable at point (1037, 590). Other element would receive the click: &lt;span class=&quot;checkmark&quot;&gt;&lt;/span&gt;
  (Session info: chrome=107.0.5304.122)
Build info: version: &#039;3.12.0&#039;, revision: &#039;7c6e0b3&#039;, time: &#039;2018-05-08T14:04:26.12Z&#039;
System info: host: &#039;FOCUS-QA-10&#039;, ip: &#039;192.168.4.206&#039;, os.name: &#039;Windows 10&#039;, os.arch: &#039;amd64&#039;, os.version: &#039;10.0&#039;, java.version: &#039;1.8.0_111&#039;
Driver info: org.openqa.selenium.chrome.ChromeDriver
Capabilities {acceptInsecureCerts: false, browserName: chrome, browserVersion: 107.0.5304.122, chrome: {chromedriverVersion: 106.0.5249.61 (511755355844..., userDataDir: C:\Users\Rakesh\AppData\Loc...}, goog:chromeOptions: {debuggerAddress: localhost:54194}, javascriptEnabled: true, networkConnectionEnabled: false, pageLoadStrategy: normal, platform: WINDOWS, platformName: WINDOWS, proxy: Proxy(), setWindowRect: true, strictFileInteractability: false, timeouts: {implicit: 0, pageLoad: 300000, script: 30000}, unhandledPromptBehavior: dismiss and notify, webauthn:extension:credBlob: true, webauthn:extension:largeBlob: true, webauthn:virtualAuthenticators: true}
Session ID: 4e5b63374159fa2ea6e25ee1b1617078">
      <![CDATA[org.openqa.selenium.ElementClickInterceptedException: element click intercepted: Element <span...class="checkmark"> </span> is not clickable at point (1037, 590). Other element would receive the click: <span class="checkmark"></span>
  (Session info: chrome=107.0.5304.122)
Build info: version: '3.12.0', revision: '7c6e0b3', time: '2018-05-08T14:04:26.12Z'
System info: host: 'FOCUS-QA-10', ip: '192.168.4.206', os.name: 'Windows 10', os.arch: 'amd64', os.version: '10.0', java.version: '1.8.0_111'
Driver info: org.openqa.selenium.chrome.ChromeDriver
Capabilities {acceptInsecureCerts: false, browserName: chrome, browserVersion: 107.0.5304.122, chrome: {chromedriverVersion: 106.0.5249.61 (511755355844..., userDataDir: C:\Users\Rakesh\AppData\Loc...}, goog:chromeOptions: {debuggerAddress: localhost:54194}, javascriptEnabled: true, networkConnectionEnabled: false, pageLoadStrategy: normal, platform: WINDOWS, platformName: WINDOWS, proxy: Proxy(), setWindowRect: true, strictFileInteractability: false, timeouts: {implicit: 0, pageLoad: 300000, script: 30000}, unhandledPromptBehavior: dismiss and notify, webauthn:extension:credBlob: true, webauthn:extension:largeBlob: true, webauthn:virtualAuthenticators: true}
Session ID: 4e5b63374159fa2ea6e25ee1b1617078
	at sun.reflect.GeneratedConstructorAccessor45.newInstance(Unknown Source)
	at sun.reflect.DelegatingConstructorAccessorImpl.newInstance(Unknown Source)
	at java.lang.reflect.Constructor.newInstance(Unknown Source)
	at org.openqa.selenium.remote.http.W3CHttpResponseCodec.createException(W3CHttpResponseCodec.java:187)
	at org.openqa.selenium.remote.http.W3CHttpResponseCodec.decode(W3CHttpResponseCodec.java:122)
	at org.openqa.selenium.remote.http.W3CHttpResponseCodec.decode(W3CHttpResponseCodec.java:49)
	at org.openqa.selenium.remote.HttpCommandExecutor.execute(HttpCommandExecutor.java:158)
	at org.openqa.selenium.remote.service.DriverCommandExecutor.execute(DriverCommandExecutor.java:83)
	at org.openqa.selenium.remote.RemoteWebDriver.execute(RemoteWebDriver.java:543)
	at org.openqa.selenium.remote.RemoteWebElement.execute(RemoteWebElement.java:276)
	at org.openqa.selenium.remote.RemoteWebElement.click(RemoteWebElement.java:83)
	at sun.reflect.GeneratedMethodAccessor4.invoke(Unknown Source)
	at sun.reflect.DelegatingMethodAccessorImpl.invoke(Unknown Source)
	at java.lang.reflect.Method.invoke(Unknown Source)
	at org.openqa.selenium.support.pagefactory.internal.LocatingElementHandler.invoke(LocatingElementHandler.java:51)
	at com.sun.proxy.$Proxy15.click(Unknown Source)
	at com.focus.Pages.FinancilaReportsXPage.checkCustomerAgeingDetailsAnalysisReport(FinancilaReportsXPage.java:39031)
	at com.focus.testcases.FinancialReportsXTest.checkCustomerAgeingDetailsAnalysisReport(FinancialReportsXTest.java:1381)
	at sun.reflect.NativeMethodAccessorImpl.invoke0(Native Method)
	at sun.reflect.NativeMethodAccessorImpl.invoke(Unknown Source)
	at sun.reflect.DelegatingMethodAccessorImpl.invoke(Unknown Source)
	at java.lang.reflect.Method.invoke(Unknown Source)
	at org.testng.internal.MethodInvocationHelper.invokeMethod(MethodInvocationHelper.java:86)
	at org.testng.internal.Invoker.invokeMethod(Invoker.java:643)
	at org.testng.internal.Invoker.invokeTestMethod(Invoker.java:820)
	at org.testng.internal.Invoker.invokeTestMethods(Invoker.java:1128)
	at org.testng.internal.TestMethodWorker.invokeTestMethods(TestMethodWorker.java:129)
	at org.testng.internal.TestMethodWorker.run(TestMethodWorker.java:112)
	at org.testng.TestRunner.privateRun(TestRunner.java:782)
	at org.testng.TestRunner.run(TestRunner.java:632)
	at org.testng.SuiteRunner.runTest(SuiteRunner.java:366)
	at org.testng.SuiteRunner.runSequentially(SuiteRunner.java:361)
	at org.testng.SuiteRunner.privateRun(SuiteRunner.java:319)
	at org.testng.SuiteRunner.run(SuiteRunner.java:268)
	at org.testng.SuiteRunnerWorker.runSuite(SuiteRunnerWorker.java:52)
	at org.testng.SuiteRunnerWorker.run(SuiteRunnerWorker.java:86)
	at org.testng.TestNG.runSuitesSequentially(TestNG.java:1244)
	at org.testng.TestNG.runSuitesLocally(TestNG.java:1169)
	at org.testng.TestNG.run(TestNG.java:1064)
	at org.testng.remote.AbstractRemoteTestNG.run(AbstractRemoteTestNG.java:114)
	at org.testng.remote.RemoteTestNG.initAndRun(RemoteTestNG.java:251)
	at org.testng.remote.RemoteTestNG.main(RemoteTestNG.java:77)
]]>
    </error>
  </testcase> <!-- checkCustomerAgeingDetailsAnalysisReport -->
  <testcase name="CheckPrintAndCustomiseOptionnIncustomerSummaryCustomerAgeingSummaryReport" time="41.818" classname="com.focus.testcases.FinancialReportsXTest">
    <error type="java.lang.IndexOutOfBoundsException" message="Index: 1, Size: 1">
      <![CDATA[java.lang.IndexOutOfBoundsException: Index: 1, Size: 1
	at java.util.ArrayList.rangeCheck(Unknown Source)
	at java.util.ArrayList.get(Unknown Source)
	at com.focus.Pages.FinancilaReportsXPage.CheckPrintAndCustomiseOptionnIncustomerSummaryCustomerAgeingSummaryReport(FinancilaReportsXPage.java:40616)
	at com.focus.testcases.FinancialReportsXTest.CheckPrintAndCustomiseOptionnIncustomerSummaryCustomerAgeingSummaryReport(FinancialReportsXTest.java:1463)
	at sun.reflect.NativeMethodAccessorImpl.invoke0(Native Method)
	at sun.reflect.NativeMethodAccessorImpl.invoke(Unknown Source)
	at sun.reflect.DelegatingMethodAccessorImpl.invoke(Unknown Source)
	at java.lang.reflect.Method.invoke(Unknown Source)
	at org.testng.internal.MethodInvocationHelper.invokeMethod(MethodInvocationHelper.java:86)
	at org.testng.internal.Invoker.invokeMethod(Invoker.java:643)
	at org.testng.internal.Invoker.invokeTestMethod(Invoker.java:820)
	at org.testng.internal.Invoker.invokeTestMethods(Invoker.java:1128)
	at org.testng.internal.TestMethodWorker.invokeTestMethods(TestMethodWorker.java:129)
	at org.testng.internal.TestMethodWorker.run(TestMethodWorker.java:112)
	at org.testng.TestRunner.privateRun(TestRunner.java:782)
	at org.testng.TestRunner.run(TestRunner.java:632)
	at org.testng.SuiteRunner.runTest(SuiteRunner.java:366)
	at org.testng.SuiteRunner.runSequentially(SuiteRunner.java:361)
	at org.testng.SuiteRunner.privateRun(SuiteRunner.java:319)
	at org.testng.SuiteRunner.run(SuiteRunner.java:268)
	at org.testng.SuiteRunnerWorker.runSuite(SuiteRunnerWorker.java:52)
	at org.testng.SuiteRunnerWorker.run(SuiteRunnerWorker.java:86)
	at org.testng.TestNG.runSuitesSequentially(TestNG.java:1244)
	at org.testng.TestNG.runSuitesLocally(TestNG.java:1169)
	at org.testng.TestNG.run(TestNG.java:1064)
	at org.testng.remote.AbstractRemoteTestNG.run(AbstractRemoteTestNG.java:114)
	at org.testng.remote.RemoteTestNG.initAndRun(RemoteTestNG.java:251)
	at org.testng.remote.RemoteTestNG.main(RemoteTestNG.java:77)
]]>
    </error>
  </testcase> <!-- CheckPrintAndCustomiseOptionnIncustomerSummaryCustomerAgeingSummaryReport -->
  <testcase name="checkSummaryPurchaseBookReportBackTrackOption" time="15.338" classname="com.focus.testcases.FinancialReportsXTest"/>
  <testcase name="checkBankReconciliationImportOptions" time="10.523" classname="com.focus.testcases.FinancialReportsXTest"/>
  <testcase name="checkTradingAndProfitAndLossReport" time="58.545" classname="com.focus.testcases.FinancialReportsXTest">
    <error type="org.openqa.selenium.TimeoutException" message="Expected condition failed: waiting for element to be clickable: [[ChromeDriver: chrome on WINDOWS (4e5b63374159fa2ea6e25ee1b1617078)] -&gt; xpath: (//input[@id=&#039;5002&#039;])[1]/following-sibling::span] (tried for 40 second(s) with 5000 milliseconds interval)
Build info: version: &#039;3.12.0&#039;, revision: &#039;7c6e0b3&#039;, time: &#039;2018-05-08T14:04:26.12Z&#039;
System info: host: &#039;FOCUS-QA-10&#039;, ip: &#039;192.168.4.206&#039;, os.name: &#039;Windows 10&#039;, os.arch: &#039;amd64&#039;, os.version: &#039;10.0&#039;, java.version: &#039;1.8.0_111&#039;
Driver info: driver.version: unknown">
      <![CDATA[org.openqa.selenium.TimeoutException: Expected condition failed: waiting for element to be clickable: [[ChromeDriver: chrome on WINDOWS (4e5b63374159fa2ea6e25ee1b1617078)] -> xpath: (//input[@id='5002'])[1]/following-sibling::span] (tried for 40 second(s) with 5000 milliseconds interval)
Build info: version: '3.12.0', revision: '7c6e0b3', time: '2018-05-08T14:04:26.12Z'
System info: host: 'FOCUS-QA-10', ip: '192.168.4.206', os.name: 'Windows 10', os.arch: 'amd64', os.version: '10.0', java.version: '1.8.0_111'
Driver info: driver.version: unknown
	at org.openqa.selenium.support.ui.FluentWait.timeoutException(FluentWait.java:303)
	at org.openqa.selenium.support.ui.FluentWait.until(FluentWait.java:271)
	at com.focus.Pages.FinancilaReportsXPage.checkTradingAndProfitAndLossReport(FinancilaReportsXPage.java:33881)
	at com.focus.testcases.FinancialReportsXTest.checkTradingAndProfitAndLossReport(FinancialReportsXTest.java:1103)
	at sun.reflect.NativeMethodAccessorImpl.invoke0(Native Method)
	at sun.reflect.NativeMethodAccessorImpl.invoke(Unknown Source)
	at sun.reflect.DelegatingMethodAccessorImpl.invoke(Unknown Source)
	at java.lang.reflect.Method.invoke(Unknown Source)
	at org.testng.internal.MethodInvocationHelper.invokeMethod(MethodInvocationHelper.java:86)
	at org.testng.internal.Invoker.invokeMethod(Invoker.java:643)
	at org.testng.internal.Invoker.invokeTestMethod(Invoker.java:820)
	at org.testng.internal.Invoker.invokeTestMethods(Invoker.java:1128)
	at org.testng.internal.TestMethodWorker.invokeTestMethods(TestMethodWorker.java:129)
	at org.testng.internal.TestMethodWorker.run(TestMethodWorker.java:112)
	at org.testng.TestRunner.privateRun(TestRunner.java:782)
	at org.testng.TestRunner.run(TestRunner.java:632)
	at org.testng.SuiteRunner.runTest(SuiteRunner.java:366)
	at org.testng.SuiteRunner.runSequentially(SuiteRunner.java:361)
	at org.testng.SuiteRunner.privateRun(SuiteRunner.java:319)
	at org.testng.SuiteRunner.run(SuiteRunner.java:268)
	at org.testng.SuiteRunnerWorker.runSuite(SuiteRunnerWorker.java:52)
	at org.testng.SuiteRunnerWorker.run(SuiteRunnerWorker.java:86)
	at org.testng.TestNG.runSuitesSequentially(TestNG.java:1244)
	at org.testng.TestNG.runSuitesLocally(TestNG.java:1169)
	at org.testng.TestNG.run(TestNG.java:1064)
	at org.testng.remote.AbstractRemoteTestNG.run(AbstractRemoteTestNG.java:114)
	at org.testng.remote.RemoteTestNG.initAndRun(RemoteTestNG.java:251)
	at org.testng.remote.RemoteTestNG.main(RemoteTestNG.java:77)
]]>
    </error>
  </testcase> <!-- checkTradingAndProfitAndLossReport -->
  <testcase name="checkPrintOptionSummaryPurchaseBookReport" time="13.866" classname="com.focus.testcases.FinancialReportsXTest"/>
  <testcase name="checkDayBookReport" time="1.947" classname="com.focus.testcases.FinancialReportsXTest">
    <error type="org.openqa.selenium.ElementClickInterceptedException" message="element click intercepted: Element &lt;select class=&quot;custom-select&quot; id=&quot;DateOptions_&quot; onchange=&quot;REPORTVIEW.applyDateSetting(this,&#039;id_starting_date_&#039; + &#039;&#039;, &#039;id_ending_date_&#039; + &#039;&#039;, &#039;132382978&#039;, &#039;132516872&#039;, &#039;4&#039;, &#039;1&#039;)&quot;&gt;...&lt;/select&gt; is not clickable at point (1017, 445). Other element would receive the click: &lt;body class=&quot; custom_scrollbar&quot; style=&quot;background-color:#f5f7f7 !important&quot; onscroll=&quot;mainScroll(this, event);&quot; onkeydown=&quot;return onBodyKeyDown(this, event);&quot; data-version=&quot;2&quot;&gt;...&lt;/body&gt;
  (Session info: chrome=107.0.5304.122)
Build info: version: &#039;3.12.0&#039;, revision: &#039;7c6e0b3&#039;, time: &#039;2018-05-08T14:04:26.12Z&#039;
System info: host: &#039;FOCUS-QA-10&#039;, ip: &#039;192.168.4.206&#039;, os.name: &#039;Windows 10&#039;, os.arch: &#039;amd64&#039;, os.version: &#039;10.0&#039;, java.version: &#039;1.8.0_111&#039;
Driver info: org.openqa.selenium.chrome.ChromeDriver
Capabilities {acceptInsecureCerts: false, browserName: chrome, browserVersion: 107.0.5304.122, chrome: {chromedriverVersion: 106.0.5249.61 (511755355844..., userDataDir: C:\Users\Rakesh\AppData\Loc...}, goog:chromeOptions: {debuggerAddress: localhost:54194}, javascriptEnabled: true, networkConnectionEnabled: false, pageLoadStrategy: normal, platform: WINDOWS, platformName: WINDOWS, proxy: Proxy(), setWindowRect: true, strictFileInteractability: false, timeouts: {implicit: 0, pageLoad: 300000, script: 30000}, unhandledPromptBehavior: dismiss and notify, webauthn:extension:credBlob: true, webauthn:extension:largeBlob: true, webauthn:virtualAuthenticators: true}
Session ID: 4e5b63374159fa2ea6e25ee1b1617078">
      <![CDATA[org.openqa.selenium.ElementClickInterceptedException: element click intercepted: Element <select class="custom-select" id="DateOptions_" onchange="REPORTVIEW.applyDateSetting(this,'id_starting_date_' + '', 'id_ending_date_' + '', '132382978', '132516872', '4', '1')">...</select> is not clickable at point (1017, 445). Other element would receive the click: <body class=" custom_scrollbar" style="background-color:#f5f7f7 !important" onscroll="mainScroll(this, event);" onkeydown="return onBodyKeyDown(this, event);" data-version="2">...</body>
  (Session info: chrome=107.0.5304.122)
Build info: version: '3.12.0', revision: '7c6e0b3', time: '2018-05-08T14:04:26.12Z'
System info: host: 'FOCUS-QA-10', ip: '192.168.4.206', os.name: 'Windows 10', os.arch: 'amd64', os.version: '10.0', java.version: '1.8.0_111'
Driver info: org.openqa.selenium.chrome.ChromeDriver
Capabilities {acceptInsecureCerts: false, browserName: chrome, browserVersion: 107.0.5304.122, chrome: {chromedriverVersion: 106.0.5249.61 (511755355844..., userDataDir: C:\Users\Rakesh\AppData\Loc...}, goog:chromeOptions: {debuggerAddress: localhost:54194}, javascriptEnabled: true, networkConnectionEnabled: false, pageLoadStrategy: normal, platform: WINDOWS, platformName: WINDOWS, proxy: Proxy(), setWindowRect: true, strictFileInteractability: false, timeouts: {implicit: 0, pageLoad: 300000, script: 30000}, unhandledPromptBehavior: dismiss and notify, webauthn:extension:credBlob: true, webauthn:extension:largeBlob: true, webauthn:virtualAuthenticators: true}
Session ID: 4e5b63374159fa2ea6e25ee1b1617078
	at sun.reflect.NativeConstructorAccessorImpl.newInstance0(Native Method)
	at sun.reflect.NativeConstructorAccessorImpl.newInstance(Unknown Source)
	at sun.reflect.DelegatingConstructorAccessorImpl.newInstance(Unknown Source)
	at java.lang.reflect.Constructor.newInstance(Unknown Source)
	at org.openqa.selenium.remote.http.W3CHttpResponseCodec.createException(W3CHttpResponseCodec.java:187)
	at org.openqa.selenium.remote.http.W3CHttpResponseCodec.decode(W3CHttpResponseCodec.java:122)
	at org.openqa.selenium.remote.http.W3CHttpResponseCodec.decode(W3CHttpResponseCodec.java:49)
	at org.openqa.selenium.remote.HttpCommandExecutor.execute(HttpCommandExecutor.java:158)
	at org.openqa.selenium.remote.service.DriverCommandExecutor.execute(DriverCommandExecutor.java:83)
	at org.openqa.selenium.remote.RemoteWebDriver.execute(RemoteWebDriver.java:543)
	at org.openqa.selenium.remote.RemoteWebElement.execute(RemoteWebElement.java:276)
	at org.openqa.selenium.remote.RemoteWebElement.click(RemoteWebElement.java:83)
	at sun.reflect.GeneratedMethodAccessor4.invoke(Unknown Source)
	at sun.reflect.DelegatingMethodAccessorImpl.invoke(Unknown Source)
	at java.lang.reflect.Method.invoke(Unknown Source)
	at org.openqa.selenium.support.pagefactory.internal.LocatingElementHandler.invoke(LocatingElementHandler.java:51)
	at com.sun.proxy.$Proxy15.click(Unknown Source)
	at com.focus.Pages.FinancilaReportsXPage.checkDayBookReport(FinancilaReportsXPage.java:5327)
	at com.focus.testcases.FinancialReportsXTest.checkDayBookReport(FinancialReportsXTest.java:172)
	at sun.reflect.NativeMethodAccessorImpl.invoke0(Native Method)
	at sun.reflect.NativeMethodAccessorImpl.invoke(Unknown Source)
	at sun.reflect.DelegatingMethodAccessorImpl.invoke(Unknown Source)
	at java.lang.reflect.Method.invoke(Unknown Source)
	at org.testng.internal.MethodInvocationHelper.invokeMethod(MethodInvocationHelper.java:86)
	at org.testng.internal.Invoker.invokeMethod(Invoker.java:643)
	at org.testng.internal.Invoker.invokeTestMethod(Invoker.java:820)
	at org.testng.internal.Invoker.invokeTestMethods(Invoker.java:1128)
	at org.testng.internal.TestMethodWorker.invokeTestMethods(TestMethodWorker.java:129)
	at org.testng.internal.TestMethodWorker.run(TestMethodWorker.java:112)
	at org.testng.TestRunner.privateRun(TestRunner.java:782)
	at org.testng.TestRunner.run(TestRunner.java:632)
	at org.testng.SuiteRunner.runTest(SuiteRunner.java:366)
	at org.testng.SuiteRunner.runSequentially(SuiteRunner.java:361)
	at org.testng.SuiteRunner.privateRun(SuiteRunner.java:319)
	at org.testng.SuiteRunner.run(SuiteRunner.java:268)
	at org.testng.SuiteRunnerWorker.runSuite(SuiteRunnerWorker.java:52)
	at org.testng.SuiteRunnerWorker.run(SuiteRunnerWorker.java:86)
	at org.testng.TestNG.runSuitesSequentially(TestNG.java:1244)
	at org.testng.TestNG.runSuitesLocally(TestNG.java:1169)
	at org.testng.TestNG.run(TestNG.java:1064)
	at org.testng.remote.AbstractRemoteTestNG.run(AbstractRemoteTestNG.java:114)
	at org.testng.remote.RemoteTestNG.initAndRun(RemoteTestNG.java:251)
	at org.testng.remote.RemoteTestNG.main(RemoteTestNG.java:77)
]]>
    </error>
  </testcase> <!-- checkDayBookReport -->
  <testcase name="checkAccountQueryReport" time="18.928" classname="com.focus.testcases.FinancialReportsXTest"/>
  <testcase name="CheckCustomerListingOfOutstandingBillsReportBackTrackOption" time="13.824" classname="com.focus.testcases.FinancialReportsXTest"/>
  <testcase name="checkPrintOptionInBankReport" time="80.207" classname="com.focus.testcases.FinancialReportsXTest">
    <error type="org.openqa.selenium.TimeoutException" message="Expected condition failed: waiting for element to be clickable: Proxy element for: DefaultElementLocator &#039;By.xpath: (//*[@class=&#039;icon-print hiconright2&#039;])[2]&#039; (tried for 40 second(s) with 5000 milliseconds interval)">
      <![CDATA[org.openqa.selenium.TimeoutException: Expected condition failed: waiting for element to be clickable: Proxy element for: DefaultElementLocator 'By.xpath: (//*[@class='icon-print hiconright2'])[2]' (tried for 40 second(s) with 5000 milliseconds interval)
	at org.openqa.selenium.support.ui.FluentWait.timeoutException(FluentWait.java:303)
	at org.openqa.selenium.support.ui.FluentWait.until(FluentWait.java:271)
	at com.focus.Pages.FinancilaReportsXPage.checkPrintOptionInBankReport(FinancilaReportsXPage.java:4404)
	at com.focus.testcases.FinancialReportsXTest.checkPrintOptionInBankReport(FinancialReportsXTest.java:151)
	at sun.reflect.NativeMethodAccessorImpl.invoke0(Native Method)
	at sun.reflect.NativeMethodAccessorImpl.invoke(Unknown Source)
	at sun.reflect.DelegatingMethodAccessorImpl.invoke(Unknown Source)
	at java.lang.reflect.Method.invoke(Unknown Source)
	at org.testng.internal.MethodInvocationHelper.invokeMethod(MethodInvocationHelper.java:86)
	at org.testng.internal.Invoker.invokeMethod(Invoker.java:643)
	at org.testng.internal.Invoker.invokeTestMethod(Invoker.java:820)
	at org.testng.internal.Invoker.invokeTestMethods(Invoker.java:1128)
	at org.testng.internal.TestMethodWorker.invokeTestMethods(TestMethodWorker.java:129)
	at org.testng.internal.TestMethodWorker.run(TestMethodWorker.java:112)
	at org.testng.TestRunner.privateRun(TestRunner.java:782)
	at org.testng.TestRunner.run(TestRunner.java:632)
	at org.testng.SuiteRunner.runTest(SuiteRunner.java:366)
	at org.testng.SuiteRunner.runSequentially(SuiteRunner.java:361)
	at org.testng.SuiteRunner.privateRun(SuiteRunner.java:319)
	at org.testng.SuiteRunner.run(SuiteRunner.java:268)
	at org.testng.SuiteRunnerWorker.runSuite(SuiteRunnerWorker.java:52)
	at org.testng.SuiteRunnerWorker.run(SuiteRunnerWorker.java:86)
	at org.testng.TestNG.runSuitesSequentially(TestNG.java:1244)
	at org.testng.TestNG.runSuitesLocally(TestNG.java:1169)
	at org.testng.TestNG.run(TestNG.java:1064)
	at org.testng.remote.AbstractRemoteTestNG.run(AbstractRemoteTestNG.java:114)
	at org.testng.remote.RemoteTestNG.initAndRun(RemoteTestNG.java:251)
	at org.testng.remote.RemoteTestNG.main(RemoteTestNG.java:77)
Caused by: org.openqa.selenium.NoSuchElementException: no such element: Unable to locate element: {"method":"xpath","selector":"(//*[@class='icon-print hiconright2'])[2]"}
  (Session info: chrome=107.0.5304.122)
For documentation on this error, please visit: http://seleniumhq.org/exceptions/no_such_element.html
Build info: version: '3.12.0', revision: '7c6e0b3', time: '2018-05-08T14:04:26.12Z'
System info: host: 'FOCUS-QA-10', ip: '192.168.4.206', os.name: 'Windows 10', os.arch: 'amd64', os.version: '10.0', java.version: '1.8.0_111'
Driver info: org.openqa.selenium.chrome.ChromeDriver
Capabilities {acceptInsecureCerts: false, browserName: chrome, browserVersion: 107.0.5304.122, chrome: {chromedriverVersion: 106.0.5249.61 (511755355844..., userDataDir: C:\Users\Rakesh\AppData\Loc...}, goog:chromeOptions: {debuggerAddress: localhost:54194}, javascriptEnabled: true, networkConnectionEnabled: false, pageLoadStrategy: normal, platform: WINDOWS, platformName: WINDOWS, proxy: Proxy(), setWindowRect: true, strictFileInteractability: false, timeouts: {implicit: 0, pageLoad: 300000, script: 30000}, unhandledPromptBehavior: dismiss and notify, webauthn:extension:credBlob: true, webauthn:extension:largeBlob: true, webauthn:virtualAuthenticators: true}
Session ID: 4e5b63374159fa2ea6e25ee1b1617078
*** Element info: {Using=xpath, value=(//*[@class='icon-print hiconright2'])[2]}
	at sun.reflect.GeneratedConstructorAccessor43.newInstance(Unknown Source)
	at sun.reflect.DelegatingConstructorAccessorImpl.newInstance(Unknown Source)
	at java.lang.reflect.Constructor.newInstance(Unknown Source)
	at org.openqa.selenium.remote.http.W3CHttpResponseCodec.createException(W3CHttpResponseCodec.java:187)
	at org.openqa.selenium.remote.http.W3CHttpResponseCodec.decode(W3CHttpResponseCodec.java:122)
	at org.openqa.selenium.remote.http.W3CHttpResponseCodec.decode(W3CHttpResponseCodec.java:49)
	at org.openqa.selenium.remote.HttpCommandExecutor.execute(HttpCommandExecutor.java:158)
	at org.openqa.selenium.remote.service.DriverCommandExecutor.execute(DriverCommandExecutor.java:83)
	at org.openqa.selenium.remote.RemoteWebDriver.execute(RemoteWebDriver.java:543)
	at org.openqa.selenium.remote.RemoteWebDriver.findElement(RemoteWebDriver.java:317)
	at org.openqa.selenium.remote.RemoteWebDriver.findElementByXPath(RemoteWebDriver.java:419)
	at org.openqa.selenium.By$ByXPath.findElement(By.java:353)
	at org.openqa.selenium.remote.RemoteWebDriver.findElement(RemoteWebDriver.java:309)
	at org.openqa.selenium.support.pagefactory.DefaultElementLocator.findElement(DefaultElementLocator.java:69)
	at org.openqa.selenium.support.pagefactory.internal.LocatingElementHandler.invoke(LocatingElementHandler.java:38)
	at com.sun.proxy.$Proxy15.isDisplayed(Unknown Source)
	at org.openqa.selenium.support.ui.ExpectedConditions.elementIfVisible(ExpectedConditions.java:315)
	at org.openqa.selenium.support.ui.ExpectedConditions.access$100(ExpectedConditions.java:44)
	at org.openqa.selenium.support.ui.ExpectedConditions$10.apply(ExpectedConditions.java:301)
	at org.openqa.selenium.support.ui.ExpectedConditions$10.apply(ExpectedConditions.java:298)
	at org.openqa.selenium.support.ui.ExpectedConditions$23.apply(ExpectedConditions.java:686)
	at org.openqa.selenium.support.ui.ExpectedConditions$23.apply(ExpectedConditions.java:682)
	at org.openqa.selenium.support.ui.FluentWait.until(FluentWait.java:248)
	... 26 more
]]>
    </error>
  </testcase> <!-- checkPrintOptionInBankReport -->
  <testcase name="checkProductLabelReport" time="16.123" classname="com.focus.testcases.FinancialReportsXTest"/>
  <testcase name="checkInterestCalculationReportBackTrackOption" time="24.335" classname="com.focus.testcases.FinancialReportsXTest"/>
  <testcase name="checkSalesRegisterReportBackTrackOption" time="18.472" classname="com.focus.testcases.FinancialReportsXTest"/>
  <testcase name="checkCashBookReport" time="47.167" classname="com.focus.testcases.FinancialReportsXTest">
    <failure type="java.lang.AssertionError" message="expected [true] but found [false]">
      <![CDATA[java.lang.AssertionError: expected [true] but found [false]
	at org.testng.Assert.fail(Assert.java:94)
	at org.testng.Assert.failNotEquals(Assert.java:513)
	at org.testng.Assert.assertEqualsImpl(Assert.java:135)
	at org.testng.Assert.assertEquals(Assert.java:116)
	at org.testng.Assert.assertEquals(Assert.java:305)
	at org.testng.Assert.assertEquals(Assert.java:315)
	at com.focus.testcases.FinancialReportsXTest.checkCashBookReport(FinancialReportsXTest.java:126)
	at sun.reflect.NativeMethodAccessorImpl.invoke0(Native Method)
	at sun.reflect.NativeMethodAccessorImpl.invoke(Unknown Source)
	at sun.reflect.DelegatingMethodAccessorImpl.invoke(Unknown Source)
	at java.lang.reflect.Method.invoke(Unknown Source)
	at org.testng.internal.MethodInvocationHelper.invokeMethod(MethodInvocationHelper.java:86)
	at org.testng.internal.Invoker.invokeMethod(Invoker.java:643)
	at org.testng.internal.Invoker.invokeTestMethod(Invoker.java:820)
	at org.testng.internal.Invoker.invokeTestMethods(Invoker.java:1128)
	at org.testng.internal.TestMethodWorker.invokeTestMethods(TestMethodWorker.java:129)
	at org.testng.internal.TestMethodWorker.run(TestMethodWorker.java:112)
	at org.testng.TestRunner.privateRun(TestRunner.java:782)
	at org.testng.TestRunner.run(TestRunner.java:632)
	at org.testng.SuiteRunner.runTest(SuiteRunner.java:366)
	at org.testng.SuiteRunner.runSequentially(SuiteRunner.java:361)
	at org.testng.SuiteRunner.privateRun(SuiteRunner.java:319)
	at org.testng.SuiteRunner.run(SuiteRunner.java:268)
	at org.testng.SuiteRunnerWorker.runSuite(SuiteRunnerWorker.java:52)
	at org.testng.SuiteRunnerWorker.run(SuiteRunnerWorker.java:86)
	at org.testng.TestNG.runSuitesSequentially(TestNG.java:1244)
	at org.testng.TestNG.runSuitesLocally(TestNG.java:1169)
	at org.testng.TestNG.run(TestNG.java:1064)
	at org.testng.remote.AbstractRemoteTestNG.run(AbstractRemoteTestNG.java:114)
	at org.testng.remote.RemoteTestNG.initAndRun(RemoteTestNG.java:251)
	at org.testng.remote.RemoteTestNG.main(RemoteTestNG.java:77)
]]>
    </failure>
  </testcase> <!-- checkCashBookReport -->
  <testcase name="CheckPrintAndCustomiseOptionnIncustomerSummaryCustomerBillWiseSummeryReport" time="4.602" classname="com.focus.testcases.FinancialReportsXTest">
    <error type="org.openqa.selenium.ElementClickInterceptedException" message="element click intercepted: Element &lt;span id=&quot;id_Default_spanPlus&quot; class=&quot;icon-new pull-left&quot;&gt;&lt;/span&gt; is not clickable at point (121, 232). Other element would receive the click: &lt;div id=&quot;CustomizeTransTree&quot; data-text=&quot;hide&quot; style=&quot;cursor:pointer;border-bottom:1px solid lightgray;overflow: auto;margin-top:10px;padding-left: 0px;&quot;&gt;...&lt;/div&gt;
  (Session info: chrome=107.0.5304.122)
Build info: version: &#039;3.12.0&#039;, revision: &#039;7c6e0b3&#039;, time: &#039;2018-05-08T14:04:26.12Z&#039;
System info: host: &#039;FOCUS-QA-10&#039;, ip: &#039;192.168.4.206&#039;, os.name: &#039;Windows 10&#039;, os.arch: &#039;amd64&#039;, os.version: &#039;10.0&#039;, java.version: &#039;1.8.0_111&#039;
Driver info: org.openqa.selenium.chrome.ChromeDriver
Capabilities {acceptInsecureCerts: false, browserName: chrome, browserVersion: 107.0.5304.122, chrome: {chromedriverVersion: 106.0.5249.61 (511755355844..., userDataDir: C:\Users\Rakesh\AppData\Loc...}, goog:chromeOptions: {debuggerAddress: localhost:54194}, javascriptEnabled: true, networkConnectionEnabled: false, pageLoadStrategy: normal, platform: WINDOWS, platformName: WINDOWS, proxy: Proxy(), setWindowRect: true, strictFileInteractability: false, timeouts: {implicit: 0, pageLoad: 300000, script: 30000}, unhandledPromptBehavior: dismiss and notify, webauthn:extension:credBlob: true, webauthn:extension:largeBlob: true, webauthn:virtualAuthenticators: true}
Session ID: 4e5b63374159fa2ea6e25ee1b1617078">
      <![CDATA[org.openqa.selenium.ElementClickInterceptedException: element click intercepted: Element <span id="id_Default_spanPlus" class="icon-new pull-left"></span> is not clickable at point (121, 232). Other element would receive the click: <div id="CustomizeTransTree" data-text="hide" style="cursor:pointer;border-bottom:1px solid lightgray;overflow: auto;margin-top:10px;padding-left: 0px;">...</div>
  (Session info: chrome=107.0.5304.122)
Build info: version: '3.12.0', revision: '7c6e0b3', time: '2018-05-08T14:04:26.12Z'
System info: host: 'FOCUS-QA-10', ip: '192.168.4.206', os.name: 'Windows 10', os.arch: 'amd64', os.version: '10.0', java.version: '1.8.0_111'
Driver info: org.openqa.selenium.chrome.ChromeDriver
Capabilities {acceptInsecureCerts: false, browserName: chrome, browserVersion: 107.0.5304.122, chrome: {chromedriverVersion: 106.0.5249.61 (511755355844..., userDataDir: C:\Users\Rakesh\AppData\Loc...}, goog:chromeOptions: {debuggerAddress: localhost:54194}, javascriptEnabled: true, networkConnectionEnabled: false, pageLoadStrategy: normal, platform: WINDOWS, platformName: WINDOWS, proxy: Proxy(), setWindowRect: true, strictFileInteractability: false, timeouts: {implicit: 0, pageLoad: 300000, script: 30000}, unhandledPromptBehavior: dismiss and notify, webauthn:extension:credBlob: true, webauthn:extension:largeBlob: true, webauthn:virtualAuthenticators: true}
Session ID: 4e5b63374159fa2ea6e25ee1b1617078
	at sun.reflect.GeneratedConstructorAccessor45.newInstance(Unknown Source)
	at sun.reflect.DelegatingConstructorAccessorImpl.newInstance(Unknown Source)
	at java.lang.reflect.Constructor.newInstance(Unknown Source)
	at org.openqa.selenium.remote.http.W3CHttpResponseCodec.createException(W3CHttpResponseCodec.java:187)
	at org.openqa.selenium.remote.http.W3CHttpResponseCodec.decode(W3CHttpResponseCodec.java:122)
	at org.openqa.selenium.remote.http.W3CHttpResponseCodec.decode(W3CHttpResponseCodec.java:49)
	at org.openqa.selenium.remote.HttpCommandExecutor.execute(HttpCommandExecutor.java:158)
	at org.openqa.selenium.remote.service.DriverCommandExecutor.execute(DriverCommandExecutor.java:83)
	at org.openqa.selenium.remote.RemoteWebDriver.execute(RemoteWebDriver.java:543)
	at org.openqa.selenium.remote.RemoteWebElement.execute(RemoteWebElement.java:276)
	at org.openqa.selenium.remote.RemoteWebElement.click(RemoteWebElement.java:83)
	at sun.reflect.GeneratedMethodAccessor4.invoke(Unknown Source)
	at sun.reflect.DelegatingMethodAccessorImpl.invoke(Unknown Source)
	at java.lang.reflect.Method.invoke(Unknown Source)
	at org.openqa.selenium.support.pagefactory.internal.LocatingElementHandler.invoke(LocatingElementHandler.java:51)
	at com.sun.proxy.$Proxy15.click(Unknown Source)
	at com.focus.Pages.FinancilaReportsXPage.CheckPrintAndCustomiseOptionnIncustomerSummaryCustomerBillWiseSummeryReport(FinancilaReportsXPage.java:42063)
	at com.focus.testcases.FinancialReportsXTest.CheckPrintAndCustomiseOptionnIncustomerSummaryCustomerBillWiseSummeryReport(FinancialReportsXTest.java:1537)
	at sun.reflect.NativeMethodAccessorImpl.invoke0(Native Method)
	at sun.reflect.NativeMethodAccessorImpl.invoke(Unknown Source)
	at sun.reflect.DelegatingMethodAccessorImpl.invoke(Unknown Source)
	at java.lang.reflect.Method.invoke(Unknown Source)
	at org.testng.internal.MethodInvocationHelper.invokeMethod(MethodInvocationHelper.java:86)
	at org.testng.internal.Invoker.invokeMethod(Invoker.java:643)
	at org.testng.internal.Invoker.invokeTestMethod(Invoker.java:820)
	at org.testng.internal.Invoker.invokeTestMethods(Invoker.java:1128)
	at org.testng.internal.TestMethodWorker.invokeTestMethods(TestMethodWorker.java:129)
	at org.testng.internal.TestMethodWorker.run(TestMethodWorker.java:112)
	at org.testng.TestRunner.privateRun(TestRunner.java:782)
	at org.testng.TestRunner.run(TestRunner.java:632)
	at org.testng.SuiteRunner.runTest(SuiteRunner.java:366)
	at org.testng.SuiteRunner.runSequentially(SuiteRunner.java:361)
	at org.testng.SuiteRunner.privateRun(SuiteRunner.java:319)
	at org.testng.SuiteRunner.run(SuiteRunner.java:268)
	at org.testng.SuiteRunnerWorker.runSuite(SuiteRunnerWorker.java:52)
	at org.testng.SuiteRunnerWorker.run(SuiteRunnerWorker.java:86)
	at org.testng.TestNG.runSuitesSequentially(TestNG.java:1244)
	at org.testng.TestNG.runSuitesLocally(TestNG.java:1169)
	at org.testng.TestNG.run(TestNG.java:1064)
	at org.testng.remote.AbstractRemoteTestNG.run(AbstractRemoteTestNG.java:114)
	at org.testng.remote.RemoteTestNG.initAndRun(RemoteTestNG.java:251)
	at org.testng.remote.RemoteTestNG.main(RemoteTestNG.java:77)
]]>
    </error>
  </testcase> <!-- CheckPrintAndCustomiseOptionnIncustomerSummaryCustomerBillWiseSummeryReport -->
  <testcase name="checkVendorSummeryVendorSummaryAgeingByDueDateReportBackTrackOption" time="1.193" classname="com.focus.testcases.FinancialReportsXTest">
    <error type="org.openqa.selenium.ElementClickInterceptedException" message="element click intercepted: Element &lt;td data-ifieldid=&quot;1&quot; data-datatypeid=&quot;0&quot; onclick=&quot;REPORTRENDER.GetFieldId(this);&quot; id=&quot;tdSort_0_col_Account_&quot; class=&quot;TextAlignLeft&quot; colspan=&quot;0&quot; style=&quot;border-style: none; font-style: normal; font-weight: normal; font-size: 12px; width: 120px;&quot;&gt;...&lt;/td&gt; is not clickable at point (206, 175). Other element would receive the click: &lt;div id=&quot;fullScreen&quot; class=&quot;modal fade right show&quot; role=&quot;dialog&quot; data-backdrop=&quot;static&quot; style=&quot;z-index: 10000001; padding-right: 10px; display: block;&quot; aria-modal=&quot;true&quot;&gt;...&lt;/div&gt;
  (Session info: chrome=107.0.5304.122)
Build info: version: &#039;3.12.0&#039;, revision: &#039;7c6e0b3&#039;, time: &#039;2018-05-08T14:04:26.12Z&#039;
System info: host: &#039;FOCUS-QA-10&#039;, ip: &#039;192.168.4.206&#039;, os.name: &#039;Windows 10&#039;, os.arch: &#039;amd64&#039;, os.version: &#039;10.0&#039;, java.version: &#039;1.8.0_111&#039;
Driver info: org.openqa.selenium.chrome.ChromeDriver
Capabilities {acceptInsecureCerts: false, browserName: chrome, browserVersion: 107.0.5304.122, chrome: {chromedriverVersion: 106.0.5249.61 (511755355844..., userDataDir: C:\Users\Rakesh\AppData\Loc...}, goog:chromeOptions: {debuggerAddress: localhost:54194}, javascriptEnabled: true, networkConnectionEnabled: false, pageLoadStrategy: normal, platform: WINDOWS, platformName: WINDOWS, proxy: Proxy(), setWindowRect: true, strictFileInteractability: false, timeouts: {implicit: 0, pageLoad: 300000, script: 30000}, unhandledPromptBehavior: dismiss and notify, webauthn:extension:credBlob: true, webauthn:extension:largeBlob: true, webauthn:virtualAuthenticators: true}
Session ID: 4e5b63374159fa2ea6e25ee1b1617078">
      <![CDATA[org.openqa.selenium.ElementClickInterceptedException: element click intercepted: Element <td data-ifieldid="1" data-datatypeid="0" onclick="REPORTRENDER.GetFieldId(this);" id="tdSort_0_col_Account_" class="TextAlignLeft" colspan="0" style="border-style: none; font-style: normal; font-weight: normal; font-size: 12px; width: 120px;">...</td> is not clickable at point (206, 175). Other element would receive the click: <div id="fullScreen" class="modal fade right show" role="dialog" data-backdrop="static" style="z-index: 10000001; padding-right: 10px; display: block;" aria-modal="true">...</div>
  (Session info: chrome=107.0.5304.122)
Build info: version: '3.12.0', revision: '7c6e0b3', time: '2018-05-08T14:04:26.12Z'
System info: host: 'FOCUS-QA-10', ip: '192.168.4.206', os.name: 'Windows 10', os.arch: 'amd64', os.version: '10.0', java.version: '1.8.0_111'
Driver info: org.openqa.selenium.chrome.ChromeDriver
Capabilities {acceptInsecureCerts: false, browserName: chrome, browserVersion: 107.0.5304.122, chrome: {chromedriverVersion: 106.0.5249.61 (511755355844..., userDataDir: C:\Users\Rakesh\AppData\Loc...}, goog:chromeOptions: {debuggerAddress: localhost:54194}, javascriptEnabled: true, networkConnectionEnabled: false, pageLoadStrategy: normal, platform: WINDOWS, platformName: WINDOWS, proxy: Proxy(), setWindowRect: true, strictFileInteractability: false, timeouts: {implicit: 0, pageLoad: 300000, script: 30000}, unhandledPromptBehavior: dismiss and notify, webauthn:extension:credBlob: true, webauthn:extension:largeBlob: true, webauthn:virtualAuthenticators: true}
Session ID: 4e5b63374159fa2ea6e25ee1b1617078
	at sun.reflect.GeneratedConstructorAccessor45.newInstance(Unknown Source)
	at sun.reflect.DelegatingConstructorAccessorImpl.newInstance(Unknown Source)
	at java.lang.reflect.Constructor.newInstance(Unknown Source)
	at org.openqa.selenium.remote.http.W3CHttpResponseCodec.createException(W3CHttpResponseCodec.java:187)
	at org.openqa.selenium.remote.http.W3CHttpResponseCodec.decode(W3CHttpResponseCodec.java:122)
	at org.openqa.selenium.remote.http.W3CHttpResponseCodec.decode(W3CHttpResponseCodec.java:49)
	at org.openqa.selenium.remote.HttpCommandExecutor.execute(HttpCommandExecutor.java:158)
	at org.openqa.selenium.remote.service.DriverCommandExecutor.execute(DriverCommandExecutor.java:83)
	at org.openqa.selenium.remote.RemoteWebDriver.execute(RemoteWebDriver.java:543)
	at org.openqa.selenium.remote.RemoteWebElement.execute(RemoteWebElement.java:276)
	at org.openqa.selenium.remote.RemoteWebElement.click(RemoteWebElement.java:83)
	at com.focus.Pages.FinancilaReportsXPage.checkVendorSummeryVendorSummaryAgeingByDueDateReportBackTrackOption(FinancilaReportsXPage.java:46111)
	at com.focus.testcases.FinancialReportsXTest.checkVendorSummeryVendorSummaryAgeingByDueDateReportBackTrackOption(FinancialReportsXTest.java:1751)
	at sun.reflect.NativeMethodAccessorImpl.invoke0(Native Method)
	at sun.reflect.NativeMethodAccessorImpl.invoke(Unknown Source)
	at sun.reflect.DelegatingMethodAccessorImpl.invoke(Unknown Source)
	at java.lang.reflect.Method.invoke(Unknown Source)
	at org.testng.internal.MethodInvocationHelper.invokeMethod(MethodInvocationHelper.java:86)
	at org.testng.internal.Invoker.invokeMethod(Invoker.java:643)
	at org.testng.internal.Invoker.invokeTestMethod(Invoker.java:820)
	at org.testng.internal.Invoker.invokeTestMethods(Invoker.java:1128)
	at org.testng.internal.TestMethodWorker.invokeTestMethods(TestMethodWorker.java:129)
	at org.testng.internal.TestMethodWorker.run(TestMethodWorker.java:112)
	at org.testng.TestRunner.privateRun(TestRunner.java:782)
	at org.testng.TestRunner.run(TestRunner.java:632)
	at org.testng.SuiteRunner.runTest(SuiteRunner.java:366)
	at org.testng.SuiteRunner.runSequentially(SuiteRunner.java:361)
	at org.testng.SuiteRunner.privateRun(SuiteRunner.java:319)
	at org.testng.SuiteRunner.run(SuiteRunner.java:268)
	at org.testng.SuiteRunnerWorker.runSuite(SuiteRunnerWorker.java:52)
	at org.testng.SuiteRunnerWorker.run(SuiteRunnerWorker.java:86)
	at org.testng.TestNG.runSuitesSequentially(TestNG.java:1244)
	at org.testng.TestNG.runSuitesLocally(TestNG.java:1169)
	at org.testng.TestNG.run(TestNG.java:1064)
	at org.testng.remote.AbstractRemoteTestNG.run(AbstractRemoteTestNG.java:114)
	at org.testng.remote.RemoteTestNG.initAndRun(RemoteTestNG.java:251)
	at org.testng.remote.RemoteTestNG.main(RemoteTestNG.java:77)
]]>
    </error>
  </testcase> <!-- checkVendorSummeryVendorSummaryAgeingByDueDateReportBackTrackOption -->
  <testcase name="checkSalesAdvanceVATReport" time="60.794" classname="com.focus.testcases.FinancialReportsXTest">
    <error type="org.openqa.selenium.TimeoutException" message="Expected condition failed: waiting for element to be clickable: [[ChromeDriver: chrome on WINDOWS (4e5b63374159fa2ea6e25ee1b1617078)] -&gt; xpath: //*[@id=&#039;5021&#039;]/following-sibling::span] (tried for 40 second(s) with 5000 milliseconds interval)
Build info: version: &#039;3.12.0&#039;, revision: &#039;7c6e0b3&#039;, time: &#039;2018-05-08T14:04:26.12Z&#039;
System info: host: &#039;FOCUS-QA-10&#039;, ip: &#039;192.168.4.206&#039;, os.name: &#039;Windows 10&#039;, os.arch: &#039;amd64&#039;, os.version: &#039;10.0&#039;, java.version: &#039;1.8.0_111&#039;
Driver info: driver.version: unknown">
      <![CDATA[org.openqa.selenium.TimeoutException: Expected condition failed: waiting for element to be clickable: [[ChromeDriver: chrome on WINDOWS (4e5b63374159fa2ea6e25ee1b1617078)] -> xpath: //*[@id='5021']/following-sibling::span] (tried for 40 second(s) with 5000 milliseconds interval)
Build info: version: '3.12.0', revision: '7c6e0b3', time: '2018-05-08T14:04:26.12Z'
System info: host: 'FOCUS-QA-10', ip: '192.168.4.206', os.name: 'Windows 10', os.arch: 'amd64', os.version: '10.0', java.version: '1.8.0_111'
Driver info: driver.version: unknown
	at org.openqa.selenium.support.ui.FluentWait.timeoutException(FluentWait.java:303)
	at org.openqa.selenium.support.ui.FluentWait.until(FluentWait.java:271)
	at com.focus.Pages.FinancilaReportsXPage.checkSalesAdavanceVATReport(FinancilaReportsXPage.java:15391)
	at com.focus.testcases.FinancialReportsXTest.checkSalesAdvanceVATReport(FinancialReportsXTest.java:563)
	at sun.reflect.NativeMethodAccessorImpl.invoke0(Native Method)
	at sun.reflect.NativeMethodAccessorImpl.invoke(Unknown Source)
	at sun.reflect.DelegatingMethodAccessorImpl.invoke(Unknown Source)
	at java.lang.reflect.Method.invoke(Unknown Source)
	at org.testng.internal.MethodInvocationHelper.invokeMethod(MethodInvocationHelper.java:86)
	at org.testng.internal.Invoker.invokeMethod(Invoker.java:643)
	at org.testng.internal.Invoker.invokeTestMethod(Invoker.java:820)
	at org.testng.internal.Invoker.invokeTestMethods(Invoker.java:1128)
	at org.testng.internal.TestMethodWorker.invokeTestMethods(TestMethodWorker.java:129)
	at org.testng.internal.TestMethodWorker.run(TestMethodWorker.java:112)
	at org.testng.TestRunner.privateRun(TestRunner.java:782)
	at org.testng.TestRunner.run(TestRunner.java:632)
	at org.testng.SuiteRunner.runTest(SuiteRunner.java:366)
	at org.testng.SuiteRunner.runSequentially(SuiteRunner.java:361)
	at org.testng.SuiteRunner.privateRun(SuiteRunner.java:319)
	at org.testng.SuiteRunner.run(SuiteRunner.java:268)
	at org.testng.SuiteRunnerWorker.runSuite(SuiteRunnerWorker.java:52)
	at org.testng.SuiteRunnerWorker.run(SuiteRunnerWorker.java:86)
	at org.testng.TestNG.runSuitesSequentially(TestNG.java:1244)
	at org.testng.TestNG.runSuitesLocally(TestNG.java:1169)
	at org.testng.TestNG.run(TestNG.java:1064)
	at org.testng.remote.AbstractRemoteTestNG.run(AbstractRemoteTestNG.java:114)
	at org.testng.remote.RemoteTestNG.initAndRun(RemoteTestNG.java:251)
	at org.testng.remote.RemoteTestNG.main(RemoteTestNG.java:77)
]]>
    </error>
  </testcase> <!-- checkSalesAdvanceVATReport -->
  <testcase name="checkFinancialLedgerDetailsReport" time="9.322" classname="com.focus.testcases.FinancialReportsXTest">
    <error type="org.openqa.selenium.ElementClickInterceptedException" message="element click intercepted: Element &lt;select class=&quot;custom-select&quot; id=&quot;DateOptions_&quot; onchange=&quot;REPORTVIEW.applyDateSetting(this,&#039;id_starting_date_&#039; + &#039;&#039;, &#039;id_ending_date_&#039; + &#039;&#039;, &#039;132382978&#039;, &#039;132516872&#039;, &#039;4&#039;, &#039;1&#039;)&quot;&gt;...&lt;/select&gt; is not clickable at point (1168, 580). Other element would receive the click: &lt;body class=&quot; custom_scrollbar&quot; style=&quot;background-color:#f5f7f7 !important&quot; onscroll=&quot;mainScroll(this, event);&quot; onkeydown=&quot;return onBodyKeyDown(this, event);&quot; data-version=&quot;2&quot;&gt;...&lt;/body&gt;
  (Session info: chrome=107.0.5304.122)
Build info: version: &#039;3.12.0&#039;, revision: &#039;7c6e0b3&#039;, time: &#039;2018-05-08T14:04:26.12Z&#039;
System info: host: &#039;FOCUS-QA-10&#039;, ip: &#039;192.168.4.206&#039;, os.name: &#039;Windows 10&#039;, os.arch: &#039;amd64&#039;, os.version: &#039;10.0&#039;, java.version: &#039;1.8.0_111&#039;
Driver info: org.openqa.selenium.chrome.ChromeDriver
Capabilities {acceptInsecureCerts: false, browserName: chrome, browserVersion: 107.0.5304.122, chrome: {chromedriverVersion: 106.0.5249.61 (511755355844..., userDataDir: C:\Users\Rakesh\AppData\Loc...}, goog:chromeOptions: {debuggerAddress: localhost:54194}, javascriptEnabled: true, networkConnectionEnabled: false, pageLoadStrategy: normal, platform: WINDOWS, platformName: WINDOWS, proxy: Proxy(), setWindowRect: true, strictFileInteractability: false, timeouts: {implicit: 0, pageLoad: 300000, script: 30000}, unhandledPromptBehavior: dismiss and notify, webauthn:extension:credBlob: true, webauthn:extension:largeBlob: true, webauthn:virtualAuthenticators: true}
Session ID: 4e5b63374159fa2ea6e25ee1b1617078">
      <![CDATA[org.openqa.selenium.ElementClickInterceptedException: element click intercepted: Element <select class="custom-select" id="DateOptions_" onchange="REPORTVIEW.applyDateSetting(this,'id_starting_date_' + '', 'id_ending_date_' + '', '132382978', '132516872', '4', '1')">...</select> is not clickable at point (1168, 580). Other element would receive the click: <body class=" custom_scrollbar" style="background-color:#f5f7f7 !important" onscroll="mainScroll(this, event);" onkeydown="return onBodyKeyDown(this, event);" data-version="2">...</body>
  (Session info: chrome=107.0.5304.122)
Build info: version: '3.12.0', revision: '7c6e0b3', time: '2018-05-08T14:04:26.12Z'
System info: host: 'FOCUS-QA-10', ip: '192.168.4.206', os.name: 'Windows 10', os.arch: 'amd64', os.version: '10.0', java.version: '1.8.0_111'
Driver info: org.openqa.selenium.chrome.ChromeDriver
Capabilities {acceptInsecureCerts: false, browserName: chrome, browserVersion: 107.0.5304.122, chrome: {chromedriverVersion: 106.0.5249.61 (511755355844..., userDataDir: C:\Users\Rakesh\AppData\Loc...}, goog:chromeOptions: {debuggerAddress: localhost:54194}, javascriptEnabled: true, networkConnectionEnabled: false, pageLoadStrategy: normal, platform: WINDOWS, platformName: WINDOWS, proxy: Proxy(), setWindowRect: true, strictFileInteractability: false, timeouts: {implicit: 0, pageLoad: 300000, script: 30000}, unhandledPromptBehavior: dismiss and notify, webauthn:extension:credBlob: true, webauthn:extension:largeBlob: true, webauthn:virtualAuthenticators: true}
Session ID: 4e5b63374159fa2ea6e25ee1b1617078
	at sun.reflect.NativeConstructorAccessorImpl.newInstance0(Native Method)
	at sun.reflect.NativeConstructorAccessorImpl.newInstance(Unknown Source)
	at sun.reflect.DelegatingConstructorAccessorImpl.newInstance(Unknown Source)
	at java.lang.reflect.Constructor.newInstance(Unknown Source)
	at org.openqa.selenium.remote.http.W3CHttpResponseCodec.createException(W3CHttpResponseCodec.java:187)
	at org.openqa.selenium.remote.http.W3CHttpResponseCodec.decode(W3CHttpResponseCodec.java:122)
	at org.openqa.selenium.remote.http.W3CHttpResponseCodec.decode(W3CHttpResponseCodec.java:49)
	at org.openqa.selenium.remote.HttpCommandExecutor.execute(HttpCommandExecutor.java:158)
	at org.openqa.selenium.remote.service.DriverCommandExecutor.execute(DriverCommandExecutor.java:83)
	at org.openqa.selenium.remote.RemoteWebDriver.execute(RemoteWebDriver.java:543)
	at org.openqa.selenium.remote.RemoteWebElement.execute(RemoteWebElement.java:276)
	at org.openqa.selenium.remote.RemoteWebElement.click(RemoteWebElement.java:83)
	at sun.reflect.GeneratedMethodAccessor4.invoke(Unknown Source)
	at sun.reflect.DelegatingMethodAccessorImpl.invoke(Unknown Source)
	at java.lang.reflect.Method.invoke(Unknown Source)
	at org.openqa.selenium.support.pagefactory.internal.LocatingElementHandler.invoke(LocatingElementHandler.java:51)
	at com.sun.proxy.$Proxy15.click(Unknown Source)
	at com.focus.Pages.FinancilaReportsXPage.checkFinancialLedgerDetailsReport(FinancilaReportsXPage.java:1283)
	at com.focus.testcases.FinancialReportsXTest.checkFinancialLedgerDetailsReport(FinancialReportsXTest.java:65)
	at sun.reflect.NativeMethodAccessorImpl.invoke0(Native Method)
	at sun.reflect.NativeMethodAccessorImpl.invoke(Unknown Source)
	at sun.reflect.DelegatingMethodAccessorImpl.invoke(Unknown Source)
	at java.lang.reflect.Method.invoke(Unknown Source)
	at org.testng.internal.MethodInvocationHelper.invokeMethod(MethodInvocationHelper.java:86)
	at org.testng.internal.Invoker.invokeMethod(Invoker.java:643)
	at org.testng.internal.Invoker.invokeTestMethod(Invoker.java:820)
	at org.testng.internal.Invoker.invokeTestMethods(Invoker.java:1128)
	at org.testng.internal.TestMethodWorker.invokeTestMethods(TestMethodWorker.java:129)
	at org.testng.internal.TestMethodWorker.run(TestMethodWorker.java:112)
	at org.testng.TestRunner.privateRun(TestRunner.java:782)
	at org.testng.TestRunner.run(TestRunner.java:632)
	at org.testng.SuiteRunner.runTest(SuiteRunner.java:366)
	at org.testng.SuiteRunner.runSequentially(SuiteRunner.java:361)
	at org.testng.SuiteRunner.privateRun(SuiteRunner.java:319)
	at org.testng.SuiteRunner.run(SuiteRunner.java:268)
	at org.testng.SuiteRunnerWorker.runSuite(SuiteRunnerWorker.java:52)
	at org.testng.SuiteRunnerWorker.run(SuiteRunnerWorker.java:86)
	at org.testng.TestNG.runSuitesSequentially(TestNG.java:1244)
	at org.testng.TestNG.runSuitesLocally(TestNG.java:1169)
	at org.testng.TestNG.run(TestNG.java:1064)
	at org.testng.remote.AbstractRemoteTestNG.run(AbstractRemoteTestNG.java:114)
	at org.testng.remote.RemoteTestNG.initAndRun(RemoteTestNG.java:251)
	at org.testng.remote.RemoteTestNG.main(RemoteTestNG.java:77)
]]>
    </error>
  </testcase> <!-- checkFinancialLedgerDetailsReport -->
  <testcase name="checkVendorDetailsVendorDetailsAgeingByDueDateReport" time="76.283" classname="com.focus.testcases.FinancialReportsXTest">
    <error type="org.openqa.selenium.TimeoutException" message="Expected condition failed: waiting for element to be clickable: [[ChromeDriver: chrome on WINDOWS (4e5b63374159fa2ea6e25ee1b1617078)] -&gt; xpath: (//input[@id=&#039;5002&#039;])[1]/following-sibling::span] (tried for 40 second(s) with 5000 milliseconds interval)
Build info: version: &#039;3.12.0&#039;, revision: &#039;7c6e0b3&#039;, time: &#039;2018-05-08T14:04:26.12Z&#039;
System info: host: &#039;FOCUS-QA-10&#039;, ip: &#039;192.168.4.206&#039;, os.name: &#039;Windows 10&#039;, os.arch: &#039;amd64&#039;, os.version: &#039;10.0&#039;, java.version: &#039;1.8.0_111&#039;
Driver info: driver.version: unknown">
      <![CDATA[org.openqa.selenium.TimeoutException: Expected condition failed: waiting for element to be clickable: [[ChromeDriver: chrome on WINDOWS (4e5b63374159fa2ea6e25ee1b1617078)] -> xpath: (//input[@id='5002'])[1]/following-sibling::span] (tried for 40 second(s) with 5000 milliseconds interval)
Build info: version: '3.12.0', revision: '7c6e0b3', time: '2018-05-08T14:04:26.12Z'
System info: host: 'FOCUS-QA-10', ip: '192.168.4.206', os.name: 'Windows 10', os.arch: 'amd64', os.version: '10.0', java.version: '1.8.0_111'
Driver info: driver.version: unknown
	at org.openqa.selenium.support.ui.FluentWait.timeoutException(FluentWait.java:303)
	at org.openqa.selenium.support.ui.FluentWait.until(FluentWait.java:271)
	at com.focus.Pages.FinancilaReportsXPage.checkVendorDetailsVendorDetailsAgeingByDueDateReport(FinancilaReportsXPage.java:44535)
	at com.focus.testcases.FinancialReportsXTest.checkVendorDetailsVendorDetailsAgeingByDueDateReport(FinancialReportsXTest.java:1662)
	at sun.reflect.NativeMethodAccessorImpl.invoke0(Native Method)
	at sun.reflect.NativeMethodAccessorImpl.invoke(Unknown Source)
	at sun.reflect.DelegatingMethodAccessorImpl.invoke(Unknown Source)
	at java.lang.reflect.Method.invoke(Unknown Source)
	at org.testng.internal.MethodInvocationHelper.invokeMethod(MethodInvocationHelper.java:86)
	at org.testng.internal.Invoker.invokeMethod(Invoker.java:643)
	at org.testng.internal.Invoker.invokeTestMethod(Invoker.java:820)
	at org.testng.internal.Invoker.invokeTestMethods(Invoker.java:1128)
	at org.testng.internal.TestMethodWorker.invokeTestMethods(TestMethodWorker.java:129)
	at org.testng.internal.TestMethodWorker.run(TestMethodWorker.java:112)
	at org.testng.TestRunner.privateRun(TestRunner.java:782)
	at org.testng.TestRunner.run(TestRunner.java:632)
	at org.testng.SuiteRunner.runTest(SuiteRunner.java:366)
	at org.testng.SuiteRunner.runSequentially(SuiteRunner.java:361)
	at org.testng.SuiteRunner.privateRun(SuiteRunner.java:319)
	at org.testng.SuiteRunner.run(SuiteRunner.java:268)
	at org.testng.SuiteRunnerWorker.runSuite(SuiteRunnerWorker.java:52)
	at org.testng.SuiteRunnerWorker.run(SuiteRunnerWorker.java:86)
	at org.testng.TestNG.runSuitesSequentially(TestNG.java:1244)
	at org.testng.TestNG.runSuitesLocally(TestNG.java:1169)
	at org.testng.TestNG.run(TestNG.java:1064)
	at org.testng.remote.AbstractRemoteTestNG.run(AbstractRemoteTestNG.java:114)
	at org.testng.remote.RemoteTestNG.initAndRun(RemoteTestNG.java:251)
	at org.testng.remote.RemoteTestNG.main(RemoteTestNG.java:77)
]]>
    </error>
  </testcase> <!-- checkVendorDetailsVendorDetailsAgeingByDueDateReport -->
  <testcase name="checkPurchaseRegisterPrintOption" time="14.824" classname="com.focus.testcases.FinancialReportsXTest">
    <failure type="java.lang.AssertionError" message="expected [true] but found [false]">
      <![CDATA[java.lang.AssertionError: expected [true] but found [false]
	at org.testng.Assert.fail(Assert.java:94)
	at org.testng.Assert.failNotEquals(Assert.java:513)
	at org.testng.Assert.assertEqualsImpl(Assert.java:135)
	at org.testng.Assert.assertEquals(Assert.java:116)
	at org.testng.Assert.assertEquals(Assert.java:305)
	at org.testng.Assert.assertEquals(Assert.java:315)
	at com.focus.testcases.FinancialReportsXTest.checkPurchaseRegisterPrintOption(FinancialReportsXTest.java:403)
	at sun.reflect.NativeMethodAccessorImpl.invoke0(Native Method)
	at sun.reflect.NativeMethodAccessorImpl.invoke(Unknown Source)
	at sun.reflect.DelegatingMethodAccessorImpl.invoke(Unknown Source)
	at java.lang.reflect.Method.invoke(Unknown Source)
	at org.testng.internal.MethodInvocationHelper.invokeMethod(MethodInvocationHelper.java:86)
	at org.testng.internal.Invoker.invokeMethod(Invoker.java:643)
	at org.testng.internal.Invoker.invokeTestMethod(Invoker.java:820)
	at org.testng.internal.Invoker.invokeTestMethods(Invoker.java:1128)
	at org.testng.internal.TestMethodWorker.invokeTestMethods(TestMethodWorker.java:129)
	at org.testng.internal.TestMethodWorker.run(TestMethodWorker.java:112)
	at org.testng.TestRunner.privateRun(TestRunner.java:782)
	at org.testng.TestRunner.run(TestRunner.java:632)
	at org.testng.SuiteRunner.runTest(SuiteRunner.java:366)
	at org.testng.SuiteRunner.runSequentially(SuiteRunner.java:361)
	at org.testng.SuiteRunner.privateRun(SuiteRunner.java:319)
	at org.testng.SuiteRunner.run(SuiteRunner.java:268)
	at org.testng.SuiteRunnerWorker.runSuite(SuiteRunnerWorker.java:52)
	at org.testng.SuiteRunnerWorker.run(SuiteRunnerWorker.java:86)
	at org.testng.TestNG.runSuitesSequentially(TestNG.java:1244)
	at org.testng.TestNG.runSuitesLocally(TestNG.java:1169)
	at org.testng.TestNG.run(TestNG.java:1064)
	at org.testng.remote.AbstractRemoteTestNG.run(AbstractRemoteTestNG.java:114)
	at org.testng.remote.RemoteTestNG.initAndRun(RemoteTestNG.java:251)
	at org.testng.remote.RemoteTestNG.main(RemoteTestNG.java:77)
]]>
    </failure>
  </testcase> <!-- checkPurchaseRegisterPrintOption -->
  <testcase name="checkcustomerSummaryCustomerBillWiseSummeryReport" time="12.293" classname="com.focus.testcases.FinancialReportsXTest"/>
  <testcase name="checkProfitAndLossPrintOption" time="7.610" classname="com.focus.testcases.FinancialReportsXTest"/>
  <testcase name="checkVATSalesAccountReport" time="2.055" classname="com.focus.testcases.FinancialReportsXTest">
    <error type="org.openqa.selenium.ElementClickInterceptedException" message="element click intercepted: Element &lt;li class=&quot;nav-item&quot; style=&quot;text-align:center&quot;&gt;...&lt;/li&gt; is not clickable at point (44, 167). Other element would receive the click: &lt;div id=&quot;fullScreen&quot; class=&quot;modal fade right show&quot; role=&quot;dialog&quot; data-backdrop=&quot;static&quot; style=&quot;z-index: 10000001; padding-right: 10px; display: block;&quot; aria-modal=&quot;true&quot;&gt;...&lt;/div&gt;
  (Session info: chrome=107.0.5304.122)
Build info: version: &#039;3.12.0&#039;, revision: &#039;7c6e0b3&#039;, time: &#039;2018-05-08T14:04:26.12Z&#039;
System info: host: &#039;FOCUS-QA-10&#039;, ip: &#039;192.168.4.206&#039;, os.name: &#039;Windows 10&#039;, os.arch: &#039;amd64&#039;, os.version: &#039;10.0&#039;, java.version: &#039;1.8.0_111&#039;
Driver info: org.openqa.selenium.chrome.ChromeDriver
Capabilities {acceptInsecureCerts: false, browserName: chrome, browserVersion: 107.0.5304.122, chrome: {chromedriverVersion: 106.0.5249.61 (511755355844..., userDataDir: C:\Users\Rakesh\AppData\Loc...}, goog:chromeOptions: {debuggerAddress: localhost:54194}, javascriptEnabled: true, networkConnectionEnabled: false, pageLoadStrategy: normal, platform: WINDOWS, platformName: WINDOWS, proxy: Proxy(), setWindowRect: true, strictFileInteractability: false, timeouts: {implicit: 0, pageLoad: 300000, script: 30000}, unhandledPromptBehavior: dismiss and notify, webauthn:extension:credBlob: true, webauthn:extension:largeBlob: true, webauthn:virtualAuthenticators: true}
Session ID: 4e5b63374159fa2ea6e25ee1b1617078">
      <![CDATA[org.openqa.selenium.ElementClickInterceptedException: element click intercepted: Element <li class="nav-item" style="text-align:center">...</li> is not clickable at point (44, 167). Other element would receive the click: <div id="fullScreen" class="modal fade right show" role="dialog" data-backdrop="static" style="z-index: 10000001; padding-right: 10px; display: block;" aria-modal="true">...</div>
  (Session info: chrome=107.0.5304.122)
Build info: version: '3.12.0', revision: '7c6e0b3', time: '2018-05-08T14:04:26.12Z'
System info: host: 'FOCUS-QA-10', ip: '192.168.4.206', os.name: 'Windows 10', os.arch: 'amd64', os.version: '10.0', java.version: '1.8.0_111'
Driver info: org.openqa.selenium.chrome.ChromeDriver
Capabilities {acceptInsecureCerts: false, browserName: chrome, browserVersion: 107.0.5304.122, chrome: {chromedriverVersion: 106.0.5249.61 (511755355844..., userDataDir: C:\Users\Rakesh\AppData\Loc...}, goog:chromeOptions: {debuggerAddress: localhost:54194}, javascriptEnabled: true, networkConnectionEnabled: false, pageLoadStrategy: normal, platform: WINDOWS, platformName: WINDOWS, proxy: Proxy(), setWindowRect: true, strictFileInteractability: false, timeouts: {implicit: 0, pageLoad: 300000, script: 30000}, unhandledPromptBehavior: dismiss and notify, webauthn:extension:credBlob: true, webauthn:extension:largeBlob: true, webauthn:virtualAuthenticators: true}
Session ID: 4e5b63374159fa2ea6e25ee1b1617078
	at sun.reflect.NativeConstructorAccessorImpl.newInstance0(Native Method)
	at sun.reflect.NativeConstructorAccessorImpl.newInstance(Unknown Source)
	at sun.reflect.DelegatingConstructorAccessorImpl.newInstance(Unknown Source)
	at java.lang.reflect.Constructor.newInstance(Unknown Source)
	at org.openqa.selenium.remote.http.W3CHttpResponseCodec.createException(W3CHttpResponseCodec.java:187)
	at org.openqa.selenium.remote.http.W3CHttpResponseCodec.decode(W3CHttpResponseCodec.java:122)
	at org.openqa.selenium.remote.http.W3CHttpResponseCodec.decode(W3CHttpResponseCodec.java:49)
	at org.openqa.selenium.remote.HttpCommandExecutor.execute(HttpCommandExecutor.java:158)
	at org.openqa.selenium.remote.service.DriverCommandExecutor.execute(DriverCommandExecutor.java:83)
	at org.openqa.selenium.remote.RemoteWebDriver.execute(RemoteWebDriver.java:543)
	at org.openqa.selenium.remote.RemoteWebElement.execute(RemoteWebElement.java:276)
	at org.openqa.selenium.remote.RemoteWebElement.click(RemoteWebElement.java:83)
	at sun.reflect.GeneratedMethodAccessor4.invoke(Unknown Source)
	at sun.reflect.DelegatingMethodAccessorImpl.invoke(Unknown Source)
	at java.lang.reflect.Method.invoke(Unknown Source)
	at org.openqa.selenium.support.pagefactory.internal.LocatingElementHandler.invoke(LocatingElementHandler.java:51)
	at com.sun.proxy.$Proxy15.click(Unknown Source)
	at com.focus.Pages.FinancilaReportsXPage.checkVATSalesAccountReport(FinancilaReportsXPage.java:13401)
	at com.focus.testcases.FinancialReportsXTest.checkVATSalesAccountReport(FinancialReportsXTest.java:499)
	at sun.reflect.NativeMethodAccessorImpl.invoke0(Native Method)
	at sun.reflect.NativeMethodAccessorImpl.invoke(Unknown Source)
	at sun.reflect.DelegatingMethodAccessorImpl.invoke(Unknown Source)
	at java.lang.reflect.Method.invoke(Unknown Source)
	at org.testng.internal.MethodInvocationHelper.invokeMethod(MethodInvocationHelper.java:86)
	at org.testng.internal.Invoker.invokeMethod(Invoker.java:643)
	at org.testng.internal.Invoker.invokeTestMethod(Invoker.java:820)
	at org.testng.internal.Invoker.invokeTestMethods(Invoker.java:1128)
	at org.testng.internal.TestMethodWorker.invokeTestMethods(TestMethodWorker.java:129)
	at org.testng.internal.TestMethodWorker.run(TestMethodWorker.java:112)
	at org.testng.TestRunner.privateRun(TestRunner.java:782)
	at org.testng.TestRunner.run(TestRunner.java:632)
	at org.testng.SuiteRunner.runTest(SuiteRunner.java:366)
	at org.testng.SuiteRunner.runSequentially(SuiteRunner.java:361)
	at org.testng.SuiteRunner.privateRun(SuiteRunner.java:319)
	at org.testng.SuiteRunner.run(SuiteRunner.java:268)
	at org.testng.SuiteRunnerWorker.runSuite(SuiteRunnerWorker.java:52)
	at org.testng.SuiteRunnerWorker.run(SuiteRunnerWorker.java:86)
	at org.testng.TestNG.runSuitesSequentially(TestNG.java:1244)
	at org.testng.TestNG.runSuitesLocally(TestNG.java:1169)
	at org.testng.TestNG.run(TestNG.java:1064)
	at org.testng.remote.AbstractRemoteTestNG.run(AbstractRemoteTestNG.java:114)
	at org.testng.remote.RemoteTestNG.initAndRun(RemoteTestNG.java:251)
	at org.testng.remote.RemoteTestNG.main(RemoteTestNG.java:77)
]]>
    </error>
  </testcase> <!-- checkVATSalesAccountReport -->
  <testcase name="checkSalesReturnRegisterPrintOption" time="10.369" classname="com.focus.testcases.FinancialReportsXTest"/>
  <testcase name="checkPeakAndLowBalancesAmountReport" time="65.907" classname="com.focus.testcases.FinancialReportsXTest">
    <error type="org.openqa.selenium.TimeoutException" message="Expected condition failed: waiting for element to be clickable: [[ChromeDriver: chrome on WINDOWS (4e5b63374159fa2ea6e25ee1b1617078)] -&gt; xpath: (//input[@id=&#039;5002&#039;])[1]/following-sibling::span] (tried for 40 second(s) with 5000 milliseconds interval)
Build info: version: &#039;3.12.0&#039;, revision: &#039;7c6e0b3&#039;, time: &#039;2018-05-08T14:04:26.12Z&#039;
System info: host: &#039;FOCUS-QA-10&#039;, ip: &#039;192.168.4.206&#039;, os.name: &#039;Windows 10&#039;, os.arch: &#039;amd64&#039;, os.version: &#039;10.0&#039;, java.version: &#039;1.8.0_111&#039;
Driver info: driver.version: unknown">
      <![CDATA[org.openqa.selenium.TimeoutException: Expected condition failed: waiting for element to be clickable: [[ChromeDriver: chrome on WINDOWS (4e5b63374159fa2ea6e25ee1b1617078)] -> xpath: (//input[@id='5002'])[1]/following-sibling::span] (tried for 40 second(s) with 5000 milliseconds interval)
Build info: version: '3.12.0', revision: '7c6e0b3', time: '2018-05-08T14:04:26.12Z'
System info: host: 'FOCUS-QA-10', ip: '192.168.4.206', os.name: 'Windows 10', os.arch: 'amd64', os.version: '10.0', java.version: '1.8.0_111'
Driver info: driver.version: unknown
	at org.openqa.selenium.support.ui.FluentWait.timeoutException(FluentWait.java:303)
	at org.openqa.selenium.support.ui.FluentWait.until(FluentWait.java:271)
	at com.focus.Pages.FinancilaReportsXPage.checkPeakAndLowBalancesAmountReport(FinancilaReportsXPage.java:24509)
	at com.focus.testcases.FinancialReportsXTest.checkPeakAndLowBalancesAmountReport(FinancialReportsXTest.java:834)
	at sun.reflect.NativeMethodAccessorImpl.invoke0(Native Method)
	at sun.reflect.NativeMethodAccessorImpl.invoke(Unknown Source)
	at sun.reflect.DelegatingMethodAccessorImpl.invoke(Unknown Source)
	at java.lang.reflect.Method.invoke(Unknown Source)
	at org.testng.internal.MethodInvocationHelper.invokeMethod(MethodInvocationHelper.java:86)
	at org.testng.internal.Invoker.invokeMethod(Invoker.java:643)
	at org.testng.internal.Invoker.invokeTestMethod(Invoker.java:820)
	at org.testng.internal.Invoker.invokeTestMethods(Invoker.java:1128)
	at org.testng.internal.TestMethodWorker.invokeTestMethods(TestMethodWorker.java:129)
	at org.testng.internal.TestMethodWorker.run(TestMethodWorker.java:112)
	at org.testng.TestRunner.privateRun(TestRunner.java:782)
	at org.testng.TestRunner.run(TestRunner.java:632)
	at org.testng.SuiteRunner.runTest(SuiteRunner.java:366)
	at org.testng.SuiteRunner.runSequentially(SuiteRunner.java:361)
	at org.testng.SuiteRunner.privateRun(SuiteRunner.java:319)
	at org.testng.SuiteRunner.run(SuiteRunner.java:268)
	at org.testng.SuiteRunnerWorker.runSuite(SuiteRunnerWorker.java:52)
	at org.testng.SuiteRunnerWorker.run(SuiteRunnerWorker.java:86)
	at org.testng.TestNG.runSuitesSequentially(TestNG.java:1244)
	at org.testng.TestNG.runSuitesLocally(TestNG.java:1169)
	at org.testng.TestNG.run(TestNG.java:1064)
	at org.testng.remote.AbstractRemoteTestNG.run(AbstractRemoteTestNG.java:114)
	at org.testng.remote.RemoteTestNG.initAndRun(RemoteTestNG.java:251)
	at org.testng.remote.RemoteTestNG.main(RemoteTestNG.java:77)
]]>
    </error>
  </testcase> <!-- checkPeakAndLowBalancesAmountReport -->
  <testcase name="checkSalesRegisterReportFilterOption" time="16.644" classname="com.focus.testcases.FinancialReportsXTest"/>
  <testcase name="checkPrintOptionTopCustomerListReport" time="7.773" classname="com.focus.testcases.FinancialReportsXTest"/>
  <testcase name="CheckPrintAndCustomiseOptionnInVendorDetailsVendorOverdueAnalysisReport" time="2.679" classname="com.focus.testcases.FinancialReportsXTest">
    <error type="org.openqa.selenium.ElementClickInterceptedException" message="element click intercepted: Element &lt;i class=&quot;icon-custamize hiconright2&quot;&gt;&lt;/i&gt; is not clickable at point (1151, 98). Other element would receive the click: &lt;div class=&quot;col-lg-12&quot; style=&quot;padding-right:0px;padding-left:0px;width:100%;padding-bottom:28px;&quot;&gt;...&lt;/div&gt;
  (Session info: chrome=107.0.5304.122)
Build info: version: &#039;3.12.0&#039;, revision: &#039;7c6e0b3&#039;, time: &#039;2018-05-08T14:04:26.12Z&#039;
System info: host: &#039;FOCUS-QA-10&#039;, ip: &#039;192.168.4.206&#039;, os.name: &#039;Windows 10&#039;, os.arch: &#039;amd64&#039;, os.version: &#039;10.0&#039;, java.version: &#039;1.8.0_111&#039;
Driver info: org.openqa.selenium.chrome.ChromeDriver
Capabilities {acceptInsecureCerts: false, browserName: chrome, browserVersion: 107.0.5304.122, chrome: {chromedriverVersion: 106.0.5249.61 (511755355844..., userDataDir: C:\Users\Rakesh\AppData\Loc...}, goog:chromeOptions: {debuggerAddress: localhost:54194}, javascriptEnabled: true, networkConnectionEnabled: false, pageLoadStrategy: normal, platform: WINDOWS, platformName: WINDOWS, proxy: Proxy(), setWindowRect: true, strictFileInteractability: false, timeouts: {implicit: 0, pageLoad: 300000, script: 30000}, unhandledPromptBehavior: dismiss and notify, webauthn:extension:credBlob: true, webauthn:extension:largeBlob: true, webauthn:virtualAuthenticators: true}
Session ID: 4e5b63374159fa2ea6e25ee1b1617078">
      <![CDATA[org.openqa.selenium.ElementClickInterceptedException: element click intercepted: Element <i class="icon-custamize hiconright2"></i> is not clickable at point (1151, 98). Other element would receive the click: <div class="col-lg-12" style="padding-right:0px;padding-left:0px;width:100%;padding-bottom:28px;">...</div>
  (Session info: chrome=107.0.5304.122)
Build info: version: '3.12.0', revision: '7c6e0b3', time: '2018-05-08T14:04:26.12Z'
System info: host: 'FOCUS-QA-10', ip: '192.168.4.206', os.name: 'Windows 10', os.arch: 'amd64', os.version: '10.0', java.version: '1.8.0_111'
Driver info: org.openqa.selenium.chrome.ChromeDriver
Capabilities {acceptInsecureCerts: false, browserName: chrome, browserVersion: 107.0.5304.122, chrome: {chromedriverVersion: 106.0.5249.61 (511755355844..., userDataDir: C:\Users\Rakesh\AppData\Loc...}, goog:chromeOptions: {debuggerAddress: localhost:54194}, javascriptEnabled: true, networkConnectionEnabled: false, pageLoadStrategy: normal, platform: WINDOWS, platformName: WINDOWS, proxy: Proxy(), setWindowRect: true, strictFileInteractability: false, timeouts: {implicit: 0, pageLoad: 300000, script: 30000}, unhandledPromptBehavior: dismiss and notify, webauthn:extension:credBlob: true, webauthn:extension:largeBlob: true, webauthn:virtualAuthenticators: true}
Session ID: 4e5b63374159fa2ea6e25ee1b1617078
	at sun.reflect.GeneratedConstructorAccessor45.newInstance(Unknown Source)
	at sun.reflect.DelegatingConstructorAccessorImpl.newInstance(Unknown Source)
	at java.lang.reflect.Constructor.newInstance(Unknown Source)
	at org.openqa.selenium.remote.http.W3CHttpResponseCodec.createException(W3CHttpResponseCodec.java:187)
	at org.openqa.selenium.remote.http.W3CHttpResponseCodec.decode(W3CHttpResponseCodec.java:122)
	at org.openqa.selenium.remote.http.W3CHttpResponseCodec.decode(W3CHttpResponseCodec.java:49)
	at org.openqa.selenium.remote.HttpCommandExecutor.execute(HttpCommandExecutor.java:158)
	at org.openqa.selenium.remote.service.DriverCommandExecutor.execute(DriverCommandExecutor.java:83)
	at org.openqa.selenium.remote.RemoteWebDriver.execute(RemoteWebDriver.java:543)
	at org.openqa.selenium.remote.RemoteWebElement.execute(RemoteWebElement.java:276)
	at org.openqa.selenium.remote.RemoteWebElement.click(RemoteWebElement.java:83)
	at sun.reflect.GeneratedMethodAccessor4.invoke(Unknown Source)
	at sun.reflect.DelegatingMethodAccessorImpl.invoke(Unknown Source)
	at java.lang.reflect.Method.invoke(Unknown Source)
	at org.openqa.selenium.support.pagefactory.internal.LocatingElementHandler.invoke(LocatingElementHandler.java:51)
	at com.sun.proxy.$Proxy15.click(Unknown Source)
	at com.focus.Pages.FinancilaReportsXPage.CheckPrintAndCustomiseOptionnInVendorDetailsVendorOverdueAnalysisReport(FinancilaReportsXPage.java:45073)
	at com.focus.testcases.FinancialReportsXTest.CheckPrintAndCustomiseOptionnInVendorDetailsVendorOverdueAnalysisReport(FinancialReportsXTest.java:1695)
	at sun.reflect.NativeMethodAccessorImpl.invoke0(Native Method)
	at sun.reflect.NativeMethodAccessorImpl.invoke(Unknown Source)
	at sun.reflect.DelegatingMethodAccessorImpl.invoke(Unknown Source)
	at java.lang.reflect.Method.invoke(Unknown Source)
	at org.testng.internal.MethodInvocationHelper.invokeMethod(MethodInvocationHelper.java:86)
	at org.testng.internal.Invoker.invokeMethod(Invoker.java:643)
	at org.testng.internal.Invoker.invokeTestMethod(Invoker.java:820)
	at org.testng.internal.Invoker.invokeTestMethods(Invoker.java:1128)
	at org.testng.internal.TestMethodWorker.invokeTestMethods(TestMethodWorker.java:129)
	at org.testng.internal.TestMethodWorker.run(TestMethodWorker.java:112)
	at org.testng.TestRunner.privateRun(TestRunner.java:782)
	at org.testng.TestRunner.run(TestRunner.java:632)
	at org.testng.SuiteRunner.runTest(SuiteRunner.java:366)
	at org.testng.SuiteRunner.runSequentially(SuiteRunner.java:361)
	at org.testng.SuiteRunner.privateRun(SuiteRunner.java:319)
	at org.testng.SuiteRunner.run(SuiteRunner.java:268)
	at org.testng.SuiteRunnerWorker.runSuite(SuiteRunnerWorker.java:52)
	at org.testng.SuiteRunnerWorker.run(SuiteRunnerWorker.java:86)
	at org.testng.TestNG.runSuitesSequentially(TestNG.java:1244)
	at org.testng.TestNG.runSuitesLocally(TestNG.java:1169)
	at org.testng.TestNG.run(TestNG.java:1064)
	at org.testng.remote.AbstractRemoteTestNG.run(AbstractRemoteTestNG.java:114)
	at org.testng.remote.RemoteTestNG.initAndRun(RemoteTestNG.java:251)
	at org.testng.remote.RemoteTestNG.main(RemoteTestNG.java:77)
]]>
    </error>
  </testcase> <!-- CheckPrintAndCustomiseOptionnInVendorDetailsVendorOverdueAnalysisReport -->
  <testcase name="checkChequeDiscountingReport" time="11.019" classname="com.focus.testcases.FinancialReportsXTest"/>
  <testcase name="checkVirtualBankLedgerBookReport" time="10.768" classname="com.focus.testcases.FinancialReportsXTest">
    <error type="org.openqa.selenium.ElementClickInterceptedException" message="element click intercepted: Element &lt;span...class=&quot;checkmark&quot;&gt; &lt;/span&gt; is not clickable at point (1037, 590). Other element would receive the click: &lt;select type=&quot;date&quot; id=&quot;RITOutput_&quot; class=&quot;form-control custom-select&quot;&gt;...&lt;/select&gt;
  (Session info: chrome=107.0.5304.122)
Build info: version: &#039;3.12.0&#039;, revision: &#039;7c6e0b3&#039;, time: &#039;2018-05-08T14:04:26.12Z&#039;
System info: host: &#039;FOCUS-QA-10&#039;, ip: &#039;192.168.4.206&#039;, os.name: &#039;Windows 10&#039;, os.arch: &#039;amd64&#039;, os.version: &#039;10.0&#039;, java.version: &#039;1.8.0_111&#039;
Driver info: org.openqa.selenium.chrome.ChromeDriver
Capabilities {acceptInsecureCerts: false, browserName: chrome, browserVersion: 107.0.5304.122, chrome: {chromedriverVersion: 106.0.5249.61 (511755355844..., userDataDir: C:\Users\Rakesh\AppData\Loc...}, goog:chromeOptions: {debuggerAddress: localhost:54194}, javascriptEnabled: true, networkConnectionEnabled: false, pageLoadStrategy: normal, platform: WINDOWS, platformName: WINDOWS, proxy: Proxy(), setWindowRect: true, strictFileInteractability: false, timeouts: {implicit: 0, pageLoad: 300000, script: 30000}, unhandledPromptBehavior: dismiss and notify, webauthn:extension:credBlob: true, webauthn:extension:largeBlob: true, webauthn:virtualAuthenticators: true}
Session ID: 4e5b63374159fa2ea6e25ee1b1617078">
      <![CDATA[org.openqa.selenium.ElementClickInterceptedException: element click intercepted: Element <span...class="checkmark"> </span> is not clickable at point (1037, 590). Other element would receive the click: <select type="date" id="RITOutput_" class="form-control custom-select">...</select>
  (Session info: chrome=107.0.5304.122)
Build info: version: '3.12.0', revision: '7c6e0b3', time: '2018-05-08T14:04:26.12Z'
System info: host: 'FOCUS-QA-10', ip: '192.168.4.206', os.name: 'Windows 10', os.arch: 'amd64', os.version: '10.0', java.version: '1.8.0_111'
Driver info: org.openqa.selenium.chrome.ChromeDriver
Capabilities {acceptInsecureCerts: false, browserName: chrome, browserVersion: 107.0.5304.122, chrome: {chromedriverVersion: 106.0.5249.61 (511755355844..., userDataDir: C:\Users\Rakesh\AppData\Loc...}, goog:chromeOptions: {debuggerAddress: localhost:54194}, javascriptEnabled: true, networkConnectionEnabled: false, pageLoadStrategy: normal, platform: WINDOWS, platformName: WINDOWS, proxy: Proxy(), setWindowRect: true, strictFileInteractability: false, timeouts: {implicit: 0, pageLoad: 300000, script: 30000}, unhandledPromptBehavior: dismiss and notify, webauthn:extension:credBlob: true, webauthn:extension:largeBlob: true, webauthn:virtualAuthenticators: true}
Session ID: 4e5b63374159fa2ea6e25ee1b1617078
	at sun.reflect.NativeConstructorAccessorImpl.newInstance0(Native Method)
	at sun.reflect.NativeConstructorAccessorImpl.newInstance(Unknown Source)
	at sun.reflect.DelegatingConstructorAccessorImpl.newInstance(Unknown Source)
	at java.lang.reflect.Constructor.newInstance(Unknown Source)
	at org.openqa.selenium.remote.http.W3CHttpResponseCodec.createException(W3CHttpResponseCodec.java:187)
	at org.openqa.selenium.remote.http.W3CHttpResponseCodec.decode(W3CHttpResponseCodec.java:122)
	at org.openqa.selenium.remote.http.W3CHttpResponseCodec.decode(W3CHttpResponseCodec.java:49)
	at org.openqa.selenium.remote.HttpCommandExecutor.execute(HttpCommandExecutor.java:158)
	at org.openqa.selenium.remote.service.DriverCommandExecutor.execute(DriverCommandExecutor.java:83)
	at org.openqa.selenium.remote.RemoteWebDriver.execute(RemoteWebDriver.java:543)
	at org.openqa.selenium.remote.RemoteWebElement.execute(RemoteWebElement.java:276)
	at org.openqa.selenium.remote.RemoteWebElement.click(RemoteWebElement.java:83)
	at sun.reflect.GeneratedMethodAccessor4.invoke(Unknown Source)
	at sun.reflect.DelegatingMethodAccessorImpl.invoke(Unknown Source)
	at java.lang.reflect.Method.invoke(Unknown Source)
	at org.openqa.selenium.support.pagefactory.internal.LocatingElementHandler.invoke(LocatingElementHandler.java:51)
	at com.sun.proxy.$Proxy15.click(Unknown Source)
	at com.focus.Pages.FinancilaReportsXPage.checkVirtualBankLedgerBookReport(FinancilaReportsXPage.java:6130)
	at com.focus.testcases.FinancialReportsXTest.checkVirtualBankLedgerBookReport(FinancialReportsXTest.java:182)
	at sun.reflect.NativeMethodAccessorImpl.invoke0(Native Method)
	at sun.reflect.NativeMethodAccessorImpl.invoke(Unknown Source)
	at sun.reflect.DelegatingMethodAccessorImpl.invoke(Unknown Source)
	at java.lang.reflect.Method.invoke(Unknown Source)
	at org.testng.internal.MethodInvocationHelper.invokeMethod(MethodInvocationHelper.java:86)
	at org.testng.internal.Invoker.invokeMethod(Invoker.java:643)
	at org.testng.internal.Invoker.invokeTestMethod(Invoker.java:820)
	at org.testng.internal.Invoker.invokeTestMethods(Invoker.java:1128)
	at org.testng.internal.TestMethodWorker.invokeTestMethods(TestMethodWorker.java:129)
	at org.testng.internal.TestMethodWorker.run(TestMethodWorker.java:112)
	at org.testng.TestRunner.privateRun(TestRunner.java:782)
	at org.testng.TestRunner.run(TestRunner.java:632)
	at org.testng.SuiteRunner.runTest(SuiteRunner.java:366)
	at org.testng.SuiteRunner.runSequentially(SuiteRunner.java:361)
	at org.testng.SuiteRunner.privateRun(SuiteRunner.java:319)
	at org.testng.SuiteRunner.run(SuiteRunner.java:268)
	at org.testng.SuiteRunnerWorker.runSuite(SuiteRunnerWorker.java:52)
	at org.testng.SuiteRunnerWorker.run(SuiteRunnerWorker.java:86)
	at org.testng.TestNG.runSuitesSequentially(TestNG.java:1244)
	at org.testng.TestNG.runSuitesLocally(TestNG.java:1169)
	at org.testng.TestNG.run(TestNG.java:1064)
	at org.testng.remote.AbstractRemoteTestNG.run(AbstractRemoteTestNG.java:114)
	at org.testng.remote.RemoteTestNG.initAndRun(RemoteTestNG.java:251)
	at org.testng.remote.RemoteTestNG.main(RemoteTestNG.java:77)
]]>
    </error>
  </testcase> <!-- checkVirtualBankLedgerBookReport -->
  <testcase name="checkVendorSummeryVendorAgeingSummaryReport" time="1.122" classname="com.focus.testcases.FinancialReportsXTest">
    <error type="org.openqa.selenium.ElementClickInterceptedException" message="element click intercepted: Element &lt;li class=&quot;nav-item&quot; style=&quot;text-align:center&quot;&gt;...&lt;/li&gt; is not clickable at point (44, 167). Other element would receive the click: &lt;div id=&quot;fullScreen&quot; class=&quot;modal fade right show&quot; role=&quot;dialog&quot; data-backdrop=&quot;static&quot; style=&quot;z-index: 10000001; padding-right: 10px; display: block;&quot; aria-modal=&quot;true&quot;&gt;...&lt;/div&gt;
  (Session info: chrome=107.0.5304.122)
Build info: version: &#039;3.12.0&#039;, revision: &#039;7c6e0b3&#039;, time: &#039;2018-05-08T14:04:26.12Z&#039;
System info: host: &#039;FOCUS-QA-10&#039;, ip: &#039;192.168.4.206&#039;, os.name: &#039;Windows 10&#039;, os.arch: &#039;amd64&#039;, os.version: &#039;10.0&#039;, java.version: &#039;1.8.0_111&#039;
Driver info: org.openqa.selenium.chrome.ChromeDriver
Capabilities {acceptInsecureCerts: false, browserName: chrome, browserVersion: 107.0.5304.122, chrome: {chromedriverVersion: 106.0.5249.61 (511755355844..., userDataDir: C:\Users\Rakesh\AppData\Loc...}, goog:chromeOptions: {debuggerAddress: localhost:54194}, javascriptEnabled: true, networkConnectionEnabled: false, pageLoadStrategy: normal, platform: WINDOWS, platformName: WINDOWS, proxy: Proxy(), setWindowRect: true, strictFileInteractability: false, timeouts: {implicit: 0, pageLoad: 300000, script: 30000}, unhandledPromptBehavior: dismiss and notify, webauthn:extension:credBlob: true, webauthn:extension:largeBlob: true, webauthn:virtualAuthenticators: true}
Session ID: 4e5b63374159fa2ea6e25ee1b1617078">
      <![CDATA[org.openqa.selenium.ElementClickInterceptedException: element click intercepted: Element <li class="nav-item" style="text-align:center">...</li> is not clickable at point (44, 167). Other element would receive the click: <div id="fullScreen" class="modal fade right show" role="dialog" data-backdrop="static" style="z-index: 10000001; padding-right: 10px; display: block;" aria-modal="true">...</div>
  (Session info: chrome=107.0.5304.122)
Build info: version: '3.12.0', revision: '7c6e0b3', time: '2018-05-08T14:04:26.12Z'
System info: host: 'FOCUS-QA-10', ip: '192.168.4.206', os.name: 'Windows 10', os.arch: 'amd64', os.version: '10.0', java.version: '1.8.0_111'
Driver info: org.openqa.selenium.chrome.ChromeDriver
Capabilities {acceptInsecureCerts: false, browserName: chrome, browserVersion: 107.0.5304.122, chrome: {chromedriverVersion: 106.0.5249.61 (511755355844..., userDataDir: C:\Users\Rakesh\AppData\Loc...}, goog:chromeOptions: {debuggerAddress: localhost:54194}, javascriptEnabled: true, networkConnectionEnabled: false, pageLoadStrategy: normal, platform: WINDOWS, platformName: WINDOWS, proxy: Proxy(), setWindowRect: true, strictFileInteractability: false, timeouts: {implicit: 0, pageLoad: 300000, script: 30000}, unhandledPromptBehavior: dismiss and notify, webauthn:extension:credBlob: true, webauthn:extension:largeBlob: true, webauthn:virtualAuthenticators: true}
Session ID: 4e5b63374159fa2ea6e25ee1b1617078
	at sun.reflect.GeneratedConstructorAccessor45.newInstance(Unknown Source)
	at sun.reflect.DelegatingConstructorAccessorImpl.newInstance(Unknown Source)
	at java.lang.reflect.Constructor.newInstance(Unknown Source)
	at org.openqa.selenium.remote.http.W3CHttpResponseCodec.createException(W3CHttpResponseCodec.java:187)
	at org.openqa.selenium.remote.http.W3CHttpResponseCodec.decode(W3CHttpResponseCodec.java:122)
	at org.openqa.selenium.remote.http.W3CHttpResponseCodec.decode(W3CHttpResponseCodec.java:49)
	at org.openqa.selenium.remote.HttpCommandExecutor.execute(HttpCommandExecutor.java:158)
	at org.openqa.selenium.remote.service.DriverCommandExecutor.execute(DriverCommandExecutor.java:83)
	at org.openqa.selenium.remote.RemoteWebDriver.execute(RemoteWebDriver.java:543)
	at org.openqa.selenium.remote.RemoteWebElement.execute(RemoteWebElement.java:276)
	at org.openqa.selenium.remote.RemoteWebElement.click(RemoteWebElement.java:83)
	at sun.reflect.GeneratedMethodAccessor4.invoke(Unknown Source)
	at sun.reflect.DelegatingMethodAccessorImpl.invoke(Unknown Source)
	at java.lang.reflect.Method.invoke(Unknown Source)
	at org.openqa.selenium.support.pagefactory.internal.LocatingElementHandler.invoke(LocatingElementHandler.java:51)
	at com.sun.proxy.$Proxy15.click(Unknown Source)
	at com.focus.Pages.FinancilaReportsXPage.checkVendorSummeryVendorAgeingSummaryReport(FinancilaReportsXPage.java:45326)
	at com.focus.testcases.FinancialReportsXTest.checkVendorSummeryVendorAgeingSummaryReport(FinancialReportsXTest.java:1713)
	at sun.reflect.NativeMethodAccessorImpl.invoke0(Native Method)
	at sun.reflect.NativeMethodAccessorImpl.invoke(Unknown Source)
	at sun.reflect.DelegatingMethodAccessorImpl.invoke(Unknown Source)
	at java.lang.reflect.Method.invoke(Unknown Source)
	at org.testng.internal.MethodInvocationHelper.invokeMethod(MethodInvocationHelper.java:86)
	at org.testng.internal.Invoker.invokeMethod(Invoker.java:643)
	at org.testng.internal.Invoker.invokeTestMethod(Invoker.java:820)
	at org.testng.internal.Invoker.invokeTestMethods(Invoker.java:1128)
	at org.testng.internal.TestMethodWorker.invokeTestMethods(TestMethodWorker.java:129)
	at org.testng.internal.TestMethodWorker.run(TestMethodWorker.java:112)
	at org.testng.TestRunner.privateRun(TestRunner.java:782)
	at org.testng.TestRunner.run(TestRunner.java:632)
	at org.testng.SuiteRunner.runTest(SuiteRunner.java:366)
	at org.testng.SuiteRunner.runSequentially(SuiteRunner.java:361)
	at org.testng.SuiteRunner.privateRun(SuiteRunner.java:319)
	at org.testng.SuiteRunner.run(SuiteRunner.java:268)
	at org.testng.SuiteRunnerWorker.runSuite(SuiteRunnerWorker.java:52)
	at org.testng.SuiteRunnerWorker.run(SuiteRunnerWorker.java:86)
	at org.testng.TestNG.runSuitesSequentially(TestNG.java:1244)
	at org.testng.TestNG.runSuitesLocally(TestNG.java:1169)
	at org.testng.TestNG.run(TestNG.java:1064)
	at org.testng.remote.AbstractRemoteTestNG.run(AbstractRemoteTestNG.java:114)
	at org.testng.remote.RemoteTestNG.initAndRun(RemoteTestNG.java:251)
	at org.testng.remote.RemoteTestNG.main(RemoteTestNG.java:77)
]]>
    </error>
  </testcase> <!-- checkVendorSummeryVendorAgeingSummaryReport -->
  <testcase name="checkBackTrackInSchedules" time="3.198" classname="com.focus.testcases.FinancialReportsXTest">
    <error type="org.openqa.selenium.ElementClickInterceptedException" message="element click intercepted: Element &lt;td data-ifieldid=&quot;1&quot; data-datatypeid=&quot;0&quot; onclick=&quot;REPORTRENDER.GetFieldId(this);&quot; id=&quot;tdSort_0_col_Particulars_&quot; class=&quot;TextAlignLeft&quot; colspan=&quot;0&quot; style=&quot;border-style: none; font-style: normal; font-weight: normal; font-size: 12px; width: 120px;&quot;&gt;...&lt;/td&gt; is not clickable at point (206, 175). Other element would receive the click: &lt;div id=&quot;fullScreen&quot; class=&quot;modal fade right show&quot; role=&quot;dialog&quot; data-backdrop=&quot;static&quot; style=&quot;z-index: 10000001; padding-right: 10px; display: block;&quot; aria-modal=&quot;true&quot;&gt;...&lt;/div&gt;
  (Session info: chrome=107.0.5304.122)
Build info: version: &#039;3.12.0&#039;, revision: &#039;7c6e0b3&#039;, time: &#039;2018-05-08T14:04:26.12Z&#039;
System info: host: &#039;FOCUS-QA-10&#039;, ip: &#039;192.168.4.206&#039;, os.name: &#039;Windows 10&#039;, os.arch: &#039;amd64&#039;, os.version: &#039;10.0&#039;, java.version: &#039;1.8.0_111&#039;
Driver info: org.openqa.selenium.chrome.ChromeDriver
Capabilities {acceptInsecureCerts: false, browserName: chrome, browserVersion: 107.0.5304.122, chrome: {chromedriverVersion: 106.0.5249.61 (511755355844..., userDataDir: C:\Users\Rakesh\AppData\Loc...}, goog:chromeOptions: {debuggerAddress: localhost:54194}, javascriptEnabled: true, networkConnectionEnabled: false, pageLoadStrategy: normal, platform: WINDOWS, platformName: WINDOWS, proxy: Proxy(), setWindowRect: true, strictFileInteractability: false, timeouts: {implicit: 0, pageLoad: 300000, script: 30000}, unhandledPromptBehavior: dismiss and notify, webauthn:extension:credBlob: true, webauthn:extension:largeBlob: true, webauthn:virtualAuthenticators: true}
Session ID: 4e5b63374159fa2ea6e25ee1b1617078">
      <![CDATA[org.openqa.selenium.ElementClickInterceptedException: element click intercepted: Element <td data-ifieldid="1" data-datatypeid="0" onclick="REPORTRENDER.GetFieldId(this);" id="tdSort_0_col_Particulars_" class="TextAlignLeft" colspan="0" style="border-style: none; font-style: normal; font-weight: normal; font-size: 12px; width: 120px;">...</td> is not clickable at point (206, 175). Other element would receive the click: <div id="fullScreen" class="modal fade right show" role="dialog" data-backdrop="static" style="z-index: 10000001; padding-right: 10px; display: block;" aria-modal="true">...</div>
  (Session info: chrome=107.0.5304.122)
Build info: version: '3.12.0', revision: '7c6e0b3', time: '2018-05-08T14:04:26.12Z'
System info: host: 'FOCUS-QA-10', ip: '192.168.4.206', os.name: 'Windows 10', os.arch: 'amd64', os.version: '10.0', java.version: '1.8.0_111'
Driver info: org.openqa.selenium.chrome.ChromeDriver
Capabilities {acceptInsecureCerts: false, browserName: chrome, browserVersion: 107.0.5304.122, chrome: {chromedriverVersion: 106.0.5249.61 (511755355844..., userDataDir: C:\Users\Rakesh\AppData\Loc...}, goog:chromeOptions: {debuggerAddress: localhost:54194}, javascriptEnabled: true, networkConnectionEnabled: false, pageLoadStrategy: normal, platform: WINDOWS, platformName: WINDOWS, proxy: Proxy(), setWindowRect: true, strictFileInteractability: false, timeouts: {implicit: 0, pageLoad: 300000, script: 30000}, unhandledPromptBehavior: dismiss and notify, webauthn:extension:credBlob: true, webauthn:extension:largeBlob: true, webauthn:virtualAuthenticators: true}
Session ID: 4e5b63374159fa2ea6e25ee1b1617078
	at sun.reflect.GeneratedConstructorAccessor45.newInstance(Unknown Source)
	at sun.reflect.DelegatingConstructorAccessorImpl.newInstance(Unknown Source)
	at java.lang.reflect.Constructor.newInstance(Unknown Source)
	at org.openqa.selenium.remote.http.W3CHttpResponseCodec.createException(W3CHttpResponseCodec.java:187)
	at org.openqa.selenium.remote.http.W3CHttpResponseCodec.decode(W3CHttpResponseCodec.java:122)
	at org.openqa.selenium.remote.http.W3CHttpResponseCodec.decode(W3CHttpResponseCodec.java:49)
	at org.openqa.selenium.remote.HttpCommandExecutor.execute(HttpCommandExecutor.java:158)
	at org.openqa.selenium.remote.service.DriverCommandExecutor.execute(DriverCommandExecutor.java:83)
	at org.openqa.selenium.remote.RemoteWebDriver.execute(RemoteWebDriver.java:543)
	at org.openqa.selenium.remote.RemoteWebElement.execute(RemoteWebElement.java:276)
	at org.openqa.selenium.remote.RemoteWebElement.click(RemoteWebElement.java:83)
	at com.focus.Pages.FinancilaReportsXPage.checkBackTrackInSchedules(FinancilaReportsXPage.java:34957)
	at com.focus.testcases.FinancialReportsXTest.checkBackTrackInSchedules(FinancialReportsXTest.java:1167)
	at sun.reflect.NativeMethodAccessorImpl.invoke0(Native Method)
	at sun.reflect.NativeMethodAccessorImpl.invoke(Unknown Source)
	at sun.reflect.DelegatingMethodAccessorImpl.invoke(Unknown Source)
	at java.lang.reflect.Method.invoke(Unknown Source)
	at org.testng.internal.MethodInvocationHelper.invokeMethod(MethodInvocationHelper.java:86)
	at org.testng.internal.Invoker.invokeMethod(Invoker.java:643)
	at org.testng.internal.Invoker.invokeTestMethod(Invoker.java:820)
	at org.testng.internal.Invoker.invokeTestMethods(Invoker.java:1128)
	at org.testng.internal.TestMethodWorker.invokeTestMethods(TestMethodWorker.java:129)
	at org.testng.internal.TestMethodWorker.run(TestMethodWorker.java:112)
	at org.testng.TestRunner.privateRun(TestRunner.java:782)
	at org.testng.TestRunner.run(TestRunner.java:632)
	at org.testng.SuiteRunner.runTest(SuiteRunner.java:366)
	at org.testng.SuiteRunner.runSequentially(SuiteRunner.java:361)
	at org.testng.SuiteRunner.privateRun(SuiteRunner.java:319)
	at org.testng.SuiteRunner.run(SuiteRunner.java:268)
	at org.testng.SuiteRunnerWorker.runSuite(SuiteRunnerWorker.java:52)
	at org.testng.SuiteRunnerWorker.run(SuiteRunnerWorker.java:86)
	at org.testng.TestNG.runSuitesSequentially(TestNG.java:1244)
	at org.testng.TestNG.runSuitesLocally(TestNG.java:1169)
	at org.testng.TestNG.run(TestNG.java:1064)
	at org.testng.remote.AbstractRemoteTestNG.run(AbstractRemoteTestNG.java:114)
	at org.testng.remote.RemoteTestNG.initAndRun(RemoteTestNG.java:251)
	at org.testng.remote.RemoteTestNG.main(RemoteTestNG.java:77)
]]>
    </error>
  </testcase> <!-- checkBackTrackInSchedules -->
  <testcase name="checkUnitConversionReport" time="89.243" classname="com.focus.testcases.FinancialReportsXTest">
    <error type="org.openqa.selenium.TimeoutException" message="Expected condition failed: waiting for element to be clickable: Proxy element for: DefaultElementLocator &#039;By.xpath: //div[@id=&#039;id_reportmenudisplay&#039;]/ul/li[13]&#039; (tried for 40 second(s) with 5000 milliseconds interval)">
      <![CDATA[org.openqa.selenium.TimeoutException: Expected condition failed: waiting for element to be clickable: Proxy element for: DefaultElementLocator 'By.xpath: //div[@id='id_reportmenudisplay']/ul/li[13]' (tried for 40 second(s) with 5000 milliseconds interval)
	at org.openqa.selenium.support.ui.FluentWait.timeoutException(FluentWait.java:303)
	at org.openqa.selenium.support.ui.FluentWait.until(FluentWait.java:271)
	at com.focus.Pages.FinancilaReportsXPage.checkUnitConversionReport(FinancilaReportsXPage.java:28363)
	at com.focus.testcases.FinancialReportsXTest.checkUnitConversionReport(FinancialReportsXTest.java:960)
	at sun.reflect.NativeMethodAccessorImpl.invoke0(Native Method)
	at sun.reflect.NativeMethodAccessorImpl.invoke(Unknown Source)
	at sun.reflect.DelegatingMethodAccessorImpl.invoke(Unknown Source)
	at java.lang.reflect.Method.invoke(Unknown Source)
	at org.testng.internal.MethodInvocationHelper.invokeMethod(MethodInvocationHelper.java:86)
	at org.testng.internal.Invoker.invokeMethod(Invoker.java:643)
	at org.testng.internal.Invoker.invokeTestMethod(Invoker.java:820)
	at org.testng.internal.Invoker.invokeTestMethods(Invoker.java:1128)
	at org.testng.internal.TestMethodWorker.invokeTestMethods(TestMethodWorker.java:129)
	at org.testng.internal.TestMethodWorker.run(TestMethodWorker.java:112)
	at org.testng.TestRunner.privateRun(TestRunner.java:782)
	at org.testng.TestRunner.run(TestRunner.java:632)
	at org.testng.SuiteRunner.runTest(SuiteRunner.java:366)
	at org.testng.SuiteRunner.runSequentially(SuiteRunner.java:361)
	at org.testng.SuiteRunner.privateRun(SuiteRunner.java:319)
	at org.testng.SuiteRunner.run(SuiteRunner.java:268)
	at org.testng.SuiteRunnerWorker.runSuite(SuiteRunnerWorker.java:52)
	at org.testng.SuiteRunnerWorker.run(SuiteRunnerWorker.java:86)
	at org.testng.TestNG.runSuitesSequentially(TestNG.java:1244)
	at org.testng.TestNG.runSuitesLocally(TestNG.java:1169)
	at org.testng.TestNG.run(TestNG.java:1064)
	at org.testng.remote.AbstractRemoteTestNG.run(AbstractRemoteTestNG.java:114)
	at org.testng.remote.RemoteTestNG.initAndRun(RemoteTestNG.java:251)
	at org.testng.remote.RemoteTestNG.main(RemoteTestNG.java:77)
Caused by: org.openqa.selenium.NoSuchElementException: no such element: Unable to locate element: {"method":"xpath","selector":"//div[@id='id_reportmenudisplay']/ul/li[13]"}
  (Session info: chrome=107.0.5304.122)
For documentation on this error, please visit: http://seleniumhq.org/exceptions/no_such_element.html
Build info: version: '3.12.0', revision: '7c6e0b3', time: '2018-05-08T14:04:26.12Z'
System info: host: 'FOCUS-QA-10', ip: '192.168.4.206', os.name: 'Windows 10', os.arch: 'amd64', os.version: '10.0', java.version: '1.8.0_111'
Driver info: org.openqa.selenium.chrome.ChromeDriver
Capabilities {acceptInsecureCerts: false, browserName: chrome, browserVersion: 107.0.5304.122, chrome: {chromedriverVersion: 106.0.5249.61 (511755355844..., userDataDir: C:\Users\Rakesh\AppData\Loc...}, goog:chromeOptions: {debuggerAddress: localhost:54194}, javascriptEnabled: true, networkConnectionEnabled: false, pageLoadStrategy: normal, platform: WINDOWS, platformName: WINDOWS, proxy: Proxy(), setWindowRect: true, strictFileInteractability: false, timeouts: {implicit: 0, pageLoad: 300000, script: 30000}, unhandledPromptBehavior: dismiss and notify, webauthn:extension:credBlob: true, webauthn:extension:largeBlob: true, webauthn:virtualAuthenticators: true}
Session ID: 4e5b63374159fa2ea6e25ee1b1617078
*** Element info: {Using=xpath, value=//div[@id='id_reportmenudisplay']/ul/li[13]}
	at sun.reflect.GeneratedConstructorAccessor43.newInstance(Unknown Source)
	at sun.reflect.DelegatingConstructorAccessorImpl.newInstance(Unknown Source)
	at java.lang.reflect.Constructor.newInstance(Unknown Source)
	at org.openqa.selenium.remote.http.W3CHttpResponseCodec.createException(W3CHttpResponseCodec.java:187)
	at org.openqa.selenium.remote.http.W3CHttpResponseCodec.decode(W3CHttpResponseCodec.java:122)
	at org.openqa.selenium.remote.http.W3CHttpResponseCodec.decode(W3CHttpResponseCodec.java:49)
	at org.openqa.selenium.remote.HttpCommandExecutor.execute(HttpCommandExecutor.java:158)
	at org.openqa.selenium.remote.service.DriverCommandExecutor.execute(DriverCommandExecutor.java:83)
	at org.openqa.selenium.remote.RemoteWebDriver.execute(RemoteWebDriver.java:543)
	at org.openqa.selenium.remote.RemoteWebDriver.findElement(RemoteWebDriver.java:317)
	at org.openqa.selenium.remote.RemoteWebDriver.findElementByXPath(RemoteWebDriver.java:419)
	at org.openqa.selenium.By$ByXPath.findElement(By.java:353)
	at org.openqa.selenium.remote.RemoteWebDriver.findElement(RemoteWebDriver.java:309)
	at org.openqa.selenium.support.pagefactory.DefaultElementLocator.findElement(DefaultElementLocator.java:69)
	at org.openqa.selenium.support.pagefactory.internal.LocatingElementHandler.invoke(LocatingElementHandler.java:38)
	at com.sun.proxy.$Proxy15.isDisplayed(Unknown Source)
	at org.openqa.selenium.support.ui.ExpectedConditions.elementIfVisible(ExpectedConditions.java:315)
	at org.openqa.selenium.support.ui.ExpectedConditions.access$100(ExpectedConditions.java:44)
	at org.openqa.selenium.support.ui.ExpectedConditions$10.apply(ExpectedConditions.java:301)
	at org.openqa.selenium.support.ui.ExpectedConditions$10.apply(ExpectedConditions.java:298)
	at org.openqa.selenium.support.ui.ExpectedConditions$23.apply(ExpectedConditions.java:686)
	at org.openqa.selenium.support.ui.ExpectedConditions$23.apply(ExpectedConditions.java:682)
	at org.openqa.selenium.support.ui.FluentWait.until(FluentWait.java:248)
	... 26 more
]]>
    </error>
  </testcase> <!-- checkUnitConversionReport -->
  <testcase name="CheckPrintAndCustomiseOptionnInvendorDetailsVendorStatementsReport" time="81.238" classname="com.focus.testcases.FinancialReportsXTest">
    <error type="org.openqa.selenium.TimeoutException" message="Expected condition failed: waiting for element to be clickable: Proxy element for: DefaultElementLocator &#039;By.xpath: //*[@class=&#039;icon-custamize hiconright2&#039;]&#039; (tried for 40 second(s) with 5000 milliseconds interval)">
      <![CDATA[org.openqa.selenium.TimeoutException: Expected condition failed: waiting for element to be clickable: Proxy element for: DefaultElementLocator 'By.xpath: //*[@class='icon-custamize hiconright2']' (tried for 40 second(s) with 5000 milliseconds interval)
	at org.openqa.selenium.support.ui.FluentWait.timeoutException(FluentWait.java:303)
	at org.openqa.selenium.support.ui.FluentWait.until(FluentWait.java:271)
	at com.focus.Pages.FinancilaReportsXPage.CheckPrintAndCustomiseOptionnInvendorDetailsVendorStatementsReport(FinancilaReportsXPage.java:43302)
	at com.focus.testcases.FinancialReportsXTest.CheckPrintAndCustomiseOptionnInvendorDetailsVendorStatementsReport(FinancialReportsXTest.java:1598)
	at sun.reflect.NativeMethodAccessorImpl.invoke0(Native Method)
	at sun.reflect.NativeMethodAccessorImpl.invoke(Unknown Source)
	at sun.reflect.DelegatingMethodAccessorImpl.invoke(Unknown Source)
	at java.lang.reflect.Method.invoke(Unknown Source)
	at org.testng.internal.MethodInvocationHelper.invokeMethod(MethodInvocationHelper.java:86)
	at org.testng.internal.Invoker.invokeMethod(Invoker.java:643)
	at org.testng.internal.Invoker.invokeTestMethod(Invoker.java:820)
	at org.testng.internal.Invoker.invokeTestMethods(Invoker.java:1128)
	at org.testng.internal.TestMethodWorker.invokeTestMethods(TestMethodWorker.java:129)
	at org.testng.internal.TestMethodWorker.run(TestMethodWorker.java:112)
	at org.testng.TestRunner.privateRun(TestRunner.java:782)
	at org.testng.TestRunner.run(TestRunner.java:632)
	at org.testng.SuiteRunner.runTest(SuiteRunner.java:366)
	at org.testng.SuiteRunner.runSequentially(SuiteRunner.java:361)
	at org.testng.SuiteRunner.privateRun(SuiteRunner.java:319)
	at org.testng.SuiteRunner.run(SuiteRunner.java:268)
	at org.testng.SuiteRunnerWorker.runSuite(SuiteRunnerWorker.java:52)
	at org.testng.SuiteRunnerWorker.run(SuiteRunnerWorker.java:86)
	at org.testng.TestNG.runSuitesSequentially(TestNG.java:1244)
	at org.testng.TestNG.runSuitesLocally(TestNG.java:1169)
	at org.testng.TestNG.run(TestNG.java:1064)
	at org.testng.remote.AbstractRemoteTestNG.run(AbstractRemoteTestNG.java:114)
	at org.testng.remote.RemoteTestNG.initAndRun(RemoteTestNG.java:251)
	at org.testng.remote.RemoteTestNG.main(RemoteTestNG.java:77)
Caused by: org.openqa.selenium.NoSuchElementException: no such element: Unable to locate element: {"method":"xpath","selector":"//*[@class='icon-custamize hiconright2']"}
  (Session info: chrome=107.0.5304.122)
For documentation on this error, please visit: http://seleniumhq.org/exceptions/no_such_element.html
Build info: version: '3.12.0', revision: '7c6e0b3', time: '2018-05-08T14:04:26.12Z'
System info: host: 'FOCUS-QA-10', ip: '192.168.4.206', os.name: 'Windows 10', os.arch: 'amd64', os.version: '10.0', java.version: '1.8.0_111'
Driver info: org.openqa.selenium.chrome.ChromeDriver
Capabilities {acceptInsecureCerts: false, browserName: chrome, browserVersion: 107.0.5304.122, chrome: {chromedriverVersion: 106.0.5249.61 (511755355844..., userDataDir: C:\Users\Rakesh\AppData\Loc...}, goog:chromeOptions: {debuggerAddress: localhost:54194}, javascriptEnabled: true, networkConnectionEnabled: false, pageLoadStrategy: normal, platform: WINDOWS, platformName: WINDOWS, proxy: Proxy(), setWindowRect: true, strictFileInteractability: false, timeouts: {implicit: 0, pageLoad: 300000, script: 30000}, unhandledPromptBehavior: dismiss and notify, webauthn:extension:credBlob: true, webauthn:extension:largeBlob: true, webauthn:virtualAuthenticators: true}
Session ID: 4e5b63374159fa2ea6e25ee1b1617078
*** Element info: {Using=xpath, value=//*[@class='icon-custamize hiconright2']}
	at sun.reflect.GeneratedConstructorAccessor43.newInstance(Unknown Source)
	at sun.reflect.DelegatingConstructorAccessorImpl.newInstance(Unknown Source)
	at java.lang.reflect.Constructor.newInstance(Unknown Source)
	at org.openqa.selenium.remote.http.W3CHttpResponseCodec.createException(W3CHttpResponseCodec.java:187)
	at org.openqa.selenium.remote.http.W3CHttpResponseCodec.decode(W3CHttpResponseCodec.java:122)
	at org.openqa.selenium.remote.http.W3CHttpResponseCodec.decode(W3CHttpResponseCodec.java:49)
	at org.openqa.selenium.remote.HttpCommandExecutor.execute(HttpCommandExecutor.java:158)
	at org.openqa.selenium.remote.service.DriverCommandExecutor.execute(DriverCommandExecutor.java:83)
	at org.openqa.selenium.remote.RemoteWebDriver.execute(RemoteWebDriver.java:543)
	at org.openqa.selenium.remote.RemoteWebDriver.findElement(RemoteWebDriver.java:317)
	at org.openqa.selenium.remote.RemoteWebDriver.findElementByXPath(RemoteWebDriver.java:419)
	at org.openqa.selenium.By$ByXPath.findElement(By.java:353)
	at org.openqa.selenium.remote.RemoteWebDriver.findElement(RemoteWebDriver.java:309)
	at org.openqa.selenium.support.pagefactory.DefaultElementLocator.findElement(DefaultElementLocator.java:69)
	at org.openqa.selenium.support.pagefactory.internal.LocatingElementHandler.invoke(LocatingElementHandler.java:38)
	at com.sun.proxy.$Proxy15.isDisplayed(Unknown Source)
	at org.openqa.selenium.support.ui.ExpectedConditions.elementIfVisible(ExpectedConditions.java:315)
	at org.openqa.selenium.support.ui.ExpectedConditions.access$100(ExpectedConditions.java:44)
	at org.openqa.selenium.support.ui.ExpectedConditions$10.apply(ExpectedConditions.java:301)
	at org.openqa.selenium.support.ui.ExpectedConditions$10.apply(ExpectedConditions.java:298)
	at org.openqa.selenium.support.ui.ExpectedConditions$23.apply(ExpectedConditions.java:686)
	at org.openqa.selenium.support.ui.ExpectedConditions$23.apply(ExpectedConditions.java:682)
	at org.openqa.selenium.support.ui.FluentWait.until(FluentWait.java:248)
	... 26 more
]]>
    </error>
  </testcase> <!-- CheckPrintAndCustomiseOptionnInvendorDetailsVendorStatementsReport -->
  <testcase name="checkBackTrackInTradingAccount" time="44.332" classname="com.focus.testcases.FinancialReportsXTest"/>
  <testcase name="CheckPrintAndCustomiseOptionnIncustomerSummaryAgeingByDueDateReport" time="81.666" classname="com.focus.testcases.FinancialReportsXTest">
    <error type="org.openqa.selenium.TimeoutException" message="Expected condition failed: waiting for element to be clickable: Proxy element for: DefaultElementLocator &#039;By.xpath: //*[@class=&#039;icon-custamize hiconright2&#039;]&#039; (tried for 40 second(s) with 5000 milliseconds interval)">
      <![CDATA[org.openqa.selenium.TimeoutException: Expected condition failed: waiting for element to be clickable: Proxy element for: DefaultElementLocator 'By.xpath: //*[@class='icon-custamize hiconright2']' (tried for 40 second(s) with 5000 milliseconds interval)
	at org.openqa.selenium.support.ui.FluentWait.timeoutException(FluentWait.java:303)
	at org.openqa.selenium.support.ui.FluentWait.until(FluentWait.java:271)
	at com.focus.Pages.FinancilaReportsXPage.CheckPrintAndCustomiseOptionnIncustomerSummaryAgeingByDueDateReport(FinancilaReportsXPage.java:41029)
	at com.focus.testcases.FinancialReportsXTest.CheckPrintAndCustomiseOptionnIncustomerSummaryAgeingByDueDateReport(FinancialReportsXTest.java:1488)
	at sun.reflect.NativeMethodAccessorImpl.invoke0(Native Method)
	at sun.reflect.NativeMethodAccessorImpl.invoke(Unknown Source)
	at sun.reflect.DelegatingMethodAccessorImpl.invoke(Unknown Source)
	at java.lang.reflect.Method.invoke(Unknown Source)
	at org.testng.internal.MethodInvocationHelper.invokeMethod(MethodInvocationHelper.java:86)
	at org.testng.internal.Invoker.invokeMethod(Invoker.java:643)
	at org.testng.internal.Invoker.invokeTestMethod(Invoker.java:820)
	at org.testng.internal.Invoker.invokeTestMethods(Invoker.java:1128)
	at org.testng.internal.TestMethodWorker.invokeTestMethods(TestMethodWorker.java:129)
	at org.testng.internal.TestMethodWorker.run(TestMethodWorker.java:112)
	at org.testng.TestRunner.privateRun(TestRunner.java:782)
	at org.testng.TestRunner.run(TestRunner.java:632)
	at org.testng.SuiteRunner.runTest(SuiteRunner.java:366)
	at org.testng.SuiteRunner.runSequentially(SuiteRunner.java:361)
	at org.testng.SuiteRunner.privateRun(SuiteRunner.java:319)
	at org.testng.SuiteRunner.run(SuiteRunner.java:268)
	at org.testng.SuiteRunnerWorker.runSuite(SuiteRunnerWorker.java:52)
	at org.testng.SuiteRunnerWorker.run(SuiteRunnerWorker.java:86)
	at org.testng.TestNG.runSuitesSequentially(TestNG.java:1244)
	at org.testng.TestNG.runSuitesLocally(TestNG.java:1169)
	at org.testng.TestNG.run(TestNG.java:1064)
	at org.testng.remote.AbstractRemoteTestNG.run(AbstractRemoteTestNG.java:114)
	at org.testng.remote.RemoteTestNG.initAndRun(RemoteTestNG.java:251)
	at org.testng.remote.RemoteTestNG.main(RemoteTestNG.java:77)
Caused by: org.openqa.selenium.NoSuchElementException: no such element: Unable to locate element: {"method":"xpath","selector":"//*[@class='icon-custamize hiconright2']"}
  (Session info: chrome=107.0.5304.122)
For documentation on this error, please visit: http://seleniumhq.org/exceptions/no_such_element.html
Build info: version: '3.12.0', revision: '7c6e0b3', time: '2018-05-08T14:04:26.12Z'
System info: host: 'FOCUS-QA-10', ip: '192.168.4.206', os.name: 'Windows 10', os.arch: 'amd64', os.version: '10.0', java.version: '1.8.0_111'
Driver info: org.openqa.selenium.chrome.ChromeDriver
Capabilities {acceptInsecureCerts: false, browserName: chrome, browserVersion: 107.0.5304.122, chrome: {chromedriverVersion: 106.0.5249.61 (511755355844..., userDataDir: C:\Users\Rakesh\AppData\Loc...}, goog:chromeOptions: {debuggerAddress: localhost:54194}, javascriptEnabled: true, networkConnectionEnabled: false, pageLoadStrategy: normal, platform: WINDOWS, platformName: WINDOWS, proxy: Proxy(), setWindowRect: true, strictFileInteractability: false, timeouts: {implicit: 0, pageLoad: 300000, script: 30000}, unhandledPromptBehavior: dismiss and notify, webauthn:extension:credBlob: true, webauthn:extension:largeBlob: true, webauthn:virtualAuthenticators: true}
Session ID: 4e5b63374159fa2ea6e25ee1b1617078
*** Element info: {Using=xpath, value=//*[@class='icon-custamize hiconright2']}
	at sun.reflect.GeneratedConstructorAccessor43.newInstance(Unknown Source)
	at sun.reflect.DelegatingConstructorAccessorImpl.newInstance(Unknown Source)
	at java.lang.reflect.Constructor.newInstance(Unknown Source)
	at org.openqa.selenium.remote.http.W3CHttpResponseCodec.createException(W3CHttpResponseCodec.java:187)
	at org.openqa.selenium.remote.http.W3CHttpResponseCodec.decode(W3CHttpResponseCodec.java:122)
	at org.openqa.selenium.remote.http.W3CHttpResponseCodec.decode(W3CHttpResponseCodec.java:49)
	at org.openqa.selenium.remote.HttpCommandExecutor.execute(HttpCommandExecutor.java:158)
	at org.openqa.selenium.remote.service.DriverCommandExecutor.execute(DriverCommandExecutor.java:83)
	at org.openqa.selenium.remote.RemoteWebDriver.execute(RemoteWebDriver.java:543)
	at org.openqa.selenium.remote.RemoteWebDriver.findElement(RemoteWebDriver.java:317)
	at org.openqa.selenium.remote.RemoteWebDriver.findElementByXPath(RemoteWebDriver.java:419)
	at org.openqa.selenium.By$ByXPath.findElement(By.java:353)
	at org.openqa.selenium.remote.RemoteWebDriver.findElement(RemoteWebDriver.java:309)
	at org.openqa.selenium.support.pagefactory.DefaultElementLocator.findElement(DefaultElementLocator.java:69)
	at org.openqa.selenium.support.pagefactory.internal.LocatingElementHandler.invoke(LocatingElementHandler.java:38)
	at com.sun.proxy.$Proxy15.isDisplayed(Unknown Source)
	at org.openqa.selenium.support.ui.ExpectedConditions.elementIfVisible(ExpectedConditions.java:315)
	at org.openqa.selenium.support.ui.ExpectedConditions.access$100(ExpectedConditions.java:44)
	at org.openqa.selenium.support.ui.ExpectedConditions$10.apply(ExpectedConditions.java:301)
	at org.openqa.selenium.support.ui.ExpectedConditions$10.apply(ExpectedConditions.java:298)
	at org.openqa.selenium.support.ui.ExpectedConditions$23.apply(ExpectedConditions.java:686)
	at org.openqa.selenium.support.ui.ExpectedConditions$23.apply(ExpectedConditions.java:682)
	at org.openqa.selenium.support.ui.FluentWait.until(FluentWait.java:248)
	... 26 more
]]>
    </error>
  </testcase> <!-- CheckPrintAndCustomiseOptionnIncustomerSummaryAgeingByDueDateReport -->
  <testcase name="checkCreditNoteRegisterReport" time="10.418" classname="com.focus.testcases.FinancialReportsXTest"/>
  <testcase name="checkVendorSummeryVendorSummaryAgeingByDueDateReport" time="80.948" classname="com.focus.testcases.FinancialReportsXTest">
    <error type="org.openqa.selenium.TimeoutException" message="Expected condition failed: waiting for element to be clickable: [[ChromeDriver: chrome on WINDOWS (4e5b63374159fa2ea6e25ee1b1617078)] -&gt; xpath: (//input[@id=&#039;5002&#039;])[1]/following-sibling::span] (tried for 40 second(s) with 5000 milliseconds interval)
Build info: version: &#039;3.12.0&#039;, revision: &#039;7c6e0b3&#039;, time: &#039;2018-05-08T14:04:26.12Z&#039;
System info: host: &#039;FOCUS-QA-10&#039;, ip: &#039;192.168.4.206&#039;, os.name: &#039;Windows 10&#039;, os.arch: &#039;amd64&#039;, os.version: &#039;10.0&#039;, java.version: &#039;1.8.0_111&#039;
Driver info: driver.version: unknown">
      <![CDATA[org.openqa.selenium.TimeoutException: Expected condition failed: waiting for element to be clickable: [[ChromeDriver: chrome on WINDOWS (4e5b63374159fa2ea6e25ee1b1617078)] -> xpath: (//input[@id='5002'])[1]/following-sibling::span] (tried for 40 second(s) with 5000 milliseconds interval)
Build info: version: '3.12.0', revision: '7c6e0b3', time: '2018-05-08T14:04:26.12Z'
System info: host: 'FOCUS-QA-10', ip: '192.168.4.206', os.name: 'Windows 10', os.arch: 'amd64', os.version: '10.0', java.version: '1.8.0_111'
Driver info: driver.version: unknown
	at org.openqa.selenium.support.ui.FluentWait.timeoutException(FluentWait.java:303)
	at org.openqa.selenium.support.ui.FluentWait.until(FluentWait.java:271)
	at com.focus.Pages.FinancilaReportsXPage.checkVendorSummeryVendorSummaryAgeingByDueDateReport(FinancilaReportsXPage.java:45885)
	at com.focus.testcases.FinancialReportsXTest.checkVendorSummeryVendorSummaryAgeingByDueDateReport(FinancialReportsXTest.java:1737)
	at sun.reflect.NativeMethodAccessorImpl.invoke0(Native Method)
	at sun.reflect.NativeMethodAccessorImpl.invoke(Unknown Source)
	at sun.reflect.DelegatingMethodAccessorImpl.invoke(Unknown Source)
	at java.lang.reflect.Method.invoke(Unknown Source)
	at org.testng.internal.MethodInvocationHelper.invokeMethod(MethodInvocationHelper.java:86)
	at org.testng.internal.Invoker.invokeMethod(Invoker.java:643)
	at org.testng.internal.Invoker.invokeTestMethod(Invoker.java:820)
	at org.testng.internal.Invoker.invokeTestMethods(Invoker.java:1128)
	at org.testng.internal.TestMethodWorker.invokeTestMethods(TestMethodWorker.java:129)
	at org.testng.internal.TestMethodWorker.run(TestMethodWorker.java:112)
	at org.testng.TestRunner.privateRun(TestRunner.java:782)
	at org.testng.TestRunner.run(TestRunner.java:632)
	at org.testng.SuiteRunner.runTest(SuiteRunner.java:366)
	at org.testng.SuiteRunner.runSequentially(SuiteRunner.java:361)
	at org.testng.SuiteRunner.privateRun(SuiteRunner.java:319)
	at org.testng.SuiteRunner.run(SuiteRunner.java:268)
	at org.testng.SuiteRunnerWorker.runSuite(SuiteRunnerWorker.java:52)
	at org.testng.SuiteRunnerWorker.run(SuiteRunnerWorker.java:86)
	at org.testng.TestNG.runSuitesSequentially(TestNG.java:1244)
	at org.testng.TestNG.runSuitesLocally(TestNG.java:1169)
	at org.testng.TestNG.run(TestNG.java:1064)
	at org.testng.remote.AbstractRemoteTestNG.run(AbstractRemoteTestNG.java:114)
	at org.testng.remote.RemoteTestNG.initAndRun(RemoteTestNG.java:251)
	at org.testng.remote.RemoteTestNG.main(RemoteTestNG.java:77)
]]>
    </error>
  </testcase> <!-- checkVendorSummeryVendorSummaryAgeingByDueDateReport -->
  <testcase name="checkPrintOptionSummarySalesBookReport" time="13.662" classname="com.focus.testcases.FinancialReportsXTest"/>
  <testcase name="checkVendorDetailsVendorAgeingDetailsReport" time="3.947" classname="com.focus.testcases.FinancialReportsXTest">
    <error type="org.openqa.selenium.ElementClickInterceptedException" message="element click intercepted: Element &lt;span...class=&quot;checkmark&quot;&gt; &lt;/span&gt; is not clickable at point (1037, 590). Other element would receive the click: &lt;div class=&quot;row&quot; style=&quot;&quot;&gt;...&lt;/div&gt;
  (Session info: chrome=107.0.5304.122)
Build info: version: &#039;3.12.0&#039;, revision: &#039;7c6e0b3&#039;, time: &#039;2018-05-08T14:04:26.12Z&#039;
System info: host: &#039;FOCUS-QA-10&#039;, ip: &#039;192.168.4.206&#039;, os.name: &#039;Windows 10&#039;, os.arch: &#039;amd64&#039;, os.version: &#039;10.0&#039;, java.version: &#039;1.8.0_111&#039;
Driver info: org.openqa.selenium.chrome.ChromeDriver
Capabilities {acceptInsecureCerts: false, browserName: chrome, browserVersion: 107.0.5304.122, chrome: {chromedriverVersion: 106.0.5249.61 (511755355844..., userDataDir: C:\Users\Rakesh\AppData\Loc...}, goog:chromeOptions: {debuggerAddress: localhost:54194}, javascriptEnabled: true, networkConnectionEnabled: false, pageLoadStrategy: normal, platform: WINDOWS, platformName: WINDOWS, proxy: Proxy(), setWindowRect: true, strictFileInteractability: false, timeouts: {implicit: 0, pageLoad: 300000, script: 30000}, unhandledPromptBehavior: dismiss and notify, webauthn:extension:credBlob: true, webauthn:extension:largeBlob: true, webauthn:virtualAuthenticators: true}
Session ID: 4e5b63374159fa2ea6e25ee1b1617078">
      <![CDATA[org.openqa.selenium.ElementClickInterceptedException: element click intercepted: Element <span...class="checkmark"> </span> is not clickable at point (1037, 590). Other element would receive the click: <div class="row" style="">...</div>
  (Session info: chrome=107.0.5304.122)
Build info: version: '3.12.0', revision: '7c6e0b3', time: '2018-05-08T14:04:26.12Z'
System info: host: 'FOCUS-QA-10', ip: '192.168.4.206', os.name: 'Windows 10', os.arch: 'amd64', os.version: '10.0', java.version: '1.8.0_111'
Driver info: org.openqa.selenium.chrome.ChromeDriver
Capabilities {acceptInsecureCerts: false, browserName: chrome, browserVersion: 107.0.5304.122, chrome: {chromedriverVersion: 106.0.5249.61 (511755355844..., userDataDir: C:\Users\Rakesh\AppData\Loc...}, goog:chromeOptions: {debuggerAddress: localhost:54194}, javascriptEnabled: true, networkConnectionEnabled: false, pageLoadStrategy: normal, platform: WINDOWS, platformName: WINDOWS, proxy: Proxy(), setWindowRect: true, strictFileInteractability: false, timeouts: {implicit: 0, pageLoad: 300000, script: 30000}, unhandledPromptBehavior: dismiss and notify, webauthn:extension:credBlob: true, webauthn:extension:largeBlob: true, webauthn:virtualAuthenticators: true}
Session ID: 4e5b63374159fa2ea6e25ee1b1617078
	at sun.reflect.GeneratedConstructorAccessor45.newInstance(Unknown Source)
	at sun.reflect.DelegatingConstructorAccessorImpl.newInstance(Unknown Source)
	at java.lang.reflect.Constructor.newInstance(Unknown Source)
	at org.openqa.selenium.remote.http.W3CHttpResponseCodec.createException(W3CHttpResponseCodec.java:187)
	at org.openqa.selenium.remote.http.W3CHttpResponseCodec.decode(W3CHttpResponseCodec.java:122)
	at org.openqa.selenium.remote.http.W3CHttpResponseCodec.decode(W3CHttpResponseCodec.java:49)
	at org.openqa.selenium.remote.HttpCommandExecutor.execute(HttpCommandExecutor.java:158)
	at org.openqa.selenium.remote.service.DriverCommandExecutor.execute(DriverCommandExecutor.java:83)
	at org.openqa.selenium.remote.RemoteWebDriver.execute(RemoteWebDriver.java:543)
	at org.openqa.selenium.remote.RemoteWebElement.execute(RemoteWebElement.java:276)
	at org.openqa.selenium.remote.RemoteWebElement.click(RemoteWebElement.java:83)
	at sun.reflect.GeneratedMethodAccessor4.invoke(Unknown Source)
	at sun.reflect.DelegatingMethodAccessorImpl.invoke(Unknown Source)
	at java.lang.reflect.Method.invoke(Unknown Source)
	at org.openqa.selenium.support.pagefactory.internal.LocatingElementHandler.invoke(LocatingElementHandler.java:51)
	at com.sun.proxy.$Proxy15.click(Unknown Source)
	at com.focus.Pages.FinancilaReportsXPage.checkVendorDetailsVendorAgeingDetailsReport(FinancilaReportsXPage.java:44021)
	at com.focus.testcases.FinancialReportsXTest.checkVendorDetailsVendorAgeingDetailsReport(FinancialReportsXTest.java:1639)
	at sun.reflect.NativeMethodAccessorImpl.invoke0(Native Method)
	at sun.reflect.NativeMethodAccessorImpl.invoke(Unknown Source)
	at sun.reflect.DelegatingMethodAccessorImpl.invoke(Unknown Source)
	at java.lang.reflect.Method.invoke(Unknown Source)
	at org.testng.internal.MethodInvocationHelper.invokeMethod(MethodInvocationHelper.java:86)
	at org.testng.internal.Invoker.invokeMethod(Invoker.java:643)
	at org.testng.internal.Invoker.invokeTestMethod(Invoker.java:820)
	at org.testng.internal.Invoker.invokeTestMethods(Invoker.java:1128)
	at org.testng.internal.TestMethodWorker.invokeTestMethods(TestMethodWorker.java:129)
	at org.testng.internal.TestMethodWorker.run(TestMethodWorker.java:112)
	at org.testng.TestRunner.privateRun(TestRunner.java:782)
	at org.testng.TestRunner.run(TestRunner.java:632)
	at org.testng.SuiteRunner.runTest(SuiteRunner.java:366)
	at org.testng.SuiteRunner.runSequentially(SuiteRunner.java:361)
	at org.testng.SuiteRunner.privateRun(SuiteRunner.java:319)
	at org.testng.SuiteRunner.run(SuiteRunner.java:268)
	at org.testng.SuiteRunnerWorker.runSuite(SuiteRunnerWorker.java:52)
	at org.testng.SuiteRunnerWorker.run(SuiteRunnerWorker.java:86)
	at org.testng.TestNG.runSuitesSequentially(TestNG.java:1244)
	at org.testng.TestNG.runSuitesLocally(TestNG.java:1169)
	at org.testng.TestNG.run(TestNG.java:1064)
	at org.testng.remote.AbstractRemoteTestNG.run(AbstractRemoteTestNG.java:114)
	at org.testng.remote.RemoteTestNG.initAndRun(RemoteTestNG.java:251)
	at org.testng.remote.RemoteTestNG.main(RemoteTestNG.java:77)
]]>
    </error>
  </testcase> <!-- checkVendorDetailsVendorAgeingDetailsReport -->
  <testcase name="checkVendorOverdueAnalysisReportBackTrackOption" time="1.214" classname="com.focus.testcases.FinancialReportsXTest">
    <error type="org.openqa.selenium.ElementClickInterceptedException" message="element click intercepted: Element &lt;td data-ifieldid=&quot;1&quot; data-datatypeid=&quot;0&quot; onclick=&quot;REPORTRENDER.GetFieldId(this);&quot; id=&quot;tdSort_1_col_Voucher_&quot; class=&quot;TextAlignLeft&quot; colspan=&quot;0&quot; style=&quot;border-style: none; font-style: normal; font-weight: normal; font-size: 12px; width: 120px;&quot;&gt;...&lt;/td&gt; is not clickable at point (206, 196). Other element would receive the click: &lt;div id=&quot;fullScreen&quot; class=&quot;modal fade right show&quot; role=&quot;dialog&quot; data-backdrop=&quot;static&quot; style=&quot;z-index: 10000001; padding-right: 10px; display: block;&quot; aria-modal=&quot;true&quot;&gt;...&lt;/div&gt;
  (Session info: chrome=107.0.5304.122)
Build info: version: &#039;3.12.0&#039;, revision: &#039;7c6e0b3&#039;, time: &#039;2018-05-08T14:04:26.12Z&#039;
System info: host: &#039;FOCUS-QA-10&#039;, ip: &#039;192.168.4.206&#039;, os.name: &#039;Windows 10&#039;, os.arch: &#039;amd64&#039;, os.version: &#039;10.0&#039;, java.version: &#039;1.8.0_111&#039;
Driver info: org.openqa.selenium.chrome.ChromeDriver
Capabilities {acceptInsecureCerts: false, browserName: chrome, browserVersion: 107.0.5304.122, chrome: {chromedriverVersion: 106.0.5249.61 (511755355844..., userDataDir: C:\Users\Rakesh\AppData\Loc...}, goog:chromeOptions: {debuggerAddress: localhost:54194}, javascriptEnabled: true, networkConnectionEnabled: false, pageLoadStrategy: normal, platform: WINDOWS, platformName: WINDOWS, proxy: Proxy(), setWindowRect: true, strictFileInteractability: false, timeouts: {implicit: 0, pageLoad: 300000, script: 30000}, unhandledPromptBehavior: dismiss and notify, webauthn:extension:credBlob: true, webauthn:extension:largeBlob: true, webauthn:virtualAuthenticators: true}
Session ID: 4e5b63374159fa2ea6e25ee1b1617078">
      <![CDATA[org.openqa.selenium.ElementClickInterceptedException: element click intercepted: Element <td data-ifieldid="1" data-datatypeid="0" onclick="REPORTRENDER.GetFieldId(this);" id="tdSort_1_col_Voucher_" class="TextAlignLeft" colspan="0" style="border-style: none; font-style: normal; font-weight: normal; font-size: 12px; width: 120px;">...</td> is not clickable at point (206, 196). Other element would receive the click: <div id="fullScreen" class="modal fade right show" role="dialog" data-backdrop="static" style="z-index: 10000001; padding-right: 10px; display: block;" aria-modal="true">...</div>
  (Session info: chrome=107.0.5304.122)
Build info: version: '3.12.0', revision: '7c6e0b3', time: '2018-05-08T14:04:26.12Z'
System info: host: 'FOCUS-QA-10', ip: '192.168.4.206', os.name: 'Windows 10', os.arch: 'amd64', os.version: '10.0', java.version: '1.8.0_111'
Driver info: org.openqa.selenium.chrome.ChromeDriver
Capabilities {acceptInsecureCerts: false, browserName: chrome, browserVersion: 107.0.5304.122, chrome: {chromedriverVersion: 106.0.5249.61 (511755355844..., userDataDir: C:\Users\Rakesh\AppData\Loc...}, goog:chromeOptions: {debuggerAddress: localhost:54194}, javascriptEnabled: true, networkConnectionEnabled: false, pageLoadStrategy: normal, platform: WINDOWS, platformName: WINDOWS, proxy: Proxy(), setWindowRect: true, strictFileInteractability: false, timeouts: {implicit: 0, pageLoad: 300000, script: 30000}, unhandledPromptBehavior: dismiss and notify, webauthn:extension:credBlob: true, webauthn:extension:largeBlob: true, webauthn:virtualAuthenticators: true}
Session ID: 4e5b63374159fa2ea6e25ee1b1617078
	at sun.reflect.GeneratedConstructorAccessor45.newInstance(Unknown Source)
	at sun.reflect.DelegatingConstructorAccessorImpl.newInstance(Unknown Source)
	at java.lang.reflect.Constructor.newInstance(Unknown Source)
	at org.openqa.selenium.remote.http.W3CHttpResponseCodec.createException(W3CHttpResponseCodec.java:187)
	at org.openqa.selenium.remote.http.W3CHttpResponseCodec.decode(W3CHttpResponseCodec.java:122)
	at org.openqa.selenium.remote.http.W3CHttpResponseCodec.decode(W3CHttpResponseCodec.java:49)
	at org.openqa.selenium.remote.HttpCommandExecutor.execute(HttpCommandExecutor.java:158)
	at org.openqa.selenium.remote.service.DriverCommandExecutor.execute(DriverCommandExecutor.java:83)
	at org.openqa.selenium.remote.RemoteWebDriver.execute(RemoteWebDriver.java:543)
	at org.openqa.selenium.remote.RemoteWebElement.execute(RemoteWebElement.java:276)
	at org.openqa.selenium.remote.RemoteWebElement.click(RemoteWebElement.java:83)
	at com.focus.Pages.FinancilaReportsXPage.checkVendorOverdueAnalysisReportBackTrackOption(FinancilaReportsXPage.java:45221)
	at com.focus.testcases.FinancialReportsXTest.checkVendorOverdueAnalysisReportBackTrackOption(FinancialReportsXTest.java:1703)
	at sun.reflect.NativeMethodAccessorImpl.invoke0(Native Method)
	at sun.reflect.NativeMethodAccessorImpl.invoke(Unknown Source)
	at sun.reflect.DelegatingMethodAccessorImpl.invoke(Unknown Source)
	at java.lang.reflect.Method.invoke(Unknown Source)
	at org.testng.internal.MethodInvocationHelper.invokeMethod(MethodInvocationHelper.java:86)
	at org.testng.internal.Invoker.invokeMethod(Invoker.java:643)
	at org.testng.internal.Invoker.invokeTestMethod(Invoker.java:820)
	at org.testng.internal.Invoker.invokeTestMethods(Invoker.java:1128)
	at org.testng.internal.TestMethodWorker.invokeTestMethods(TestMethodWorker.java:129)
	at org.testng.internal.TestMethodWorker.run(TestMethodWorker.java:112)
	at org.testng.TestRunner.privateRun(TestRunner.java:782)
	at org.testng.TestRunner.run(TestRunner.java:632)
	at org.testng.SuiteRunner.runTest(SuiteRunner.java:366)
	at org.testng.SuiteRunner.runSequentially(SuiteRunner.java:361)
	at org.testng.SuiteRunner.privateRun(SuiteRunner.java:319)
	at org.testng.SuiteRunner.run(SuiteRunner.java:268)
	at org.testng.SuiteRunnerWorker.runSuite(SuiteRunnerWorker.java:52)
	at org.testng.SuiteRunnerWorker.run(SuiteRunnerWorker.java:86)
	at org.testng.TestNG.runSuitesSequentially(TestNG.java:1244)
	at org.testng.TestNG.runSuitesLocally(TestNG.java:1169)
	at org.testng.TestNG.run(TestNG.java:1064)
	at org.testng.remote.AbstractRemoteTestNG.run(AbstractRemoteTestNG.java:114)
	at org.testng.remote.RemoteTestNG.initAndRun(RemoteTestNG.java:251)
	at org.testng.remote.RemoteTestNG.main(RemoteTestNG.java:77)
]]>
    </error>
  </testcase> <!-- checkVendorOverdueAnalysisReportBackTrackOption -->
  <testcase name="checkPrintOptionBankReconciliationStatementReport" time="10.267" classname="com.focus.testcases.FinancialReportsXTest"/>
  <testcase name="checkVirtualBankLedgerPrintOption" time="80.844" classname="com.focus.testcases.FinancialReportsXTest">
    <error type="org.openqa.selenium.TimeoutException" message="Expected condition failed: waiting for element to be clickable: Proxy element for: DefaultElementLocator &#039;By.xpath: (//*[@class=&#039;icon-print hiconright2&#039;])[2]&#039; (tried for 40 second(s) with 5000 milliseconds interval)">
      <![CDATA[org.openqa.selenium.TimeoutException: Expected condition failed: waiting for element to be clickable: Proxy element for: DefaultElementLocator 'By.xpath: (//*[@class='icon-print hiconright2'])[2]' (tried for 40 second(s) with 5000 milliseconds interval)
	at org.openqa.selenium.support.ui.FluentWait.timeoutException(FluentWait.java:303)
	at org.openqa.selenium.support.ui.FluentWait.until(FluentWait.java:271)
	at com.focus.Pages.FinancilaReportsXPage.checkVirtualBankLedgerPrintOption(FinancilaReportsXPage.java:6375)
	at com.focus.testcases.FinancialReportsXTest.checkVirtualBankLedgerPrintOption(FinancialReportsXTest.java:189)
	at sun.reflect.NativeMethodAccessorImpl.invoke0(Native Method)
	at sun.reflect.NativeMethodAccessorImpl.invoke(Unknown Source)
	at sun.reflect.DelegatingMethodAccessorImpl.invoke(Unknown Source)
	at java.lang.reflect.Method.invoke(Unknown Source)
	at org.testng.internal.MethodInvocationHelper.invokeMethod(MethodInvocationHelper.java:86)
	at org.testng.internal.Invoker.invokeMethod(Invoker.java:643)
	at org.testng.internal.Invoker.invokeTestMethod(Invoker.java:820)
	at org.testng.internal.Invoker.invokeTestMethods(Invoker.java:1128)
	at org.testng.internal.TestMethodWorker.invokeTestMethods(TestMethodWorker.java:129)
	at org.testng.internal.TestMethodWorker.run(TestMethodWorker.java:112)
	at org.testng.TestRunner.privateRun(TestRunner.java:782)
	at org.testng.TestRunner.run(TestRunner.java:632)
	at org.testng.SuiteRunner.runTest(SuiteRunner.java:366)
	at org.testng.SuiteRunner.runSequentially(SuiteRunner.java:361)
	at org.testng.SuiteRunner.privateRun(SuiteRunner.java:319)
	at org.testng.SuiteRunner.run(SuiteRunner.java:268)
	at org.testng.SuiteRunnerWorker.runSuite(SuiteRunnerWorker.java:52)
	at org.testng.SuiteRunnerWorker.run(SuiteRunnerWorker.java:86)
	at org.testng.TestNG.runSuitesSequentially(TestNG.java:1244)
	at org.testng.TestNG.runSuitesLocally(TestNG.java:1169)
	at org.testng.TestNG.run(TestNG.java:1064)
	at org.testng.remote.AbstractRemoteTestNG.run(AbstractRemoteTestNG.java:114)
	at org.testng.remote.RemoteTestNG.initAndRun(RemoteTestNG.java:251)
	at org.testng.remote.RemoteTestNG.main(RemoteTestNG.java:77)
Caused by: org.openqa.selenium.NoSuchElementException: no such element: Unable to locate element: {"method":"xpath","selector":"(//*[@class='icon-print hiconright2'])[2]"}
  (Session info: chrome=107.0.5304.122)
For documentation on this error, please visit: http://seleniumhq.org/exceptions/no_such_element.html
Build info: version: '3.12.0', revision: '7c6e0b3', time: '2018-05-08T14:04:26.12Z'
System info: host: 'FOCUS-QA-10', ip: '192.168.4.206', os.name: 'Windows 10', os.arch: 'amd64', os.version: '10.0', java.version: '1.8.0_111'
Driver info: org.openqa.selenium.chrome.ChromeDriver
Capabilities {acceptInsecureCerts: false, browserName: chrome, browserVersion: 107.0.5304.122, chrome: {chromedriverVersion: 106.0.5249.61 (511755355844..., userDataDir: C:\Users\Rakesh\AppData\Loc...}, goog:chromeOptions: {debuggerAddress: localhost:54194}, javascriptEnabled: true, networkConnectionEnabled: false, pageLoadStrategy: normal, platform: WINDOWS, platformName: WINDOWS, proxy: Proxy(), setWindowRect: true, strictFileInteractability: false, timeouts: {implicit: 0, pageLoad: 300000, script: 30000}, unhandledPromptBehavior: dismiss and notify, webauthn:extension:credBlob: true, webauthn:extension:largeBlob: true, webauthn:virtualAuthenticators: true}
Session ID: 4e5b63374159fa2ea6e25ee1b1617078
*** Element info: {Using=xpath, value=(//*[@class='icon-print hiconright2'])[2]}
	at sun.reflect.GeneratedConstructorAccessor43.newInstance(Unknown Source)
	at sun.reflect.DelegatingConstructorAccessorImpl.newInstance(Unknown Source)
	at java.lang.reflect.Constructor.newInstance(Unknown Source)
	at org.openqa.selenium.remote.http.W3CHttpResponseCodec.createException(W3CHttpResponseCodec.java:187)
	at org.openqa.selenium.remote.http.W3CHttpResponseCodec.decode(W3CHttpResponseCodec.java:122)
	at org.openqa.selenium.remote.http.W3CHttpResponseCodec.decode(W3CHttpResponseCodec.java:49)
	at org.openqa.selenium.remote.HttpCommandExecutor.execute(HttpCommandExecutor.java:158)
	at org.openqa.selenium.remote.service.DriverCommandExecutor.execute(DriverCommandExecutor.java:83)
	at org.openqa.selenium.remote.RemoteWebDriver.execute(RemoteWebDriver.java:543)
	at org.openqa.selenium.remote.RemoteWebDriver.findElement(RemoteWebDriver.java:317)
	at org.openqa.selenium.remote.RemoteWebDriver.findElementByXPath(RemoteWebDriver.java:419)
	at org.openqa.selenium.By$ByXPath.findElement(By.java:353)
	at org.openqa.selenium.remote.RemoteWebDriver.findElement(RemoteWebDriver.java:309)
	at org.openqa.selenium.support.pagefactory.DefaultElementLocator.findElement(DefaultElementLocator.java:69)
	at org.openqa.selenium.support.pagefactory.internal.LocatingElementHandler.invoke(LocatingElementHandler.java:38)
	at com.sun.proxy.$Proxy15.isDisplayed(Unknown Source)
	at org.openqa.selenium.support.ui.ExpectedConditions.elementIfVisible(ExpectedConditions.java:315)
	at org.openqa.selenium.support.ui.ExpectedConditions.access$100(ExpectedConditions.java:44)
	at org.openqa.selenium.support.ui.ExpectedConditions$10.apply(ExpectedConditions.java:301)
	at org.openqa.selenium.support.ui.ExpectedConditions$10.apply(ExpectedConditions.java:298)
	at org.openqa.selenium.support.ui.ExpectedConditions$23.apply(ExpectedConditions.java:686)
	at org.openqa.selenium.support.ui.ExpectedConditions$23.apply(ExpectedConditions.java:682)
	at org.openqa.selenium.support.ui.FluentWait.until(FluentWait.java:248)
	... 26 more
]]>
    </error>
  </testcase> <!-- checkVirtualBankLedgerPrintOption -->
  <testcase name="checkSalesGroupedByDepartmentReport" time="93.009" classname="com.focus.testcases.FinancialReportsXTest">
    <error type="org.openqa.selenium.TimeoutException" message="Expected condition failed: waiting for element to be clickable: Proxy element for: DefaultElementLocator &#039;By.xpath: //div[@id=&#039;id_reportmenudisplay&#039;]/ul/li[13]&#039; (tried for 40 second(s) with 5000 milliseconds interval)">
      <![CDATA[org.openqa.selenium.TimeoutException: Expected condition failed: waiting for element to be clickable: Proxy element for: DefaultElementLocator 'By.xpath: //div[@id='id_reportmenudisplay']/ul/li[13]' (tried for 40 second(s) with 5000 milliseconds interval)
	at org.openqa.selenium.support.ui.FluentWait.timeoutException(FluentWait.java:303)
	at org.openqa.selenium.support.ui.FluentWait.until(FluentWait.java:271)
	at com.focus.Pages.FinancilaReportsXPage.checkSalesGroupedByDepartmentReport(FinancilaReportsXPage.java:22080)
	at com.focus.testcases.FinancialReportsXTest.checkSalesGroupedByDepartmentReport(FinancialReportsXTest.java:784)
	at sun.reflect.NativeMethodAccessorImpl.invoke0(Native Method)
	at sun.reflect.NativeMethodAccessorImpl.invoke(Unknown Source)
	at sun.reflect.DelegatingMethodAccessorImpl.invoke(Unknown Source)
	at java.lang.reflect.Method.invoke(Unknown Source)
	at org.testng.internal.MethodInvocationHelper.invokeMethod(MethodInvocationHelper.java:86)
	at org.testng.internal.Invoker.invokeMethod(Invoker.java:643)
	at org.testng.internal.Invoker.invokeTestMethod(Invoker.java:820)
	at org.testng.internal.Invoker.invokeTestMethods(Invoker.java:1128)
	at org.testng.internal.TestMethodWorker.invokeTestMethods(TestMethodWorker.java:129)
	at org.testng.internal.TestMethodWorker.run(TestMethodWorker.java:112)
	at org.testng.TestRunner.privateRun(TestRunner.java:782)
	at org.testng.TestRunner.run(TestRunner.java:632)
	at org.testng.SuiteRunner.runTest(SuiteRunner.java:366)
	at org.testng.SuiteRunner.runSequentially(SuiteRunner.java:361)
	at org.testng.SuiteRunner.privateRun(SuiteRunner.java:319)
	at org.testng.SuiteRunner.run(SuiteRunner.java:268)
	at org.testng.SuiteRunnerWorker.runSuite(SuiteRunnerWorker.java:52)
	at org.testng.SuiteRunnerWorker.run(SuiteRunnerWorker.java:86)
	at org.testng.TestNG.runSuitesSequentially(TestNG.java:1244)
	at org.testng.TestNG.runSuitesLocally(TestNG.java:1169)
	at org.testng.TestNG.run(TestNG.java:1064)
	at org.testng.remote.AbstractRemoteTestNG.run(AbstractRemoteTestNG.java:114)
	at org.testng.remote.RemoteTestNG.initAndRun(RemoteTestNG.java:251)
	at org.testng.remote.RemoteTestNG.main(RemoteTestNG.java:77)
Caused by: org.openqa.selenium.NoSuchElementException: no such element: Unable to locate element: {"method":"xpath","selector":"//div[@id='id_reportmenudisplay']/ul/li[13]"}
  (Session info: chrome=107.0.5304.122)
For documentation on this error, please visit: http://seleniumhq.org/exceptions/no_such_element.html
Build info: version: '3.12.0', revision: '7c6e0b3', time: '2018-05-08T14:04:26.12Z'
System info: host: 'FOCUS-QA-10', ip: '192.168.4.206', os.name: 'Windows 10', os.arch: 'amd64', os.version: '10.0', java.version: '1.8.0_111'
Driver info: org.openqa.selenium.chrome.ChromeDriver
Capabilities {acceptInsecureCerts: false, browserName: chrome, browserVersion: 107.0.5304.122, chrome: {chromedriverVersion: 106.0.5249.61 (511755355844..., userDataDir: C:\Users\Rakesh\AppData\Loc...}, goog:chromeOptions: {debuggerAddress: localhost:54194}, javascriptEnabled: true, networkConnectionEnabled: false, pageLoadStrategy: normal, platform: WINDOWS, platformName: WINDOWS, proxy: Proxy(), setWindowRect: true, strictFileInteractability: false, timeouts: {implicit: 0, pageLoad: 300000, script: 30000}, unhandledPromptBehavior: dismiss and notify, webauthn:extension:credBlob: true, webauthn:extension:largeBlob: true, webauthn:virtualAuthenticators: true}
Session ID: 4e5b63374159fa2ea6e25ee1b1617078
*** Element info: {Using=xpath, value=//div[@id='id_reportmenudisplay']/ul/li[13]}
	at sun.reflect.GeneratedConstructorAccessor43.newInstance(Unknown Source)
	at sun.reflect.DelegatingConstructorAccessorImpl.newInstance(Unknown Source)
	at java.lang.reflect.Constructor.newInstance(Unknown Source)
	at org.openqa.selenium.remote.http.W3CHttpResponseCodec.createException(W3CHttpResponseCodec.java:187)
	at org.openqa.selenium.remote.http.W3CHttpResponseCodec.decode(W3CHttpResponseCodec.java:122)
	at org.openqa.selenium.remote.http.W3CHttpResponseCodec.decode(W3CHttpResponseCodec.java:49)
	at org.openqa.selenium.remote.HttpCommandExecutor.execute(HttpCommandExecutor.java:158)
	at org.openqa.selenium.remote.service.DriverCommandExecutor.execute(DriverCommandExecutor.java:83)
	at org.openqa.selenium.remote.RemoteWebDriver.execute(RemoteWebDriver.java:543)
	at org.openqa.selenium.remote.RemoteWebDriver.findElement(RemoteWebDriver.java:317)
	at org.openqa.selenium.remote.RemoteWebDriver.findElementByXPath(RemoteWebDriver.java:419)
	at org.openqa.selenium.By$ByXPath.findElement(By.java:353)
	at org.openqa.selenium.remote.RemoteWebDriver.findElement(RemoteWebDriver.java:309)
	at org.openqa.selenium.support.pagefactory.DefaultElementLocator.findElement(DefaultElementLocator.java:69)
	at org.openqa.selenium.support.pagefactory.internal.LocatingElementHandler.invoke(LocatingElementHandler.java:38)
	at com.sun.proxy.$Proxy15.isDisplayed(Unknown Source)
	at org.openqa.selenium.support.ui.ExpectedConditions.elementIfVisible(ExpectedConditions.java:315)
	at org.openqa.selenium.support.ui.ExpectedConditions.access$100(ExpectedConditions.java:44)
	at org.openqa.selenium.support.ui.ExpectedConditions$10.apply(ExpectedConditions.java:301)
	at org.openqa.selenium.support.ui.ExpectedConditions$10.apply(ExpectedConditions.java:298)
	at org.openqa.selenium.support.ui.ExpectedConditions$23.apply(ExpectedConditions.java:686)
	at org.openqa.selenium.support.ui.ExpectedConditions$23.apply(ExpectedConditions.java:682)
	at org.openqa.selenium.support.ui.FluentWait.until(FluentWait.java:248)
	... 26 more
]]>
    </error>
  </testcase> <!-- checkSalesGroupedByDepartmentReport -->
  <testcase name="checkVendorDetailsVendorStatementsReportBackTrackOption" time="122.268" classname="com.focus.testcases.FinancialReportsXTest">
    <error type="org.openqa.selenium.TimeoutException" message="Expected condition failed: waiting for element to be clickable: Proxy element for: DefaultElementLocator &#039;By.xpath: //*[@id=&#039;id_reportmenudisplay&#039;]/ul/li[7]&#039; (tried for 40 second(s) with 5000 milliseconds interval)">
      <![CDATA[org.openqa.selenium.TimeoutException: Expected condition failed: waiting for element to be clickable: Proxy element for: DefaultElementLocator 'By.xpath: //*[@id='id_reportmenudisplay']/ul/li[7]' (tried for 40 second(s) with 5000 milliseconds interval)
	at org.openqa.selenium.support.ui.FluentWait.timeoutException(FluentWait.java:303)
	at org.openqa.selenium.support.ui.FluentWait.until(FluentWait.java:271)
	at com.focus.Pages.FinancilaReportsXPage.checkVendorDetailsVendorStatementsReportBackTrackOption(FinancilaReportsXPage.java:43460)
	at com.focus.testcases.FinancialReportsXTest.checkVendorDetailsVendorStatementsReportBackTrackOption(FinancialReportsXTest.java:1605)
	at sun.reflect.NativeMethodAccessorImpl.invoke0(Native Method)
	at sun.reflect.NativeMethodAccessorImpl.invoke(Unknown Source)
	at sun.reflect.DelegatingMethodAccessorImpl.invoke(Unknown Source)
	at java.lang.reflect.Method.invoke(Unknown Source)
	at org.testng.internal.MethodInvocationHelper.invokeMethod(MethodInvocationHelper.java:86)
	at org.testng.internal.Invoker.invokeMethod(Invoker.java:643)
	at org.testng.internal.Invoker.invokeTestMethod(Invoker.java:820)
	at org.testng.internal.Invoker.invokeTestMethods(Invoker.java:1128)
	at org.testng.internal.TestMethodWorker.invokeTestMethods(TestMethodWorker.java:129)
	at org.testng.internal.TestMethodWorker.run(TestMethodWorker.java:112)
	at org.testng.TestRunner.privateRun(TestRunner.java:782)
	at org.testng.TestRunner.run(TestRunner.java:632)
	at org.testng.SuiteRunner.runTest(SuiteRunner.java:366)
	at org.testng.SuiteRunner.runSequentially(SuiteRunner.java:361)
	at org.testng.SuiteRunner.privateRun(SuiteRunner.java:319)
	at org.testng.SuiteRunner.run(SuiteRunner.java:268)
	at org.testng.SuiteRunnerWorker.runSuite(SuiteRunnerWorker.java:52)
	at org.testng.SuiteRunnerWorker.run(SuiteRunnerWorker.java:86)
	at org.testng.TestNG.runSuitesSequentially(TestNG.java:1244)
	at org.testng.TestNG.runSuitesLocally(TestNG.java:1169)
	at org.testng.TestNG.run(TestNG.java:1064)
	at org.testng.remote.AbstractRemoteTestNG.run(AbstractRemoteTestNG.java:114)
	at org.testng.remote.RemoteTestNG.initAndRun(RemoteTestNG.java:251)
	at org.testng.remote.RemoteTestNG.main(RemoteTestNG.java:77)
Caused by: org.openqa.selenium.NoSuchElementException: no such element: Unable to locate element: {"method":"xpath","selector":"//*[@id='id_reportmenudisplay']/ul/li[7]"}
  (Session info: chrome=107.0.5304.122)
For documentation on this error, please visit: http://seleniumhq.org/exceptions/no_such_element.html
Build info: version: '3.12.0', revision: '7c6e0b3', time: '2018-05-08T14:04:26.12Z'
System info: host: 'FOCUS-QA-10', ip: '192.168.4.206', os.name: 'Windows 10', os.arch: 'amd64', os.version: '10.0', java.version: '1.8.0_111'
Driver info: org.openqa.selenium.chrome.ChromeDriver
Capabilities {acceptInsecureCerts: false, browserName: chrome, browserVersion: 107.0.5304.122, chrome: {chromedriverVersion: 106.0.5249.61 (511755355844..., userDataDir: C:\Users\Rakesh\AppData\Loc...}, goog:chromeOptions: {debuggerAddress: localhost:54194}, javascriptEnabled: true, networkConnectionEnabled: false, pageLoadStrategy: normal, platform: WINDOWS, platformName: WINDOWS, proxy: Proxy(), setWindowRect: true, strictFileInteractability: false, timeouts: {implicit: 0, pageLoad: 300000, script: 30000}, unhandledPromptBehavior: dismiss and notify, webauthn:extension:credBlob: true, webauthn:extension:largeBlob: true, webauthn:virtualAuthenticators: true}
Session ID: 4e5b63374159fa2ea6e25ee1b1617078
*** Element info: {Using=xpath, value=//*[@id='id_reportmenudisplay']/ul/li[7]}
	at sun.reflect.GeneratedConstructorAccessor43.newInstance(Unknown Source)
	at sun.reflect.DelegatingConstructorAccessorImpl.newInstance(Unknown Source)
	at java.lang.reflect.Constructor.newInstance(Unknown Source)
	at org.openqa.selenium.remote.http.W3CHttpResponseCodec.createException(W3CHttpResponseCodec.java:187)
	at org.openqa.selenium.remote.http.W3CHttpResponseCodec.decode(W3CHttpResponseCodec.java:122)
	at org.openqa.selenium.remote.http.W3CHttpResponseCodec.decode(W3CHttpResponseCodec.java:49)
	at org.openqa.selenium.remote.HttpCommandExecutor.execute(HttpCommandExecutor.java:158)
	at org.openqa.selenium.remote.service.DriverCommandExecutor.execute(DriverCommandExecutor.java:83)
	at org.openqa.selenium.remote.RemoteWebDriver.execute(RemoteWebDriver.java:543)
	at org.openqa.selenium.remote.RemoteWebDriver.findElement(RemoteWebDriver.java:317)
	at org.openqa.selenium.remote.RemoteWebDriver.findElementByXPath(RemoteWebDriver.java:419)
	at org.openqa.selenium.By$ByXPath.findElement(By.java:353)
	at org.openqa.selenium.remote.RemoteWebDriver.findElement(RemoteWebDriver.java:309)
	at org.openqa.selenium.support.pagefactory.DefaultElementLocator.findElement(DefaultElementLocator.java:69)
	at org.openqa.selenium.support.pagefactory.internal.LocatingElementHandler.invoke(LocatingElementHandler.java:38)
	at com.sun.proxy.$Proxy15.isDisplayed(Unknown Source)
	at org.openqa.selenium.support.ui.ExpectedConditions.elementIfVisible(ExpectedConditions.java:315)
	at org.openqa.selenium.support.ui.ExpectedConditions.access$100(ExpectedConditions.java:44)
	at org.openqa.selenium.support.ui.ExpectedConditions$10.apply(ExpectedConditions.java:301)
	at org.openqa.selenium.support.ui.ExpectedConditions$10.apply(ExpectedConditions.java:298)
	at org.openqa.selenium.support.ui.ExpectedConditions$23.apply(ExpectedConditions.java:686)
	at org.openqa.selenium.support.ui.ExpectedConditions$23.apply(ExpectedConditions.java:682)
	at org.openqa.selenium.support.ui.FluentWait.until(FluentWait.java:248)
	... 26 more
]]>
    </error>
  </testcase> <!-- checkVendorDetailsVendorStatementsReportBackTrackOption -->
  <testcase name="checkBackTrackInTrailBalance" time="1.225" classname="com.focus.testcases.FinancialReportsXTest">
    <error type="org.openqa.selenium.ElementClickInterceptedException" message="element click intercepted: Element &lt;td data-ifieldid=&quot;1&quot; data-datatypeid=&quot;0&quot; onclick=&quot;REPORTRENDER.GetFieldId(this);&quot; id=&quot;tdSort_0_col_Particulars_&quot; class=&quot;TextAlignLeft&quot; colspan=&quot;0&quot; style=&quot;border-style: none; font-style: normal; font-weight: normal; font-size: 12px; width: 120px;&quot;&gt;...&lt;/td&gt; is not clickable at point (206, 175). Other element would receive the click: &lt;div id=&quot;fullScreen&quot; class=&quot;modal fade right show&quot; role=&quot;dialog&quot; data-backdrop=&quot;static&quot; style=&quot;z-index: 10000001; padding-right: 10px; display: block;&quot; aria-modal=&quot;true&quot;&gt;...&lt;/div&gt;
  (Session info: chrome=107.0.5304.122)
Build info: version: &#039;3.12.0&#039;, revision: &#039;7c6e0b3&#039;, time: &#039;2018-05-08T14:04:26.12Z&#039;
System info: host: &#039;FOCUS-QA-10&#039;, ip: &#039;192.168.4.206&#039;, os.name: &#039;Windows 10&#039;, os.arch: &#039;amd64&#039;, os.version: &#039;10.0&#039;, java.version: &#039;1.8.0_111&#039;
Driver info: org.openqa.selenium.chrome.ChromeDriver
Capabilities {acceptInsecureCerts: false, browserName: chrome, browserVersion: 107.0.5304.122, chrome: {chromedriverVersion: 106.0.5249.61 (511755355844..., userDataDir: C:\Users\Rakesh\AppData\Loc...}, goog:chromeOptions: {debuggerAddress: localhost:54194}, javascriptEnabled: true, networkConnectionEnabled: false, pageLoadStrategy: normal, platform: WINDOWS, platformName: WINDOWS, proxy: Proxy(), setWindowRect: true, strictFileInteractability: false, timeouts: {implicit: 0, pageLoad: 300000, script: 30000}, unhandledPromptBehavior: dismiss and notify, webauthn:extension:credBlob: true, webauthn:extension:largeBlob: true, webauthn:virtualAuthenticators: true}
Session ID: 4e5b63374159fa2ea6e25ee1b1617078">
      <![CDATA[org.openqa.selenium.ElementClickInterceptedException: element click intercepted: Element <td data-ifieldid="1" data-datatypeid="0" onclick="REPORTRENDER.GetFieldId(this);" id="tdSort_0_col_Particulars_" class="TextAlignLeft" colspan="0" style="border-style: none; font-style: normal; font-weight: normal; font-size: 12px; width: 120px;">...</td> is not clickable at point (206, 175). Other element would receive the click: <div id="fullScreen" class="modal fade right show" role="dialog" data-backdrop="static" style="z-index: 10000001; padding-right: 10px; display: block;" aria-modal="true">...</div>
  (Session info: chrome=107.0.5304.122)
Build info: version: '3.12.0', revision: '7c6e0b3', time: '2018-05-08T14:04:26.12Z'
System info: host: 'FOCUS-QA-10', ip: '192.168.4.206', os.name: 'Windows 10', os.arch: 'amd64', os.version: '10.0', java.version: '1.8.0_111'
Driver info: org.openqa.selenium.chrome.ChromeDriver
Capabilities {acceptInsecureCerts: false, browserName: chrome, browserVersion: 107.0.5304.122, chrome: {chromedriverVersion: 106.0.5249.61 (511755355844..., userDataDir: C:\Users\Rakesh\AppData\Loc...}, goog:chromeOptions: {debuggerAddress: localhost:54194}, javascriptEnabled: true, networkConnectionEnabled: false, pageLoadStrategy: normal, platform: WINDOWS, platformName: WINDOWS, proxy: Proxy(), setWindowRect: true, strictFileInteractability: false, timeouts: {implicit: 0, pageLoad: 300000, script: 30000}, unhandledPromptBehavior: dismiss and notify, webauthn:extension:credBlob: true, webauthn:extension:largeBlob: true, webauthn:virtualAuthenticators: true}
Session ID: 4e5b63374159fa2ea6e25ee1b1617078
	at sun.reflect.GeneratedConstructorAccessor45.newInstance(Unknown Source)
	at sun.reflect.DelegatingConstructorAccessorImpl.newInstance(Unknown Source)
	at java.lang.reflect.Constructor.newInstance(Unknown Source)
	at org.openqa.selenium.remote.http.W3CHttpResponseCodec.createException(W3CHttpResponseCodec.java:187)
	at org.openqa.selenium.remote.http.W3CHttpResponseCodec.decode(W3CHttpResponseCodec.java:122)
	at org.openqa.selenium.remote.http.W3CHttpResponseCodec.decode(W3CHttpResponseCodec.java:49)
	at org.openqa.selenium.remote.HttpCommandExecutor.execute(HttpCommandExecutor.java:158)
	at org.openqa.selenium.remote.service.DriverCommandExecutor.execute(DriverCommandExecutor.java:83)
	at org.openqa.selenium.remote.RemoteWebDriver.execute(RemoteWebDriver.java:543)
	at org.openqa.selenium.remote.RemoteWebElement.execute(RemoteWebElement.java:276)
	at org.openqa.selenium.remote.RemoteWebElement.click(RemoteWebElement.java:83)
	at com.focus.Pages.FinancilaReportsXPage.checkBackTrackInTrailBalance(FinancilaReportsXPage.java:32873)
	at com.focus.testcases.FinancialReportsXTest.checkBackTrackInTrailBalance(FinancialReportsXTest.java:1048)
	at sun.reflect.NativeMethodAccessorImpl.invoke0(Native Method)
	at sun.reflect.NativeMethodAccessorImpl.invoke(Unknown Source)
	at sun.reflect.DelegatingMethodAccessorImpl.invoke(Unknown Source)
	at java.lang.reflect.Method.invoke(Unknown Source)
	at org.testng.internal.MethodInvocationHelper.invokeMethod(MethodInvocationHelper.java:86)
	at org.testng.internal.Invoker.invokeMethod(Invoker.java:643)
	at org.testng.internal.Invoker.invokeTestMethod(Invoker.java:820)
	at org.testng.internal.Invoker.invokeTestMethods(Invoker.java:1128)
	at org.testng.internal.TestMethodWorker.invokeTestMethods(TestMethodWorker.java:129)
	at org.testng.internal.TestMethodWorker.run(TestMethodWorker.java:112)
	at org.testng.TestRunner.privateRun(TestRunner.java:782)
	at org.testng.TestRunner.run(TestRunner.java:632)
	at org.testng.SuiteRunner.runTest(SuiteRunner.java:366)
	at org.testng.SuiteRunner.runSequentially(SuiteRunner.java:361)
	at org.testng.SuiteRunner.privateRun(SuiteRunner.java:319)
	at org.testng.SuiteRunner.run(SuiteRunner.java:268)
	at org.testng.SuiteRunnerWorker.runSuite(SuiteRunnerWorker.java:52)
	at org.testng.SuiteRunnerWorker.run(SuiteRunnerWorker.java:86)
	at org.testng.TestNG.runSuitesSequentially(TestNG.java:1244)
	at org.testng.TestNG.runSuitesLocally(TestNG.java:1169)
	at org.testng.TestNG.run(TestNG.java:1064)
	at org.testng.remote.AbstractRemoteTestNG.run(AbstractRemoteTestNG.java:114)
	at org.testng.remote.RemoteTestNG.initAndRun(RemoteTestNG.java:251)
	at org.testng.remote.RemoteTestNG.main(RemoteTestNG.java:77)
]]>
    </error>
  </testcase> <!-- checkBackTrackInTrailBalance -->
  <testcase name="checkEntryJournalDetailsReportBackTrackOption" time="1.188" classname="com.focus.testcases.FinancialReportsXTest">
    <error type="org.openqa.selenium.ElementClickInterceptedException" message="element click intercepted: Element &lt;td data-ifieldid=&quot;1&quot; data-datatypeid=&quot;0&quot; onclick=&quot;REPORTRENDER.GetFieldId(this);&quot; id=&quot;tdSort_0_col_Voucher_&quot; class=&quot;TextAlignLeft&quot; colspan=&quot;0&quot; style=&quot;border-style: none; font-style: normal; font-weight: normal; font-size: 12px; width: 120px;&quot;&gt;...&lt;/td&gt; is not clickable at point (206, 152). Other element would receive the click: &lt;div id=&quot;fullScreen&quot; class=&quot;modal fade right show&quot; role=&quot;dialog&quot; data-backdrop=&quot;static&quot; style=&quot;z-index: 10000001; padding-right: 10px; display: block;&quot; aria-modal=&quot;true&quot;&gt;...&lt;/div&gt;
  (Session info: chrome=107.0.5304.122)
Build info: version: &#039;3.12.0&#039;, revision: &#039;7c6e0b3&#039;, time: &#039;2018-05-08T14:04:26.12Z&#039;
System info: host: &#039;FOCUS-QA-10&#039;, ip: &#039;192.168.4.206&#039;, os.name: &#039;Windows 10&#039;, os.arch: &#039;amd64&#039;, os.version: &#039;10.0&#039;, java.version: &#039;1.8.0_111&#039;
Driver info: org.openqa.selenium.chrome.ChromeDriver
Capabilities {acceptInsecureCerts: false, browserName: chrome, browserVersion: 107.0.5304.122, chrome: {chromedriverVersion: 106.0.5249.61 (511755355844..., userDataDir: C:\Users\Rakesh\AppData\Loc...}, goog:chromeOptions: {debuggerAddress: localhost:54194}, javascriptEnabled: true, networkConnectionEnabled: false, pageLoadStrategy: normal, platform: WINDOWS, platformName: WINDOWS, proxy: Proxy(), setWindowRect: true, strictFileInteractability: false, timeouts: {implicit: 0, pageLoad: 300000, script: 30000}, unhandledPromptBehavior: dismiss and notify, webauthn:extension:credBlob: true, webauthn:extension:largeBlob: true, webauthn:virtualAuthenticators: true}
Session ID: 4e5b63374159fa2ea6e25ee1b1617078">
      <![CDATA[org.openqa.selenium.ElementClickInterceptedException: element click intercepted: Element <td data-ifieldid="1" data-datatypeid="0" onclick="REPORTRENDER.GetFieldId(this);" id="tdSort_0_col_Voucher_" class="TextAlignLeft" colspan="0" style="border-style: none; font-style: normal; font-weight: normal; font-size: 12px; width: 120px;">...</td> is not clickable at point (206, 152). Other element would receive the click: <div id="fullScreen" class="modal fade right show" role="dialog" data-backdrop="static" style="z-index: 10000001; padding-right: 10px; display: block;" aria-modal="true">...</div>
  (Session info: chrome=107.0.5304.122)
Build info: version: '3.12.0', revision: '7c6e0b3', time: '2018-05-08T14:04:26.12Z'
System info: host: 'FOCUS-QA-10', ip: '192.168.4.206', os.name: 'Windows 10', os.arch: 'amd64', os.version: '10.0', java.version: '1.8.0_111'
Driver info: org.openqa.selenium.chrome.ChromeDriver
Capabilities {acceptInsecureCerts: false, browserName: chrome, browserVersion: 107.0.5304.122, chrome: {chromedriverVersion: 106.0.5249.61 (511755355844..., userDataDir: C:\Users\Rakesh\AppData\Loc...}, goog:chromeOptions: {debuggerAddress: localhost:54194}, javascriptEnabled: true, networkConnectionEnabled: false, pageLoadStrategy: normal, platform: WINDOWS, platformName: WINDOWS, proxy: Proxy(), setWindowRect: true, strictFileInteractability: false, timeouts: {implicit: 0, pageLoad: 300000, script: 30000}, unhandledPromptBehavior: dismiss and notify, webauthn:extension:credBlob: true, webauthn:extension:largeBlob: true, webauthn:virtualAuthenticators: true}
Session ID: 4e5b63374159fa2ea6e25ee1b1617078
	at sun.reflect.GeneratedConstructorAccessor45.newInstance(Unknown Source)
	at sun.reflect.DelegatingConstructorAccessorImpl.newInstance(Unknown Source)
	at java.lang.reflect.Constructor.newInstance(Unknown Source)
	at org.openqa.selenium.remote.http.W3CHttpResponseCodec.createException(W3CHttpResponseCodec.java:187)
	at org.openqa.selenium.remote.http.W3CHttpResponseCodec.decode(W3CHttpResponseCodec.java:122)
	at org.openqa.selenium.remote.http.W3CHttpResponseCodec.decode(W3CHttpResponseCodec.java:49)
	at org.openqa.selenium.remote.HttpCommandExecutor.execute(HttpCommandExecutor.java:158)
	at org.openqa.selenium.remote.service.DriverCommandExecutor.execute(DriverCommandExecutor.java:83)
	at org.openqa.selenium.remote.RemoteWebDriver.execute(RemoteWebDriver.java:543)
	at org.openqa.selenium.remote.RemoteWebElement.execute(RemoteWebElement.java:276)
	at org.openqa.selenium.remote.RemoteWebElement.click(RemoteWebElement.java:83)
	at com.focus.Pages.FinancilaReportsXPage.checkEntryJournalDetailsReportBackTrackOption(FinancilaReportsXPage.java:20422)
	at com.focus.testcases.FinancialReportsXTest.checkEntryJournalDetailsReportBackTrackOption(FinancialReportsXTest.java:748)
	at sun.reflect.NativeMethodAccessorImpl.invoke0(Native Method)
	at sun.reflect.NativeMethodAccessorImpl.invoke(Unknown Source)
	at sun.reflect.DelegatingMethodAccessorImpl.invoke(Unknown Source)
	at java.lang.reflect.Method.invoke(Unknown Source)
	at org.testng.internal.MethodInvocationHelper.invokeMethod(MethodInvocationHelper.java:86)
	at org.testng.internal.Invoker.invokeMethod(Invoker.java:643)
	at org.testng.internal.Invoker.invokeTestMethod(Invoker.java:820)
	at org.testng.internal.Invoker.invokeTestMethods(Invoker.java:1128)
	at org.testng.internal.TestMethodWorker.invokeTestMethods(TestMethodWorker.java:129)
	at org.testng.internal.TestMethodWorker.run(TestMethodWorker.java:112)
	at org.testng.TestRunner.privateRun(TestRunner.java:782)
	at org.testng.TestRunner.run(TestRunner.java:632)
	at org.testng.SuiteRunner.runTest(SuiteRunner.java:366)
	at org.testng.SuiteRunner.runSequentially(SuiteRunner.java:361)
	at org.testng.SuiteRunner.privateRun(SuiteRunner.java:319)
	at org.testng.SuiteRunner.run(SuiteRunner.java:268)
	at org.testng.SuiteRunnerWorker.runSuite(SuiteRunnerWorker.java:52)
	at org.testng.SuiteRunnerWorker.run(SuiteRunnerWorker.java:86)
	at org.testng.TestNG.runSuitesSequentially(TestNG.java:1244)
	at org.testng.TestNG.runSuitesLocally(TestNG.java:1169)
	at org.testng.TestNG.run(TestNG.java:1064)
	at org.testng.remote.AbstractRemoteTestNG.run(AbstractRemoteTestNG.java:114)
	at org.testng.remote.RemoteTestNG.initAndRun(RemoteTestNG.java:251)
	at org.testng.remote.RemoteTestNG.main(RemoteTestNG.java:77)
]]>
    </error>
  </testcase> <!-- checkEntryJournalDetailsReportBackTrackOption -->
  <testcase name="checkTransactionsTypeAnalysisReportBackTrackOption" time="3.151" classname="com.focus.testcases.FinancialReportsXTest">
    <error type="org.openqa.selenium.ElementClickInterceptedException" message="element click intercepted: Element &lt;td data-ifieldid=&quot;1&quot; data-datatypeid=&quot;0&quot; onclick=&quot;REPORTRENDER.GetFieldId(this);&quot; id=&quot;tdSort_5_col_Particulars_&quot; class=&quot;TextAlignLeft&quot; colspan=&quot;0&quot; style=&quot;border-style: none; font-style: normal; font-weight: normal; font-size: 12px; width: 120px;&quot;&gt;...&lt;/td&gt; is not clickable at point (206, 257). Other element would receive the click: &lt;div id=&quot;fullScreen&quot; class=&quot;modal fade right show&quot; role=&quot;dialog&quot; data-backdrop=&quot;static&quot; style=&quot;z-index: 10000001; padding-right: 10px; display: block;&quot; aria-modal=&quot;true&quot;&gt;...&lt;/div&gt;
  (Session info: chrome=107.0.5304.122)
Build info: version: &#039;3.12.0&#039;, revision: &#039;7c6e0b3&#039;, time: &#039;2018-05-08T14:04:26.12Z&#039;
System info: host: &#039;FOCUS-QA-10&#039;, ip: &#039;192.168.4.206&#039;, os.name: &#039;Windows 10&#039;, os.arch: &#039;amd64&#039;, os.version: &#039;10.0&#039;, java.version: &#039;1.8.0_111&#039;
Driver info: org.openqa.selenium.chrome.ChromeDriver
Capabilities {acceptInsecureCerts: false, browserName: chrome, browserVersion: 107.0.5304.122, chrome: {chromedriverVersion: 106.0.5249.61 (511755355844..., userDataDir: C:\Users\Rakesh\AppData\Loc...}, goog:chromeOptions: {debuggerAddress: localhost:54194}, javascriptEnabled: true, networkConnectionEnabled: false, pageLoadStrategy: normal, platform: WINDOWS, platformName: WINDOWS, proxy: Proxy(), setWindowRect: true, strictFileInteractability: false, timeouts: {implicit: 0, pageLoad: 300000, script: 30000}, unhandledPromptBehavior: dismiss and notify, webauthn:extension:credBlob: true, webauthn:extension:largeBlob: true, webauthn:virtualAuthenticators: true}
Session ID: 4e5b63374159fa2ea6e25ee1b1617078">
      <![CDATA[org.openqa.selenium.ElementClickInterceptedException: element click intercepted: Element <td data-ifieldid="1" data-datatypeid="0" onclick="REPORTRENDER.GetFieldId(this);" id="tdSort_5_col_Particulars_" class="TextAlignLeft" colspan="0" style="border-style: none; font-style: normal; font-weight: normal; font-size: 12px; width: 120px;">...</td> is not clickable at point (206, 257). Other element would receive the click: <div id="fullScreen" class="modal fade right show" role="dialog" data-backdrop="static" style="z-index: 10000001; padding-right: 10px; display: block;" aria-modal="true">...</div>
  (Session info: chrome=107.0.5304.122)
Build info: version: '3.12.0', revision: '7c6e0b3', time: '2018-05-08T14:04:26.12Z'
System info: host: 'FOCUS-QA-10', ip: '192.168.4.206', os.name: 'Windows 10', os.arch: 'amd64', os.version: '10.0', java.version: '1.8.0_111'
Driver info: org.openqa.selenium.chrome.ChromeDriver
Capabilities {acceptInsecureCerts: false, browserName: chrome, browserVersion: 107.0.5304.122, chrome: {chromedriverVersion: 106.0.5249.61 (511755355844..., userDataDir: C:\Users\Rakesh\AppData\Loc...}, goog:chromeOptions: {debuggerAddress: localhost:54194}, javascriptEnabled: true, networkConnectionEnabled: false, pageLoadStrategy: normal, platform: WINDOWS, platformName: WINDOWS, proxy: Proxy(), setWindowRect: true, strictFileInteractability: false, timeouts: {implicit: 0, pageLoad: 300000, script: 30000}, unhandledPromptBehavior: dismiss and notify, webauthn:extension:credBlob: true, webauthn:extension:largeBlob: true, webauthn:virtualAuthenticators: true}
Session ID: 4e5b63374159fa2ea6e25ee1b1617078
	at sun.reflect.GeneratedConstructorAccessor45.newInstance(Unknown Source)
	at sun.reflect.DelegatingConstructorAccessorImpl.newInstance(Unknown Source)
	at java.lang.reflect.Constructor.newInstance(Unknown Source)
	at org.openqa.selenium.remote.http.W3CHttpResponseCodec.createException(W3CHttpResponseCodec.java:187)
	at org.openqa.selenium.remote.http.W3CHttpResponseCodec.decode(W3CHttpResponseCodec.java:122)
	at org.openqa.selenium.remote.http.W3CHttpResponseCodec.decode(W3CHttpResponseCodec.java:49)
	at org.openqa.selenium.remote.HttpCommandExecutor.execute(HttpCommandExecutor.java:158)
	at org.openqa.selenium.remote.service.DriverCommandExecutor.execute(DriverCommandExecutor.java:83)
	at org.openqa.selenium.remote.RemoteWebDriver.execute(RemoteWebDriver.java:543)
	at org.openqa.selenium.remote.RemoteWebElement.execute(RemoteWebElement.java:276)
	at org.openqa.selenium.remote.RemoteWebElement.click(RemoteWebElement.java:83)
	at com.focus.Pages.FinancilaReportsXPage.checkTransactionsTypeAnalysisReportBackTrackOption(FinancilaReportsXPage.java:26097)
	at com.focus.testcases.FinancialReportsXTest.checkTransactionsTypeAnalysisReportBackTrackOption(FinancialReportsXTest.java:882)
	at sun.reflect.NativeMethodAccessorImpl.invoke0(Native Method)
	at sun.reflect.NativeMethodAccessorImpl.invoke(Unknown Source)
	at sun.reflect.DelegatingMethodAccessorImpl.invoke(Unknown Source)
	at java.lang.reflect.Method.invoke(Unknown Source)
	at org.testng.internal.MethodInvocationHelper.invokeMethod(MethodInvocationHelper.java:86)
	at org.testng.internal.Invoker.invokeMethod(Invoker.java:643)
	at org.testng.internal.Invoker.invokeTestMethod(Invoker.java:820)
	at org.testng.internal.Invoker.invokeTestMethods(Invoker.java:1128)
	at org.testng.internal.TestMethodWorker.invokeTestMethods(TestMethodWorker.java:129)
	at org.testng.internal.TestMethodWorker.run(TestMethodWorker.java:112)
	at org.testng.TestRunner.privateRun(TestRunner.java:782)
	at org.testng.TestRunner.run(TestRunner.java:632)
	at org.testng.SuiteRunner.runTest(SuiteRunner.java:366)
	at org.testng.SuiteRunner.runSequentially(SuiteRunner.java:361)
	at org.testng.SuiteRunner.privateRun(SuiteRunner.java:319)
	at org.testng.SuiteRunner.run(SuiteRunner.java:268)
	at org.testng.SuiteRunnerWorker.runSuite(SuiteRunnerWorker.java:52)
	at org.testng.SuiteRunnerWorker.run(SuiteRunnerWorker.java:86)
	at org.testng.TestNG.runSuitesSequentially(TestNG.java:1244)
	at org.testng.TestNG.runSuitesLocally(TestNG.java:1169)
	at org.testng.TestNG.run(TestNG.java:1064)
	at org.testng.remote.AbstractRemoteTestNG.run(AbstractRemoteTestNG.java:114)
	at org.testng.remote.RemoteTestNG.initAndRun(RemoteTestNG.java:251)
	at org.testng.remote.RemoteTestNG.main(RemoteTestNG.java:77)
]]>
    </error>
  </testcase> <!-- checkTransactionsTypeAnalysisReportBackTrackOption -->
  <testcase name="checkEntryJournalDetailReport" time="55.399" classname="com.focus.testcases.FinancialReportsXTest">
    <error type="org.openqa.selenium.TimeoutException" message="Expected condition failed: waiting for element to be clickable: [[ChromeDriver: chrome on WINDOWS (4e5b63374159fa2ea6e25ee1b1617078)] -&gt; xpath: (//input[@id=&#039;5002&#039;])[1]/following-sibling::span] (tried for 40 second(s) with 5000 milliseconds interval)
Build info: version: &#039;3.12.0&#039;, revision: &#039;7c6e0b3&#039;, time: &#039;2018-05-08T14:04:26.12Z&#039;
System info: host: &#039;FOCUS-QA-10&#039;, ip: &#039;192.168.4.206&#039;, os.name: &#039;Windows 10&#039;, os.arch: &#039;amd64&#039;, os.version: &#039;10.0&#039;, java.version: &#039;1.8.0_111&#039;
Driver info: driver.version: unknown">
      <![CDATA[org.openqa.selenium.TimeoutException: Expected condition failed: waiting for element to be clickable: [[ChromeDriver: chrome on WINDOWS (4e5b63374159fa2ea6e25ee1b1617078)] -> xpath: (//input[@id='5002'])[1]/following-sibling::span] (tried for 40 second(s) with 5000 milliseconds interval)
Build info: version: '3.12.0', revision: '7c6e0b3', time: '2018-05-08T14:04:26.12Z'
System info: host: 'FOCUS-QA-10', ip: '192.168.4.206', os.name: 'Windows 10', os.arch: 'amd64', os.version: '10.0', java.version: '1.8.0_111'
Driver info: driver.version: unknown
	at org.openqa.selenium.support.ui.FluentWait.timeoutException(FluentWait.java:303)
	at org.openqa.selenium.support.ui.FluentWait.until(FluentWait.java:271)
	at com.focus.Pages.FinancilaReportsXPage.checkEntryJournalDetailReport(FinancilaReportsXPage.java:20142)
	at com.focus.testcases.FinancialReportsXTest.checkEntryJournalDetailReport(FinancialReportsXTest.java:738)
	at sun.reflect.NativeMethodAccessorImpl.invoke0(Native Method)
	at sun.reflect.NativeMethodAccessorImpl.invoke(Unknown Source)
	at sun.reflect.DelegatingMethodAccessorImpl.invoke(Unknown Source)
	at java.lang.reflect.Method.invoke(Unknown Source)
	at org.testng.internal.MethodInvocationHelper.invokeMethod(MethodInvocationHelper.java:86)
	at org.testng.internal.Invoker.invokeMethod(Invoker.java:643)
	at org.testng.internal.Invoker.invokeTestMethod(Invoker.java:820)
	at org.testng.internal.Invoker.invokeTestMethods(Invoker.java:1128)
	at org.testng.internal.TestMethodWorker.invokeTestMethods(TestMethodWorker.java:129)
	at org.testng.internal.TestMethodWorker.run(TestMethodWorker.java:112)
	at org.testng.TestRunner.privateRun(TestRunner.java:782)
	at org.testng.TestRunner.run(TestRunner.java:632)
	at org.testng.SuiteRunner.runTest(SuiteRunner.java:366)
	at org.testng.SuiteRunner.runSequentially(SuiteRunner.java:361)
	at org.testng.SuiteRunner.privateRun(SuiteRunner.java:319)
	at org.testng.SuiteRunner.run(SuiteRunner.java:268)
	at org.testng.SuiteRunnerWorker.runSuite(SuiteRunnerWorker.java:52)
	at org.testng.SuiteRunnerWorker.run(SuiteRunnerWorker.java:86)
	at org.testng.TestNG.runSuitesSequentially(TestNG.java:1244)
	at org.testng.TestNG.runSuitesLocally(TestNG.java:1169)
	at org.testng.TestNG.run(TestNG.java:1064)
	at org.testng.remote.AbstractRemoteTestNG.run(AbstractRemoteTestNG.java:114)
	at org.testng.remote.RemoteTestNG.initAndRun(RemoteTestNG.java:251)
	at org.testng.remote.RemoteTestNG.main(RemoteTestNG.java:77)
]]>
    </error>
  </testcase> <!-- checkEntryJournalDetailReport -->
  <testcase name="checkSummarySalesBookReport" time="19.168" classname="com.focus.testcases.FinancialReportsXTest"/>
  <testcase name="checkInterestCalculationReport" time="28.725" classname="com.focus.testcases.FinancialReportsXTest"/>
  <testcase name="CheckPrintAndCustomiseOptionnInVendorSummeryVendorAgeingSummaryReport" time="2.765" classname="com.focus.testcases.FinancialReportsXTest">
    <error type="org.openqa.selenium.ElementClickInterceptedException" message="element click intercepted: Element &lt;i class=&quot;icon-custamize hiconright2&quot;&gt;&lt;/i&gt; is not clickable at point (1151, 98). Other element would receive the click: &lt;div class=&quot;col-lg-12&quot; style=&quot;padding-right:0px;padding-left:0px;width:100%;padding-bottom:28px;&quot;&gt;...&lt;/div&gt;
  (Session info: chrome=107.0.5304.122)
Build info: version: &#039;3.12.0&#039;, revision: &#039;7c6e0b3&#039;, time: &#039;2018-05-08T14:04:26.12Z&#039;
System info: host: &#039;FOCUS-QA-10&#039;, ip: &#039;192.168.4.206&#039;, os.name: &#039;Windows 10&#039;, os.arch: &#039;amd64&#039;, os.version: &#039;10.0&#039;, java.version: &#039;1.8.0_111&#039;
Driver info: org.openqa.selenium.chrome.ChromeDriver
Capabilities {acceptInsecureCerts: false, browserName: chrome, browserVersion: 107.0.5304.122, chrome: {chromedriverVersion: 106.0.5249.61 (511755355844..., userDataDir: C:\Users\Rakesh\AppData\Loc...}, goog:chromeOptions: {debuggerAddress: localhost:54194}, javascriptEnabled: true, networkConnectionEnabled: false, pageLoadStrategy: normal, platform: WINDOWS, platformName: WINDOWS, proxy: Proxy(), setWindowRect: true, strictFileInteractability: false, timeouts: {implicit: 0, pageLoad: 300000, script: 30000}, unhandledPromptBehavior: dismiss and notify, webauthn:extension:credBlob: true, webauthn:extension:largeBlob: true, webauthn:virtualAuthenticators: true}
Session ID: 4e5b63374159fa2ea6e25ee1b1617078">
      <![CDATA[org.openqa.selenium.ElementClickInterceptedException: element click intercepted: Element <i class="icon-custamize hiconright2"></i> is not clickable at point (1151, 98). Other element would receive the click: <div class="col-lg-12" style="padding-right:0px;padding-left:0px;width:100%;padding-bottom:28px;">...</div>
  (Session info: chrome=107.0.5304.122)
Build info: version: '3.12.0', revision: '7c6e0b3', time: '2018-05-08T14:04:26.12Z'
System info: host: 'FOCUS-QA-10', ip: '192.168.4.206', os.name: 'Windows 10', os.arch: 'amd64', os.version: '10.0', java.version: '1.8.0_111'
Driver info: org.openqa.selenium.chrome.ChromeDriver
Capabilities {acceptInsecureCerts: false, browserName: chrome, browserVersion: 107.0.5304.122, chrome: {chromedriverVersion: 106.0.5249.61 (511755355844..., userDataDir: C:\Users\Rakesh\AppData\Loc...}, goog:chromeOptions: {debuggerAddress: localhost:54194}, javascriptEnabled: true, networkConnectionEnabled: false, pageLoadStrategy: normal, platform: WINDOWS, platformName: WINDOWS, proxy: Proxy(), setWindowRect: true, strictFileInteractability: false, timeouts: {implicit: 0, pageLoad: 300000, script: 30000}, unhandledPromptBehavior: dismiss and notify, webauthn:extension:credBlob: true, webauthn:extension:largeBlob: true, webauthn:virtualAuthenticators: true}
Session ID: 4e5b63374159fa2ea6e25ee1b1617078
	at sun.reflect.GeneratedConstructorAccessor45.newInstance(Unknown Source)
	at sun.reflect.DelegatingConstructorAccessorImpl.newInstance(Unknown Source)
	at java.lang.reflect.Constructor.newInstance(Unknown Source)
	at org.openqa.selenium.remote.http.W3CHttpResponseCodec.createException(W3CHttpResponseCodec.java:187)
	at org.openqa.selenium.remote.http.W3CHttpResponseCodec.decode(W3CHttpResponseCodec.java:122)
	at org.openqa.selenium.remote.http.W3CHttpResponseCodec.decode(W3CHttpResponseCodec.java:49)
	at org.openqa.selenium.remote.HttpCommandExecutor.execute(HttpCommandExecutor.java:158)
	at org.openqa.selenium.remote.service.DriverCommandExecutor.execute(DriverCommandExecutor.java:83)
	at org.openqa.selenium.remote.RemoteWebDriver.execute(RemoteWebDriver.java:543)
	at org.openqa.selenium.remote.RemoteWebElement.execute(RemoteWebElement.java:276)
	at org.openqa.selenium.remote.RemoteWebElement.click(RemoteWebElement.java:83)
	at sun.reflect.GeneratedMethodAccessor4.invoke(Unknown Source)
	at sun.reflect.DelegatingMethodAccessorImpl.invoke(Unknown Source)
	at java.lang.reflect.Method.invoke(Unknown Source)
	at org.openqa.selenium.support.pagefactory.internal.LocatingElementHandler.invoke(LocatingElementHandler.java:51)
	at com.sun.proxy.$Proxy15.click(Unknown Source)
	at com.focus.Pages.FinancilaReportsXPage.CheckPrintAndCustomiseOptionnInVendorSummeryVendorAgeingSummaryReport(FinancilaReportsXPage.java:45486)
	at com.focus.testcases.FinancialReportsXTest.CheckPrintAndCustomiseOptionnInVendorSummeryVendorAgeingSummaryReport(FinancialReportsXTest.java:1720)
	at sun.reflect.NativeMethodAccessorImpl.invoke0(Native Method)
	at sun.reflect.NativeMethodAccessorImpl.invoke(Unknown Source)
	at sun.reflect.DelegatingMethodAccessorImpl.invoke(Unknown Source)
	at java.lang.reflect.Method.invoke(Unknown Source)
	at org.testng.internal.MethodInvocationHelper.invokeMethod(MethodInvocationHelper.java:86)
	at org.testng.internal.Invoker.invokeMethod(Invoker.java:643)
	at org.testng.internal.Invoker.invokeTestMethod(Invoker.java:820)
	at org.testng.internal.Invoker.invokeTestMethods(Invoker.java:1128)
	at org.testng.internal.TestMethodWorker.invokeTestMethods(TestMethodWorker.java:129)
	at org.testng.internal.TestMethodWorker.run(TestMethodWorker.java:112)
	at org.testng.TestRunner.privateRun(TestRunner.java:782)
	at org.testng.TestRunner.run(TestRunner.java:632)
	at org.testng.SuiteRunner.runTest(SuiteRunner.java:366)
	at org.testng.SuiteRunner.runSequentially(SuiteRunner.java:361)
	at org.testng.SuiteRunner.privateRun(SuiteRunner.java:319)
	at org.testng.SuiteRunner.run(SuiteRunner.java:268)
	at org.testng.SuiteRunnerWorker.runSuite(SuiteRunnerWorker.java:52)
	at org.testng.SuiteRunnerWorker.run(SuiteRunnerWorker.java:86)
	at org.testng.TestNG.runSuitesSequentially(TestNG.java:1244)
	at org.testng.TestNG.runSuitesLocally(TestNG.java:1169)
	at org.testng.TestNG.run(TestNG.java:1064)
	at org.testng.remote.AbstractRemoteTestNG.run(AbstractRemoteTestNG.java:114)
	at org.testng.remote.RemoteTestNG.initAndRun(RemoteTestNG.java:251)
	at org.testng.remote.RemoteTestNG.main(RemoteTestNG.java:77)
]]>
    </error>
  </testcase> <!-- CheckPrintAndCustomiseOptionnInVendorSummeryVendorAgeingSummaryReport -->
  <testcase name="checkPurchaseRegisterReportBackTrackOption" time="2.274" classname="com.focus.testcases.FinancialReportsXTest">
    <error type="java.lang.IndexOutOfBoundsException" message="Index: 1, Size: 1">
      <![CDATA[java.lang.IndexOutOfBoundsException: Index: 1, Size: 1
	at java.util.ArrayList.rangeCheck(Unknown Source)
	at java.util.ArrayList.get(Unknown Source)
	at com.focus.Pages.FinancilaReportsXPage.checkPurchaseRegisterReportBackTrackOption(FinancilaReportsXPage.java:10377)
	at com.focus.testcases.FinancialReportsXTest.checkPurchaseRegisterReportBackTrackOption(FinancialReportsXTest.java:397)
	at sun.reflect.NativeMethodAccessorImpl.invoke0(Native Method)
	at sun.reflect.NativeMethodAccessorImpl.invoke(Unknown Source)
	at sun.reflect.DelegatingMethodAccessorImpl.invoke(Unknown Source)
	at java.lang.reflect.Method.invoke(Unknown Source)
	at org.testng.internal.MethodInvocationHelper.invokeMethod(MethodInvocationHelper.java:86)
	at org.testng.internal.Invoker.invokeMethod(Invoker.java:643)
	at org.testng.internal.Invoker.invokeTestMethod(Invoker.java:820)
	at org.testng.internal.Invoker.invokeTestMethods(Invoker.java:1128)
	at org.testng.internal.TestMethodWorker.invokeTestMethods(TestMethodWorker.java:129)
	at org.testng.internal.TestMethodWorker.run(TestMethodWorker.java:112)
	at org.testng.TestRunner.privateRun(TestRunner.java:782)
	at org.testng.TestRunner.run(TestRunner.java:632)
	at org.testng.SuiteRunner.runTest(SuiteRunner.java:366)
	at org.testng.SuiteRunner.runSequentially(SuiteRunner.java:361)
	at org.testng.SuiteRunner.privateRun(SuiteRunner.java:319)
	at org.testng.SuiteRunner.run(SuiteRunner.java:268)
	at org.testng.SuiteRunnerWorker.runSuite(SuiteRunnerWorker.java:52)
	at org.testng.SuiteRunnerWorker.run(SuiteRunnerWorker.java:86)
	at org.testng.TestNG.runSuitesSequentially(TestNG.java:1244)
	at org.testng.TestNG.runSuitesLocally(TestNG.java:1169)
	at org.testng.TestNG.run(TestNG.java:1064)
	at org.testng.remote.AbstractRemoteTestNG.run(AbstractRemoteTestNG.java:114)
	at org.testng.remote.RemoteTestNG.initAndRun(RemoteTestNG.java:251)
	at org.testng.remote.RemoteTestNG.main(RemoteTestNG.java:77)
]]>
    </error>
  </testcase> <!-- checkPurchaseRegisterReportBackTrackOption -->
  <testcase name="checkCustomerDueDateAnalysisBackTrackOption" time="121.094" classname="com.focus.testcases.FinancialReportsXTest">
    <error type="org.openqa.selenium.TimeoutException" message="Expected condition failed: waiting for element to be clickable: Proxy element for: DefaultElementLocator &#039;By.xpath: //*[@id=&#039;id_reportmenudisplay&#039;]/ul/li[7]&#039; (tried for 40 second(s) with 5000 milliseconds interval)">
      <![CDATA[org.openqa.selenium.TimeoutException: Expected condition failed: waiting for element to be clickable: Proxy element for: DefaultElementLocator 'By.xpath: //*[@id='id_reportmenudisplay']/ul/li[7]' (tried for 40 second(s) with 5000 milliseconds interval)
	at org.openqa.selenium.support.ui.FluentWait.timeoutException(FluentWait.java:303)
	at org.openqa.selenium.support.ui.FluentWait.until(FluentWait.java:271)
	at com.focus.Pages.FinancilaReportsXPage.checkCustomerDueDateAnalysisBackTrackOption(FinancilaReportsXPage.java:38891)
	at com.focus.testcases.FinancialReportsXTest.checkCustomerDueDateAnalysisBackTrackOption(FinancialReportsXTest.java:1370)
	at sun.reflect.NativeMethodAccessorImpl.invoke0(Native Method)
	at sun.reflect.NativeMethodAccessorImpl.invoke(Unknown Source)
	at sun.reflect.DelegatingMethodAccessorImpl.invoke(Unknown Source)
	at java.lang.reflect.Method.invoke(Unknown Source)
	at org.testng.internal.MethodInvocationHelper.invokeMethod(MethodInvocationHelper.java:86)
	at org.testng.internal.Invoker.invokeMethod(Invoker.java:643)
	at org.testng.internal.Invoker.invokeTestMethod(Invoker.java:820)
	at org.testng.internal.Invoker.invokeTestMethods(Invoker.java:1128)
	at org.testng.internal.TestMethodWorker.invokeTestMethods(TestMethodWorker.java:129)
	at org.testng.internal.TestMethodWorker.run(TestMethodWorker.java:112)
	at org.testng.TestRunner.privateRun(TestRunner.java:782)
	at org.testng.TestRunner.run(TestRunner.java:632)
	at org.testng.SuiteRunner.runTest(SuiteRunner.java:366)
	at org.testng.SuiteRunner.runSequentially(SuiteRunner.java:361)
	at org.testng.SuiteRunner.privateRun(SuiteRunner.java:319)
	at org.testng.SuiteRunner.run(SuiteRunner.java:268)
	at org.testng.SuiteRunnerWorker.runSuite(SuiteRunnerWorker.java:52)
	at org.testng.SuiteRunnerWorker.run(SuiteRunnerWorker.java:86)
	at org.testng.TestNG.runSuitesSequentially(TestNG.java:1244)
	at org.testng.TestNG.runSuitesLocally(TestNG.java:1169)
	at org.testng.TestNG.run(TestNG.java:1064)
	at org.testng.remote.AbstractRemoteTestNG.run(AbstractRemoteTestNG.java:114)
	at org.testng.remote.RemoteTestNG.initAndRun(RemoteTestNG.java:251)
	at org.testng.remote.RemoteTestNG.main(RemoteTestNG.java:77)
Caused by: org.openqa.selenium.NoSuchElementException: no such element: Unable to locate element: {"method":"xpath","selector":"//*[@id='id_reportmenudisplay']/ul/li[7]"}
  (Session info: chrome=107.0.5304.122)
For documentation on this error, please visit: http://seleniumhq.org/exceptions/no_such_element.html
Build info: version: '3.12.0', revision: '7c6e0b3', time: '2018-05-08T14:04:26.12Z'
System info: host: 'FOCUS-QA-10', ip: '192.168.4.206', os.name: 'Windows 10', os.arch: 'amd64', os.version: '10.0', java.version: '1.8.0_111'
Driver info: org.openqa.selenium.chrome.ChromeDriver
Capabilities {acceptInsecureCerts: false, browserName: chrome, browserVersion: 107.0.5304.122, chrome: {chromedriverVersion: 106.0.5249.61 (511755355844..., userDataDir: C:\Users\Rakesh\AppData\Loc...}, goog:chromeOptions: {debuggerAddress: localhost:54194}, javascriptEnabled: true, networkConnectionEnabled: false, pageLoadStrategy: normal, platform: WINDOWS, platformName: WINDOWS, proxy: Proxy(), setWindowRect: true, strictFileInteractability: false, timeouts: {implicit: 0, pageLoad: 300000, script: 30000}, unhandledPromptBehavior: dismiss and notify, webauthn:extension:credBlob: true, webauthn:extension:largeBlob: true, webauthn:virtualAuthenticators: true}
Session ID: 4e5b63374159fa2ea6e25ee1b1617078
*** Element info: {Using=xpath, value=//*[@id='id_reportmenudisplay']/ul/li[7]}
	at sun.reflect.GeneratedConstructorAccessor43.newInstance(Unknown Source)
	at sun.reflect.DelegatingConstructorAccessorImpl.newInstance(Unknown Source)
	at java.lang.reflect.Constructor.newInstance(Unknown Source)
	at org.openqa.selenium.remote.http.W3CHttpResponseCodec.createException(W3CHttpResponseCodec.java:187)
	at org.openqa.selenium.remote.http.W3CHttpResponseCodec.decode(W3CHttpResponseCodec.java:122)
	at org.openqa.selenium.remote.http.W3CHttpResponseCodec.decode(W3CHttpResponseCodec.java:49)
	at org.openqa.selenium.remote.HttpCommandExecutor.execute(HttpCommandExecutor.java:158)
	at org.openqa.selenium.remote.service.DriverCommandExecutor.execute(DriverCommandExecutor.java:83)
	at org.openqa.selenium.remote.RemoteWebDriver.execute(RemoteWebDriver.java:543)
	at org.openqa.selenium.remote.RemoteWebDriver.findElement(RemoteWebDriver.java:317)
	at org.openqa.selenium.remote.RemoteWebDriver.findElementByXPath(RemoteWebDriver.java:419)
	at org.openqa.selenium.By$ByXPath.findElement(By.java:353)
	at org.openqa.selenium.remote.RemoteWebDriver.findElement(RemoteWebDriver.java:309)
	at org.openqa.selenium.support.pagefactory.DefaultElementLocator.findElement(DefaultElementLocator.java:69)
	at org.openqa.selenium.support.pagefactory.internal.LocatingElementHandler.invoke(LocatingElementHandler.java:38)
	at com.sun.proxy.$Proxy15.isDisplayed(Unknown Source)
	at org.openqa.selenium.support.ui.ExpectedConditions.elementIfVisible(ExpectedConditions.java:315)
	at org.openqa.selenium.support.ui.ExpectedConditions.access$100(ExpectedConditions.java:44)
	at org.openqa.selenium.support.ui.ExpectedConditions$10.apply(ExpectedConditions.java:301)
	at org.openqa.selenium.support.ui.ExpectedConditions$10.apply(ExpectedConditions.java:298)
	at org.openqa.selenium.support.ui.ExpectedConditions$23.apply(ExpectedConditions.java:686)
	at org.openqa.selenium.support.ui.ExpectedConditions$23.apply(ExpectedConditions.java:682)
	at org.openqa.selenium.support.ui.FluentWait.until(FluentWait.java:248)
	... 26 more
]]>
    </error>
  </testcase> <!-- checkCustomerDueDateAnalysisBackTrackOption -->
  <testcase name="CheckPrintAndCustomiseOptionnInVendorSummeryVendorOverdueSummaryReport" time="2.613" classname="com.focus.testcases.FinancialReportsXTest">
    <error type="org.openqa.selenium.ElementClickInterceptedException" message="element click intercepted: Element &lt;i class=&quot;icon-custamize hiconright2&quot;&gt;&lt;/i&gt; is not clickable at point (1151, 98). Other element would receive the click: &lt;div class=&quot;col-lg-12&quot; style=&quot;padding-right:0px;padding-left:0px;width:100%;padding-bottom:28px;&quot;&gt;...&lt;/div&gt;
  (Session info: chrome=107.0.5304.122)
Build info: version: &#039;3.12.0&#039;, revision: &#039;7c6e0b3&#039;, time: &#039;2018-05-08T14:04:26.12Z&#039;
System info: host: &#039;FOCUS-QA-10&#039;, ip: &#039;192.168.4.206&#039;, os.name: &#039;Windows 10&#039;, os.arch: &#039;amd64&#039;, os.version: &#039;10.0&#039;, java.version: &#039;1.8.0_111&#039;
Driver info: org.openqa.selenium.chrome.ChromeDriver
Capabilities {acceptInsecureCerts: false, browserName: chrome, browserVersion: 107.0.5304.122, chrome: {chromedriverVersion: 106.0.5249.61 (511755355844..., userDataDir: C:\Users\Rakesh\AppData\Loc...}, goog:chromeOptions: {debuggerAddress: localhost:54194}, javascriptEnabled: true, networkConnectionEnabled: false, pageLoadStrategy: normal, platform: WINDOWS, platformName: WINDOWS, proxy: Proxy(), setWindowRect: true, strictFileInteractability: false, timeouts: {implicit: 0, pageLoad: 300000, script: 30000}, unhandledPromptBehavior: dismiss and notify, webauthn:extension:credBlob: true, webauthn:extension:largeBlob: true, webauthn:virtualAuthenticators: true}
Session ID: 4e5b63374159fa2ea6e25ee1b1617078">
      <![CDATA[org.openqa.selenium.ElementClickInterceptedException: element click intercepted: Element <i class="icon-custamize hiconright2"></i> is not clickable at point (1151, 98). Other element would receive the click: <div class="col-lg-12" style="padding-right:0px;padding-left:0px;width:100%;padding-bottom:28px;">...</div>
  (Session info: chrome=107.0.5304.122)
Build info: version: '3.12.0', revision: '7c6e0b3', time: '2018-05-08T14:04:26.12Z'
System info: host: 'FOCUS-QA-10', ip: '192.168.4.206', os.name: 'Windows 10', os.arch: 'amd64', os.version: '10.0', java.version: '1.8.0_111'
Driver info: org.openqa.selenium.chrome.ChromeDriver
Capabilities {acceptInsecureCerts: false, browserName: chrome, browserVersion: 107.0.5304.122, chrome: {chromedriverVersion: 106.0.5249.61 (511755355844..., userDataDir: C:\Users\Rakesh\AppData\Loc...}, goog:chromeOptions: {debuggerAddress: localhost:54194}, javascriptEnabled: true, networkConnectionEnabled: false, pageLoadStrategy: normal, platform: WINDOWS, platformName: WINDOWS, proxy: Proxy(), setWindowRect: true, strictFileInteractability: false, timeouts: {implicit: 0, pageLoad: 300000, script: 30000}, unhandledPromptBehavior: dismiss and notify, webauthn:extension:credBlob: true, webauthn:extension:largeBlob: true, webauthn:virtualAuthenticators: true}
Session ID: 4e5b63374159fa2ea6e25ee1b1617078
	at sun.reflect.GeneratedConstructorAccessor45.newInstance(Unknown Source)
	at sun.reflect.DelegatingConstructorAccessorImpl.newInstance(Unknown Source)
	at java.lang.reflect.Constructor.newInstance(Unknown Source)
	at org.openqa.selenium.remote.http.W3CHttpResponseCodec.createException(W3CHttpResponseCodec.java:187)
	at org.openqa.selenium.remote.http.W3CHttpResponseCodec.decode(W3CHttpResponseCodec.java:122)
	at org.openqa.selenium.remote.http.W3CHttpResponseCodec.decode(W3CHttpResponseCodec.java:49)
	at org.openqa.selenium.remote.HttpCommandExecutor.execute(HttpCommandExecutor.java:158)
	at org.openqa.selenium.remote.service.DriverCommandExecutor.execute(DriverCommandExecutor.java:83)
	at org.openqa.selenium.remote.RemoteWebDriver.execute(RemoteWebDriver.java:543)
	at org.openqa.selenium.remote.RemoteWebElement.execute(RemoteWebElement.java:276)
	at org.openqa.selenium.remote.RemoteWebElement.click(RemoteWebElement.java:83)
	at sun.reflect.GeneratedMethodAccessor4.invoke(Unknown Source)
	at sun.reflect.DelegatingMethodAccessorImpl.invoke(Unknown Source)
	at java.lang.reflect.Method.invoke(Unknown Source)
	at org.openqa.selenium.support.pagefactory.internal.LocatingElementHandler.invoke(LocatingElementHandler.java:51)
	at com.sun.proxy.$Proxy15.click(Unknown Source)
	at com.focus.Pages.FinancilaReportsXPage.CheckPrintAndCustomiseOptionnInVendorSummeryVendorOverdueSummaryReport(FinancilaReportsXPage.java:46427)
	at com.focus.testcases.FinancialReportsXTest.CheckPrintAndCustomiseOptionnInVendorSummeryVendorOverdueSummaryReport(FinancialReportsXTest.java:1768)
	at sun.reflect.NativeMethodAccessorImpl.invoke0(Native Method)
	at sun.reflect.NativeMethodAccessorImpl.invoke(Unknown Source)
	at sun.reflect.DelegatingMethodAccessorImpl.invoke(Unknown Source)
	at java.lang.reflect.Method.invoke(Unknown Source)
	at org.testng.internal.MethodInvocationHelper.invokeMethod(MethodInvocationHelper.java:86)
	at org.testng.internal.Invoker.invokeMethod(Invoker.java:643)
	at org.testng.internal.Invoker.invokeTestMethod(Invoker.java:820)
	at org.testng.internal.Invoker.invokeTestMethods(Invoker.java:1128)
	at org.testng.internal.TestMethodWorker.invokeTestMethods(TestMethodWorker.java:129)
	at org.testng.internal.TestMethodWorker.run(TestMethodWorker.java:112)
	at org.testng.TestRunner.privateRun(TestRunner.java:782)
	at org.testng.TestRunner.run(TestRunner.java:632)
	at org.testng.SuiteRunner.runTest(SuiteRunner.java:366)
	at org.testng.SuiteRunner.runSequentially(SuiteRunner.java:361)
	at org.testng.SuiteRunner.privateRun(SuiteRunner.java:319)
	at org.testng.SuiteRunner.run(SuiteRunner.java:268)
	at org.testng.SuiteRunnerWorker.runSuite(SuiteRunnerWorker.java:52)
	at org.testng.SuiteRunnerWorker.run(SuiteRunnerWorker.java:86)
	at org.testng.TestNG.runSuitesSequentially(TestNG.java:1244)
	at org.testng.TestNG.runSuitesLocally(TestNG.java:1169)
	at org.testng.TestNG.run(TestNG.java:1064)
	at org.testng.remote.AbstractRemoteTestNG.run(AbstractRemoteTestNG.java:114)
	at org.testng.remote.RemoteTestNG.initAndRun(RemoteTestNG.java:251)
	at org.testng.remote.RemoteTestNG.main(RemoteTestNG.java:77)
]]>
    </error>
  </testcase> <!-- CheckPrintAndCustomiseOptionnInVendorSummeryVendorOverdueSummaryReport -->
  <testcase name="checkSummeryVendorAgeingSummaryReportBackTrackOption" time="2.475" classname="com.focus.testcases.FinancialReportsXTest">
    <error type="org.openqa.selenium.ElementClickInterceptedException" message="element click intercepted: Element &lt;li class=&quot;nav-item active dropdown&quot; data-norowmessage=&quot;Please select a row in the grid to Backtrack&quot; data-errormessage=&quot;Error&quot; onclick=&quot;REPORTRENDER.backTrackVocuherDetails(this)&quot; id=&quot;BackTrackIcon_e814cb2c-b1b2-4cf8-9d68-2fe2030416e2&quot;&gt;...&lt;/li&gt; is not clickable at point (1124, 98). Other element would receive the click: &lt;div class=&quot;col-lg-12&quot; style=&quot;padding-right:0px;padding-left:0px;width:100%;padding-bottom:28px;&quot;&gt;...&lt;/div&gt;
  (Session info: chrome=107.0.5304.122)
Build info: version: &#039;3.12.0&#039;, revision: &#039;7c6e0b3&#039;, time: &#039;2018-05-08T14:04:26.12Z&#039;
System info: host: &#039;FOCUS-QA-10&#039;, ip: &#039;192.168.4.206&#039;, os.name: &#039;Windows 10&#039;, os.arch: &#039;amd64&#039;, os.version: &#039;10.0&#039;, java.version: &#039;1.8.0_111&#039;
Driver info: org.openqa.selenium.chrome.ChromeDriver
Capabilities {acceptInsecureCerts: false, browserName: chrome, browserVersion: 107.0.5304.122, chrome: {chromedriverVersion: 106.0.5249.61 (511755355844..., userDataDir: C:\Users\Rakesh\AppData\Loc...}, goog:chromeOptions: {debuggerAddress: localhost:54194}, javascriptEnabled: true, networkConnectionEnabled: false, pageLoadStrategy: normal, platform: WINDOWS, platformName: WINDOWS, proxy: Proxy(), setWindowRect: true, strictFileInteractability: false, timeouts: {implicit: 0, pageLoad: 300000, script: 30000}, unhandledPromptBehavior: dismiss and notify, webauthn:extension:credBlob: true, webauthn:extension:largeBlob: true, webauthn:virtualAuthenticators: true}
Session ID: 4e5b63374159fa2ea6e25ee1b1617078">
      <![CDATA[org.openqa.selenium.ElementClickInterceptedException: element click intercepted: Element <li class="nav-item active dropdown" data-norowmessage="Please select a row in the grid to Backtrack" data-errormessage="Error" onclick="REPORTRENDER.backTrackVocuherDetails(this)" id="BackTrackIcon_e814cb2c-b1b2-4cf8-9d68-2fe2030416e2">...</li> is not clickable at point (1124, 98). Other element would receive the click: <div class="col-lg-12" style="padding-right:0px;padding-left:0px;width:100%;padding-bottom:28px;">...</div>
  (Session info: chrome=107.0.5304.122)
Build info: version: '3.12.0', revision: '7c6e0b3', time: '2018-05-08T14:04:26.12Z'
System info: host: 'FOCUS-QA-10', ip: '192.168.4.206', os.name: 'Windows 10', os.arch: 'amd64', os.version: '10.0', java.version: '1.8.0_111'
Driver info: org.openqa.selenium.chrome.ChromeDriver
Capabilities {acceptInsecureCerts: false, browserName: chrome, browserVersion: 107.0.5304.122, chrome: {chromedriverVersion: 106.0.5249.61 (511755355844..., userDataDir: C:\Users\Rakesh\AppData\Loc...}, goog:chromeOptions: {debuggerAddress: localhost:54194}, javascriptEnabled: true, networkConnectionEnabled: false, pageLoadStrategy: normal, platform: WINDOWS, platformName: WINDOWS, proxy: Proxy(), setWindowRect: true, strictFileInteractability: false, timeouts: {implicit: 0, pageLoad: 300000, script: 30000}, unhandledPromptBehavior: dismiss and notify, webauthn:extension:credBlob: true, webauthn:extension:largeBlob: true, webauthn:virtualAuthenticators: true}
Session ID: 4e5b63374159fa2ea6e25ee1b1617078
	at sun.reflect.GeneratedConstructorAccessor45.newInstance(Unknown Source)
	at sun.reflect.DelegatingConstructorAccessorImpl.newInstance(Unknown Source)
	at java.lang.reflect.Constructor.newInstance(Unknown Source)
	at org.openqa.selenium.remote.http.W3CHttpResponseCodec.createException(W3CHttpResponseCodec.java:187)
	at org.openqa.selenium.remote.http.W3CHttpResponseCodec.decode(W3CHttpResponseCodec.java:122)
	at org.openqa.selenium.remote.http.W3CHttpResponseCodec.decode(W3CHttpResponseCodec.java:49)
	at org.openqa.selenium.remote.HttpCommandExecutor.execute(HttpCommandExecutor.java:158)
	at org.openqa.selenium.remote.service.DriverCommandExecutor.execute(DriverCommandExecutor.java:83)
	at org.openqa.selenium.remote.RemoteWebDriver.execute(RemoteWebDriver.java:543)
	at org.openqa.selenium.remote.RemoteWebElement.execute(RemoteWebElement.java:276)
	at org.openqa.selenium.remote.RemoteWebElement.click(RemoteWebElement.java:83)
	at sun.reflect.GeneratedMethodAccessor4.invoke(Unknown Source)
	at sun.reflect.DelegatingMethodAccessorImpl.invoke(Unknown Source)
	at java.lang.reflect.Method.invoke(Unknown Source)
	at org.openqa.selenium.support.pagefactory.internal.LocatingElementHandler.invoke(LocatingElementHandler.java:51)
	at com.sun.proxy.$Proxy15.click(Unknown Source)
	at com.focus.Pages.FinancilaReportsXPage.checkSummeryVendorAgeingSummaryReportBackTrackOption(FinancilaReportsXPage.java:45645)
	at com.focus.testcases.FinancialReportsXTest.checkSummeryVendorAgeingSummaryReportBackTrackOption(FinancialReportsXTest.java:1727)
	at sun.reflect.NativeMethodAccessorImpl.invoke0(Native Method)
	at sun.reflect.NativeMethodAccessorImpl.invoke(Unknown Source)
	at sun.reflect.DelegatingMethodAccessorImpl.invoke(Unknown Source)
	at java.lang.reflect.Method.invoke(Unknown Source)
	at org.testng.internal.MethodInvocationHelper.invokeMethod(MethodInvocationHelper.java:86)
	at org.testng.internal.Invoker.invokeMethod(Invoker.java:643)
	at org.testng.internal.Invoker.invokeTestMethod(Invoker.java:820)
	at org.testng.internal.Invoker.invokeTestMethods(Invoker.java:1128)
	at org.testng.internal.TestMethodWorker.invokeTestMethods(TestMethodWorker.java:129)
	at org.testng.internal.TestMethodWorker.run(TestMethodWorker.java:112)
	at org.testng.TestRunner.privateRun(TestRunner.java:782)
	at org.testng.TestRunner.run(TestRunner.java:632)
	at org.testng.SuiteRunner.runTest(SuiteRunner.java:366)
	at org.testng.SuiteRunner.runSequentially(SuiteRunner.java:361)
	at org.testng.SuiteRunner.privateRun(SuiteRunner.java:319)
	at org.testng.SuiteRunner.run(SuiteRunner.java:268)
	at org.testng.SuiteRunnerWorker.runSuite(SuiteRunnerWorker.java:52)
	at org.testng.SuiteRunnerWorker.run(SuiteRunnerWorker.java:86)
	at org.testng.TestNG.runSuitesSequentially(TestNG.java:1244)
	at org.testng.TestNG.runSuitesLocally(TestNG.java:1169)
	at org.testng.TestNG.run(TestNG.java:1064)
	at org.testng.remote.AbstractRemoteTestNG.run(AbstractRemoteTestNG.java:114)
	at org.testng.remote.RemoteTestNG.initAndRun(RemoteTestNG.java:251)
	at org.testng.remote.RemoteTestNG.main(RemoteTestNG.java:77)
]]>
    </error>
  </testcase> <!-- checkSummeryVendorAgeingSummaryReportBackTrackOption -->
  <testcase name="CheckFilterAndPrintOptionnInCustomerDueDateAnalysis" time="81.570" classname="com.focus.testcases.FinancialReportsXTest">
    <error type="org.openqa.selenium.TimeoutException" message="Expected condition failed: waiting for element to be clickable: Proxy element for: DefaultElementLocator &#039;By.xpath: (//*[@class=&#039;icon-print hiconright2&#039;])[2]&#039; (tried for 40 second(s) with 5000 milliseconds interval)">
      <![CDATA[org.openqa.selenium.TimeoutException: Expected condition failed: waiting for element to be clickable: Proxy element for: DefaultElementLocator 'By.xpath: (//*[@class='icon-print hiconright2'])[2]' (tried for 40 second(s) with 5000 milliseconds interval)
	at org.openqa.selenium.support.ui.FluentWait.timeoutException(FluentWait.java:303)
	at org.openqa.selenium.support.ui.FluentWait.until(FluentWait.java:271)
	at com.focus.Pages.FinancilaReportsXPage.CheckFilterAndPrintOptionnInCustomerDueDateAnalysis(FinancilaReportsXPage.java:38763)
	at com.focus.testcases.FinancialReportsXTest.CheckFilterAndPrintOptionnInCustomerDueDateAnalysis(FinancialReportsXTest.java:1363)
	at sun.reflect.NativeMethodAccessorImpl.invoke0(Native Method)
	at sun.reflect.NativeMethodAccessorImpl.invoke(Unknown Source)
	at sun.reflect.DelegatingMethodAccessorImpl.invoke(Unknown Source)
	at java.lang.reflect.Method.invoke(Unknown Source)
	at org.testng.internal.MethodInvocationHelper.invokeMethod(MethodInvocationHelper.java:86)
	at org.testng.internal.Invoker.invokeMethod(Invoker.java:643)
	at org.testng.internal.Invoker.invokeTestMethod(Invoker.java:820)
	at org.testng.internal.Invoker.invokeTestMethods(Invoker.java:1128)
	at org.testng.internal.TestMethodWorker.invokeTestMethods(TestMethodWorker.java:129)
	at org.testng.internal.TestMethodWorker.run(TestMethodWorker.java:112)
	at org.testng.TestRunner.privateRun(TestRunner.java:782)
	at org.testng.TestRunner.run(TestRunner.java:632)
	at org.testng.SuiteRunner.runTest(SuiteRunner.java:366)
	at org.testng.SuiteRunner.runSequentially(SuiteRunner.java:361)
	at org.testng.SuiteRunner.privateRun(SuiteRunner.java:319)
	at org.testng.SuiteRunner.run(SuiteRunner.java:268)
	at org.testng.SuiteRunnerWorker.runSuite(SuiteRunnerWorker.java:52)
	at org.testng.SuiteRunnerWorker.run(SuiteRunnerWorker.java:86)
	at org.testng.TestNG.runSuitesSequentially(TestNG.java:1244)
	at org.testng.TestNG.runSuitesLocally(TestNG.java:1169)
	at org.testng.TestNG.run(TestNG.java:1064)
	at org.testng.remote.AbstractRemoteTestNG.run(AbstractRemoteTestNG.java:114)
	at org.testng.remote.RemoteTestNG.initAndRun(RemoteTestNG.java:251)
	at org.testng.remote.RemoteTestNG.main(RemoteTestNG.java:77)
Caused by: org.openqa.selenium.NoSuchElementException: no such element: Unable to locate element: {"method":"xpath","selector":"(//*[@class='icon-print hiconright2'])[2]"}
  (Session info: chrome=107.0.5304.122)
For documentation on this error, please visit: http://seleniumhq.org/exceptions/no_such_element.html
Build info: version: '3.12.0', revision: '7c6e0b3', time: '2018-05-08T14:04:26.12Z'
System info: host: 'FOCUS-QA-10', ip: '192.168.4.206', os.name: 'Windows 10', os.arch: 'amd64', os.version: '10.0', java.version: '1.8.0_111'
Driver info: org.openqa.selenium.chrome.ChromeDriver
Capabilities {acceptInsecureCerts: false, browserName: chrome, browserVersion: 107.0.5304.122, chrome: {chromedriverVersion: 106.0.5249.61 (511755355844..., userDataDir: C:\Users\Rakesh\AppData\Loc...}, goog:chromeOptions: {debuggerAddress: localhost:54194}, javascriptEnabled: true, networkConnectionEnabled: false, pageLoadStrategy: normal, platform: WINDOWS, platformName: WINDOWS, proxy: Proxy(), setWindowRect: true, strictFileInteractability: false, timeouts: {implicit: 0, pageLoad: 300000, script: 30000}, unhandledPromptBehavior: dismiss and notify, webauthn:extension:credBlob: true, webauthn:extension:largeBlob: true, webauthn:virtualAuthenticators: true}
Session ID: 4e5b63374159fa2ea6e25ee1b1617078
*** Element info: {Using=xpath, value=(//*[@class='icon-print hiconright2'])[2]}
	at sun.reflect.GeneratedConstructorAccessor43.newInstance(Unknown Source)
	at sun.reflect.DelegatingConstructorAccessorImpl.newInstance(Unknown Source)
	at java.lang.reflect.Constructor.newInstance(Unknown Source)
	at org.openqa.selenium.remote.http.W3CHttpResponseCodec.createException(W3CHttpResponseCodec.java:187)
	at org.openqa.selenium.remote.http.W3CHttpResponseCodec.decode(W3CHttpResponseCodec.java:122)
	at org.openqa.selenium.remote.http.W3CHttpResponseCodec.decode(W3CHttpResponseCodec.java:49)
	at org.openqa.selenium.remote.HttpCommandExecutor.execute(HttpCommandExecutor.java:158)
	at org.openqa.selenium.remote.service.DriverCommandExecutor.execute(DriverCommandExecutor.java:83)
	at org.openqa.selenium.remote.RemoteWebDriver.execute(RemoteWebDriver.java:543)
	at org.openqa.selenium.remote.RemoteWebDriver.findElement(RemoteWebDriver.java:317)
	at org.openqa.selenium.remote.RemoteWebDriver.findElementByXPath(RemoteWebDriver.java:419)
	at org.openqa.selenium.By$ByXPath.findElement(By.java:353)
	at org.openqa.selenium.remote.RemoteWebDriver.findElement(RemoteWebDriver.java:309)
	at org.openqa.selenium.support.pagefactory.DefaultElementLocator.findElement(DefaultElementLocator.java:69)
	at org.openqa.selenium.support.pagefactory.internal.LocatingElementHandler.invoke(LocatingElementHandler.java:38)
	at com.sun.proxy.$Proxy15.isDisplayed(Unknown Source)
	at org.openqa.selenium.support.ui.ExpectedConditions.elementIfVisible(ExpectedConditions.java:315)
	at org.openqa.selenium.support.ui.ExpectedConditions.access$100(ExpectedConditions.java:44)
	at org.openqa.selenium.support.ui.ExpectedConditions$10.apply(ExpectedConditions.java:301)
	at org.openqa.selenium.support.ui.ExpectedConditions$10.apply(ExpectedConditions.java:298)
	at org.openqa.selenium.support.ui.ExpectedConditions$23.apply(ExpectedConditions.java:686)
	at org.openqa.selenium.support.ui.ExpectedConditions$23.apply(ExpectedConditions.java:682)
	at org.openqa.selenium.support.ui.FluentWait.until(FluentWait.java:248)
	... 26 more
]]>
    </error>
  </testcase> <!-- CheckFilterAndPrintOptionnInCustomerDueDateAnalysis -->
  <testcase name="checkCashFLowAnalysisReport" time="1.130" classname="com.focus.testcases.FinancialReportsXTest">
    <error type="org.openqa.selenium.ElementClickInterceptedException" message="element click intercepted: Element &lt;li class=&quot;nav-item&quot; style=&quot;text-align:center&quot;&gt;...&lt;/li&gt; is not clickable at point (44, 167). Other element would receive the click: &lt;div id=&quot;fullScreen&quot; class=&quot;modal fade right show&quot; role=&quot;dialog&quot; data-backdrop=&quot;static&quot; style=&quot;z-index: 10000001; padding-right: 10px; display: block;&quot; aria-modal=&quot;true&quot;&gt;...&lt;/div&gt;
  (Session info: chrome=107.0.5304.122)
Build info: version: &#039;3.12.0&#039;, revision: &#039;7c6e0b3&#039;, time: &#039;2018-05-08T14:04:26.12Z&#039;
System info: host: &#039;FOCUS-QA-10&#039;, ip: &#039;192.168.4.206&#039;, os.name: &#039;Windows 10&#039;, os.arch: &#039;amd64&#039;, os.version: &#039;10.0&#039;, java.version: &#039;1.8.0_111&#039;
Driver info: org.openqa.selenium.chrome.ChromeDriver
Capabilities {acceptInsecureCerts: false, browserName: chrome, browserVersion: 107.0.5304.122, chrome: {chromedriverVersion: 106.0.5249.61 (511755355844..., userDataDir: C:\Users\Rakesh\AppData\Loc...}, goog:chromeOptions: {debuggerAddress: localhost:54194}, javascriptEnabled: true, networkConnectionEnabled: false, pageLoadStrategy: normal, platform: WINDOWS, platformName: WINDOWS, proxy: Proxy(), setWindowRect: true, strictFileInteractability: false, timeouts: {implicit: 0, pageLoad: 300000, script: 30000}, unhandledPromptBehavior: dismiss and notify, webauthn:extension:credBlob: true, webauthn:extension:largeBlob: true, webauthn:virtualAuthenticators: true}
Session ID: 4e5b63374159fa2ea6e25ee1b1617078">
      <![CDATA[org.openqa.selenium.ElementClickInterceptedException: element click intercepted: Element <li class="nav-item" style="text-align:center">...</li> is not clickable at point (44, 167). Other element would receive the click: <div id="fullScreen" class="modal fade right show" role="dialog" data-backdrop="static" style="z-index: 10000001; padding-right: 10px; display: block;" aria-modal="true">...</div>
  (Session info: chrome=107.0.5304.122)
Build info: version: '3.12.0', revision: '7c6e0b3', time: '2018-05-08T14:04:26.12Z'
System info: host: 'FOCUS-QA-10', ip: '192.168.4.206', os.name: 'Windows 10', os.arch: 'amd64', os.version: '10.0', java.version: '1.8.0_111'
Driver info: org.openqa.selenium.chrome.ChromeDriver
Capabilities {acceptInsecureCerts: false, browserName: chrome, browserVersion: 107.0.5304.122, chrome: {chromedriverVersion: 106.0.5249.61 (511755355844..., userDataDir: C:\Users\Rakesh\AppData\Loc...}, goog:chromeOptions: {debuggerAddress: localhost:54194}, javascriptEnabled: true, networkConnectionEnabled: false, pageLoadStrategy: normal, platform: WINDOWS, platformName: WINDOWS, proxy: Proxy(), setWindowRect: true, strictFileInteractability: false, timeouts: {implicit: 0, pageLoad: 300000, script: 30000}, unhandledPromptBehavior: dismiss and notify, webauthn:extension:credBlob: true, webauthn:extension:largeBlob: true, webauthn:virtualAuthenticators: true}
Session ID: 4e5b63374159fa2ea6e25ee1b1617078
	at sun.reflect.GeneratedConstructorAccessor45.newInstance(Unknown Source)
	at sun.reflect.DelegatingConstructorAccessorImpl.newInstance(Unknown Source)
	at java.lang.reflect.Constructor.newInstance(Unknown Source)
	at org.openqa.selenium.remote.http.W3CHttpResponseCodec.createException(W3CHttpResponseCodec.java:187)
	at org.openqa.selenium.remote.http.W3CHttpResponseCodec.decode(W3CHttpResponseCodec.java:122)
	at org.openqa.selenium.remote.http.W3CHttpResponseCodec.decode(W3CHttpResponseCodec.java:49)
	at org.openqa.selenium.remote.HttpCommandExecutor.execute(HttpCommandExecutor.java:158)
	at org.openqa.selenium.remote.service.DriverCommandExecutor.execute(DriverCommandExecutor.java:83)
	at org.openqa.selenium.remote.RemoteWebDriver.execute(RemoteWebDriver.java:543)
	at org.openqa.selenium.remote.RemoteWebElement.execute(RemoteWebElement.java:276)
	at org.openqa.selenium.remote.RemoteWebElement.click(RemoteWebElement.java:83)
	at sun.reflect.GeneratedMethodAccessor4.invoke(Unknown Source)
	at sun.reflect.DelegatingMethodAccessorImpl.invoke(Unknown Source)
	at java.lang.reflect.Method.invoke(Unknown Source)
	at org.openqa.selenium.support.pagefactory.internal.LocatingElementHandler.invoke(LocatingElementHandler.java:51)
	at com.sun.proxy.$Proxy15.click(Unknown Source)
	at com.focus.Pages.FinancilaReportsXPage.checkCashFLowAnalysisReport(FinancilaReportsXPage.java:35835)
	at com.focus.testcases.FinancialReportsXTest.checkCashFLowAnalysisReport(FinancialReportsXTest.java:1221)
	at sun.reflect.NativeMethodAccessorImpl.invoke0(Native Method)
	at sun.reflect.NativeMethodAccessorImpl.invoke(Unknown Source)
	at sun.reflect.DelegatingMethodAccessorImpl.invoke(Unknown Source)
	at java.lang.reflect.Method.invoke(Unknown Source)
	at org.testng.internal.MethodInvocationHelper.invokeMethod(MethodInvocationHelper.java:86)
	at org.testng.internal.Invoker.invokeMethod(Invoker.java:643)
	at org.testng.internal.Invoker.invokeTestMethod(Invoker.java:820)
	at org.testng.internal.Invoker.invokeTestMethods(Invoker.java:1128)
	at org.testng.internal.TestMethodWorker.invokeTestMethods(TestMethodWorker.java:129)
	at org.testng.internal.TestMethodWorker.run(TestMethodWorker.java:112)
	at org.testng.TestRunner.privateRun(TestRunner.java:782)
	at org.testng.TestRunner.run(TestRunner.java:632)
	at org.testng.SuiteRunner.runTest(SuiteRunner.java:366)
	at org.testng.SuiteRunner.runSequentially(SuiteRunner.java:361)
	at org.testng.SuiteRunner.privateRun(SuiteRunner.java:319)
	at org.testng.SuiteRunner.run(SuiteRunner.java:268)
	at org.testng.SuiteRunnerWorker.runSuite(SuiteRunnerWorker.java:52)
	at org.testng.SuiteRunnerWorker.run(SuiteRunnerWorker.java:86)
	at org.testng.TestNG.runSuitesSequentially(TestNG.java:1244)
	at org.testng.TestNG.runSuitesLocally(TestNG.java:1169)
	at org.testng.TestNG.run(TestNG.java:1064)
	at org.testng.remote.AbstractRemoteTestNG.run(AbstractRemoteTestNG.java:114)
	at org.testng.remote.RemoteTestNG.initAndRun(RemoteTestNG.java:251)
	at org.testng.remote.RemoteTestNG.main(RemoteTestNG.java:77)
]]>
    </error>
  </testcase> <!-- checkCashFLowAnalysisReport -->
  <testcase name="checkCreditNoteRegisterReportBackTrackOption" time="15.890" classname="com.focus.testcases.FinancialReportsXTest"/>
  <testcase name="checkPaymentRegisterReportBackTrackOption" time="2.487" classname="com.focus.testcases.FinancialReportsXTest">
    <error type="java.lang.IndexOutOfBoundsException" message="Index: 1, Size: 1">
      <![CDATA[java.lang.IndexOutOfBoundsException: Index: 1, Size: 1
	at java.util.ArrayList.rangeCheck(Unknown Source)
	at java.util.ArrayList.get(Unknown Source)
	at com.focus.Pages.FinancilaReportsXPage.checkPaymentRegisterReportBackTrackOption(FinancilaReportsXPage.java:18173)
	at com.focus.testcases.FinancialReportsXTest.checkPaymentRegisterReportBackTrackOption(FinancialReportsXTest.java:680)
	at sun.reflect.NativeMethodAccessorImpl.invoke0(Native Method)
	at sun.reflect.NativeMethodAccessorImpl.invoke(Unknown Source)
	at sun.reflect.DelegatingMethodAccessorImpl.invoke(Unknown Source)
	at java.lang.reflect.Method.invoke(Unknown Source)
	at org.testng.internal.MethodInvocationHelper.invokeMethod(MethodInvocationHelper.java:86)
	at org.testng.internal.Invoker.invokeMethod(Invoker.java:643)
	at org.testng.internal.Invoker.invokeTestMethod(Invoker.java:820)
	at org.testng.internal.Invoker.invokeTestMethods(Invoker.java:1128)
	at org.testng.internal.TestMethodWorker.invokeTestMethods(TestMethodWorker.java:129)
	at org.testng.internal.TestMethodWorker.run(TestMethodWorker.java:112)
	at org.testng.TestRunner.privateRun(TestRunner.java:782)
	at org.testng.TestRunner.run(TestRunner.java:632)
	at org.testng.SuiteRunner.runTest(SuiteRunner.java:366)
	at org.testng.SuiteRunner.runSequentially(SuiteRunner.java:361)
	at org.testng.SuiteRunner.privateRun(SuiteRunner.java:319)
	at org.testng.SuiteRunner.run(SuiteRunner.java:268)
	at org.testng.SuiteRunnerWorker.runSuite(SuiteRunnerWorker.java:52)
	at org.testng.SuiteRunnerWorker.run(SuiteRunnerWorker.java:86)
	at org.testng.TestNG.runSuitesSequentially(TestNG.java:1244)
	at org.testng.TestNG.runSuitesLocally(TestNG.java:1169)
	at org.testng.TestNG.run(TestNG.java:1064)
	at org.testng.remote.AbstractRemoteTestNG.run(AbstractRemoteTestNG.java:114)
	at org.testng.remote.RemoteTestNG.initAndRun(RemoteTestNG.java:251)
	at org.testng.remote.RemoteTestNG.main(RemoteTestNG.java:77)
]]>
    </error>
  </testcase> <!-- checkPaymentRegisterReportBackTrackOption -->
  <testcase name="checkDebitNoteRegisterReportBackTrackOption" time="15.643" classname="com.focus.testcases.FinancialReportsXTest"/>
  <testcase name="checkPurchasesGroupedByVendorReport" time="18.216" classname="com.focus.testcases.FinancialReportsXTest"/>
  <testcase name="checkSalesGroupedByCustomersReportBackTrackOption" time="1.454" classname="com.focus.testcases.FinancialReportsXTest">
    <error type="org.openqa.selenium.ElementClickInterceptedException" message="element click intercepted: Element &lt;i class=&quot;icon-backtrack hiconright2&quot;&gt;&lt;/i&gt; is not clickable at point (1124, 98). Other element would receive the click: &lt;div class=&quot;col-lg-12&quot; style=&quot;padding-right:0px;padding-left:0px;width:100%;padding-bottom:28px;&quot;&gt;...&lt;/div&gt;
  (Session info: chrome=107.0.5304.122)
Build info: version: &#039;3.12.0&#039;, revision: &#039;7c6e0b3&#039;, time: &#039;2018-05-08T14:04:26.12Z&#039;
System info: host: &#039;FOCUS-QA-10&#039;, ip: &#039;192.168.4.206&#039;, os.name: &#039;Windows 10&#039;, os.arch: &#039;amd64&#039;, os.version: &#039;10.0&#039;, java.version: &#039;1.8.0_111&#039;
Driver info: org.openqa.selenium.chrome.ChromeDriver
Capabilities {acceptInsecureCerts: false, browserName: chrome, browserVersion: 107.0.5304.122, chrome: {chromedriverVersion: 106.0.5249.61 (511755355844..., userDataDir: C:\Users\Rakesh\AppData\Loc...}, goog:chromeOptions: {debuggerAddress: localhost:54194}, javascriptEnabled: true, networkConnectionEnabled: false, pageLoadStrategy: normal, platform: WINDOWS, platformName: WINDOWS, proxy: Proxy(), setWindowRect: true, strictFileInteractability: false, timeouts: {implicit: 0, pageLoad: 300000, script: 30000}, unhandledPromptBehavior: dismiss and notify, webauthn:extension:credBlob: true, webauthn:extension:largeBlob: true, webauthn:virtualAuthenticators: true}
Session ID: 4e5b63374159fa2ea6e25ee1b1617078">
      <![CDATA[org.openqa.selenium.ElementClickInterceptedException: element click intercepted: Element <i class="icon-backtrack hiconright2"></i> is not clickable at point (1124, 98). Other element would receive the click: <div class="col-lg-12" style="padding-right:0px;padding-left:0px;width:100%;padding-bottom:28px;">...</div>
  (Session info: chrome=107.0.5304.122)
Build info: version: '3.12.0', revision: '7c6e0b3', time: '2018-05-08T14:04:26.12Z'
System info: host: 'FOCUS-QA-10', ip: '192.168.4.206', os.name: 'Windows 10', os.arch: 'amd64', os.version: '10.0', java.version: '1.8.0_111'
Driver info: org.openqa.selenium.chrome.ChromeDriver
Capabilities {acceptInsecureCerts: false, browserName: chrome, browserVersion: 107.0.5304.122, chrome: {chromedriverVersion: 106.0.5249.61 (511755355844..., userDataDir: C:\Users\Rakesh\AppData\Loc...}, goog:chromeOptions: {debuggerAddress: localhost:54194}, javascriptEnabled: true, networkConnectionEnabled: false, pageLoadStrategy: normal, platform: WINDOWS, platformName: WINDOWS, proxy: Proxy(), setWindowRect: true, strictFileInteractability: false, timeouts: {implicit: 0, pageLoad: 300000, script: 30000}, unhandledPromptBehavior: dismiss and notify, webauthn:extension:credBlob: true, webauthn:extension:largeBlob: true, webauthn:virtualAuthenticators: true}
Session ID: 4e5b63374159fa2ea6e25ee1b1617078
	at sun.reflect.GeneratedConstructorAccessor45.newInstance(Unknown Source)
	at sun.reflect.DelegatingConstructorAccessorImpl.newInstance(Unknown Source)
	at java.lang.reflect.Constructor.newInstance(Unknown Source)
	at org.openqa.selenium.remote.http.W3CHttpResponseCodec.createException(W3CHttpResponseCodec.java:187)
	at org.openqa.selenium.remote.http.W3CHttpResponseCodec.decode(W3CHttpResponseCodec.java:122)
	at org.openqa.selenium.remote.http.W3CHttpResponseCodec.decode(W3CHttpResponseCodec.java:49)
	at org.openqa.selenium.remote.HttpCommandExecutor.execute(HttpCommandExecutor.java:158)
	at org.openqa.selenium.remote.service.DriverCommandExecutor.execute(DriverCommandExecutor.java:83)
	at org.openqa.selenium.remote.RemoteWebDriver.execute(RemoteWebDriver.java:543)
	at org.openqa.selenium.remote.RemoteWebElement.execute(RemoteWebElement.java:276)
	at org.openqa.selenium.remote.RemoteWebElement.click(RemoteWebElement.java:83)
	at sun.reflect.GeneratedMethodAccessor4.invoke(Unknown Source)
	at sun.reflect.DelegatingMethodAccessorImpl.invoke(Unknown Source)
	at java.lang.reflect.Method.invoke(Unknown Source)
	at org.openqa.selenium.support.pagefactory.internal.LocatingElementHandler.invoke(LocatingElementHandler.java:51)
	at com.sun.proxy.$Proxy15.click(Unknown Source)
	at com.focus.Pages.FinancilaReportsXPage.checkSalesGroupedByCustomerReportBackTrackOption(FinancilaReportsXPage.java:20927)
	at com.focus.testcases.FinancialReportsXTest.checkSalesGroupedByCustomersReportBackTrackOption(FinancialReportsXTest.java:768)
	at sun.reflect.NativeMethodAccessorImpl.invoke0(Native Method)
	at sun.reflect.NativeMethodAccessorImpl.invoke(Unknown Source)
	at sun.reflect.DelegatingMethodAccessorImpl.invoke(Unknown Source)
	at java.lang.reflect.Method.invoke(Unknown Source)
	at org.testng.internal.MethodInvocationHelper.invokeMethod(MethodInvocationHelper.java:86)
	at org.testng.internal.Invoker.invokeMethod(Invoker.java:643)
	at org.testng.internal.Invoker.invokeTestMethod(Invoker.java:820)
	at org.testng.internal.Invoker.invokeTestMethods(Invoker.java:1128)
	at org.testng.internal.TestMethodWorker.invokeTestMethods(TestMethodWorker.java:129)
	at org.testng.internal.TestMethodWorker.run(TestMethodWorker.java:112)
	at org.testng.TestRunner.privateRun(TestRunner.java:782)
	at org.testng.TestRunner.run(TestRunner.java:632)
	at org.testng.SuiteRunner.runTest(SuiteRunner.java:366)
	at org.testng.SuiteRunner.runSequentially(SuiteRunner.java:361)
	at org.testng.SuiteRunner.privateRun(SuiteRunner.java:319)
	at org.testng.SuiteRunner.run(SuiteRunner.java:268)
	at org.testng.SuiteRunnerWorker.runSuite(SuiteRunnerWorker.java:52)
	at org.testng.SuiteRunnerWorker.run(SuiteRunnerWorker.java:86)
	at org.testng.TestNG.runSuitesSequentially(TestNG.java:1244)
	at org.testng.TestNG.runSuitesLocally(TestNG.java:1169)
	at org.testng.TestNG.run(TestNG.java:1064)
	at org.testng.remote.AbstractRemoteTestNG.run(AbstractRemoteTestNG.java:114)
	at org.testng.remote.RemoteTestNG.initAndRun(RemoteTestNG.java:251)
	at org.testng.remote.RemoteTestNG.main(RemoteTestNG.java:77)
]]>
    </error>
  </testcase> <!-- checkSalesGroupedByCustomersReportBackTrackOption -->
  <testcase name="checkSummarySalesBookReportBackTrackOption" time="22.930" classname="com.focus.testcases.FinancialReportsXTest"/>
  <testcase name="checkReceiptRegisterReportBackTrackOption" time="2.338" classname="com.focus.testcases.FinancialReportsXTest">
    <error type="java.lang.IndexOutOfBoundsException" message="Index: 1, Size: 1">
      <![CDATA[java.lang.IndexOutOfBoundsException: Index: 1, Size: 1
	at java.util.ArrayList.rangeCheck(Unknown Source)
	at java.util.ArrayList.get(Unknown Source)
	at com.focus.Pages.FinancilaReportsXPage.checkReceiptRegisterReportBackTrackOption(FinancilaReportsXPage.java:17756)
	at com.focus.testcases.FinancialReportsXTest.checkReceiptRegisterReportBackTrackOption(FinancialReportsXTest.java:659)
	at sun.reflect.NativeMethodAccessorImpl.invoke0(Native Method)
	at sun.reflect.NativeMethodAccessorImpl.invoke(Unknown Source)
	at sun.reflect.DelegatingMethodAccessorImpl.invoke(Unknown Source)
	at java.lang.reflect.Method.invoke(Unknown Source)
	at org.testng.internal.MethodInvocationHelper.invokeMethod(MethodInvocationHelper.java:86)
	at org.testng.internal.Invoker.invokeMethod(Invoker.java:643)
	at org.testng.internal.Invoker.invokeTestMethod(Invoker.java:820)
	at org.testng.internal.Invoker.invokeTestMethods(Invoker.java:1128)
	at org.testng.internal.TestMethodWorker.invokeTestMethods(TestMethodWorker.java:129)
	at org.testng.internal.TestMethodWorker.run(TestMethodWorker.java:112)
	at org.testng.TestRunner.privateRun(TestRunner.java:782)
	at org.testng.TestRunner.run(TestRunner.java:632)
	at org.testng.SuiteRunner.runTest(SuiteRunner.java:366)
	at org.testng.SuiteRunner.runSequentially(SuiteRunner.java:361)
	at org.testng.SuiteRunner.privateRun(SuiteRunner.java:319)
	at org.testng.SuiteRunner.run(SuiteRunner.java:268)
	at org.testng.SuiteRunnerWorker.runSuite(SuiteRunnerWorker.java:52)
	at org.testng.SuiteRunnerWorker.run(SuiteRunnerWorker.java:86)
	at org.testng.TestNG.runSuitesSequentially(TestNG.java:1244)
	at org.testng.TestNG.runSuitesLocally(TestNG.java:1169)
	at org.testng.TestNG.run(TestNG.java:1064)
	at org.testng.remote.AbstractRemoteTestNG.run(AbstractRemoteTestNG.java:114)
	at org.testng.remote.RemoteTestNG.initAndRun(RemoteTestNG.java:251)
	at org.testng.remote.RemoteTestNG.main(RemoteTestNG.java:77)
]]>
    </error>
  </testcase> <!-- checkReceiptRegisterReportBackTrackOption -->
  <testcase name="checkBackTrackInReceavibleAndPayable" time="3.435" classname="com.focus.testcases.FinancialReportsXTest">
    <error type="org.openqa.selenium.ElementClickInterceptedException" message="element click intercepted: Element &lt;td data-ifieldid=&quot;1&quot; data-datatypeid=&quot;0&quot; onclick=&quot;REPORTRENDER.GetFieldId(this);&quot; id=&quot;tdSort_10_col_Particulars_&quot; class=&quot;TextAlignLeft&quot; colspan=&quot;0&quot; style=&quot;border-style: none; font-style: normal; font-weight: normal; font-size: 12px; width: 120px;&quot;&gt;...&lt;/td&gt; is not clickable at point (206, 385). Other element would receive the click: &lt;div id=&quot;fullScreen&quot; class=&quot;modal fade right show&quot; role=&quot;dialog&quot; data-backdrop=&quot;static&quot; style=&quot;z-index: 10000001; padding-right: 10px; display: block;&quot; aria-modal=&quot;true&quot;&gt;...&lt;/div&gt;
  (Session info: chrome=107.0.5304.122)
Build info: version: &#039;3.12.0&#039;, revision: &#039;7c6e0b3&#039;, time: &#039;2018-05-08T14:04:26.12Z&#039;
System info: host: &#039;FOCUS-QA-10&#039;, ip: &#039;192.168.4.206&#039;, os.name: &#039;Windows 10&#039;, os.arch: &#039;amd64&#039;, os.version: &#039;10.0&#039;, java.version: &#039;1.8.0_111&#039;
Driver info: org.openqa.selenium.chrome.ChromeDriver
Capabilities {acceptInsecureCerts: false, browserName: chrome, browserVersion: 107.0.5304.122, chrome: {chromedriverVersion: 106.0.5249.61 (511755355844..., userDataDir: C:\Users\Rakesh\AppData\Loc...}, goog:chromeOptions: {debuggerAddress: localhost:54194}, javascriptEnabled: true, networkConnectionEnabled: false, pageLoadStrategy: normal, platform: WINDOWS, platformName: WINDOWS, proxy: Proxy(), setWindowRect: true, strictFileInteractability: false, timeouts: {implicit: 0, pageLoad: 300000, script: 30000}, unhandledPromptBehavior: dismiss and notify, webauthn:extension:credBlob: true, webauthn:extension:largeBlob: true, webauthn:virtualAuthenticators: true}
Session ID: 4e5b63374159fa2ea6e25ee1b1617078">
      <![CDATA[org.openqa.selenium.ElementClickInterceptedException: element click intercepted: Element <td data-ifieldid="1" data-datatypeid="0" onclick="REPORTRENDER.GetFieldId(this);" id="tdSort_10_col_Particulars_" class="TextAlignLeft" colspan="0" style="border-style: none; font-style: normal; font-weight: normal; font-size: 12px; width: 120px;">...</td> is not clickable at point (206, 385). Other element would receive the click: <div id="fullScreen" class="modal fade right show" role="dialog" data-backdrop="static" style="z-index: 10000001; padding-right: 10px; display: block;" aria-modal="true">...</div>
  (Session info: chrome=107.0.5304.122)
Build info: version: '3.12.0', revision: '7c6e0b3', time: '2018-05-08T14:04:26.12Z'
System info: host: 'FOCUS-QA-10', ip: '192.168.4.206', os.name: 'Windows 10', os.arch: 'amd64', os.version: '10.0', java.version: '1.8.0_111'
Driver info: org.openqa.selenium.chrome.ChromeDriver
Capabilities {acceptInsecureCerts: false, browserName: chrome, browserVersion: 107.0.5304.122, chrome: {chromedriverVersion: 106.0.5249.61 (511755355844..., userDataDir: C:\Users\Rakesh\AppData\Loc...}, goog:chromeOptions: {debuggerAddress: localhost:54194}, javascriptEnabled: true, networkConnectionEnabled: false, pageLoadStrategy: normal, platform: WINDOWS, platformName: WINDOWS, proxy: Proxy(), setWindowRect: true, strictFileInteractability: false, timeouts: {implicit: 0, pageLoad: 300000, script: 30000}, unhandledPromptBehavior: dismiss and notify, webauthn:extension:credBlob: true, webauthn:extension:largeBlob: true, webauthn:virtualAuthenticators: true}
Session ID: 4e5b63374159fa2ea6e25ee1b1617078
	at sun.reflect.GeneratedConstructorAccessor45.newInstance(Unknown Source)
	at sun.reflect.DelegatingConstructorAccessorImpl.newInstance(Unknown Source)
	at java.lang.reflect.Constructor.newInstance(Unknown Source)
	at org.openqa.selenium.remote.http.W3CHttpResponseCodec.createException(W3CHttpResponseCodec.java:187)
	at org.openqa.selenium.remote.http.W3CHttpResponseCodec.decode(W3CHttpResponseCodec.java:122)
	at org.openqa.selenium.remote.http.W3CHttpResponseCodec.decode(W3CHttpResponseCodec.java:49)
	at org.openqa.selenium.remote.HttpCommandExecutor.execute(HttpCommandExecutor.java:158)
	at org.openqa.selenium.remote.service.DriverCommandExecutor.execute(DriverCommandExecutor.java:83)
	at org.openqa.selenium.remote.RemoteWebDriver.execute(RemoteWebDriver.java:543)
	at org.openqa.selenium.remote.RemoteWebElement.execute(RemoteWebElement.java:276)
	at org.openqa.selenium.remote.RemoteWebElement.click(RemoteWebElement.java:83)
	at com.focus.Pages.FinancilaReportsXPage.checkBackTrackInReceavibleAndPayable(FinancilaReportsXPage.java:36864)
	at com.focus.testcases.FinancialReportsXTest.checkBackTrackInReceavibleAndPayable(FinancialReportsXTest.java:1292)
	at sun.reflect.NativeMethodAccessorImpl.invoke0(Native Method)
	at sun.reflect.NativeMethodAccessorImpl.invoke(Unknown Source)
	at sun.reflect.DelegatingMethodAccessorImpl.invoke(Unknown Source)
	at java.lang.reflect.Method.invoke(Unknown Source)
	at org.testng.internal.MethodInvocationHelper.invokeMethod(MethodInvocationHelper.java:86)
	at org.testng.internal.Invoker.invokeMethod(Invoker.java:643)
	at org.testng.internal.Invoker.invokeTestMethod(Invoker.java:820)
	at org.testng.internal.Invoker.invokeTestMethods(Invoker.java:1128)
	at org.testng.internal.TestMethodWorker.invokeTestMethods(TestMethodWorker.java:129)
	at org.testng.internal.TestMethodWorker.run(TestMethodWorker.java:112)
	at org.testng.TestRunner.privateRun(TestRunner.java:782)
	at org.testng.TestRunner.run(TestRunner.java:632)
	at org.testng.SuiteRunner.runTest(SuiteRunner.java:366)
	at org.testng.SuiteRunner.runSequentially(SuiteRunner.java:361)
	at org.testng.SuiteRunner.privateRun(SuiteRunner.java:319)
	at org.testng.SuiteRunner.run(SuiteRunner.java:268)
	at org.testng.SuiteRunnerWorker.runSuite(SuiteRunnerWorker.java:52)
	at org.testng.SuiteRunnerWorker.run(SuiteRunnerWorker.java:86)
	at org.testng.TestNG.runSuitesSequentially(TestNG.java:1244)
	at org.testng.TestNG.runSuitesLocally(TestNG.java:1169)
	at org.testng.TestNG.run(TestNG.java:1064)
	at org.testng.remote.AbstractRemoteTestNG.run(AbstractRemoteTestNG.java:114)
	at org.testng.remote.RemoteTestNG.initAndRun(RemoteTestNG.java:251)
	at org.testng.remote.RemoteTestNG.main(RemoteTestNG.java:77)
]]>
    </error>
  </testcase> <!-- checkBackTrackInReceavibleAndPayable -->
  <testcase name="checkPeakAndLowBalancesReportBackTrackOption" time="1.309" classname="com.focus.testcases.FinancialReportsXTest">
    <error type="org.openqa.selenium.ElementClickInterceptedException" message="element click intercepted: Element &lt;td data-ifieldid=&quot;1&quot; data-datatypeid=&quot;0&quot; onclick=&quot;REPORTRENDER.GetFieldId(this);&quot; id=&quot;tdSort_10_col_Particulars_&quot; class=&quot;TextAlignLeft&quot; colspan=&quot;0&quot; style=&quot;border-style: none; font-style: normal; font-weight: normal; font-size: 12px; width: 120px;&quot;&gt;...&lt;/td&gt; is not clickable at point (206, 362). Other element would receive the click: &lt;div id=&quot;fullScreen&quot; class=&quot;modal fade right show&quot; role=&quot;dialog&quot; data-backdrop=&quot;static&quot; style=&quot;z-index: 10000001; padding-right: 10px; display: block;&quot; aria-modal=&quot;true&quot;&gt;...&lt;/div&gt;
  (Session info: chrome=107.0.5304.122)
Build info: version: &#039;3.12.0&#039;, revision: &#039;7c6e0b3&#039;, time: &#039;2018-05-08T14:04:26.12Z&#039;
System info: host: &#039;FOCUS-QA-10&#039;, ip: &#039;192.168.4.206&#039;, os.name: &#039;Windows 10&#039;, os.arch: &#039;amd64&#039;, os.version: &#039;10.0&#039;, java.version: &#039;1.8.0_111&#039;
Driver info: org.openqa.selenium.chrome.ChromeDriver
Capabilities {acceptInsecureCerts: false, browserName: chrome, browserVersion: 107.0.5304.122, chrome: {chromedriverVersion: 106.0.5249.61 (511755355844..., userDataDir: C:\Users\Rakesh\AppData\Loc...}, goog:chromeOptions: {debuggerAddress: localhost:54194}, javascriptEnabled: true, networkConnectionEnabled: false, pageLoadStrategy: normal, platform: WINDOWS, platformName: WINDOWS, proxy: Proxy(), setWindowRect: true, strictFileInteractability: false, timeouts: {implicit: 0, pageLoad: 300000, script: 30000}, unhandledPromptBehavior: dismiss and notify, webauthn:extension:credBlob: true, webauthn:extension:largeBlob: true, webauthn:virtualAuthenticators: true}
Session ID: 4e5b63374159fa2ea6e25ee1b1617078">
      <![CDATA[org.openqa.selenium.ElementClickInterceptedException: element click intercepted: Element <td data-ifieldid="1" data-datatypeid="0" onclick="REPORTRENDER.GetFieldId(this);" id="tdSort_10_col_Particulars_" class="TextAlignLeft" colspan="0" style="border-style: none; font-style: normal; font-weight: normal; font-size: 12px; width: 120px;">...</td> is not clickable at point (206, 362). Other element would receive the click: <div id="fullScreen" class="modal fade right show" role="dialog" data-backdrop="static" style="z-index: 10000001; padding-right: 10px; display: block;" aria-modal="true">...</div>
  (Session info: chrome=107.0.5304.122)
Build info: version: '3.12.0', revision: '7c6e0b3', time: '2018-05-08T14:04:26.12Z'
System info: host: 'FOCUS-QA-10', ip: '192.168.4.206', os.name: 'Windows 10', os.arch: 'amd64', os.version: '10.0', java.version: '1.8.0_111'
Driver info: org.openqa.selenium.chrome.ChromeDriver
Capabilities {acceptInsecureCerts: false, browserName: chrome, browserVersion: 107.0.5304.122, chrome: {chromedriverVersion: 106.0.5249.61 (511755355844..., userDataDir: C:\Users\Rakesh\AppData\Loc...}, goog:chromeOptions: {debuggerAddress: localhost:54194}, javascriptEnabled: true, networkConnectionEnabled: false, pageLoadStrategy: normal, platform: WINDOWS, platformName: WINDOWS, proxy: Proxy(), setWindowRect: true, strictFileInteractability: false, timeouts: {implicit: 0, pageLoad: 300000, script: 30000}, unhandledPromptBehavior: dismiss and notify, webauthn:extension:credBlob: true, webauthn:extension:largeBlob: true, webauthn:virtualAuthenticators: true}
Session ID: 4e5b63374159fa2ea6e25ee1b1617078
	at sun.reflect.GeneratedConstructorAccessor45.newInstance(Unknown Source)
	at sun.reflect.DelegatingConstructorAccessorImpl.newInstance(Unknown Source)
	at java.lang.reflect.Constructor.newInstance(Unknown Source)
	at org.openqa.selenium.remote.http.W3CHttpResponseCodec.createException(W3CHttpResponseCodec.java:187)
	at org.openqa.selenium.remote.http.W3CHttpResponseCodec.decode(W3CHttpResponseCodec.java:122)
	at org.openqa.selenium.remote.http.W3CHttpResponseCodec.decode(W3CHttpResponseCodec.java:49)
	at org.openqa.selenium.remote.HttpCommandExecutor.execute(HttpCommandExecutor.java:158)
	at org.openqa.selenium.remote.service.DriverCommandExecutor.execute(DriverCommandExecutor.java:83)
	at org.openqa.selenium.remote.RemoteWebDriver.execute(RemoteWebDriver.java:543)
	at org.openqa.selenium.remote.RemoteWebElement.execute(RemoteWebElement.java:276)
	at org.openqa.selenium.remote.RemoteWebElement.click(RemoteWebElement.java:83)
	at com.focus.Pages.FinancilaReportsXPage.checkPeakAndLowBalancesReportBackTrackOption(FinancilaReportsXPage.java:24920)
	at com.focus.testcases.FinancialReportsXTest.checkPeakAndLowBalancesReportBackTrackOption(FinancialReportsXTest.java:843)
	at sun.reflect.NativeMethodAccessorImpl.invoke0(Native Method)
	at sun.reflect.NativeMethodAccessorImpl.invoke(Unknown Source)
	at sun.reflect.DelegatingMethodAccessorImpl.invoke(Unknown Source)
	at java.lang.reflect.Method.invoke(Unknown Source)
	at org.testng.internal.MethodInvocationHelper.invokeMethod(MethodInvocationHelper.java:86)
	at org.testng.internal.Invoker.invokeMethod(Invoker.java:643)
	at org.testng.internal.Invoker.invokeTestMethod(Invoker.java:820)
	at org.testng.internal.Invoker.invokeTestMethods(Invoker.java:1128)
	at org.testng.internal.TestMethodWorker.invokeTestMethods(TestMethodWorker.java:129)
	at org.testng.internal.TestMethodWorker.run(TestMethodWorker.java:112)
	at org.testng.TestRunner.privateRun(TestRunner.java:782)
	at org.testng.TestRunner.run(TestRunner.java:632)
	at org.testng.SuiteRunner.runTest(SuiteRunner.java:366)
	at org.testng.SuiteRunner.runSequentially(SuiteRunner.java:361)
	at org.testng.SuiteRunner.privateRun(SuiteRunner.java:319)
	at org.testng.SuiteRunner.run(SuiteRunner.java:268)
	at org.testng.SuiteRunnerWorker.runSuite(SuiteRunnerWorker.java:52)
	at org.testng.SuiteRunnerWorker.run(SuiteRunnerWorker.java:86)
	at org.testng.TestNG.runSuitesSequentially(TestNG.java:1244)
	at org.testng.TestNG.runSuitesLocally(TestNG.java:1169)
	at org.testng.TestNG.run(TestNG.java:1064)
	at org.testng.remote.AbstractRemoteTestNG.run(AbstractRemoteTestNG.java:114)
	at org.testng.remote.RemoteTestNG.initAndRun(RemoteTestNG.java:251)
	at org.testng.remote.RemoteTestNG.main(RemoteTestNG.java:77)
]]>
    </error>
  </testcase> <!-- checkPeakAndLowBalancesReportBackTrackOption -->
  <testcase name="CheckCustomerOverDueAnalysisBackTrackOption" time="121.108" classname="com.focus.testcases.FinancialReportsXTest">
    <error type="org.openqa.selenium.TimeoutException" message="Expected condition failed: waiting for element to be clickable: Proxy element for: DefaultElementLocator &#039;By.xpath: //*[@id=&#039;id_reportmenudisplay&#039;]/ul/li[7]&#039; (tried for 40 second(s) with 5000 milliseconds interval)">
      <![CDATA[org.openqa.selenium.TimeoutException: Expected condition failed: waiting for element to be clickable: Proxy element for: DefaultElementLocator 'By.xpath: //*[@id='id_reportmenudisplay']/ul/li[7]' (tried for 40 second(s) with 5000 milliseconds interval)
	at org.openqa.selenium.support.ui.FluentWait.timeoutException(FluentWait.java:303)
	at org.openqa.selenium.support.ui.FluentWait.until(FluentWait.java:271)
	at com.focus.Pages.FinancilaReportsXPage.CheckCustomerOverDueAnalysisBackTrackOption(FinancilaReportsXPage.java:40269)
	at com.focus.testcases.FinancialReportsXTest.CheckCustomerOverDueAnalysisBackTrackOption(FinancialReportsXTest.java:1445)
	at sun.reflect.NativeMethodAccessorImpl.invoke0(Native Method)
	at sun.reflect.NativeMethodAccessorImpl.invoke(Unknown Source)
	at sun.reflect.DelegatingMethodAccessorImpl.invoke(Unknown Source)
	at java.lang.reflect.Method.invoke(Unknown Source)
	at org.testng.internal.MethodInvocationHelper.invokeMethod(MethodInvocationHelper.java:86)
	at org.testng.internal.Invoker.invokeMethod(Invoker.java:643)
	at org.testng.internal.Invoker.invokeTestMethod(Invoker.java:820)
	at org.testng.internal.Invoker.invokeTestMethods(Invoker.java:1128)
	at org.testng.internal.TestMethodWorker.invokeTestMethods(TestMethodWorker.java:129)
	at org.testng.internal.TestMethodWorker.run(TestMethodWorker.java:112)
	at org.testng.TestRunner.privateRun(TestRunner.java:782)
	at org.testng.TestRunner.run(TestRunner.java:632)
	at org.testng.SuiteRunner.runTest(SuiteRunner.java:366)
	at org.testng.SuiteRunner.runSequentially(SuiteRunner.java:361)
	at org.testng.SuiteRunner.privateRun(SuiteRunner.java:319)
	at org.testng.SuiteRunner.run(SuiteRunner.java:268)
	at org.testng.SuiteRunnerWorker.runSuite(SuiteRunnerWorker.java:52)
	at org.testng.SuiteRunnerWorker.run(SuiteRunnerWorker.java:86)
	at org.testng.TestNG.runSuitesSequentially(TestNG.java:1244)
	at org.testng.TestNG.runSuitesLocally(TestNG.java:1169)
	at org.testng.TestNG.run(TestNG.java:1064)
	at org.testng.remote.AbstractRemoteTestNG.run(AbstractRemoteTestNG.java:114)
	at org.testng.remote.RemoteTestNG.initAndRun(RemoteTestNG.java:251)
	at org.testng.remote.RemoteTestNG.main(RemoteTestNG.java:77)
Caused by: org.openqa.selenium.NoSuchElementException: no such element: Unable to locate element: {"method":"xpath","selector":"//*[@id='id_reportmenudisplay']/ul/li[7]"}
  (Session info: chrome=107.0.5304.122)
For documentation on this error, please visit: http://seleniumhq.org/exceptions/no_such_element.html
Build info: version: '3.12.0', revision: '7c6e0b3', time: '2018-05-08T14:04:26.12Z'
System info: host: 'FOCUS-QA-10', ip: '192.168.4.206', os.name: 'Windows 10', os.arch: 'amd64', os.version: '10.0', java.version: '1.8.0_111'
Driver info: org.openqa.selenium.chrome.ChromeDriver
Capabilities {acceptInsecureCerts: false, browserName: chrome, browserVersion: 107.0.5304.122, chrome: {chromedriverVersion: 106.0.5249.61 (511755355844..., userDataDir: C:\Users\Rakesh\AppData\Loc...}, goog:chromeOptions: {debuggerAddress: localhost:54194}, javascriptEnabled: true, networkConnectionEnabled: false, pageLoadStrategy: normal, platform: WINDOWS, platformName: WINDOWS, proxy: Proxy(), setWindowRect: true, strictFileInteractability: false, timeouts: {implicit: 0, pageLoad: 300000, script: 30000}, unhandledPromptBehavior: dismiss and notify, webauthn:extension:credBlob: true, webauthn:extension:largeBlob: true, webauthn:virtualAuthenticators: true}
Session ID: 4e5b63374159fa2ea6e25ee1b1617078
*** Element info: {Using=xpath, value=//*[@id='id_reportmenudisplay']/ul/li[7]}
	at sun.reflect.GeneratedConstructorAccessor43.newInstance(Unknown Source)
	at sun.reflect.DelegatingConstructorAccessorImpl.newInstance(Unknown Source)
	at java.lang.reflect.Constructor.newInstance(Unknown Source)
	at org.openqa.selenium.remote.http.W3CHttpResponseCodec.createException(W3CHttpResponseCodec.java:187)
	at org.openqa.selenium.remote.http.W3CHttpResponseCodec.decode(W3CHttpResponseCodec.java:122)
	at org.openqa.selenium.remote.http.W3CHttpResponseCodec.decode(W3CHttpResponseCodec.java:49)
	at org.openqa.selenium.remote.HttpCommandExecutor.execute(HttpCommandExecutor.java:158)
	at org.openqa.selenium.remote.service.DriverCommandExecutor.execute(DriverCommandExecutor.java:83)
	at org.openqa.selenium.remote.RemoteWebDriver.execute(RemoteWebDriver.java:543)
	at org.openqa.selenium.remote.RemoteWebDriver.findElement(RemoteWebDriver.java:317)
	at org.openqa.selenium.remote.RemoteWebDriver.findElementByXPath(RemoteWebDriver.java:419)
	at org.openqa.selenium.By$ByXPath.findElement(By.java:353)
	at org.openqa.selenium.remote.RemoteWebDriver.findElement(RemoteWebDriver.java:309)
	at org.openqa.selenium.support.pagefactory.DefaultElementLocator.findElement(DefaultElementLocator.java:69)
	at org.openqa.selenium.support.pagefactory.internal.LocatingElementHandler.invoke(LocatingElementHandler.java:38)
	at com.sun.proxy.$Proxy15.isDisplayed(Unknown Source)
	at org.openqa.selenium.support.ui.ExpectedConditions.elementIfVisible(ExpectedConditions.java:315)
	at org.openqa.selenium.support.ui.ExpectedConditions.access$100(ExpectedConditions.java:44)
	at org.openqa.selenium.support.ui.ExpectedConditions$10.apply(ExpectedConditions.java:301)
	at org.openqa.selenium.support.ui.ExpectedConditions$10.apply(ExpectedConditions.java:298)
	at org.openqa.selenium.support.ui.ExpectedConditions$23.apply(ExpectedConditions.java:686)
	at org.openqa.selenium.support.ui.ExpectedConditions$23.apply(ExpectedConditions.java:682)
	at org.openqa.selenium.support.ui.FluentWait.until(FluentWait.java:248)
	... 26 more
]]>
    </error>
  </testcase> <!-- CheckCustomerOverDueAnalysisBackTrackOption -->
  <testcase name="checkCashFlowReport" time="1.113" classname="com.focus.testcases.FinancialReportsXTest">
    <error type="org.openqa.selenium.ElementClickInterceptedException" message="element click intercepted: Element &lt;li class=&quot;nav-item&quot; style=&quot;text-align:center&quot;&gt;...&lt;/li&gt; is not clickable at point (44, 167). Other element would receive the click: &lt;div id=&quot;fullScreen&quot; class=&quot;modal fade right show&quot; role=&quot;dialog&quot; data-backdrop=&quot;static&quot; style=&quot;z-index: 10000001; padding-right: 10px; display: block;&quot; aria-modal=&quot;true&quot;&gt;...&lt;/div&gt;
  (Session info: chrome=107.0.5304.122)
Build info: version: &#039;3.12.0&#039;, revision: &#039;7c6e0b3&#039;, time: &#039;2018-05-08T14:04:26.12Z&#039;
System info: host: &#039;FOCUS-QA-10&#039;, ip: &#039;192.168.4.206&#039;, os.name: &#039;Windows 10&#039;, os.arch: &#039;amd64&#039;, os.version: &#039;10.0&#039;, java.version: &#039;1.8.0_111&#039;
Driver info: org.openqa.selenium.chrome.ChromeDriver
Capabilities {acceptInsecureCerts: false, browserName: chrome, browserVersion: 107.0.5304.122, chrome: {chromedriverVersion: 106.0.5249.61 (511755355844..., userDataDir: C:\Users\Rakesh\AppData\Loc...}, goog:chromeOptions: {debuggerAddress: localhost:54194}, javascriptEnabled: true, networkConnectionEnabled: false, pageLoadStrategy: normal, platform: WINDOWS, platformName: WINDOWS, proxy: Proxy(), setWindowRect: true, strictFileInteractability: false, timeouts: {implicit: 0, pageLoad: 300000, script: 30000}, unhandledPromptBehavior: dismiss and notify, webauthn:extension:credBlob: true, webauthn:extension:largeBlob: true, webauthn:virtualAuthenticators: true}
Session ID: 4e5b63374159fa2ea6e25ee1b1617078">
      <![CDATA[org.openqa.selenium.ElementClickInterceptedException: element click intercepted: Element <li class="nav-item" style="text-align:center">...</li> is not clickable at point (44, 167). Other element would receive the click: <div id="fullScreen" class="modal fade right show" role="dialog" data-backdrop="static" style="z-index: 10000001; padding-right: 10px; display: block;" aria-modal="true">...</div>
  (Session info: chrome=107.0.5304.122)
Build info: version: '3.12.0', revision: '7c6e0b3', time: '2018-05-08T14:04:26.12Z'
System info: host: 'FOCUS-QA-10', ip: '192.168.4.206', os.name: 'Windows 10', os.arch: 'amd64', os.version: '10.0', java.version: '1.8.0_111'
Driver info: org.openqa.selenium.chrome.ChromeDriver
Capabilities {acceptInsecureCerts: false, browserName: chrome, browserVersion: 107.0.5304.122, chrome: {chromedriverVersion: 106.0.5249.61 (511755355844..., userDataDir: C:\Users\Rakesh\AppData\Loc...}, goog:chromeOptions: {debuggerAddress: localhost:54194}, javascriptEnabled: true, networkConnectionEnabled: false, pageLoadStrategy: normal, platform: WINDOWS, platformName: WINDOWS, proxy: Proxy(), setWindowRect: true, strictFileInteractability: false, timeouts: {implicit: 0, pageLoad: 300000, script: 30000}, unhandledPromptBehavior: dismiss and notify, webauthn:extension:credBlob: true, webauthn:extension:largeBlob: true, webauthn:virtualAuthenticators: true}
Session ID: 4e5b63374159fa2ea6e25ee1b1617078
	at sun.reflect.GeneratedConstructorAccessor45.newInstance(Unknown Source)
	at sun.reflect.DelegatingConstructorAccessorImpl.newInstance(Unknown Source)
	at java.lang.reflect.Constructor.newInstance(Unknown Source)
	at org.openqa.selenium.remote.http.W3CHttpResponseCodec.createException(W3CHttpResponseCodec.java:187)
	at org.openqa.selenium.remote.http.W3CHttpResponseCodec.decode(W3CHttpResponseCodec.java:122)
	at org.openqa.selenium.remote.http.W3CHttpResponseCodec.decode(W3CHttpResponseCodec.java:49)
	at org.openqa.selenium.remote.HttpCommandExecutor.execute(HttpCommandExecutor.java:158)
	at org.openqa.selenium.remote.service.DriverCommandExecutor.execute(DriverCommandExecutor.java:83)
	at org.openqa.selenium.remote.RemoteWebDriver.execute(RemoteWebDriver.java:543)
	at org.openqa.selenium.remote.RemoteWebElement.execute(RemoteWebElement.java:276)
	at org.openqa.selenium.remote.RemoteWebElement.click(RemoteWebElement.java:83)
	at sun.reflect.GeneratedMethodAccessor4.invoke(Unknown Source)
	at sun.reflect.DelegatingMethodAccessorImpl.invoke(Unknown Source)
	at java.lang.reflect.Method.invoke(Unknown Source)
	at org.openqa.selenium.support.pagefactory.internal.LocatingElementHandler.invoke(LocatingElementHandler.java:51)
	at com.sun.proxy.$Proxy15.click(Unknown Source)
	at com.focus.Pages.FinancilaReportsXPage.checkCashFlowReport(FinancilaReportsXPage.java:35531)
	at com.focus.testcases.FinancialReportsXTest.checkCashFlowReport(FinancialReportsXTest.java:1203)
	at sun.reflect.NativeMethodAccessorImpl.invoke0(Native Method)
	at sun.reflect.NativeMethodAccessorImpl.invoke(Unknown Source)
	at sun.reflect.DelegatingMethodAccessorImpl.invoke(Unknown Source)
	at java.lang.reflect.Method.invoke(Unknown Source)
	at org.testng.internal.MethodInvocationHelper.invokeMethod(MethodInvocationHelper.java:86)
	at org.testng.internal.Invoker.invokeMethod(Invoker.java:643)
	at org.testng.internal.Invoker.invokeTestMethod(Invoker.java:820)
	at org.testng.internal.Invoker.invokeTestMethods(Invoker.java:1128)
	at org.testng.internal.TestMethodWorker.invokeTestMethods(TestMethodWorker.java:129)
	at org.testng.internal.TestMethodWorker.run(TestMethodWorker.java:112)
	at org.testng.TestRunner.privateRun(TestRunner.java:782)
	at org.testng.TestRunner.run(TestRunner.java:632)
	at org.testng.SuiteRunner.runTest(SuiteRunner.java:366)
	at org.testng.SuiteRunner.runSequentially(SuiteRunner.java:361)
	at org.testng.SuiteRunner.privateRun(SuiteRunner.java:319)
	at org.testng.SuiteRunner.run(SuiteRunner.java:268)
	at org.testng.SuiteRunnerWorker.runSuite(SuiteRunnerWorker.java:52)
	at org.testng.SuiteRunnerWorker.run(SuiteRunnerWorker.java:86)
	at org.testng.TestNG.runSuitesSequentially(TestNG.java:1244)
	at org.testng.TestNG.runSuitesLocally(TestNG.java:1169)
	at org.testng.TestNG.run(TestNG.java:1064)
	at org.testng.remote.AbstractRemoteTestNG.run(AbstractRemoteTestNG.java:114)
	at org.testng.remote.RemoteTestNG.initAndRun(RemoteTestNG.java:251)
	at org.testng.remote.RemoteTestNG.main(RemoteTestNG.java:77)
]]>
    </error>
  </testcase> <!-- checkCashFlowReport -->
  <testcase name="checkOpeningBalanceRegisterReportBackTrackOption" time="2.365" classname="com.focus.testcases.FinancialReportsXTest">
    <error type="java.lang.IndexOutOfBoundsException" message="Index: 1, Size: 1">
      <![CDATA[java.lang.IndexOutOfBoundsException: Index: 1, Size: 1
	at java.util.ArrayList.rangeCheck(Unknown Source)
	at java.util.ArrayList.get(Unknown Source)
	at com.focus.Pages.FinancilaReportsXPage.checkOpeningBalanceRegisterReportBackTrackOption(FinancilaReportsXPage.java:16222)
	at com.focus.testcases.FinancialReportsXTest.checkOpeningBalanceRegisterReportBackTrackOption(FinancialReportsXTest.java:592)
	at sun.reflect.NativeMethodAccessorImpl.invoke0(Native Method)
	at sun.reflect.NativeMethodAccessorImpl.invoke(Unknown Source)
	at sun.reflect.DelegatingMethodAccessorImpl.invoke(Unknown Source)
	at java.lang.reflect.Method.invoke(Unknown Source)
	at org.testng.internal.MethodInvocationHelper.invokeMethod(MethodInvocationHelper.java:86)
	at org.testng.internal.Invoker.invokeMethod(Invoker.java:643)
	at org.testng.internal.Invoker.invokeTestMethod(Invoker.java:820)
	at org.testng.internal.Invoker.invokeTestMethods(Invoker.java:1128)
	at org.testng.internal.TestMethodWorker.invokeTestMethods(TestMethodWorker.java:129)
	at org.testng.internal.TestMethodWorker.run(TestMethodWorker.java:112)
	at org.testng.TestRunner.privateRun(TestRunner.java:782)
	at org.testng.TestRunner.run(TestRunner.java:632)
	at org.testng.SuiteRunner.runTest(SuiteRunner.java:366)
	at org.testng.SuiteRunner.runSequentially(SuiteRunner.java:361)
	at org.testng.SuiteRunner.privateRun(SuiteRunner.java:319)
	at org.testng.SuiteRunner.run(SuiteRunner.java:268)
	at org.testng.SuiteRunnerWorker.runSuite(SuiteRunnerWorker.java:52)
	at org.testng.SuiteRunnerWorker.run(SuiteRunnerWorker.java:86)
	at org.testng.TestNG.runSuitesSequentially(TestNG.java:1244)
	at org.testng.TestNG.runSuitesLocally(TestNG.java:1169)
	at org.testng.TestNG.run(TestNG.java:1064)
	at org.testng.remote.AbstractRemoteTestNG.run(AbstractRemoteTestNG.java:114)
	at org.testng.remote.RemoteTestNG.initAndRun(RemoteTestNG.java:251)
	at org.testng.remote.RemoteTestNG.main(RemoteTestNG.java:77)
]]>
    </error>
  </testcase> <!-- checkOpeningBalanceRegisterReportBackTrackOption -->
  <testcase name="checkSummaryPurchaseBookReport" time="7.914" classname="com.focus.testcases.FinancialReportsXTest"/>
  <testcase name="checkVendorDetailsVendorDueDateAnalysisReportBackTrackOption" time="122.205" classname="com.focus.testcases.FinancialReportsXTest">
    <error type="org.openqa.selenium.TimeoutException" message="Expected condition failed: waiting for element to be clickable: Proxy element for: DefaultElementLocator &#039;By.xpath: //*[@id=&#039;id_reportmenudisplay&#039;]/ul/li[7]&#039; (tried for 40 second(s) with 5000 milliseconds interval)">
      <![CDATA[org.openqa.selenium.TimeoutException: Expected condition failed: waiting for element to be clickable: Proxy element for: DefaultElementLocator 'By.xpath: //*[@id='id_reportmenudisplay']/ul/li[7]' (tried for 40 second(s) with 5000 milliseconds interval)
	at org.openqa.selenium.support.ui.FluentWait.timeoutException(FluentWait.java:303)
	at org.openqa.selenium.support.ui.FluentWait.until(FluentWait.java:271)
	at com.focus.Pages.FinancilaReportsXPage.checkVendorDetailsVendorDueDateAnalysisReportBackTrackOption(FinancilaReportsXPage.java:43903)
	at com.focus.testcases.FinancialReportsXTest.checkVendorDetailsVendorDueDateAnalysisReportBackTrackOption(FinancialReportsXTest.java:1629)
	at sun.reflect.NativeMethodAccessorImpl.invoke0(Native Method)
	at sun.reflect.NativeMethodAccessorImpl.invoke(Unknown Source)
	at sun.reflect.DelegatingMethodAccessorImpl.invoke(Unknown Source)
	at java.lang.reflect.Method.invoke(Unknown Source)
	at org.testng.internal.MethodInvocationHelper.invokeMethod(MethodInvocationHelper.java:86)
	at org.testng.internal.Invoker.invokeMethod(Invoker.java:643)
	at org.testng.internal.Invoker.invokeTestMethod(Invoker.java:820)
	at org.testng.internal.Invoker.invokeTestMethods(Invoker.java:1128)
	at org.testng.internal.TestMethodWorker.invokeTestMethods(TestMethodWorker.java:129)
	at org.testng.internal.TestMethodWorker.run(TestMethodWorker.java:112)
	at org.testng.TestRunner.privateRun(TestRunner.java:782)
	at org.testng.TestRunner.run(TestRunner.java:632)
	at org.testng.SuiteRunner.runTest(SuiteRunner.java:366)
	at org.testng.SuiteRunner.runSequentially(SuiteRunner.java:361)
	at org.testng.SuiteRunner.privateRun(SuiteRunner.java:319)
	at org.testng.SuiteRunner.run(SuiteRunner.java:268)
	at org.testng.SuiteRunnerWorker.runSuite(SuiteRunnerWorker.java:52)
	at org.testng.SuiteRunnerWorker.run(SuiteRunnerWorker.java:86)
	at org.testng.TestNG.runSuitesSequentially(TestNG.java:1244)
	at org.testng.TestNG.runSuitesLocally(TestNG.java:1169)
	at org.testng.TestNG.run(TestNG.java:1064)
	at org.testng.remote.AbstractRemoteTestNG.run(AbstractRemoteTestNG.java:114)
	at org.testng.remote.RemoteTestNG.initAndRun(RemoteTestNG.java:251)
	at org.testng.remote.RemoteTestNG.main(RemoteTestNG.java:77)
Caused by: org.openqa.selenium.NoSuchElementException: no such element: Unable to locate element: {"method":"xpath","selector":"//*[@id='id_reportmenudisplay']/ul/li[7]"}
  (Session info: chrome=107.0.5304.122)
For documentation on this error, please visit: http://seleniumhq.org/exceptions/no_such_element.html
Build info: version: '3.12.0', revision: '7c6e0b3', time: '2018-05-08T14:04:26.12Z'
System info: host: 'FOCUS-QA-10', ip: '192.168.4.206', os.name: 'Windows 10', os.arch: 'amd64', os.version: '10.0', java.version: '1.8.0_111'
Driver info: org.openqa.selenium.chrome.ChromeDriver
Capabilities {acceptInsecureCerts: false, browserName: chrome, browserVersion: 107.0.5304.122, chrome: {chromedriverVersion: 106.0.5249.61 (511755355844..., userDataDir: C:\Users\Rakesh\AppData\Loc...}, goog:chromeOptions: {debuggerAddress: localhost:54194}, javascriptEnabled: true, networkConnectionEnabled: false, pageLoadStrategy: normal, platform: WINDOWS, platformName: WINDOWS, proxy: Proxy(), setWindowRect: true, strictFileInteractability: false, timeouts: {implicit: 0, pageLoad: 300000, script: 30000}, unhandledPromptBehavior: dismiss and notify, webauthn:extension:credBlob: true, webauthn:extension:largeBlob: true, webauthn:virtualAuthenticators: true}
Session ID: 4e5b63374159fa2ea6e25ee1b1617078
*** Element info: {Using=xpath, value=//*[@id='id_reportmenudisplay']/ul/li[7]}
	at sun.reflect.GeneratedConstructorAccessor43.newInstance(Unknown Source)
	at sun.reflect.DelegatingConstructorAccessorImpl.newInstance(Unknown Source)
	at java.lang.reflect.Constructor.newInstance(Unknown Source)
	at org.openqa.selenium.remote.http.W3CHttpResponseCodec.createException(W3CHttpResponseCodec.java:187)
	at org.openqa.selenium.remote.http.W3CHttpResponseCodec.decode(W3CHttpResponseCodec.java:122)
	at org.openqa.selenium.remote.http.W3CHttpResponseCodec.decode(W3CHttpResponseCodec.java:49)
	at org.openqa.selenium.remote.HttpCommandExecutor.execute(HttpCommandExecutor.java:158)
	at org.openqa.selenium.remote.service.DriverCommandExecutor.execute(DriverCommandExecutor.java:83)
	at org.openqa.selenium.remote.RemoteWebDriver.execute(RemoteWebDriver.java:543)
	at org.openqa.selenium.remote.RemoteWebDriver.findElement(RemoteWebDriver.java:317)
	at org.openqa.selenium.remote.RemoteWebDriver.findElementByXPath(RemoteWebDriver.java:419)
	at org.openqa.selenium.By$ByXPath.findElement(By.java:353)
	at org.openqa.selenium.remote.RemoteWebDriver.findElement(RemoteWebDriver.java:309)
	at org.openqa.selenium.support.pagefactory.DefaultElementLocator.findElement(DefaultElementLocator.java:69)
	at org.openqa.selenium.support.pagefactory.internal.LocatingElementHandler.invoke(LocatingElementHandler.java:38)
	at com.sun.proxy.$Proxy15.isDisplayed(Unknown Source)
	at org.openqa.selenium.support.ui.ExpectedConditions.elementIfVisible(ExpectedConditions.java:315)
	at org.openqa.selenium.support.ui.ExpectedConditions.access$100(ExpectedConditions.java:44)
	at org.openqa.selenium.support.ui.ExpectedConditions$10.apply(ExpectedConditions.java:301)
	at org.openqa.selenium.support.ui.ExpectedConditions$10.apply(ExpectedConditions.java:298)
	at org.openqa.selenium.support.ui.ExpectedConditions$23.apply(ExpectedConditions.java:686)
	at org.openqa.selenium.support.ui.ExpectedConditions$23.apply(ExpectedConditions.java:682)
	at org.openqa.selenium.support.ui.FluentWait.until(FluentWait.java:248)
	... 26 more
]]>
    </error>
  </testcase> <!-- checkVendorDetailsVendorDueDateAnalysisReportBackTrackOption -->
  <testcase name="checkBankBookReportBackTrackOption" time="120.208" classname="com.focus.testcases.FinancialReportsXTest">
    <error type="org.openqa.selenium.TimeoutException" message="Expected condition failed: waiting for element to be clickable: Proxy element for: DefaultElementLocator &#039;By.xpath: //i[contains(@class,&#039;icon-backtrack hiconright2&#039;)]&#039; (tried for 40 second(s) with 5000 milliseconds interval)">
      <![CDATA[org.openqa.selenium.TimeoutException: Expected condition failed: waiting for element to be clickable: Proxy element for: DefaultElementLocator 'By.xpath: //i[contains(@class,'icon-backtrack hiconright2')]' (tried for 40 second(s) with 5000 milliseconds interval)
	at org.openqa.selenium.support.ui.FluentWait.timeoutException(FluentWait.java:303)
	at org.openqa.selenium.support.ui.FluentWait.until(FluentWait.java:271)
	at com.focus.Pages.FinancilaReportsXPage.checkBankBookReportBackTrackOption(FinancilaReportsXPage.java:4312)
	at com.focus.testcases.FinancialReportsXTest.checkBankBookReportBackTrackOption(FinancialReportsXTest.java:144)
	at sun.reflect.NativeMethodAccessorImpl.invoke0(Native Method)
	at sun.reflect.NativeMethodAccessorImpl.invoke(Unknown Source)
	at sun.reflect.DelegatingMethodAccessorImpl.invoke(Unknown Source)
	at java.lang.reflect.Method.invoke(Unknown Source)
	at org.testng.internal.MethodInvocationHelper.invokeMethod(MethodInvocationHelper.java:86)
	at org.testng.internal.Invoker.invokeMethod(Invoker.java:643)
	at org.testng.internal.Invoker.invokeTestMethod(Invoker.java:820)
	at org.testng.internal.Invoker.invokeTestMethods(Invoker.java:1128)
	at org.testng.internal.TestMethodWorker.invokeTestMethods(TestMethodWorker.java:129)
	at org.testng.internal.TestMethodWorker.run(TestMethodWorker.java:112)
	at org.testng.TestRunner.privateRun(TestRunner.java:782)
	at org.testng.TestRunner.run(TestRunner.java:632)
	at org.testng.SuiteRunner.runTest(SuiteRunner.java:366)
	at org.testng.SuiteRunner.runSequentially(SuiteRunner.java:361)
	at org.testng.SuiteRunner.privateRun(SuiteRunner.java:319)
	at org.testng.SuiteRunner.run(SuiteRunner.java:268)
	at org.testng.SuiteRunnerWorker.runSuite(SuiteRunnerWorker.java:52)
	at org.testng.SuiteRunnerWorker.run(SuiteRunnerWorker.java:86)
	at org.testng.TestNG.runSuitesSequentially(TestNG.java:1244)
	at org.testng.TestNG.runSuitesLocally(TestNG.java:1169)
	at org.testng.TestNG.run(TestNG.java:1064)
	at org.testng.remote.AbstractRemoteTestNG.run(AbstractRemoteTestNG.java:114)
	at org.testng.remote.RemoteTestNG.initAndRun(RemoteTestNG.java:251)
	at org.testng.remote.RemoteTestNG.main(RemoteTestNG.java:77)
Caused by: org.openqa.selenium.NoSuchElementException: no such element: Unable to locate element: {"method":"xpath","selector":"//i[contains(@class,'icon-backtrack hiconright2')]"}
  (Session info: chrome=107.0.5304.122)
For documentation on this error, please visit: http://seleniumhq.org/exceptions/no_such_element.html
Build info: version: '3.12.0', revision: '7c6e0b3', time: '2018-05-08T14:04:26.12Z'
System info: host: 'FOCUS-QA-10', ip: '192.168.4.206', os.name: 'Windows 10', os.arch: 'amd64', os.version: '10.0', java.version: '1.8.0_111'
Driver info: org.openqa.selenium.chrome.ChromeDriver
Capabilities {acceptInsecureCerts: false, browserName: chrome, browserVersion: 107.0.5304.122, chrome: {chromedriverVersion: 106.0.5249.61 (511755355844..., userDataDir: C:\Users\Rakesh\AppData\Loc...}, goog:chromeOptions: {debuggerAddress: localhost:54194}, javascriptEnabled: true, networkConnectionEnabled: false, pageLoadStrategy: normal, platform: WINDOWS, platformName: WINDOWS, proxy: Proxy(), setWindowRect: true, strictFileInteractability: false, timeouts: {implicit: 0, pageLoad: 300000, script: 30000}, unhandledPromptBehavior: dismiss and notify, webauthn:extension:credBlob: true, webauthn:extension:largeBlob: true, webauthn:virtualAuthenticators: true}
Session ID: 4e5b63374159fa2ea6e25ee1b1617078
*** Element info: {Using=xpath, value=//i[contains(@class,'icon-backtrack hiconright2')]}
	at sun.reflect.GeneratedConstructorAccessor43.newInstance(Unknown Source)
	at sun.reflect.DelegatingConstructorAccessorImpl.newInstance(Unknown Source)
	at java.lang.reflect.Constructor.newInstance(Unknown Source)
	at org.openqa.selenium.remote.http.W3CHttpResponseCodec.createException(W3CHttpResponseCodec.java:187)
	at org.openqa.selenium.remote.http.W3CHttpResponseCodec.decode(W3CHttpResponseCodec.java:122)
	at org.openqa.selenium.remote.http.W3CHttpResponseCodec.decode(W3CHttpResponseCodec.java:49)
	at org.openqa.selenium.remote.HttpCommandExecutor.execute(HttpCommandExecutor.java:158)
	at org.openqa.selenium.remote.service.DriverCommandExecutor.execute(DriverCommandExecutor.java:83)
	at org.openqa.selenium.remote.RemoteWebDriver.execute(RemoteWebDriver.java:543)
	at org.openqa.selenium.remote.RemoteWebDriver.findElement(RemoteWebDriver.java:317)
	at org.openqa.selenium.remote.RemoteWebDriver.findElementByXPath(RemoteWebDriver.java:419)
	at org.openqa.selenium.By$ByXPath.findElement(By.java:353)
	at org.openqa.selenium.remote.RemoteWebDriver.findElement(RemoteWebDriver.java:309)
	at org.openqa.selenium.support.pagefactory.DefaultElementLocator.findElement(DefaultElementLocator.java:69)
	at org.openqa.selenium.support.pagefactory.internal.LocatingElementHandler.invoke(LocatingElementHandler.java:38)
	at com.sun.proxy.$Proxy15.isDisplayed(Unknown Source)
	at org.openqa.selenium.support.ui.ExpectedConditions.elementIfVisible(ExpectedConditions.java:315)
	at org.openqa.selenium.support.ui.ExpectedConditions.access$100(ExpectedConditions.java:44)
	at org.openqa.selenium.support.ui.ExpectedConditions$10.apply(ExpectedConditions.java:301)
	at org.openqa.selenium.support.ui.ExpectedConditions$10.apply(ExpectedConditions.java:298)
	at org.openqa.selenium.support.ui.ExpectedConditions$23.apply(ExpectedConditions.java:686)
	at org.openqa.selenium.support.ui.ExpectedConditions$23.apply(ExpectedConditions.java:682)
	at org.openqa.selenium.support.ui.FluentWait.until(FluentWait.java:248)
	... 26 more
]]>
    </error>
  </testcase> <!-- checkBankBookReportBackTrackOption -->
  <testcase name="checkSalesReturnRegisterReport" time="10.681" classname="com.focus.testcases.FinancialReportsXTest"/>
  <testcase name="checkMonthlySalesBookReport" time="90.691" classname="com.focus.testcases.FinancialReportsXTest">
    <error type="org.openqa.selenium.TimeoutException" message="Expected condition failed: waiting for element to be clickable: Proxy element for: DefaultElementLocator &#039;By.xpath: //div[@id=&#039;id_reportmenudisplay&#039;]/ul/li[13]&#039; (tried for 40 second(s) with 5000 milliseconds interval)">
      <![CDATA[org.openqa.selenium.TimeoutException: Expected condition failed: waiting for element to be clickable: Proxy element for: DefaultElementLocator 'By.xpath: //div[@id='id_reportmenudisplay']/ul/li[13]' (tried for 40 second(s) with 5000 milliseconds interval)
	at org.openqa.selenium.support.ui.FluentWait.timeoutException(FluentWait.java:303)
	at org.openqa.selenium.support.ui.FluentWait.until(FluentWait.java:271)
	at com.focus.Pages.FinancilaReportsXPage.checkMonthlySalesBookReports(FinancilaReportsXPage.java:8926)
	at com.focus.testcases.FinancialReportsXTest.checkMonthlySalesBookReport(FinancialReportsXTest.java:356)
	at sun.reflect.NativeMethodAccessorImpl.invoke0(Native Method)
	at sun.reflect.NativeMethodAccessorImpl.invoke(Unknown Source)
	at sun.reflect.DelegatingMethodAccessorImpl.invoke(Unknown Source)
	at java.lang.reflect.Method.invoke(Unknown Source)
	at org.testng.internal.MethodInvocationHelper.invokeMethod(MethodInvocationHelper.java:86)
	at org.testng.internal.Invoker.invokeMethod(Invoker.java:643)
	at org.testng.internal.Invoker.invokeTestMethod(Invoker.java:820)
	at org.testng.internal.Invoker.invokeTestMethods(Invoker.java:1128)
	at org.testng.internal.TestMethodWorker.invokeTestMethods(TestMethodWorker.java:129)
	at org.testng.internal.TestMethodWorker.run(TestMethodWorker.java:112)
	at org.testng.TestRunner.privateRun(TestRunner.java:782)
	at org.testng.TestRunner.run(TestRunner.java:632)
	at org.testng.SuiteRunner.runTest(SuiteRunner.java:366)
	at org.testng.SuiteRunner.runSequentially(SuiteRunner.java:361)
	at org.testng.SuiteRunner.privateRun(SuiteRunner.java:319)
	at org.testng.SuiteRunner.run(SuiteRunner.java:268)
	at org.testng.SuiteRunnerWorker.runSuite(SuiteRunnerWorker.java:52)
	at org.testng.SuiteRunnerWorker.run(SuiteRunnerWorker.java:86)
	at org.testng.TestNG.runSuitesSequentially(TestNG.java:1244)
	at org.testng.TestNG.runSuitesLocally(TestNG.java:1169)
	at org.testng.TestNG.run(TestNG.java:1064)
	at org.testng.remote.AbstractRemoteTestNG.run(AbstractRemoteTestNG.java:114)
	at org.testng.remote.RemoteTestNG.initAndRun(RemoteTestNG.java:251)
	at org.testng.remote.RemoteTestNG.main(RemoteTestNG.java:77)
Caused by: org.openqa.selenium.NoSuchElementException: no such element: Unable to locate element: {"method":"xpath","selector":"//div[@id='id_reportmenudisplay']/ul/li[13]"}
  (Session info: chrome=107.0.5304.122)
For documentation on this error, please visit: http://seleniumhq.org/exceptions/no_such_element.html
Build info: version: '3.12.0', revision: '7c6e0b3', time: '2018-05-08T14:04:26.12Z'
System info: host: 'FOCUS-QA-10', ip: '192.168.4.206', os.name: 'Windows 10', os.arch: 'amd64', os.version: '10.0', java.version: '1.8.0_111'
Driver info: org.openqa.selenium.chrome.ChromeDriver
Capabilities {acceptInsecureCerts: false, browserName: chrome, browserVersion: 107.0.5304.122, chrome: {chromedriverVersion: 106.0.5249.61 (511755355844..., userDataDir: C:\Users\Rakesh\AppData\Loc...}, goog:chromeOptions: {debuggerAddress: localhost:54194}, javascriptEnabled: true, networkConnectionEnabled: false, pageLoadStrategy: normal, platform: WINDOWS, platformName: WINDOWS, proxy: Proxy(), setWindowRect: true, strictFileInteractability: false, timeouts: {implicit: 0, pageLoad: 300000, script: 30000}, unhandledPromptBehavior: dismiss and notify, webauthn:extension:credBlob: true, webauthn:extension:largeBlob: true, webauthn:virtualAuthenticators: true}
Session ID: 4e5b63374159fa2ea6e25ee1b1617078
*** Element info: {Using=xpath, value=//div[@id='id_reportmenudisplay']/ul/li[13]}
	at sun.reflect.GeneratedConstructorAccessor43.newInstance(Unknown Source)
	at sun.reflect.DelegatingConstructorAccessorImpl.newInstance(Unknown Source)
	at java.lang.reflect.Constructor.newInstance(Unknown Source)
	at org.openqa.selenium.remote.http.W3CHttpResponseCodec.createException(W3CHttpResponseCodec.java:187)
	at org.openqa.selenium.remote.http.W3CHttpResponseCodec.decode(W3CHttpResponseCodec.java:122)
	at org.openqa.selenium.remote.http.W3CHttpResponseCodec.decode(W3CHttpResponseCodec.java:49)
	at org.openqa.selenium.remote.HttpCommandExecutor.execute(HttpCommandExecutor.java:158)
	at org.openqa.selenium.remote.service.DriverCommandExecutor.execute(DriverCommandExecutor.java:83)
	at org.openqa.selenium.remote.RemoteWebDriver.execute(RemoteWebDriver.java:543)
	at org.openqa.selenium.remote.RemoteWebDriver.findElement(RemoteWebDriver.java:317)
	at org.openqa.selenium.remote.RemoteWebDriver.findElementByXPath(RemoteWebDriver.java:419)
	at org.openqa.selenium.By$ByXPath.findElement(By.java:353)
	at org.openqa.selenium.remote.RemoteWebDriver.findElement(RemoteWebDriver.java:309)
	at org.openqa.selenium.support.pagefactory.DefaultElementLocator.findElement(DefaultElementLocator.java:69)
	at org.openqa.selenium.support.pagefactory.internal.LocatingElementHandler.invoke(LocatingElementHandler.java:38)
	at com.sun.proxy.$Proxy15.isDisplayed(Unknown Source)
	at org.openqa.selenium.support.ui.ExpectedConditions.elementIfVisible(ExpectedConditions.java:315)
	at org.openqa.selenium.support.ui.ExpectedConditions.access$100(ExpectedConditions.java:44)
	at org.openqa.selenium.support.ui.ExpectedConditions$10.apply(ExpectedConditions.java:301)
	at org.openqa.selenium.support.ui.ExpectedConditions$10.apply(ExpectedConditions.java:298)
	at org.openqa.selenium.support.ui.ExpectedConditions$23.apply(ExpectedConditions.java:686)
	at org.openqa.selenium.support.ui.ExpectedConditions$23.apply(ExpectedConditions.java:682)
	at org.openqa.selenium.support.ui.FluentWait.until(FluentWait.java:248)
	... 26 more
]]>
    </error>
  </testcase> <!-- checkMonthlySalesBookReport -->
  <testcase name="checkEntryJournalRegisterReport" time="62.755" classname="com.focus.testcases.FinancialReportsXTest">
    <error type="org.openqa.selenium.TimeoutException" message="Expected condition failed: waiting for element to be clickable: [[ChromeDriver: chrome on WINDOWS (4e5b63374159fa2ea6e25ee1b1617078)] -&gt; xpath: //*[@id=&#039;5021&#039;]/following-sibling::span] (tried for 40 second(s) with 5000 milliseconds interval)
Build info: version: &#039;3.12.0&#039;, revision: &#039;7c6e0b3&#039;, time: &#039;2018-05-08T14:04:26.12Z&#039;
System info: host: &#039;FOCUS-QA-10&#039;, ip: &#039;192.168.4.206&#039;, os.name: &#039;Windows 10&#039;, os.arch: &#039;amd64&#039;, os.version: &#039;10.0&#039;, java.version: &#039;1.8.0_111&#039;
Driver info: driver.version: unknown">
      <![CDATA[org.openqa.selenium.TimeoutException: Expected condition failed: waiting for element to be clickable: [[ChromeDriver: chrome on WINDOWS (4e5b63374159fa2ea6e25ee1b1617078)] -> xpath: //*[@id='5021']/following-sibling::span] (tried for 40 second(s) with 5000 milliseconds interval)
Build info: version: '3.12.0', revision: '7c6e0b3', time: '2018-05-08T14:04:26.12Z'
System info: host: 'FOCUS-QA-10', ip: '192.168.4.206', os.name: 'Windows 10', os.arch: 'amd64', os.version: '10.0', java.version: '1.8.0_111'
Driver info: driver.version: unknown
	at org.openqa.selenium.support.ui.FluentWait.timeoutException(FluentWait.java:303)
	at org.openqa.selenium.support.ui.FluentWait.until(FluentWait.java:271)
	at com.focus.Pages.FinancilaReportsXPage.checkEntryJournalRegisterReport(FinancilaReportsXPage.java:19562)
	at com.focus.testcases.FinancialReportsXTest.checkEntryJournalRegisterReport(FinancialReportsXTest.java:721)
	at sun.reflect.NativeMethodAccessorImpl.invoke0(Native Method)
	at sun.reflect.NativeMethodAccessorImpl.invoke(Unknown Source)
	at sun.reflect.DelegatingMethodAccessorImpl.invoke(Unknown Source)
	at java.lang.reflect.Method.invoke(Unknown Source)
	at org.testng.internal.MethodInvocationHelper.invokeMethod(MethodInvocationHelper.java:86)
	at org.testng.internal.Invoker.invokeMethod(Invoker.java:643)
	at org.testng.internal.Invoker.invokeTestMethod(Invoker.java:820)
	at org.testng.internal.Invoker.invokeTestMethods(Invoker.java:1128)
	at org.testng.internal.TestMethodWorker.invokeTestMethods(TestMethodWorker.java:129)
	at org.testng.internal.TestMethodWorker.run(TestMethodWorker.java:112)
	at org.testng.TestRunner.privateRun(TestRunner.java:782)
	at org.testng.TestRunner.run(TestRunner.java:632)
	at org.testng.SuiteRunner.runTest(SuiteRunner.java:366)
	at org.testng.SuiteRunner.runSequentially(SuiteRunner.java:361)
	at org.testng.SuiteRunner.privateRun(SuiteRunner.java:319)
	at org.testng.SuiteRunner.run(SuiteRunner.java:268)
	at org.testng.SuiteRunnerWorker.runSuite(SuiteRunnerWorker.java:52)
	at org.testng.SuiteRunnerWorker.run(SuiteRunnerWorker.java:86)
	at org.testng.TestNG.runSuitesSequentially(TestNG.java:1244)
	at org.testng.TestNG.runSuitesLocally(TestNG.java:1169)
	at org.testng.TestNG.run(TestNG.java:1064)
	at org.testng.remote.AbstractRemoteTestNG.run(AbstractRemoteTestNG.java:114)
	at org.testng.remote.RemoteTestNG.initAndRun(RemoteTestNG.java:251)
	at org.testng.remote.RemoteTestNG.main(RemoteTestNG.java:77)
]]>
    </error>
  </testcase> <!-- checkEntryJournalRegisterReport -->
  <testcase name="checkCustomerSummaryAgeingByDueDateReportBackTrackOption" time="120.194" classname="com.focus.testcases.FinancialReportsXTest">
    <error type="org.openqa.selenium.TimeoutException" message="Expected condition failed: waiting for element to be clickable: Proxy element for: DefaultElementLocator &#039;By.xpath: //*[@id=&#039;id_reportmenudisplay&#039;]/ul/li[7]&#039; (tried for 40 second(s) with 5000 milliseconds interval)">
      <![CDATA[org.openqa.selenium.TimeoutException: Expected condition failed: waiting for element to be clickable: Proxy element for: DefaultElementLocator 'By.xpath: //*[@id='id_reportmenudisplay']/ul/li[7]' (tried for 40 second(s) with 5000 milliseconds interval)
	at org.openqa.selenium.support.ui.FluentWait.timeoutException(FluentWait.java:303)
	at org.openqa.selenium.support.ui.FluentWait.until(FluentWait.java:271)
	at com.focus.Pages.FinancilaReportsXPage.checkCustomerSummaryAgeingByDueDateReportBackTrackOption(FinancilaReportsXPage.java:41181)
	at com.focus.testcases.FinancialReportsXTest.checkCustomerSummaryAgeingByDueDateReportBackTrackOption(FinancialReportsXTest.java:1495)
	at sun.reflect.NativeMethodAccessorImpl.invoke0(Native Method)
	at sun.reflect.NativeMethodAccessorImpl.invoke(Unknown Source)
	at sun.reflect.DelegatingMethodAccessorImpl.invoke(Unknown Source)
	at java.lang.reflect.Method.invoke(Unknown Source)
	at org.testng.internal.MethodInvocationHelper.invokeMethod(MethodInvocationHelper.java:86)
	at org.testng.internal.Invoker.invokeMethod(Invoker.java:643)
	at org.testng.internal.Invoker.invokeTestMethod(Invoker.java:820)
	at org.testng.internal.Invoker.invokeTestMethods(Invoker.java:1128)
	at org.testng.internal.TestMethodWorker.invokeTestMethods(TestMethodWorker.java:129)
	at org.testng.internal.TestMethodWorker.run(TestMethodWorker.java:112)
	at org.testng.TestRunner.privateRun(TestRunner.java:782)
	at org.testng.TestRunner.run(TestRunner.java:632)
	at org.testng.SuiteRunner.runTest(SuiteRunner.java:366)
	at org.testng.SuiteRunner.runSequentially(SuiteRunner.java:361)
	at org.testng.SuiteRunner.privateRun(SuiteRunner.java:319)
	at org.testng.SuiteRunner.run(SuiteRunner.java:268)
	at org.testng.SuiteRunnerWorker.runSuite(SuiteRunnerWorker.java:52)
	at org.testng.SuiteRunnerWorker.run(SuiteRunnerWorker.java:86)
	at org.testng.TestNG.runSuitesSequentially(TestNG.java:1244)
	at org.testng.TestNG.runSuitesLocally(TestNG.java:1169)
	at org.testng.TestNG.run(TestNG.java:1064)
	at org.testng.remote.AbstractRemoteTestNG.run(AbstractRemoteTestNG.java:114)
	at org.testng.remote.RemoteTestNG.initAndRun(RemoteTestNG.java:251)
	at org.testng.remote.RemoteTestNG.main(RemoteTestNG.java:77)
Caused by: org.openqa.selenium.NoSuchElementException: no such element: Unable to locate element: {"method":"xpath","selector":"//*[@id='id_reportmenudisplay']/ul/li[7]"}
  (Session info: chrome=107.0.5304.122)
For documentation on this error, please visit: http://seleniumhq.org/exceptions/no_such_element.html
Build info: version: '3.12.0', revision: '7c6e0b3', time: '2018-05-08T14:04:26.12Z'
System info: host: 'FOCUS-QA-10', ip: '192.168.4.206', os.name: 'Windows 10', os.arch: 'amd64', os.version: '10.0', java.version: '1.8.0_111'
Driver info: org.openqa.selenium.chrome.ChromeDriver
Capabilities {acceptInsecureCerts: false, browserName: chrome, browserVersion: 107.0.5304.122, chrome: {chromedriverVersion: 106.0.5249.61 (511755355844..., userDataDir: C:\Users\Rakesh\AppData\Loc...}, goog:chromeOptions: {debuggerAddress: localhost:54194}, javascriptEnabled: true, networkConnectionEnabled: false, pageLoadStrategy: normal, platform: WINDOWS, platformName: WINDOWS, proxy: Proxy(), setWindowRect: true, strictFileInteractability: false, timeouts: {implicit: 0, pageLoad: 300000, script: 30000}, unhandledPromptBehavior: dismiss and notify, webauthn:extension:credBlob: true, webauthn:extension:largeBlob: true, webauthn:virtualAuthenticators: true}
Session ID: 4e5b63374159fa2ea6e25ee1b1617078
*** Element info: {Using=xpath, value=//*[@id='id_reportmenudisplay']/ul/li[7]}
	at sun.reflect.GeneratedConstructorAccessor43.newInstance(Unknown Source)
	at sun.reflect.DelegatingConstructorAccessorImpl.newInstance(Unknown Source)
	at java.lang.reflect.Constructor.newInstance(Unknown Source)
	at org.openqa.selenium.remote.http.W3CHttpResponseCodec.createException(W3CHttpResponseCodec.java:187)
	at org.openqa.selenium.remote.http.W3CHttpResponseCodec.decode(W3CHttpResponseCodec.java:122)
	at org.openqa.selenium.remote.http.W3CHttpResponseCodec.decode(W3CHttpResponseCodec.java:49)
	at org.openqa.selenium.remote.HttpCommandExecutor.execute(HttpCommandExecutor.java:158)
	at org.openqa.selenium.remote.service.DriverCommandExecutor.execute(DriverCommandExecutor.java:83)
	at org.openqa.selenium.remote.RemoteWebDriver.execute(RemoteWebDriver.java:543)
	at org.openqa.selenium.remote.RemoteWebDriver.findElement(RemoteWebDriver.java:317)
	at org.openqa.selenium.remote.RemoteWebDriver.findElementByXPath(RemoteWebDriver.java:419)
	at org.openqa.selenium.By$ByXPath.findElement(By.java:353)
	at org.openqa.selenium.remote.RemoteWebDriver.findElement(RemoteWebDriver.java:309)
	at org.openqa.selenium.support.pagefactory.DefaultElementLocator.findElement(DefaultElementLocator.java:69)
	at org.openqa.selenium.support.pagefactory.internal.LocatingElementHandler.invoke(LocatingElementHandler.java:38)
	at com.sun.proxy.$Proxy15.isDisplayed(Unknown Source)
	at org.openqa.selenium.support.ui.ExpectedConditions.elementIfVisible(ExpectedConditions.java:315)
	at org.openqa.selenium.support.ui.ExpectedConditions.access$100(ExpectedConditions.java:44)
	at org.openqa.selenium.support.ui.ExpectedConditions$10.apply(ExpectedConditions.java:301)
	at org.openqa.selenium.support.ui.ExpectedConditions$10.apply(ExpectedConditions.java:298)
	at org.openqa.selenium.support.ui.ExpectedConditions$23.apply(ExpectedConditions.java:686)
	at org.openqa.selenium.support.ui.ExpectedConditions$23.apply(ExpectedConditions.java:682)
	at org.openqa.selenium.support.ui.FluentWait.until(FluentWait.java:248)
	... 26 more
]]>
    </error>
  </testcase> <!-- checkCustomerSummaryAgeingByDueDateReportBackTrackOption -->
  <testcase name="checkSalesGroupedByItemReport" time="12.899" classname="com.focus.testcases.FinancialReportsXTest"/>
  <testcase name="checkVendorDetailsAgeingByDueDateReportBackTrackOption" time="1.146" classname="com.focus.testcases.FinancialReportsXTest">
    <error type="org.openqa.selenium.ElementClickInterceptedException" message="element click intercepted: Element &lt;td data-ifieldid=&quot;1&quot; data-datatypeid=&quot;0&quot; onclick=&quot;REPORTRENDER.GetFieldId(this);&quot; id=&quot;tdSort_1_col_Voucher_&quot; class=&quot;TextAlignLeft&quot; colspan=&quot;0&quot; style=&quot;border-style: none; font-style: normal; font-weight: normal; font-size: 12px; width: 120px;&quot;&gt;...&lt;/td&gt; is not clickable at point (206, 196). Other element would receive the click: &lt;div id=&quot;fullScreen&quot; class=&quot;modal fade right show&quot; role=&quot;dialog&quot; data-backdrop=&quot;static&quot; style=&quot;z-index: 10000001; padding-right: 10px; display: block;&quot; aria-modal=&quot;true&quot;&gt;...&lt;/div&gt;
  (Session info: chrome=107.0.5304.122)
Build info: version: &#039;3.12.0&#039;, revision: &#039;7c6e0b3&#039;, time: &#039;2018-05-08T14:04:26.12Z&#039;
System info: host: &#039;FOCUS-QA-10&#039;, ip: &#039;192.168.4.206&#039;, os.name: &#039;Windows 10&#039;, os.arch: &#039;amd64&#039;, os.version: &#039;10.0&#039;, java.version: &#039;1.8.0_111&#039;
Driver info: org.openqa.selenium.chrome.ChromeDriver
Capabilities {acceptInsecureCerts: false, browserName: chrome, browserVersion: 107.0.5304.122, chrome: {chromedriverVersion: 106.0.5249.61 (511755355844..., userDataDir: C:\Users\Rakesh\AppData\Loc...}, goog:chromeOptions: {debuggerAddress: localhost:54194}, javascriptEnabled: true, networkConnectionEnabled: false, pageLoadStrategy: normal, platform: WINDOWS, platformName: WINDOWS, proxy: Proxy(), setWindowRect: true, strictFileInteractability: false, timeouts: {implicit: 0, pageLoad: 300000, script: 30000}, unhandledPromptBehavior: dismiss and notify, webauthn:extension:credBlob: true, webauthn:extension:largeBlob: true, webauthn:virtualAuthenticators: true}
Session ID: 4e5b63374159fa2ea6e25ee1b1617078">
      <![CDATA[org.openqa.selenium.ElementClickInterceptedException: element click intercepted: Element <td data-ifieldid="1" data-datatypeid="0" onclick="REPORTRENDER.GetFieldId(this);" id="tdSort_1_col_Voucher_" class="TextAlignLeft" colspan="0" style="border-style: none; font-style: normal; font-weight: normal; font-size: 12px; width: 120px;">...</td> is not clickable at point (206, 196). Other element would receive the click: <div id="fullScreen" class="modal fade right show" role="dialog" data-backdrop="static" style="z-index: 10000001; padding-right: 10px; display: block;" aria-modal="true">...</div>
  (Session info: chrome=107.0.5304.122)
Build info: version: '3.12.0', revision: '7c6e0b3', time: '2018-05-08T14:04:26.12Z'
System info: host: 'FOCUS-QA-10', ip: '192.168.4.206', os.name: 'Windows 10', os.arch: 'amd64', os.version: '10.0', java.version: '1.8.0_111'
Driver info: org.openqa.selenium.chrome.ChromeDriver
Capabilities {acceptInsecureCerts: false, browserName: chrome, browserVersion: 107.0.5304.122, chrome: {chromedriverVersion: 106.0.5249.61 (511755355844..., userDataDir: C:\Users\Rakesh\AppData\Loc...}, goog:chromeOptions: {debuggerAddress: localhost:54194}, javascriptEnabled: true, networkConnectionEnabled: false, pageLoadStrategy: normal, platform: WINDOWS, platformName: WINDOWS, proxy: Proxy(), setWindowRect: true, strictFileInteractability: false, timeouts: {implicit: 0, pageLoad: 300000, script: 30000}, unhandledPromptBehavior: dismiss and notify, webauthn:extension:credBlob: true, webauthn:extension:largeBlob: true, webauthn:virtualAuthenticators: true}
Session ID: 4e5b63374159fa2ea6e25ee1b1617078
	at sun.reflect.GeneratedConstructorAccessor45.newInstance(Unknown Source)
	at sun.reflect.DelegatingConstructorAccessorImpl.newInstance(Unknown Source)
	at java.lang.reflect.Constructor.newInstance(Unknown Source)
	at org.openqa.selenium.remote.http.W3CHttpResponseCodec.createException(W3CHttpResponseCodec.java:187)
	at org.openqa.selenium.remote.http.W3CHttpResponseCodec.decode(W3CHttpResponseCodec.java:122)
	at org.openqa.selenium.remote.http.W3CHttpResponseCodec.decode(W3CHttpResponseCodec.java:49)
	at org.openqa.selenium.remote.HttpCommandExecutor.execute(HttpCommandExecutor.java:158)
	at org.openqa.selenium.remote.service.DriverCommandExecutor.execute(DriverCommandExecutor.java:83)
	at org.openqa.selenium.remote.RemoteWebDriver.execute(RemoteWebDriver.java:543)
	at org.openqa.selenium.remote.RemoteWebElement.execute(RemoteWebElement.java:276)
	at org.openqa.selenium.remote.RemoteWebElement.click(RemoteWebElement.java:83)
	at com.focus.Pages.FinancilaReportsXPage.checkVendorDetailsAgeingByDueDateReportBackTrackOption(FinancilaReportsXPage.java:44791)
	at com.focus.testcases.FinancialReportsXTest.checkVendorDetailsAgeingByDueDateReportBackTrackOption(FinancialReportsXTest.java:1676)
	at sun.reflect.NativeMethodAccessorImpl.invoke0(Native Method)
	at sun.reflect.NativeMethodAccessorImpl.invoke(Unknown Source)
	at sun.reflect.DelegatingMethodAccessorImpl.invoke(Unknown Source)
	at java.lang.reflect.Method.invoke(Unknown Source)
	at org.testng.internal.MethodInvocationHelper.invokeMethod(MethodInvocationHelper.java:86)
	at org.testng.internal.Invoker.invokeMethod(Invoker.java:643)
	at org.testng.internal.Invoker.invokeTestMethod(Invoker.java:820)
	at org.testng.internal.Invoker.invokeTestMethods(Invoker.java:1128)
	at org.testng.internal.TestMethodWorker.invokeTestMethods(TestMethodWorker.java:129)
	at org.testng.internal.TestMethodWorker.run(TestMethodWorker.java:112)
	at org.testng.TestRunner.privateRun(TestRunner.java:782)
	at org.testng.TestRunner.run(TestRunner.java:632)
	at org.testng.SuiteRunner.runTest(SuiteRunner.java:366)
	at org.testng.SuiteRunner.runSequentially(SuiteRunner.java:361)
	at org.testng.SuiteRunner.privateRun(SuiteRunner.java:319)
	at org.testng.SuiteRunner.run(SuiteRunner.java:268)
	at org.testng.SuiteRunnerWorker.runSuite(SuiteRunnerWorker.java:52)
	at org.testng.SuiteRunnerWorker.run(SuiteRunnerWorker.java:86)
	at org.testng.TestNG.runSuitesSequentially(TestNG.java:1244)
	at org.testng.TestNG.runSuitesLocally(TestNG.java:1169)
	at org.testng.TestNG.run(TestNG.java:1064)
	at org.testng.remote.AbstractRemoteTestNG.run(AbstractRemoteTestNG.java:114)
	at org.testng.remote.RemoteTestNG.initAndRun(RemoteTestNG.java:251)
	at org.testng.remote.RemoteTestNG.main(RemoteTestNG.java:77)
]]>
    </error>
  </testcase> <!-- checkVendorDetailsAgeingByDueDateReportBackTrackOption -->
  <testcase name="checkvendorDetailsVendorDueDateAnalysisReport" time="9.894" classname="com.focus.testcases.FinancialReportsXTest">
    <error type="org.openqa.selenium.ElementClickInterceptedException" message="element click intercepted: Element &lt;span...class=&quot;checkmark&quot;&gt; &lt;/span&gt; is not clickable at point (1037, 590). Other element would receive the click: &lt;div class=&quot;rightpanelaccountM col-md-3 col-lg-3 custom_scrollbar&quot; id=&quot;dvReportInputs&quot; style=&quot;border-left: 1px solid rgb(204, 204, 204); left: 0px; overflow-x: hidden !important; border-radius: 0px !important; height: 555.5px;&quot;&gt;...&lt;/div&gt;
  (Session info: chrome=107.0.5304.122)
Build info: version: &#039;3.12.0&#039;, revision: &#039;7c6e0b3&#039;, time: &#039;2018-05-08T14:04:26.12Z&#039;
System info: host: &#039;FOCUS-QA-10&#039;, ip: &#039;192.168.4.206&#039;, os.name: &#039;Windows 10&#039;, os.arch: &#039;amd64&#039;, os.version: &#039;10.0&#039;, java.version: &#039;1.8.0_111&#039;
Driver info: org.openqa.selenium.chrome.ChromeDriver
Capabilities {acceptInsecureCerts: false, browserName: chrome, browserVersion: 107.0.5304.122, chrome: {chromedriverVersion: 106.0.5249.61 (511755355844..., userDataDir: C:\Users\Rakesh\AppData\Loc...}, goog:chromeOptions: {debuggerAddress: localhost:54194}, javascriptEnabled: true, networkConnectionEnabled: false, pageLoadStrategy: normal, platform: WINDOWS, platformName: WINDOWS, proxy: Proxy(), setWindowRect: true, strictFileInteractability: false, timeouts: {implicit: 0, pageLoad: 300000, script: 30000}, unhandledPromptBehavior: dismiss and notify, webauthn:extension:credBlob: true, webauthn:extension:largeBlob: true, webauthn:virtualAuthenticators: true}
Session ID: 4e5b63374159fa2ea6e25ee1b1617078">
      <![CDATA[org.openqa.selenium.ElementClickInterceptedException: element click intercepted: Element <span...class="checkmark"> </span> is not clickable at point (1037, 590). Other element would receive the click: <div class="rightpanelaccountM col-md-3 col-lg-3 custom_scrollbar" id="dvReportInputs" style="border-left: 1px solid rgb(204, 204, 204); left: 0px; overflow-x: hidden !important; border-radius: 0px !important; height: 555.5px;">...</div>
  (Session info: chrome=107.0.5304.122)
Build info: version: '3.12.0', revision: '7c6e0b3', time: '2018-05-08T14:04:26.12Z'
System info: host: 'FOCUS-QA-10', ip: '192.168.4.206', os.name: 'Windows 10', os.arch: 'amd64', os.version: '10.0', java.version: '1.8.0_111'
Driver info: org.openqa.selenium.chrome.ChromeDriver
Capabilities {acceptInsecureCerts: false, browserName: chrome, browserVersion: 107.0.5304.122, chrome: {chromedriverVersion: 106.0.5249.61 (511755355844..., userDataDir: C:\Users\Rakesh\AppData\Loc...}, goog:chromeOptions: {debuggerAddress: localhost:54194}, javascriptEnabled: true, networkConnectionEnabled: false, pageLoadStrategy: normal, platform: WINDOWS, platformName: WINDOWS, proxy: Proxy(), setWindowRect: true, strictFileInteractability: false, timeouts: {implicit: 0, pageLoad: 300000, script: 30000}, unhandledPromptBehavior: dismiss and notify, webauthn:extension:credBlob: true, webauthn:extension:largeBlob: true, webauthn:virtualAuthenticators: true}
Session ID: 4e5b63374159fa2ea6e25ee1b1617078
	at sun.reflect.GeneratedConstructorAccessor45.newInstance(Unknown Source)
	at sun.reflect.DelegatingConstructorAccessorImpl.newInstance(Unknown Source)
	at java.lang.reflect.Constructor.newInstance(Unknown Source)
	at org.openqa.selenium.remote.http.W3CHttpResponseCodec.createException(W3CHttpResponseCodec.java:187)
	at org.openqa.selenium.remote.http.W3CHttpResponseCodec.decode(W3CHttpResponseCodec.java:122)
	at org.openqa.selenium.remote.http.W3CHttpResponseCodec.decode(W3CHttpResponseCodec.java:49)
	at org.openqa.selenium.remote.HttpCommandExecutor.execute(HttpCommandExecutor.java:158)
	at org.openqa.selenium.remote.service.DriverCommandExecutor.execute(DriverCommandExecutor.java:83)
	at org.openqa.selenium.remote.RemoteWebDriver.execute(RemoteWebDriver.java:543)
	at org.openqa.selenium.remote.RemoteWebElement.execute(RemoteWebElement.java:276)
	at org.openqa.selenium.remote.RemoteWebElement.click(RemoteWebElement.java:83)
	at sun.reflect.GeneratedMethodAccessor4.invoke(Unknown Source)
	at sun.reflect.DelegatingMethodAccessorImpl.invoke(Unknown Source)
	at java.lang.reflect.Method.invoke(Unknown Source)
	at org.openqa.selenium.support.pagefactory.internal.LocatingElementHandler.invoke(LocatingElementHandler.java:51)
	at com.sun.proxy.$Proxy15.click(Unknown Source)
	at com.focus.Pages.FinancilaReportsXPage.checkvendorDetailsVendorDueDateAnalysisReport(FinancilaReportsXPage.java:43589)
	at com.focus.testcases.FinancialReportsXTest.checkvendorDetailsVendorDueDateAnalysisReport(FinancialReportsXTest.java:1615)
	at sun.reflect.NativeMethodAccessorImpl.invoke0(Native Method)
	at sun.reflect.NativeMethodAccessorImpl.invoke(Unknown Source)
	at sun.reflect.DelegatingMethodAccessorImpl.invoke(Unknown Source)
	at java.lang.reflect.Method.invoke(Unknown Source)
	at org.testng.internal.MethodInvocationHelper.invokeMethod(MethodInvocationHelper.java:86)
	at org.testng.internal.Invoker.invokeMethod(Invoker.java:643)
	at org.testng.internal.Invoker.invokeTestMethod(Invoker.java:820)
	at org.testng.internal.Invoker.invokeTestMethods(Invoker.java:1128)
	at org.testng.internal.TestMethodWorker.invokeTestMethods(TestMethodWorker.java:129)
	at org.testng.internal.TestMethodWorker.run(TestMethodWorker.java:112)
	at org.testng.TestRunner.privateRun(TestRunner.java:782)
	at org.testng.TestRunner.run(TestRunner.java:632)
	at org.testng.SuiteRunner.runTest(SuiteRunner.java:366)
	at org.testng.SuiteRunner.runSequentially(SuiteRunner.java:361)
	at org.testng.SuiteRunner.privateRun(SuiteRunner.java:319)
	at org.testng.SuiteRunner.run(SuiteRunner.java:268)
	at org.testng.SuiteRunnerWorker.runSuite(SuiteRunnerWorker.java:52)
	at org.testng.SuiteRunnerWorker.run(SuiteRunnerWorker.java:86)
	at org.testng.TestNG.runSuitesSequentially(TestNG.java:1244)
	at org.testng.TestNG.runSuitesLocally(TestNG.java:1169)
	at org.testng.TestNG.run(TestNG.java:1064)
	at org.testng.remote.AbstractRemoteTestNG.run(AbstractRemoteTestNG.java:114)
	at org.testng.remote.RemoteTestNG.initAndRun(RemoteTestNG.java:251)
	at org.testng.remote.RemoteTestNG.main(RemoteTestNG.java:77)
]]>
    </error>
  </testcase> <!-- checkvendorDetailsVendorDueDateAnalysisReport -->
  <testcase name="checkVATSalesByCustomerReportwithVocherTypeSaleseandDelearsType" time="1.216" classname="com.focus.testcases.FinancialReportsXTest">
    <error type="org.openqa.selenium.ElementClickInterceptedException" message="element click intercepted: Element &lt;li class=&quot;nav-item&quot; style=&quot;text-align:center&quot;&gt;...&lt;/li&gt; is not clickable at point (44, 167). Other element would receive the click: &lt;div id=&quot;fullScreen&quot; class=&quot;modal fade right show&quot; role=&quot;dialog&quot; data-backdrop=&quot;static&quot; style=&quot;z-index: 10000001; padding-right: 10px; display: block;&quot; aria-modal=&quot;true&quot;&gt;...&lt;/div&gt;
  (Session info: chrome=107.0.5304.122)
Build info: version: &#039;3.12.0&#039;, revision: &#039;7c6e0b3&#039;, time: &#039;2018-05-08T14:04:26.12Z&#039;
System info: host: &#039;FOCUS-QA-10&#039;, ip: &#039;192.168.4.206&#039;, os.name: &#039;Windows 10&#039;, os.arch: &#039;amd64&#039;, os.version: &#039;10.0&#039;, java.version: &#039;1.8.0_111&#039;
Driver info: org.openqa.selenium.chrome.ChromeDriver
Capabilities {acceptInsecureCerts: false, browserName: chrome, browserVersion: 107.0.5304.122, chrome: {chromedriverVersion: 106.0.5249.61 (511755355844..., userDataDir: C:\Users\Rakesh\AppData\Loc...}, goog:chromeOptions: {debuggerAddress: localhost:54194}, javascriptEnabled: true, networkConnectionEnabled: false, pageLoadStrategy: normal, platform: WINDOWS, platformName: WINDOWS, proxy: Proxy(), setWindowRect: true, strictFileInteractability: false, timeouts: {implicit: 0, pageLoad: 300000, script: 30000}, unhandledPromptBehavior: dismiss and notify, webauthn:extension:credBlob: true, webauthn:extension:largeBlob: true, webauthn:virtualAuthenticators: true}
Session ID: 4e5b63374159fa2ea6e25ee1b1617078">
      <![CDATA[org.openqa.selenium.ElementClickInterceptedException: element click intercepted: Element <li class="nav-item" style="text-align:center">...</li> is not clickable at point (44, 167). Other element would receive the click: <div id="fullScreen" class="modal fade right show" role="dialog" data-backdrop="static" style="z-index: 10000001; padding-right: 10px; display: block;" aria-modal="true">...</div>
  (Session info: chrome=107.0.5304.122)
Build info: version: '3.12.0', revision: '7c6e0b3', time: '2018-05-08T14:04:26.12Z'
System info: host: 'FOCUS-QA-10', ip: '192.168.4.206', os.name: 'Windows 10', os.arch: 'amd64', os.version: '10.0', java.version: '1.8.0_111'
Driver info: org.openqa.selenium.chrome.ChromeDriver
Capabilities {acceptInsecureCerts: false, browserName: chrome, browserVersion: 107.0.5304.122, chrome: {chromedriverVersion: 106.0.5249.61 (511755355844..., userDataDir: C:\Users\Rakesh\AppData\Loc...}, goog:chromeOptions: {debuggerAddress: localhost:54194}, javascriptEnabled: true, networkConnectionEnabled: false, pageLoadStrategy: normal, platform: WINDOWS, platformName: WINDOWS, proxy: Proxy(), setWindowRect: true, strictFileInteractability: false, timeouts: {implicit: 0, pageLoad: 300000, script: 30000}, unhandledPromptBehavior: dismiss and notify, webauthn:extension:credBlob: true, webauthn:extension:largeBlob: true, webauthn:virtualAuthenticators: true}
Session ID: 4e5b63374159fa2ea6e25ee1b1617078
	at sun.reflect.GeneratedConstructorAccessor45.newInstance(Unknown Source)
	at sun.reflect.DelegatingConstructorAccessorImpl.newInstance(Unknown Source)
	at java.lang.reflect.Constructor.newInstance(Unknown Source)
	at org.openqa.selenium.remote.http.W3CHttpResponseCodec.createException(W3CHttpResponseCodec.java:187)
	at org.openqa.selenium.remote.http.W3CHttpResponseCodec.decode(W3CHttpResponseCodec.java:122)
	at org.openqa.selenium.remote.http.W3CHttpResponseCodec.decode(W3CHttpResponseCodec.java:49)
	at org.openqa.selenium.remote.HttpCommandExecutor.execute(HttpCommandExecutor.java:158)
	at org.openqa.selenium.remote.service.DriverCommandExecutor.execute(DriverCommandExecutor.java:83)
	at org.openqa.selenium.remote.RemoteWebDriver.execute(RemoteWebDriver.java:543)
	at org.openqa.selenium.remote.RemoteWebElement.execute(RemoteWebElement.java:276)
	at org.openqa.selenium.remote.RemoteWebElement.click(RemoteWebElement.java:83)
	at sun.reflect.GeneratedMethodAccessor4.invoke(Unknown Source)
	at sun.reflect.DelegatingMethodAccessorImpl.invoke(Unknown Source)
	at java.lang.reflect.Method.invoke(Unknown Source)
	at org.openqa.selenium.support.pagefactory.internal.LocatingElementHandler.invoke(LocatingElementHandler.java:51)
	at com.sun.proxy.$Proxy15.click(Unknown Source)
	at com.focus.Pages.FinancilaReportsXPage.checkVATSalesByCustomerReportwithVocherTypeSalesandDelearsType(FinancilaReportsXPage.java:14026)
	at com.focus.testcases.FinancialReportsXTest.checkVATSalesByCustomerReportwithVocherTypeSaleseandDelearsType(FinancialReportsXTest.java:523)
	at sun.reflect.NativeMethodAccessorImpl.invoke0(Native Method)
	at sun.reflect.NativeMethodAccessorImpl.invoke(Unknown Source)
	at sun.reflect.DelegatingMethodAccessorImpl.invoke(Unknown Source)
	at java.lang.reflect.Method.invoke(Unknown Source)
	at org.testng.internal.MethodInvocationHelper.invokeMethod(MethodInvocationHelper.java:86)
	at org.testng.internal.Invoker.invokeMethod(Invoker.java:643)
	at org.testng.internal.Invoker.invokeTestMethod(Invoker.java:820)
	at org.testng.internal.Invoker.invokeTestMethods(Invoker.java:1128)
	at org.testng.internal.TestMethodWorker.invokeTestMethods(TestMethodWorker.java:129)
	at org.testng.internal.TestMethodWorker.run(TestMethodWorker.java:112)
	at org.testng.TestRunner.privateRun(TestRunner.java:782)
	at org.testng.TestRunner.run(TestRunner.java:632)
	at org.testng.SuiteRunner.runTest(SuiteRunner.java:366)
	at org.testng.SuiteRunner.runSequentially(SuiteRunner.java:361)
	at org.testng.SuiteRunner.privateRun(SuiteRunner.java:319)
	at org.testng.SuiteRunner.run(SuiteRunner.java:268)
	at org.testng.SuiteRunnerWorker.runSuite(SuiteRunnerWorker.java:52)
	at org.testng.SuiteRunnerWorker.run(SuiteRunnerWorker.java:86)
	at org.testng.TestNG.runSuitesSequentially(TestNG.java:1244)
	at org.testng.TestNG.runSuitesLocally(TestNG.java:1169)
	at org.testng.TestNG.run(TestNG.java:1064)
	at org.testng.remote.AbstractRemoteTestNG.run(AbstractRemoteTestNG.java:114)
	at org.testng.remote.RemoteTestNG.initAndRun(RemoteTestNG.java:251)
	at org.testng.remote.RemoteTestNG.main(RemoteTestNG.java:77)
]]>
    </error>
  </testcase> <!-- checkVATSalesByCustomerReportwithVocherTypeSaleseandDelearsType -->
  <testcase name="checkSalesGroupedByCustomerReport" time="1.242" classname="com.focus.testcases.FinancialReportsXTest">
    <error type="org.openqa.selenium.ElementClickInterceptedException" message="element click intercepted: Element &lt;li class=&quot;nav-item&quot; style=&quot;text-align:center&quot;&gt;...&lt;/li&gt; is not clickable at point (44, 167). Other element would receive the click: &lt;div id=&quot;fullScreen&quot; class=&quot;modal fade right show&quot; role=&quot;dialog&quot; data-backdrop=&quot;static&quot; style=&quot;z-index: 10000001; padding-right: 10px; display: block;&quot; aria-modal=&quot;true&quot;&gt;...&lt;/div&gt;
  (Session info: chrome=107.0.5304.122)
Build info: version: &#039;3.12.0&#039;, revision: &#039;7c6e0b3&#039;, time: &#039;2018-05-08T14:04:26.12Z&#039;
System info: host: &#039;FOCUS-QA-10&#039;, ip: &#039;192.168.4.206&#039;, os.name: &#039;Windows 10&#039;, os.arch: &#039;amd64&#039;, os.version: &#039;10.0&#039;, java.version: &#039;1.8.0_111&#039;
Driver info: org.openqa.selenium.chrome.ChromeDriver
Capabilities {acceptInsecureCerts: false, browserName: chrome, browserVersion: 107.0.5304.122, chrome: {chromedriverVersion: 106.0.5249.61 (511755355844..., userDataDir: C:\Users\Rakesh\AppData\Loc...}, goog:chromeOptions: {debuggerAddress: localhost:54194}, javascriptEnabled: true, networkConnectionEnabled: false, pageLoadStrategy: normal, platform: WINDOWS, platformName: WINDOWS, proxy: Proxy(), setWindowRect: true, strictFileInteractability: false, timeouts: {implicit: 0, pageLoad: 300000, script: 30000}, unhandledPromptBehavior: dismiss and notify, webauthn:extension:credBlob: true, webauthn:extension:largeBlob: true, webauthn:virtualAuthenticators: true}
Session ID: 4e5b63374159fa2ea6e25ee1b1617078">
      <![CDATA[org.openqa.selenium.ElementClickInterceptedException: element click intercepted: Element <li class="nav-item" style="text-align:center">...</li> is not clickable at point (44, 167). Other element would receive the click: <div id="fullScreen" class="modal fade right show" role="dialog" data-backdrop="static" style="z-index: 10000001; padding-right: 10px; display: block;" aria-modal="true">...</div>
  (Session info: chrome=107.0.5304.122)
Build info: version: '3.12.0', revision: '7c6e0b3', time: '2018-05-08T14:04:26.12Z'
System info: host: 'FOCUS-QA-10', ip: '192.168.4.206', os.name: 'Windows 10', os.arch: 'amd64', os.version: '10.0', java.version: '1.8.0_111'
Driver info: org.openqa.selenium.chrome.ChromeDriver
Capabilities {acceptInsecureCerts: false, browserName: chrome, browserVersion: 107.0.5304.122, chrome: {chromedriverVersion: 106.0.5249.61 (511755355844..., userDataDir: C:\Users\Rakesh\AppData\Loc...}, goog:chromeOptions: {debuggerAddress: localhost:54194}, javascriptEnabled: true, networkConnectionEnabled: false, pageLoadStrategy: normal, platform: WINDOWS, platformName: WINDOWS, proxy: Proxy(), setWindowRect: true, strictFileInteractability: false, timeouts: {implicit: 0, pageLoad: 300000, script: 30000}, unhandledPromptBehavior: dismiss and notify, webauthn:extension:credBlob: true, webauthn:extension:largeBlob: true, webauthn:virtualAuthenticators: true}
Session ID: 4e5b63374159fa2ea6e25ee1b1617078
	at sun.reflect.GeneratedConstructorAccessor45.newInstance(Unknown Source)
	at sun.reflect.DelegatingConstructorAccessorImpl.newInstance(Unknown Source)
	at java.lang.reflect.Constructor.newInstance(Unknown Source)
	at org.openqa.selenium.remote.http.W3CHttpResponseCodec.createException(W3CHttpResponseCodec.java:187)
	at org.openqa.selenium.remote.http.W3CHttpResponseCodec.decode(W3CHttpResponseCodec.java:122)
	at org.openqa.selenium.remote.http.W3CHttpResponseCodec.decode(W3CHttpResponseCodec.java:49)
	at org.openqa.selenium.remote.HttpCommandExecutor.execute(HttpCommandExecutor.java:158)
	at org.openqa.selenium.remote.service.DriverCommandExecutor.execute(DriverCommandExecutor.java:83)
	at org.openqa.selenium.remote.RemoteWebDriver.execute(RemoteWebDriver.java:543)
	at org.openqa.selenium.remote.RemoteWebElement.execute(RemoteWebElement.java:276)
	at org.openqa.selenium.remote.RemoteWebElement.click(RemoteWebElement.java:83)
	at sun.reflect.GeneratedMethodAccessor4.invoke(Unknown Source)
	at sun.reflect.DelegatingMethodAccessorImpl.invoke(Unknown Source)
	at java.lang.reflect.Method.invoke(Unknown Source)
	at org.openqa.selenium.support.pagefactory.internal.LocatingElementHandler.invoke(LocatingElementHandler.java:51)
	at com.sun.proxy.$Proxy15.click(Unknown Source)
	at com.focus.Pages.FinancilaReportsXPage.checkSalesGroupedByCustomerReport(FinancilaReportsXPage.java:20552)
	at com.focus.testcases.FinancialReportsXTest.checkSalesGroupedByCustomerReport(FinancialReportsXTest.java:761)
	at sun.reflect.NativeMethodAccessorImpl.invoke0(Native Method)
	at sun.reflect.NativeMethodAccessorImpl.invoke(Unknown Source)
	at sun.reflect.DelegatingMethodAccessorImpl.invoke(Unknown Source)
	at java.lang.reflect.Method.invoke(Unknown Source)
	at org.testng.internal.MethodInvocationHelper.invokeMethod(MethodInvocationHelper.java:86)
	at org.testng.internal.Invoker.invokeMethod(Invoker.java:643)
	at org.testng.internal.Invoker.invokeTestMethod(Invoker.java:820)
	at org.testng.internal.Invoker.invokeTestMethods(Invoker.java:1128)
	at org.testng.internal.TestMethodWorker.invokeTestMethods(TestMethodWorker.java:129)
	at org.testng.internal.TestMethodWorker.run(TestMethodWorker.java:112)
	at org.testng.TestRunner.privateRun(TestRunner.java:782)
	at org.testng.TestRunner.run(TestRunner.java:632)
	at org.testng.SuiteRunner.runTest(SuiteRunner.java:366)
	at org.testng.SuiteRunner.runSequentially(SuiteRunner.java:361)
	at org.testng.SuiteRunner.privateRun(SuiteRunner.java:319)
	at org.testng.SuiteRunner.run(SuiteRunner.java:268)
	at org.testng.SuiteRunnerWorker.runSuite(SuiteRunnerWorker.java:52)
	at org.testng.SuiteRunnerWorker.run(SuiteRunnerWorker.java:86)
	at org.testng.TestNG.runSuitesSequentially(TestNG.java:1244)
	at org.testng.TestNG.runSuitesLocally(TestNG.java:1169)
	at org.testng.TestNG.run(TestNG.java:1064)
	at org.testng.remote.AbstractRemoteTestNG.run(AbstractRemoteTestNG.java:114)
	at org.testng.remote.RemoteTestNG.initAndRun(RemoteTestNG.java:251)
	at org.testng.remote.RemoteTestNG.main(RemoteTestNG.java:77)
]]>
    </error>
  </testcase> <!-- checkSalesGroupedByCustomerReport -->
  <testcase name="checkFinancialSubLedgerReportBackTrackOption" time="17.063" classname="com.focus.testcases.FinancialReportsXTest"/>
  <testcase name="checkJournalEntriesRegisterReport" time="10.400" classname="com.focus.testcases.FinancialReportsXTest">
    <failure type="java.lang.AssertionError" message="expected [true] but found [false]">
      <![CDATA[java.lang.AssertionError: expected [true] but found [false]
	at org.testng.Assert.fail(Assert.java:94)
	at org.testng.Assert.failNotEquals(Assert.java:513)
	at org.testng.Assert.assertEqualsImpl(Assert.java:135)
	at org.testng.Assert.assertEquals(Assert.java:116)
	at org.testng.Assert.assertEquals(Assert.java:305)
	at org.testng.Assert.assertEquals(Assert.java:315)
	at com.focus.testcases.FinancialReportsXTest.checkJournalEntriesRegisterReport(FinancialReportsXTest.java:601)
	at sun.reflect.NativeMethodAccessorImpl.invoke0(Native Method)
	at sun.reflect.NativeMethodAccessorImpl.invoke(Unknown Source)
	at sun.reflect.DelegatingMethodAccessorImpl.invoke(Unknown Source)
	at java.lang.reflect.Method.invoke(Unknown Source)
	at org.testng.internal.MethodInvocationHelper.invokeMethod(MethodInvocationHelper.java:86)
	at org.testng.internal.Invoker.invokeMethod(Invoker.java:643)
	at org.testng.internal.Invoker.invokeTestMethod(Invoker.java:820)
	at org.testng.internal.Invoker.invokeTestMethods(Invoker.java:1128)
	at org.testng.internal.TestMethodWorker.invokeTestMethods(TestMethodWorker.java:129)
	at org.testng.internal.TestMethodWorker.run(TestMethodWorker.java:112)
	at org.testng.TestRunner.privateRun(TestRunner.java:782)
	at org.testng.TestRunner.run(TestRunner.java:632)
	at org.testng.SuiteRunner.runTest(SuiteRunner.java:366)
	at org.testng.SuiteRunner.runSequentially(SuiteRunner.java:361)
	at org.testng.SuiteRunner.privateRun(SuiteRunner.java:319)
	at org.testng.SuiteRunner.run(SuiteRunner.java:268)
	at org.testng.SuiteRunnerWorker.runSuite(SuiteRunnerWorker.java:52)
	at org.testng.SuiteRunnerWorker.run(SuiteRunnerWorker.java:86)
	at org.testng.TestNG.runSuitesSequentially(TestNG.java:1244)
	at org.testng.TestNG.runSuitesLocally(TestNG.java:1169)
	at org.testng.TestNG.run(TestNG.java:1064)
	at org.testng.remote.AbstractRemoteTestNG.run(AbstractRemoteTestNG.java:114)
	at org.testng.remote.RemoteTestNG.initAndRun(RemoteTestNG.java:251)
	at org.testng.remote.RemoteTestNG.main(RemoteTestNG.java:77)
]]>
    </failure>
  </testcase> <!-- checkJournalEntriesRegisterReport -->
  <testcase name="CheckFilterAndPrintOptionnInCustomerAgeingDetailsAnalysis" time="80.177" classname="com.focus.testcases.FinancialReportsXTest">
    <error type="org.openqa.selenium.TimeoutException" message="Expected condition failed: waiting for element to be clickable: Proxy element for: DefaultElementLocator &#039;By.xpath: (//*[@class=&#039;icon-print hiconright2&#039;])[2]&#039; (tried for 40 second(s) with 5000 milliseconds interval)">
      <![CDATA[org.openqa.selenium.TimeoutException: Expected condition failed: waiting for element to be clickable: Proxy element for: DefaultElementLocator 'By.xpath: (//*[@class='icon-print hiconright2'])[2]' (tried for 40 second(s) with 5000 milliseconds interval)
	at org.openqa.selenium.support.ui.FluentWait.timeoutException(FluentWait.java:303)
	at org.openqa.selenium.support.ui.FluentWait.until(FluentWait.java:271)
	at com.focus.Pages.FinancilaReportsXPage.CheckFilterAndPrintOptionnInCustomerAgeingDetailsAnalysis(FinancilaReportsXPage.java:39245)
	at com.focus.testcases.FinancialReportsXTest.CheckFilterAndPrintOptionnInCustomerAgeingDetailsAnalysis(FinancialReportsXTest.java:1388)
	at sun.reflect.NativeMethodAccessorImpl.invoke0(Native Method)
	at sun.reflect.NativeMethodAccessorImpl.invoke(Unknown Source)
	at sun.reflect.DelegatingMethodAccessorImpl.invoke(Unknown Source)
	at java.lang.reflect.Method.invoke(Unknown Source)
	at org.testng.internal.MethodInvocationHelper.invokeMethod(MethodInvocationHelper.java:86)
	at org.testng.internal.Invoker.invokeMethod(Invoker.java:643)
	at org.testng.internal.Invoker.invokeTestMethod(Invoker.java:820)
	at org.testng.internal.Invoker.invokeTestMethods(Invoker.java:1128)
	at org.testng.internal.TestMethodWorker.invokeTestMethods(TestMethodWorker.java:129)
	at org.testng.internal.TestMethodWorker.run(TestMethodWorker.java:112)
	at org.testng.TestRunner.privateRun(TestRunner.java:782)
	at org.testng.TestRunner.run(TestRunner.java:632)
	at org.testng.SuiteRunner.runTest(SuiteRunner.java:366)
	at org.testng.SuiteRunner.runSequentially(SuiteRunner.java:361)
	at org.testng.SuiteRunner.privateRun(SuiteRunner.java:319)
	at org.testng.SuiteRunner.run(SuiteRunner.java:268)
	at org.testng.SuiteRunnerWorker.runSuite(SuiteRunnerWorker.java:52)
	at org.testng.SuiteRunnerWorker.run(SuiteRunnerWorker.java:86)
	at org.testng.TestNG.runSuitesSequentially(TestNG.java:1244)
	at org.testng.TestNG.runSuitesLocally(TestNG.java:1169)
	at org.testng.TestNG.run(TestNG.java:1064)
	at org.testng.remote.AbstractRemoteTestNG.run(AbstractRemoteTestNG.java:114)
	at org.testng.remote.RemoteTestNG.initAndRun(RemoteTestNG.java:251)
	at org.testng.remote.RemoteTestNG.main(RemoteTestNG.java:77)
Caused by: org.openqa.selenium.NoSuchElementException: no such element: Unable to locate element: {"method":"xpath","selector":"(//*[@class='icon-print hiconright2'])[2]"}
  (Session info: chrome=107.0.5304.122)
For documentation on this error, please visit: http://seleniumhq.org/exceptions/no_such_element.html
Build info: version: '3.12.0', revision: '7c6e0b3', time: '2018-05-08T14:04:26.12Z'
System info: host: 'FOCUS-QA-10', ip: '192.168.4.206', os.name: 'Windows 10', os.arch: 'amd64', os.version: '10.0', java.version: '1.8.0_111'
Driver info: org.openqa.selenium.chrome.ChromeDriver
Capabilities {acceptInsecureCerts: false, browserName: chrome, browserVersion: 107.0.5304.122, chrome: {chromedriverVersion: 106.0.5249.61 (511755355844..., userDataDir: C:\Users\Rakesh\AppData\Loc...}, goog:chromeOptions: {debuggerAddress: localhost:54194}, javascriptEnabled: true, networkConnectionEnabled: false, pageLoadStrategy: normal, platform: WINDOWS, platformName: WINDOWS, proxy: Proxy(), setWindowRect: true, strictFileInteractability: false, timeouts: {implicit: 0, pageLoad: 300000, script: 30000}, unhandledPromptBehavior: dismiss and notify, webauthn:extension:credBlob: true, webauthn:extension:largeBlob: true, webauthn:virtualAuthenticators: true}
Session ID: 4e5b63374159fa2ea6e25ee1b1617078
*** Element info: {Using=xpath, value=(//*[@class='icon-print hiconright2'])[2]}
	at sun.reflect.GeneratedConstructorAccessor43.newInstance(Unknown Source)
	at sun.reflect.DelegatingConstructorAccessorImpl.newInstance(Unknown Source)
	at java.lang.reflect.Constructor.newInstance(Unknown Source)
	at org.openqa.selenium.remote.http.W3CHttpResponseCodec.createException(W3CHttpResponseCodec.java:187)
	at org.openqa.selenium.remote.http.W3CHttpResponseCodec.decode(W3CHttpResponseCodec.java:122)
	at org.openqa.selenium.remote.http.W3CHttpResponseCodec.decode(W3CHttpResponseCodec.java:49)
	at org.openqa.selenium.remote.HttpCommandExecutor.execute(HttpCommandExecutor.java:158)
	at org.openqa.selenium.remote.service.DriverCommandExecutor.execute(DriverCommandExecutor.java:83)
	at org.openqa.selenium.remote.RemoteWebDriver.execute(RemoteWebDriver.java:543)
	at org.openqa.selenium.remote.RemoteWebDriver.findElement(RemoteWebDriver.java:317)
	at org.openqa.selenium.remote.RemoteWebDriver.findElementByXPath(RemoteWebDriver.java:419)
	at org.openqa.selenium.By$ByXPath.findElement(By.java:353)
	at org.openqa.selenium.remote.RemoteWebDriver.findElement(RemoteWebDriver.java:309)
	at org.openqa.selenium.support.pagefactory.DefaultElementLocator.findElement(DefaultElementLocator.java:69)
	at org.openqa.selenium.support.pagefactory.internal.LocatingElementHandler.invoke(LocatingElementHandler.java:38)
	at com.sun.proxy.$Proxy15.isDisplayed(Unknown Source)
	at org.openqa.selenium.support.ui.ExpectedConditions.elementIfVisible(ExpectedConditions.java:315)
	at org.openqa.selenium.support.ui.ExpectedConditions.access$100(ExpectedConditions.java:44)
	at org.openqa.selenium.support.ui.ExpectedConditions$10.apply(ExpectedConditions.java:301)
	at org.openqa.selenium.support.ui.ExpectedConditions$10.apply(ExpectedConditions.java:298)
	at org.openqa.selenium.support.ui.ExpectedConditions$23.apply(ExpectedConditions.java:686)
	at org.openqa.selenium.support.ui.ExpectedConditions$23.apply(ExpectedConditions.java:682)
	at org.openqa.selenium.support.ui.FluentWait.until(FluentWait.java:248)
	... 26 more
]]>
    </error>
  </testcase> <!-- CheckFilterAndPrintOptionnInCustomerAgeingDetailsAnalysis -->
  <testcase name="checkPDCPaymentRegisterReportBackTrackOption" time="22.669" classname="com.focus.testcases.FinancialReportsXTest"/>
  <testcase name="CheckPrintAndCustomiseOptionnInvendorDetailsVendorDetailsAgeingByDueDateReport" time="2.739" classname="com.focus.testcases.FinancialReportsXTest">
    <error type="org.openqa.selenium.ElementClickInterceptedException" message="element click intercepted: Element &lt;i class=&quot;icon-custamize hiconright2&quot;&gt;&lt;/i&gt; is not clickable at point (1151, 98). Other element would receive the click: &lt;div class=&quot;col-lg-12&quot; style=&quot;padding-right:0px;padding-left:0px;width:100%;padding-bottom:28px;&quot;&gt;...&lt;/div&gt;
  (Session info: chrome=107.0.5304.122)
Build info: version: &#039;3.12.0&#039;, revision: &#039;7c6e0b3&#039;, time: &#039;2018-05-08T14:04:26.12Z&#039;
System info: host: &#039;FOCUS-QA-10&#039;, ip: &#039;192.168.4.206&#039;, os.name: &#039;Windows 10&#039;, os.arch: &#039;amd64&#039;, os.version: &#039;10.0&#039;, java.version: &#039;1.8.0_111&#039;
Driver info: org.openqa.selenium.chrome.ChromeDriver
Capabilities {acceptInsecureCerts: false, browserName: chrome, browserVersion: 107.0.5304.122, chrome: {chromedriverVersion: 106.0.5249.61 (511755355844..., userDataDir: C:\Users\Rakesh\AppData\Loc...}, goog:chromeOptions: {debuggerAddress: localhost:54194}, javascriptEnabled: true, networkConnectionEnabled: false, pageLoadStrategy: normal, platform: WINDOWS, platformName: WINDOWS, proxy: Proxy(), setWindowRect: true, strictFileInteractability: false, timeouts: {implicit: 0, pageLoad: 300000, script: 30000}, unhandledPromptBehavior: dismiss and notify, webauthn:extension:credBlob: true, webauthn:extension:largeBlob: true, webauthn:virtualAuthenticators: true}
Session ID: 4e5b63374159fa2ea6e25ee1b1617078">
      <![CDATA[org.openqa.selenium.ElementClickInterceptedException: element click intercepted: Element <i class="icon-custamize hiconright2"></i> is not clickable at point (1151, 98). Other element would receive the click: <div class="col-lg-12" style="padding-right:0px;padding-left:0px;width:100%;padding-bottom:28px;">...</div>
  (Session info: chrome=107.0.5304.122)
Build info: version: '3.12.0', revision: '7c6e0b3', time: '2018-05-08T14:04:26.12Z'
System info: host: 'FOCUS-QA-10', ip: '192.168.4.206', os.name: 'Windows 10', os.arch: 'amd64', os.version: '10.0', java.version: '1.8.0_111'
Driver info: org.openqa.selenium.chrome.ChromeDriver
Capabilities {acceptInsecureCerts: false, browserName: chrome, browserVersion: 107.0.5304.122, chrome: {chromedriverVersion: 106.0.5249.61 (511755355844..., userDataDir: C:\Users\Rakesh\AppData\Loc...}, goog:chromeOptions: {debuggerAddress: localhost:54194}, javascriptEnabled: true, networkConnectionEnabled: false, pageLoadStrategy: normal, platform: WINDOWS, platformName: WINDOWS, proxy: Proxy(), setWindowRect: true, strictFileInteractability: false, timeouts: {implicit: 0, pageLoad: 300000, script: 30000}, unhandledPromptBehavior: dismiss and notify, webauthn:extension:credBlob: true, webauthn:extension:largeBlob: true, webauthn:virtualAuthenticators: true}
Session ID: 4e5b63374159fa2ea6e25ee1b1617078
	at sun.reflect.GeneratedConstructorAccessor45.newInstance(Unknown Source)
	at sun.reflect.DelegatingConstructorAccessorImpl.newInstance(Unknown Source)
	at java.lang.reflect.Constructor.newInstance(Unknown Source)
	at org.openqa.selenium.remote.http.W3CHttpResponseCodec.createException(W3CHttpResponseCodec.java:187)
	at org.openqa.selenium.remote.http.W3CHttpResponseCodec.decode(W3CHttpResponseCodec.java:122)
	at org.openqa.selenium.remote.http.W3CHttpResponseCodec.decode(W3CHttpResponseCodec.java:49)
	at org.openqa.selenium.remote.HttpCommandExecutor.execute(HttpCommandExecutor.java:158)
	at org.openqa.selenium.remote.service.DriverCommandExecutor.execute(DriverCommandExecutor.java:83)
	at org.openqa.selenium.remote.RemoteWebDriver.execute(RemoteWebDriver.java:543)
	at org.openqa.selenium.remote.RemoteWebElement.execute(RemoteWebElement.java:276)
	at org.openqa.selenium.remote.RemoteWebElement.click(RemoteWebElement.java:83)
	at sun.reflect.GeneratedMethodAccessor4.invoke(Unknown Source)
	at sun.reflect.DelegatingMethodAccessorImpl.invoke(Unknown Source)
	at java.lang.reflect.Method.invoke(Unknown Source)
	at org.openqa.selenium.support.pagefactory.internal.LocatingElementHandler.invoke(LocatingElementHandler.java:51)
	at com.sun.proxy.$Proxy15.click(Unknown Source)
	at com.focus.Pages.FinancilaReportsXPage.CheckPrintAndCustomiseOptionnInvendorDetailsVendorDetailsAgeingByDueDateReport(FinancilaReportsXPage.java:44654)
	at com.focus.testcases.FinancialReportsXTest.CheckPrintAndCustomiseOptionnInvendorDetailsVendorDetailsAgeingByDueDateReport(FinancialReportsXTest.java:1669)
	at sun.reflect.NativeMethodAccessorImpl.invoke0(Native Method)
	at sun.reflect.NativeMethodAccessorImpl.invoke(Unknown Source)
	at sun.reflect.DelegatingMethodAccessorImpl.invoke(Unknown Source)
	at java.lang.reflect.Method.invoke(Unknown Source)
	at org.testng.internal.MethodInvocationHelper.invokeMethod(MethodInvocationHelper.java:86)
	at org.testng.internal.Invoker.invokeMethod(Invoker.java:643)
	at org.testng.internal.Invoker.invokeTestMethod(Invoker.java:820)
	at org.testng.internal.Invoker.invokeTestMethods(Invoker.java:1128)
	at org.testng.internal.TestMethodWorker.invokeTestMethods(TestMethodWorker.java:129)
	at org.testng.internal.TestMethodWorker.run(TestMethodWorker.java:112)
	at org.testng.TestRunner.privateRun(TestRunner.java:782)
	at org.testng.TestRunner.run(TestRunner.java:632)
	at org.testng.SuiteRunner.runTest(SuiteRunner.java:366)
	at org.testng.SuiteRunner.runSequentially(SuiteRunner.java:361)
	at org.testng.SuiteRunner.privateRun(SuiteRunner.java:319)
	at org.testng.SuiteRunner.run(SuiteRunner.java:268)
	at org.testng.SuiteRunnerWorker.runSuite(SuiteRunnerWorker.java:52)
	at org.testng.SuiteRunnerWorker.run(SuiteRunnerWorker.java:86)
	at org.testng.TestNG.runSuitesSequentially(TestNG.java:1244)
	at org.testng.TestNG.runSuitesLocally(TestNG.java:1169)
	at org.testng.TestNG.run(TestNG.java:1064)
	at org.testng.remote.AbstractRemoteTestNG.run(AbstractRemoteTestNG.java:114)
	at org.testng.remote.RemoteTestNG.initAndRun(RemoteTestNG.java:251)
	at org.testng.remote.RemoteTestNG.main(RemoteTestNG.java:77)
]]>
    </error>
  </testcase> <!-- CheckPrintAndCustomiseOptionnInvendorDetailsVendorDetailsAgeingByDueDateReport -->
  <testcase name="checkCustomizationAndPrintOptionInFinalAccSchedule" time="3.228" classname="com.focus.testcases.FinancialReportsXTest">
    <error type="org.openqa.selenium.ElementClickInterceptedException" message="element click intercepted: Element &lt;i class=&quot;icon-custamize hiconright2&quot;&gt;&lt;/i&gt; is not clickable at point (1178, 98). Other element would receive the click: &lt;div class=&quot;col-lg-12&quot; style=&quot;padding-right:0px;padding-left:0px;width:100%;padding-bottom:28px;&quot;&gt;...&lt;/div&gt;
  (Session info: chrome=107.0.5304.122)
Build info: version: &#039;3.12.0&#039;, revision: &#039;7c6e0b3&#039;, time: &#039;2018-05-08T14:04:26.12Z&#039;
System info: host: &#039;FOCUS-QA-10&#039;, ip: &#039;192.168.4.206&#039;, os.name: &#039;Windows 10&#039;, os.arch: &#039;amd64&#039;, os.version: &#039;10.0&#039;, java.version: &#039;1.8.0_111&#039;
Driver info: org.openqa.selenium.chrome.ChromeDriver
Capabilities {acceptInsecureCerts: false, browserName: chrome, browserVersion: 107.0.5304.122, chrome: {chromedriverVersion: 106.0.5249.61 (511755355844..., userDataDir: C:\Users\Rakesh\AppData\Loc...}, goog:chromeOptions: {debuggerAddress: localhost:54194}, javascriptEnabled: true, networkConnectionEnabled: false, pageLoadStrategy: normal, platform: WINDOWS, platformName: WINDOWS, proxy: Proxy(), setWindowRect: true, strictFileInteractability: false, timeouts: {implicit: 0, pageLoad: 300000, script: 30000}, unhandledPromptBehavior: dismiss and notify, webauthn:extension:credBlob: true, webauthn:extension:largeBlob: true, webauthn:virtualAuthenticators: true}
Session ID: 4e5b63374159fa2ea6e25ee1b1617078">
      <![CDATA[org.openqa.selenium.ElementClickInterceptedException: element click intercepted: Element <i class="icon-custamize hiconright2"></i> is not clickable at point (1178, 98). Other element would receive the click: <div class="col-lg-12" style="padding-right:0px;padding-left:0px;width:100%;padding-bottom:28px;">...</div>
  (Session info: chrome=107.0.5304.122)
Build info: version: '3.12.0', revision: '7c6e0b3', time: '2018-05-08T14:04:26.12Z'
System info: host: 'FOCUS-QA-10', ip: '192.168.4.206', os.name: 'Windows 10', os.arch: 'amd64', os.version: '10.0', java.version: '1.8.0_111'
Driver info: org.openqa.selenium.chrome.ChromeDriver
Capabilities {acceptInsecureCerts: false, browserName: chrome, browserVersion: 107.0.5304.122, chrome: {chromedriverVersion: 106.0.5249.61 (511755355844..., userDataDir: C:\Users\Rakesh\AppData\Loc...}, goog:chromeOptions: {debuggerAddress: localhost:54194}, javascriptEnabled: true, networkConnectionEnabled: false, pageLoadStrategy: normal, platform: WINDOWS, platformName: WINDOWS, proxy: Proxy(), setWindowRect: true, strictFileInteractability: false, timeouts: {implicit: 0, pageLoad: 300000, script: 30000}, unhandledPromptBehavior: dismiss and notify, webauthn:extension:credBlob: true, webauthn:extension:largeBlob: true, webauthn:virtualAuthenticators: true}
Session ID: 4e5b63374159fa2ea6e25ee1b1617078
	at sun.reflect.GeneratedConstructorAccessor45.newInstance(Unknown Source)
	at sun.reflect.DelegatingConstructorAccessorImpl.newInstance(Unknown Source)
	at java.lang.reflect.Constructor.newInstance(Unknown Source)
	at org.openqa.selenium.remote.http.W3CHttpResponseCodec.createException(W3CHttpResponseCodec.java:187)
	at org.openqa.selenium.remote.http.W3CHttpResponseCodec.decode(W3CHttpResponseCodec.java:122)
	at org.openqa.selenium.remote.http.W3CHttpResponseCodec.decode(W3CHttpResponseCodec.java:49)
	at org.openqa.selenium.remote.HttpCommandExecutor.execute(HttpCommandExecutor.java:158)
	at org.openqa.selenium.remote.service.DriverCommandExecutor.execute(DriverCommandExecutor.java:83)
	at org.openqa.selenium.remote.RemoteWebDriver.execute(RemoteWebDriver.java:543)
	at org.openqa.selenium.remote.RemoteWebElement.execute(RemoteWebElement.java:276)
	at org.openqa.selenium.remote.RemoteWebElement.click(RemoteWebElement.java:83)
	at sun.reflect.GeneratedMethodAccessor4.invoke(Unknown Source)
	at sun.reflect.DelegatingMethodAccessorImpl.invoke(Unknown Source)
	at java.lang.reflect.Method.invoke(Unknown Source)
	at org.openqa.selenium.support.pagefactory.internal.LocatingElementHandler.invoke(LocatingElementHandler.java:51)
	at com.sun.proxy.$Proxy15.click(Unknown Source)
	at com.focus.Pages.FinancilaReportsXPage.checkCustomizationAndPrintOptionInFinalAccSchedule(FinancilaReportsXPage.java:34801)
	at com.focus.testcases.FinancialReportsXTest.checkCustomizationAndPrintOptionInFinalAccSchedule(FinancialReportsXTest.java:1160)
	at sun.reflect.NativeMethodAccessorImpl.invoke0(Native Method)
	at sun.reflect.NativeMethodAccessorImpl.invoke(Unknown Source)
	at sun.reflect.DelegatingMethodAccessorImpl.invoke(Unknown Source)
	at java.lang.reflect.Method.invoke(Unknown Source)
	at org.testng.internal.MethodInvocationHelper.invokeMethod(MethodInvocationHelper.java:86)
	at org.testng.internal.Invoker.invokeMethod(Invoker.java:643)
	at org.testng.internal.Invoker.invokeTestMethod(Invoker.java:820)
	at org.testng.internal.Invoker.invokeTestMethods(Invoker.java:1128)
	at org.testng.internal.TestMethodWorker.invokeTestMethods(TestMethodWorker.java:129)
	at org.testng.internal.TestMethodWorker.run(TestMethodWorker.java:112)
	at org.testng.TestRunner.privateRun(TestRunner.java:782)
	at org.testng.TestRunner.run(TestRunner.java:632)
	at org.testng.SuiteRunner.runTest(SuiteRunner.java:366)
	at org.testng.SuiteRunner.runSequentially(SuiteRunner.java:361)
	at org.testng.SuiteRunner.privateRun(SuiteRunner.java:319)
	at org.testng.SuiteRunner.run(SuiteRunner.java:268)
	at org.testng.SuiteRunnerWorker.runSuite(SuiteRunnerWorker.java:52)
	at org.testng.SuiteRunnerWorker.run(SuiteRunnerWorker.java:86)
	at org.testng.TestNG.runSuitesSequentially(TestNG.java:1244)
	at org.testng.TestNG.runSuitesLocally(TestNG.java:1169)
	at org.testng.TestNG.run(TestNG.java:1064)
	at org.testng.remote.AbstractRemoteTestNG.run(AbstractRemoteTestNG.java:114)
	at org.testng.remote.RemoteTestNG.initAndRun(RemoteTestNG.java:251)
	at org.testng.remote.RemoteTestNG.main(RemoteTestNG.java:77)
]]>
    </error>
  </testcase> <!-- checkCustomizationAndPrintOptionInFinalAccSchedule -->
  <testcase name="checkCustomizationInSubLedgerReport" time="34.010" classname="com.focus.testcases.FinancialReportsXTest"/>
  <testcase name="checkVendorSummeryVendorOverdueSummaryReport" time="1.141" classname="com.focus.testcases.FinancialReportsXTest">
    <error type="org.openqa.selenium.ElementClickInterceptedException" message="element click intercepted: Element &lt;li class=&quot;nav-item&quot; style=&quot;text-align:center&quot;&gt;...&lt;/li&gt; is not clickable at point (44, 167). Other element would receive the click: &lt;div id=&quot;fullScreen&quot; class=&quot;modal fade right show&quot; role=&quot;dialog&quot; data-backdrop=&quot;static&quot; style=&quot;z-index: 10000001; padding-right: 10px; display: block;&quot; aria-modal=&quot;true&quot;&gt;...&lt;/div&gt;
  (Session info: chrome=107.0.5304.122)
Build info: version: &#039;3.12.0&#039;, revision: &#039;7c6e0b3&#039;, time: &#039;2018-05-08T14:04:26.12Z&#039;
System info: host: &#039;FOCUS-QA-10&#039;, ip: &#039;192.168.4.206&#039;, os.name: &#039;Windows 10&#039;, os.arch: &#039;amd64&#039;, os.version: &#039;10.0&#039;, java.version: &#039;1.8.0_111&#039;
Driver info: org.openqa.selenium.chrome.ChromeDriver
Capabilities {acceptInsecureCerts: false, browserName: chrome, browserVersion: 107.0.5304.122, chrome: {chromedriverVersion: 106.0.5249.61 (511755355844..., userDataDir: C:\Users\Rakesh\AppData\Loc...}, goog:chromeOptions: {debuggerAddress: localhost:54194}, javascriptEnabled: true, networkConnectionEnabled: false, pageLoadStrategy: normal, platform: WINDOWS, platformName: WINDOWS, proxy: Proxy(), setWindowRect: true, strictFileInteractability: false, timeouts: {implicit: 0, pageLoad: 300000, script: 30000}, unhandledPromptBehavior: dismiss and notify, webauthn:extension:credBlob: true, webauthn:extension:largeBlob: true, webauthn:virtualAuthenticators: true}
Session ID: 4e5b63374159fa2ea6e25ee1b1617078">
      <![CDATA[org.openqa.selenium.ElementClickInterceptedException: element click intercepted: Element <li class="nav-item" style="text-align:center">...</li> is not clickable at point (44, 167). Other element would receive the click: <div id="fullScreen" class="modal fade right show" role="dialog" data-backdrop="static" style="z-index: 10000001; padding-right: 10px; display: block;" aria-modal="true">...</div>
  (Session info: chrome=107.0.5304.122)
Build info: version: '3.12.0', revision: '7c6e0b3', time: '2018-05-08T14:04:26.12Z'
System info: host: 'FOCUS-QA-10', ip: '192.168.4.206', os.name: 'Windows 10', os.arch: 'amd64', os.version: '10.0', java.version: '1.8.0_111'
Driver info: org.openqa.selenium.chrome.ChromeDriver
Capabilities {acceptInsecureCerts: false, browserName: chrome, browserVersion: 107.0.5304.122, chrome: {chromedriverVersion: 106.0.5249.61 (511755355844..., userDataDir: C:\Users\Rakesh\AppData\Loc...}, goog:chromeOptions: {debuggerAddress: localhost:54194}, javascriptEnabled: true, networkConnectionEnabled: false, pageLoadStrategy: normal, platform: WINDOWS, platformName: WINDOWS, proxy: Proxy(), setWindowRect: true, strictFileInteractability: false, timeouts: {implicit: 0, pageLoad: 300000, script: 30000}, unhandledPromptBehavior: dismiss and notify, webauthn:extension:credBlob: true, webauthn:extension:largeBlob: true, webauthn:virtualAuthenticators: true}
Session ID: 4e5b63374159fa2ea6e25ee1b1617078
	at sun.reflect.GeneratedConstructorAccessor45.newInstance(Unknown Source)
	at sun.reflect.DelegatingConstructorAccessorImpl.newInstance(Unknown Source)
	at java.lang.reflect.Constructor.newInstance(Unknown Source)
	at org.openqa.selenium.remote.http.W3CHttpResponseCodec.createException(W3CHttpResponseCodec.java:187)
	at org.openqa.selenium.remote.http.W3CHttpResponseCodec.decode(W3CHttpResponseCodec.java:122)
	at org.openqa.selenium.remote.http.W3CHttpResponseCodec.decode(W3CHttpResponseCodec.java:49)
	at org.openqa.selenium.remote.HttpCommandExecutor.execute(HttpCommandExecutor.java:158)
	at org.openqa.selenium.remote.service.DriverCommandExecutor.execute(DriverCommandExecutor.java:83)
	at org.openqa.selenium.remote.RemoteWebDriver.execute(RemoteWebDriver.java:543)
	at org.openqa.selenium.remote.RemoteWebElement.execute(RemoteWebElement.java:276)
	at org.openqa.selenium.remote.RemoteWebElement.click(RemoteWebElement.java:83)
	at sun.reflect.GeneratedMethodAccessor4.invoke(Unknown Source)
	at sun.reflect.DelegatingMethodAccessorImpl.invoke(Unknown Source)
	at java.lang.reflect.Method.invoke(Unknown Source)
	at org.openqa.selenium.support.pagefactory.internal.LocatingElementHandler.invoke(LocatingElementHandler.java:51)
	at com.sun.proxy.$Proxy15.click(Unknown Source)
	at com.focus.Pages.FinancilaReportsXPage.checkVendorSummeryVendorOverdueSummaryReport(FinancilaReportsXPage.java:46272)
	at com.focus.testcases.FinancialReportsXTest.checkVendorSummeryVendorOverdueSummaryReport(FinancialReportsXTest.java:1761)
	at sun.reflect.NativeMethodAccessorImpl.invoke0(Native Method)
	at sun.reflect.NativeMethodAccessorImpl.invoke(Unknown Source)
	at sun.reflect.DelegatingMethodAccessorImpl.invoke(Unknown Source)
	at java.lang.reflect.Method.invoke(Unknown Source)
	at org.testng.internal.MethodInvocationHelper.invokeMethod(MethodInvocationHelper.java:86)
	at org.testng.internal.Invoker.invokeMethod(Invoker.java:643)
	at org.testng.internal.Invoker.invokeTestMethod(Invoker.java:820)
	at org.testng.internal.Invoker.invokeTestMethods(Invoker.java:1128)
	at org.testng.internal.TestMethodWorker.invokeTestMethods(TestMethodWorker.java:129)
	at org.testng.internal.TestMethodWorker.run(TestMethodWorker.java:112)
	at org.testng.TestRunner.privateRun(TestRunner.java:782)
	at org.testng.TestRunner.run(TestRunner.java:632)
	at org.testng.SuiteRunner.runTest(SuiteRunner.java:366)
	at org.testng.SuiteRunner.runSequentially(SuiteRunner.java:361)
	at org.testng.SuiteRunner.privateRun(SuiteRunner.java:319)
	at org.testng.SuiteRunner.run(SuiteRunner.java:268)
	at org.testng.SuiteRunnerWorker.runSuite(SuiteRunnerWorker.java:52)
	at org.testng.SuiteRunnerWorker.run(SuiteRunnerWorker.java:86)
	at org.testng.TestNG.runSuitesSequentially(TestNG.java:1244)
	at org.testng.TestNG.runSuitesLocally(TestNG.java:1169)
	at org.testng.TestNG.run(TestNG.java:1064)
	at org.testng.remote.AbstractRemoteTestNG.run(AbstractRemoteTestNG.java:114)
	at org.testng.remote.RemoteTestNG.initAndRun(RemoteTestNG.java:251)
	at org.testng.remote.RemoteTestNG.main(RemoteTestNG.java:77)
]]>
    </error>
  </testcase> <!-- checkVendorSummeryVendorOverdueSummaryReport -->
  <testcase name="checkSalesAdvanceVATReportBackTrackOption" time="3.500" classname="com.focus.testcases.FinancialReportsXTest">
    <error type="org.openqa.selenium.ElementClickInterceptedException" message="element click intercepted: Element &lt;td data-ifieldid=&quot;1&quot; data-datatypeid=&quot;0&quot; onclick=&quot;REPORTRENDER.GetFieldId(this);&quot; id=&quot;tdSort_14_col_Voucher no_&quot; class=&quot;TextAlignLeft&quot; colspan=&quot;0&quot; style=&quot;border-style: none; font-style: normal; font-weight: normal; font-size: 12px; width: 120px;&quot;&gt;...&lt;/td&gt; is not clickable at point (206, 446). Other element would receive the click: &lt;div id=&quot;fullScreen&quot; class=&quot;modal fade right show&quot; role=&quot;dialog&quot; data-backdrop=&quot;static&quot; style=&quot;z-index: 10000001; padding-right: 10px; display: block;&quot; aria-modal=&quot;true&quot;&gt;...&lt;/div&gt;
  (Session info: chrome=107.0.5304.122)
Build info: version: &#039;3.12.0&#039;, revision: &#039;7c6e0b3&#039;, time: &#039;2018-05-08T14:04:26.12Z&#039;
System info: host: &#039;FOCUS-QA-10&#039;, ip: &#039;192.168.4.206&#039;, os.name: &#039;Windows 10&#039;, os.arch: &#039;amd64&#039;, os.version: &#039;10.0&#039;, java.version: &#039;1.8.0_111&#039;
Driver info: org.openqa.selenium.chrome.ChromeDriver
Capabilities {acceptInsecureCerts: false, browserName: chrome, browserVersion: 107.0.5304.122, chrome: {chromedriverVersion: 106.0.5249.61 (511755355844..., userDataDir: C:\Users\Rakesh\AppData\Loc...}, goog:chromeOptions: {debuggerAddress: localhost:54194}, javascriptEnabled: true, networkConnectionEnabled: false, pageLoadStrategy: normal, platform: WINDOWS, platformName: WINDOWS, proxy: Proxy(), setWindowRect: true, strictFileInteractability: false, timeouts: {implicit: 0, pageLoad: 300000, script: 30000}, unhandledPromptBehavior: dismiss and notify, webauthn:extension:credBlob: true, webauthn:extension:largeBlob: true, webauthn:virtualAuthenticators: true}
Session ID: 4e5b63374159fa2ea6e25ee1b1617078">
      <![CDATA[org.openqa.selenium.ElementClickInterceptedException: element click intercepted: Element <td data-ifieldid="1" data-datatypeid="0" onclick="REPORTRENDER.GetFieldId(this);" id="tdSort_14_col_Voucher no_" class="TextAlignLeft" colspan="0" style="border-style: none; font-style: normal; font-weight: normal; font-size: 12px; width: 120px;">...</td> is not clickable at point (206, 446). Other element would receive the click: <div id="fullScreen" class="modal fade right show" role="dialog" data-backdrop="static" style="z-index: 10000001; padding-right: 10px; display: block;" aria-modal="true">...</div>
  (Session info: chrome=107.0.5304.122)
Build info: version: '3.12.0', revision: '7c6e0b3', time: '2018-05-08T14:04:26.12Z'
System info: host: 'FOCUS-QA-10', ip: '192.168.4.206', os.name: 'Windows 10', os.arch: 'amd64', os.version: '10.0', java.version: '1.8.0_111'
Driver info: org.openqa.selenium.chrome.ChromeDriver
Capabilities {acceptInsecureCerts: false, browserName: chrome, browserVersion: 107.0.5304.122, chrome: {chromedriverVersion: 106.0.5249.61 (511755355844..., userDataDir: C:\Users\Rakesh\AppData\Loc...}, goog:chromeOptions: {debuggerAddress: localhost:54194}, javascriptEnabled: true, networkConnectionEnabled: false, pageLoadStrategy: normal, platform: WINDOWS, platformName: WINDOWS, proxy: Proxy(), setWindowRect: true, strictFileInteractability: false, timeouts: {implicit: 0, pageLoad: 300000, script: 30000}, unhandledPromptBehavior: dismiss and notify, webauthn:extension:credBlob: true, webauthn:extension:largeBlob: true, webauthn:virtualAuthenticators: true}
Session ID: 4e5b63374159fa2ea6e25ee1b1617078
	at sun.reflect.GeneratedConstructorAccessor45.newInstance(Unknown Source)
	at sun.reflect.DelegatingConstructorAccessorImpl.newInstance(Unknown Source)
	at java.lang.reflect.Constructor.newInstance(Unknown Source)
	at org.openqa.selenium.remote.http.W3CHttpResponseCodec.createException(W3CHttpResponseCodec.java:187)
	at org.openqa.selenium.remote.http.W3CHttpResponseCodec.decode(W3CHttpResponseCodec.java:122)
	at org.openqa.selenium.remote.http.W3CHttpResponseCodec.decode(W3CHttpResponseCodec.java:49)
	at org.openqa.selenium.remote.HttpCommandExecutor.execute(HttpCommandExecutor.java:158)
	at org.openqa.selenium.remote.service.DriverCommandExecutor.execute(DriverCommandExecutor.java:83)
	at org.openqa.selenium.remote.RemoteWebDriver.execute(RemoteWebDriver.java:543)
	at org.openqa.selenium.remote.RemoteWebElement.execute(RemoteWebElement.java:276)
	at org.openqa.selenium.remote.RemoteWebElement.click(RemoteWebElement.java:83)
	at com.focus.Pages.FinancilaReportsXPage.checkSalesAdvanceVATReportBackTrackOption(FinancilaReportsXPage.java:15754)
	at com.focus.testcases.FinancialReportsXTest.checkSalesAdvanceVATReportBackTrackOption(FinancialReportsXTest.java:573)
	at sun.reflect.NativeMethodAccessorImpl.invoke0(Native Method)
	at sun.reflect.NativeMethodAccessorImpl.invoke(Unknown Source)
	at sun.reflect.DelegatingMethodAccessorImpl.invoke(Unknown Source)
	at java.lang.reflect.Method.invoke(Unknown Source)
	at org.testng.internal.MethodInvocationHelper.invokeMethod(MethodInvocationHelper.java:86)
	at org.testng.internal.Invoker.invokeMethod(Invoker.java:643)
	at org.testng.internal.Invoker.invokeTestMethod(Invoker.java:820)
	at org.testng.internal.Invoker.invokeTestMethods(Invoker.java:1128)
	at org.testng.internal.TestMethodWorker.invokeTestMethods(TestMethodWorker.java:129)
	at org.testng.internal.TestMethodWorker.run(TestMethodWorker.java:112)
	at org.testng.TestRunner.privateRun(TestRunner.java:782)
	at org.testng.TestRunner.run(TestRunner.java:632)
	at org.testng.SuiteRunner.runTest(SuiteRunner.java:366)
	at org.testng.SuiteRunner.runSequentially(SuiteRunner.java:361)
	at org.testng.SuiteRunner.privateRun(SuiteRunner.java:319)
	at org.testng.SuiteRunner.run(SuiteRunner.java:268)
	at org.testng.SuiteRunnerWorker.runSuite(SuiteRunnerWorker.java:52)
	at org.testng.SuiteRunnerWorker.run(SuiteRunnerWorker.java:86)
	at org.testng.TestNG.runSuitesSequentially(TestNG.java:1244)
	at org.testng.TestNG.runSuitesLocally(TestNG.java:1169)
	at org.testng.TestNG.run(TestNG.java:1064)
	at org.testng.remote.AbstractRemoteTestNG.run(AbstractRemoteTestNG.java:114)
	at org.testng.remote.RemoteTestNG.initAndRun(RemoteTestNG.java:251)
	at org.testng.remote.RemoteTestNG.main(RemoteTestNG.java:77)
]]>
    </error>
  </testcase> <!-- checkSalesAdvanceVATReportBackTrackOption -->
  <testcase name="checkReceiptRegisterReport" time="4.746" classname="com.focus.testcases.FinancialReportsXTest"/>
  <testcase name="checkABCAnalysisReportBackTrackOption" time="24.833" classname="com.focus.testcases.FinancialReportsXTest"/>
  <testcase name="checkCustomizationAndPrintOptionInCashFlowReport" time="3.190" classname="com.focus.testcases.FinancialReportsXTest">
    <error type="org.openqa.selenium.ElementClickInterceptedException" message="element click intercepted: Element &lt;i class=&quot;icon-custamize hiconright2&quot;&gt;&lt;/i&gt; is not clickable at point (1178, 98). Other element would receive the click: &lt;div class=&quot;col-lg-12&quot; style=&quot;padding-right:0px;padding-left:0px;width:100%;padding-bottom:28px;&quot;&gt;...&lt;/div&gt;
  (Session info: chrome=107.0.5304.122)
Build info: version: &#039;3.12.0&#039;, revision: &#039;7c6e0b3&#039;, time: &#039;2018-05-08T14:04:26.12Z&#039;
System info: host: &#039;FOCUS-QA-10&#039;, ip: &#039;192.168.4.206&#039;, os.name: &#039;Windows 10&#039;, os.arch: &#039;amd64&#039;, os.version: &#039;10.0&#039;, java.version: &#039;1.8.0_111&#039;
Driver info: org.openqa.selenium.chrome.ChromeDriver
Capabilities {acceptInsecureCerts: false, browserName: chrome, browserVersion: 107.0.5304.122, chrome: {chromedriverVersion: 106.0.5249.61 (511755355844..., userDataDir: C:\Users\Rakesh\AppData\Loc...}, goog:chromeOptions: {debuggerAddress: localhost:54194}, javascriptEnabled: true, networkConnectionEnabled: false, pageLoadStrategy: normal, platform: WINDOWS, platformName: WINDOWS, proxy: Proxy(), setWindowRect: true, strictFileInteractability: false, timeouts: {implicit: 0, pageLoad: 300000, script: 30000}, unhandledPromptBehavior: dismiss and notify, webauthn:extension:credBlob: true, webauthn:extension:largeBlob: true, webauthn:virtualAuthenticators: true}
Session ID: 4e5b63374159fa2ea6e25ee1b1617078">
      <![CDATA[org.openqa.selenium.ElementClickInterceptedException: element click intercepted: Element <i class="icon-custamize hiconright2"></i> is not clickable at point (1178, 98). Other element would receive the click: <div class="col-lg-12" style="padding-right:0px;padding-left:0px;width:100%;padding-bottom:28px;">...</div>
  (Session info: chrome=107.0.5304.122)
Build info: version: '3.12.0', revision: '7c6e0b3', time: '2018-05-08T14:04:26.12Z'
System info: host: 'FOCUS-QA-10', ip: '192.168.4.206', os.name: 'Windows 10', os.arch: 'amd64', os.version: '10.0', java.version: '1.8.0_111'
Driver info: org.openqa.selenium.chrome.ChromeDriver
Capabilities {acceptInsecureCerts: false, browserName: chrome, browserVersion: 107.0.5304.122, chrome: {chromedriverVersion: 106.0.5249.61 (511755355844..., userDataDir: C:\Users\Rakesh\AppData\Loc...}, goog:chromeOptions: {debuggerAddress: localhost:54194}, javascriptEnabled: true, networkConnectionEnabled: false, pageLoadStrategy: normal, platform: WINDOWS, platformName: WINDOWS, proxy: Proxy(), setWindowRect: true, strictFileInteractability: false, timeouts: {implicit: 0, pageLoad: 300000, script: 30000}, unhandledPromptBehavior: dismiss and notify, webauthn:extension:credBlob: true, webauthn:extension:largeBlob: true, webauthn:virtualAuthenticators: true}
Session ID: 4e5b63374159fa2ea6e25ee1b1617078
	at sun.reflect.GeneratedConstructorAccessor45.newInstance(Unknown Source)
	at sun.reflect.DelegatingConstructorAccessorImpl.newInstance(Unknown Source)
	at java.lang.reflect.Constructor.newInstance(Unknown Source)
	at org.openqa.selenium.remote.http.W3CHttpResponseCodec.createException(W3CHttpResponseCodec.java:187)
	at org.openqa.selenium.remote.http.W3CHttpResponseCodec.decode(W3CHttpResponseCodec.java:122)
	at org.openqa.selenium.remote.http.W3CHttpResponseCodec.decode(W3CHttpResponseCodec.java:49)
	at org.openqa.selenium.remote.HttpCommandExecutor.execute(HttpCommandExecutor.java:158)
	at org.openqa.selenium.remote.service.DriverCommandExecutor.execute(DriverCommandExecutor.java:83)
	at org.openqa.selenium.remote.RemoteWebDriver.execute(RemoteWebDriver.java:543)
	at org.openqa.selenium.remote.RemoteWebElement.execute(RemoteWebElement.java:276)
	at org.openqa.selenium.remote.RemoteWebElement.click(RemoteWebElement.java:83)
	at sun.reflect.GeneratedMethodAccessor4.invoke(Unknown Source)
	at sun.reflect.DelegatingMethodAccessorImpl.invoke(Unknown Source)
	at java.lang.reflect.Method.invoke(Unknown Source)
	at org.openqa.selenium.support.pagefactory.internal.LocatingElementHandler.invoke(LocatingElementHandler.java:51)
	at com.sun.proxy.$Proxy15.click(Unknown Source)
	at com.focus.Pages.FinancilaReportsXPage.checkCustomizationAndPrintOptionInCashFlowReport(FinancilaReportsXPage.java:35651)
	at com.focus.testcases.FinancialReportsXTest.checkCustomizationAndPrintOptionInCashFlowReport(FinancialReportsXTest.java:1210)
	at sun.reflect.NativeMethodAccessorImpl.invoke0(Native Method)
	at sun.reflect.NativeMethodAccessorImpl.invoke(Unknown Source)
	at sun.reflect.DelegatingMethodAccessorImpl.invoke(Unknown Source)
	at java.lang.reflect.Method.invoke(Unknown Source)
	at org.testng.internal.MethodInvocationHelper.invokeMethod(MethodInvocationHelper.java:86)
	at org.testng.internal.Invoker.invokeMethod(Invoker.java:643)
	at org.testng.internal.Invoker.invokeTestMethod(Invoker.java:820)
	at org.testng.internal.Invoker.invokeTestMethods(Invoker.java:1128)
	at org.testng.internal.TestMethodWorker.invokeTestMethods(TestMethodWorker.java:129)
	at org.testng.internal.TestMethodWorker.run(TestMethodWorker.java:112)
	at org.testng.TestRunner.privateRun(TestRunner.java:782)
	at org.testng.TestRunner.run(TestRunner.java:632)
	at org.testng.SuiteRunner.runTest(SuiteRunner.java:366)
	at org.testng.SuiteRunner.runSequentially(SuiteRunner.java:361)
	at org.testng.SuiteRunner.privateRun(SuiteRunner.java:319)
	at org.testng.SuiteRunner.run(SuiteRunner.java:268)
	at org.testng.SuiteRunnerWorker.runSuite(SuiteRunnerWorker.java:52)
	at org.testng.SuiteRunnerWorker.run(SuiteRunnerWorker.java:86)
	at org.testng.TestNG.runSuitesSequentially(TestNG.java:1244)
	at org.testng.TestNG.runSuitesLocally(TestNG.java:1169)
	at org.testng.TestNG.run(TestNG.java:1064)
	at org.testng.remote.AbstractRemoteTestNG.run(AbstractRemoteTestNG.java:114)
	at org.testng.remote.RemoteTestNG.initAndRun(RemoteTestNG.java:251)
	at org.testng.remote.RemoteTestNG.main(RemoteTestNG.java:77)
]]>
    </error>
  </testcase> <!-- checkCustomizationAndPrintOptionInCashFlowReport -->
  <testcase name="checkFinancialLedgerReport" time="8.439" classname="com.focus.testcases.FinancialReportsXTest">
    <error type="org.openqa.selenium.ElementClickInterceptedException" message="element click intercepted: Element &lt;select class=&quot;custom-select&quot; id=&quot;DateOptions_&quot; onchange=&quot;REPORTVIEW.applyDateSetting(this,&#039;id_starting_date_&#039; + &#039;&#039;, &#039;id_ending_date_&#039; + &#039;&#039;, &#039;132382978&#039;, &#039;132516872&#039;, &#039;4&#039;, &#039;1&#039;)&quot;&gt;...&lt;/select&gt; is not clickable at point (1168, 580). Other element would receive the click: &lt;label class=&quot;containerr&quot; style=&quot;margin-bottom:0px&quot;&gt;...&lt;/label&gt;
  (Session info: chrome=107.0.5304.122)
Build info: version: &#039;3.12.0&#039;, revision: &#039;7c6e0b3&#039;, time: &#039;2018-05-08T14:04:26.12Z&#039;
System info: host: &#039;FOCUS-QA-10&#039;, ip: &#039;192.168.4.206&#039;, os.name: &#039;Windows 10&#039;, os.arch: &#039;amd64&#039;, os.version: &#039;10.0&#039;, java.version: &#039;1.8.0_111&#039;
Driver info: org.openqa.selenium.chrome.ChromeDriver
Capabilities {acceptInsecureCerts: false, browserName: chrome, browserVersion: 107.0.5304.122, chrome: {chromedriverVersion: 106.0.5249.61 (511755355844..., userDataDir: C:\Users\Rakesh\AppData\Loc...}, goog:chromeOptions: {debuggerAddress: localhost:54194}, javascriptEnabled: true, networkConnectionEnabled: false, pageLoadStrategy: normal, platform: WINDOWS, platformName: WINDOWS, proxy: Proxy(), setWindowRect: true, strictFileInteractability: false, timeouts: {implicit: 0, pageLoad: 300000, script: 30000}, unhandledPromptBehavior: dismiss and notify, webauthn:extension:credBlob: true, webauthn:extension:largeBlob: true, webauthn:virtualAuthenticators: true}
Session ID: 4e5b63374159fa2ea6e25ee1b1617078">
      <![CDATA[org.openqa.selenium.ElementClickInterceptedException: element click intercepted: Element <select class="custom-select" id="DateOptions_" onchange="REPORTVIEW.applyDateSetting(this,'id_starting_date_' + '', 'id_ending_date_' + '', '132382978', '132516872', '4', '1')">...</select> is not clickable at point (1168, 580). Other element would receive the click: <label class="containerr" style="margin-bottom:0px">...</label>
  (Session info: chrome=107.0.5304.122)
Build info: version: '3.12.0', revision: '7c6e0b3', time: '2018-05-08T14:04:26.12Z'
System info: host: 'FOCUS-QA-10', ip: '192.168.4.206', os.name: 'Windows 10', os.arch: 'amd64', os.version: '10.0', java.version: '1.8.0_111'
Driver info: org.openqa.selenium.chrome.ChromeDriver
Capabilities {acceptInsecureCerts: false, browserName: chrome, browserVersion: 107.0.5304.122, chrome: {chromedriverVersion: 106.0.5249.61 (511755355844..., userDataDir: C:\Users\Rakesh\AppData\Loc...}, goog:chromeOptions: {debuggerAddress: localhost:54194}, javascriptEnabled: true, networkConnectionEnabled: false, pageLoadStrategy: normal, platform: WINDOWS, platformName: WINDOWS, proxy: Proxy(), setWindowRect: true, strictFileInteractability: false, timeouts: {implicit: 0, pageLoad: 300000, script: 30000}, unhandledPromptBehavior: dismiss and notify, webauthn:extension:credBlob: true, webauthn:extension:largeBlob: true, webauthn:virtualAuthenticators: true}
Session ID: 4e5b63374159fa2ea6e25ee1b1617078
	at sun.reflect.NativeConstructorAccessorImpl.newInstance0(Native Method)
	at sun.reflect.NativeConstructorAccessorImpl.newInstance(Unknown Source)
	at sun.reflect.DelegatingConstructorAccessorImpl.newInstance(Unknown Source)
	at java.lang.reflect.Constructor.newInstance(Unknown Source)
	at org.openqa.selenium.remote.http.W3CHttpResponseCodec.createException(W3CHttpResponseCodec.java:187)
	at org.openqa.selenium.remote.http.W3CHttpResponseCodec.decode(W3CHttpResponseCodec.java:122)
	at org.openqa.selenium.remote.http.W3CHttpResponseCodec.decode(W3CHttpResponseCodec.java:49)
	at org.openqa.selenium.remote.HttpCommandExecutor.execute(HttpCommandExecutor.java:158)
	at org.openqa.selenium.remote.service.DriverCommandExecutor.execute(DriverCommandExecutor.java:83)
	at org.openqa.selenium.remote.RemoteWebDriver.execute(RemoteWebDriver.java:543)
	at org.openqa.selenium.remote.RemoteWebElement.execute(RemoteWebElement.java:276)
	at org.openqa.selenium.remote.RemoteWebElement.click(RemoteWebElement.java:83)
	at sun.reflect.GeneratedMethodAccessor4.invoke(Unknown Source)
	at sun.reflect.DelegatingMethodAccessorImpl.invoke(Unknown Source)
	at java.lang.reflect.Method.invoke(Unknown Source)
	at org.openqa.selenium.support.pagefactory.internal.LocatingElementHandler.invoke(LocatingElementHandler.java:51)
	at com.sun.proxy.$Proxy15.click(Unknown Source)
	at com.focus.Pages.FinancilaReportsXPage.checkFinancialLedgerReport(FinancilaReportsXPage.java:562)
	at com.focus.testcases.FinancialReportsXTest.checkFinancialLedgerReport(FinancialReportsXTest.java:40)
	at sun.reflect.NativeMethodAccessorImpl.invoke0(Native Method)
	at sun.reflect.NativeMethodAccessorImpl.invoke(Unknown Source)
	at sun.reflect.DelegatingMethodAccessorImpl.invoke(Unknown Source)
	at java.lang.reflect.Method.invoke(Unknown Source)
	at org.testng.internal.MethodInvocationHelper.invokeMethod(MethodInvocationHelper.java:86)
	at org.testng.internal.Invoker.invokeMethod(Invoker.java:643)
	at org.testng.internal.Invoker.invokeTestMethod(Invoker.java:820)
	at org.testng.internal.Invoker.invokeTestMethods(Invoker.java:1128)
	at org.testng.internal.TestMethodWorker.invokeTestMethods(TestMethodWorker.java:129)
	at org.testng.internal.TestMethodWorker.run(TestMethodWorker.java:112)
	at org.testng.TestRunner.privateRun(TestRunner.java:782)
	at org.testng.TestRunner.run(TestRunner.java:632)
	at org.testng.SuiteRunner.runTest(SuiteRunner.java:366)
	at org.testng.SuiteRunner.runSequentially(SuiteRunner.java:361)
	at org.testng.SuiteRunner.privateRun(SuiteRunner.java:319)
	at org.testng.SuiteRunner.run(SuiteRunner.java:268)
	at org.testng.SuiteRunnerWorker.runSuite(SuiteRunnerWorker.java:52)
	at org.testng.SuiteRunnerWorker.run(SuiteRunnerWorker.java:86)
	at org.testng.TestNG.runSuitesSequentially(TestNG.java:1244)
	at org.testng.TestNG.runSuitesLocally(TestNG.java:1169)
	at org.testng.TestNG.run(TestNG.java:1064)
	at org.testng.remote.AbstractRemoteTestNG.run(AbstractRemoteTestNG.java:114)
	at org.testng.remote.RemoteTestNG.initAndRun(RemoteTestNG.java:251)
	at org.testng.remote.RemoteTestNG.main(RemoteTestNG.java:77)
]]>
    </error>
  </testcase> <!-- checkFinancialLedgerReport -->
  <testcase name="checkcustomerSummaryCustomerAgeingSummaryReport" time="24.876" classname="com.focus.testcases.FinancialReportsXTest"/>
  <testcase name="checkJournalEntriesRegisterReportBackTrackOption" time="14.279" classname="com.focus.testcases.FinancialReportsXTest"/>
  <testcase name="checkLedgerReportWithAllCheckBoxesEnable" time="1.401" classname="com.focus.testcases.FinancialReportsXTest">
    <error type="org.openqa.selenium.ElementClickInterceptedException" message="element click intercepted: Element &lt;span class=&quot;checkmark&quot;&gt;&lt;/span&gt; is not clickable at point (1037, 591). Other element would receive the click: &lt;footer class=&quot;main-footer&quot; id=&quot;id_footer&quot; style=&quot;width: 1263px;&quot;&gt;...&lt;/footer&gt;
  (Session info: chrome=107.0.5304.122)
Build info: version: &#039;3.12.0&#039;, revision: &#039;7c6e0b3&#039;, time: &#039;2018-05-08T14:04:26.12Z&#039;
System info: host: &#039;FOCUS-QA-10&#039;, ip: &#039;192.168.4.206&#039;, os.name: &#039;Windows 10&#039;, os.arch: &#039;amd64&#039;, os.version: &#039;10.0&#039;, java.version: &#039;1.8.0_111&#039;
Driver info: org.openqa.selenium.chrome.ChromeDriver
Capabilities {acceptInsecureCerts: false, browserName: chrome, browserVersion: 107.0.5304.122, chrome: {chromedriverVersion: 106.0.5249.61 (511755355844..., userDataDir: C:\Users\Rakesh\AppData\Loc...}, goog:chromeOptions: {debuggerAddress: localhost:54194}, javascriptEnabled: true, networkConnectionEnabled: false, pageLoadStrategy: normal, platform: WINDOWS, platformName: WINDOWS, proxy: Proxy(), setWindowRect: true, strictFileInteractability: false, timeouts: {implicit: 0, pageLoad: 300000, script: 30000}, unhandledPromptBehavior: dismiss and notify, webauthn:extension:credBlob: true, webauthn:extension:largeBlob: true, webauthn:virtualAuthenticators: true}
Session ID: 4e5b63374159fa2ea6e25ee1b1617078">
      <![CDATA[org.openqa.selenium.ElementClickInterceptedException: element click intercepted: Element <span class="checkmark"></span> is not clickable at point (1037, 591). Other element would receive the click: <footer class="main-footer" id="id_footer" style="width: 1263px;">...</footer>
  (Session info: chrome=107.0.5304.122)
Build info: version: '3.12.0', revision: '7c6e0b3', time: '2018-05-08T14:04:26.12Z'
System info: host: 'FOCUS-QA-10', ip: '192.168.4.206', os.name: 'Windows 10', os.arch: 'amd64', os.version: '10.0', java.version: '1.8.0_111'
Driver info: org.openqa.selenium.chrome.ChromeDriver
Capabilities {acceptInsecureCerts: false, browserName: chrome, browserVersion: 107.0.5304.122, chrome: {chromedriverVersion: 106.0.5249.61 (511755355844..., userDataDir: C:\Users\Rakesh\AppData\Loc...}, goog:chromeOptions: {debuggerAddress: localhost:54194}, javascriptEnabled: true, networkConnectionEnabled: false, pageLoadStrategy: normal, platform: WINDOWS, platformName: WINDOWS, proxy: Proxy(), setWindowRect: true, strictFileInteractability: false, timeouts: {implicit: 0, pageLoad: 300000, script: 30000}, unhandledPromptBehavior: dismiss and notify, webauthn:extension:credBlob: true, webauthn:extension:largeBlob: true, webauthn:virtualAuthenticators: true}
Session ID: 4e5b63374159fa2ea6e25ee1b1617078
	at sun.reflect.NativeConstructorAccessorImpl.newInstance0(Native Method)
	at sun.reflect.NativeConstructorAccessorImpl.newInstance(Unknown Source)
	at sun.reflect.DelegatingConstructorAccessorImpl.newInstance(Unknown Source)
	at java.lang.reflect.Constructor.newInstance(Unknown Source)
	at org.openqa.selenium.remote.http.W3CHttpResponseCodec.createException(W3CHttpResponseCodec.java:187)
	at org.openqa.selenium.remote.http.W3CHttpResponseCodec.decode(W3CHttpResponseCodec.java:122)
	at org.openqa.selenium.remote.http.W3CHttpResponseCodec.decode(W3CHttpResponseCodec.java:49)
	at org.openqa.selenium.remote.HttpCommandExecutor.execute(HttpCommandExecutor.java:158)
	at org.openqa.selenium.remote.service.DriverCommandExecutor.execute(DriverCommandExecutor.java:83)
	at org.openqa.selenium.remote.RemoteWebDriver.execute(RemoteWebDriver.java:543)
	at org.openqa.selenium.remote.RemoteWebElement.execute(RemoteWebElement.java:276)
	at org.openqa.selenium.remote.RemoteWebElement.click(RemoteWebElement.java:83)
	at sun.reflect.GeneratedMethodAccessor4.invoke(Unknown Source)
	at sun.reflect.DelegatingMethodAccessorImpl.invoke(Unknown Source)
	at java.lang.reflect.Method.invoke(Unknown Source)
	at org.openqa.selenium.support.pagefactory.internal.LocatingElementHandler.invoke(LocatingElementHandler.java:51)
	at com.sun.proxy.$Proxy15.click(Unknown Source)
	at com.focus.Pages.FinancilaReportsXPage.checkLedgerReportWithAllCheckBoxesEnable(FinancilaReportsXPage.java:745)
	at com.focus.testcases.FinancialReportsXTest.checkLedgerReportWithAllCheckBoxesEnable(FinancialReportsXTest.java:47)
	at sun.reflect.NativeMethodAccessorImpl.invoke0(Native Method)
	at sun.reflect.NativeMethodAccessorImpl.invoke(Unknown Source)
	at sun.reflect.DelegatingMethodAccessorImpl.invoke(Unknown Source)
	at java.lang.reflect.Method.invoke(Unknown Source)
	at org.testng.internal.MethodInvocationHelper.invokeMethod(MethodInvocationHelper.java:86)
	at org.testng.internal.Invoker.invokeMethod(Invoker.java:643)
	at org.testng.internal.Invoker.invokeTestMethod(Invoker.java:820)
	at org.testng.internal.Invoker.invokeTestMethods(Invoker.java:1128)
	at org.testng.internal.TestMethodWorker.invokeTestMethods(TestMethodWorker.java:129)
	at org.testng.internal.TestMethodWorker.run(TestMethodWorker.java:112)
	at org.testng.TestRunner.privateRun(TestRunner.java:782)
	at org.testng.TestRunner.run(TestRunner.java:632)
	at org.testng.SuiteRunner.runTest(SuiteRunner.java:366)
	at org.testng.SuiteRunner.runSequentially(SuiteRunner.java:361)
	at org.testng.SuiteRunner.privateRun(SuiteRunner.java:319)
	at org.testng.SuiteRunner.run(SuiteRunner.java:268)
	at org.testng.SuiteRunnerWorker.runSuite(SuiteRunnerWorker.java:52)
	at org.testng.SuiteRunnerWorker.run(SuiteRunnerWorker.java:86)
	at org.testng.TestNG.runSuitesSequentially(TestNG.java:1244)
	at org.testng.TestNG.runSuitesLocally(TestNG.java:1169)
	at org.testng.TestNG.run(TestNG.java:1064)
	at org.testng.remote.AbstractRemoteTestNG.run(AbstractRemoteTestNG.java:114)
	at org.testng.remote.RemoteTestNG.initAndRun(RemoteTestNG.java:251)
	at org.testng.remote.RemoteTestNG.main(RemoteTestNG.java:77)
]]>
    </error>
  </testcase> <!-- checkLedgerReportWithAllCheckBoxesEnable -->
  <testcase name="checkPDCPaymentRegisterReportwithAllIncludePDC" time="12.411" classname="com.focus.testcases.FinancialReportsXTest"/>
  <testcase name="checkLedgerDetailReportPrintOption" time="82.147" classname="com.focus.testcases.FinancialReportsXTest">
    <error type="org.openqa.selenium.TimeoutException" message="Expected condition failed: waiting for element to be clickable: Proxy element for: DefaultElementLocator &#039;By.xpath: (//*[@class=&#039;icon-print hiconright2&#039;])[2]&#039; (tried for 40 second(s) with 5000 milliseconds interval)">
      <![CDATA[org.openqa.selenium.TimeoutException: Expected condition failed: waiting for element to be clickable: Proxy element for: DefaultElementLocator 'By.xpath: (//*[@class='icon-print hiconright2'])[2]' (tried for 40 second(s) with 5000 milliseconds interval)
	at org.openqa.selenium.support.ui.FluentWait.timeoutException(FluentWait.java:303)
	at org.openqa.selenium.support.ui.FluentWait.until(FluentWait.java:271)
	at com.focus.Pages.FinancilaReportsXPage.checkLedgerDetailReportPrintOption(FinancilaReportsXPage.java:1979)
	at com.focus.testcases.FinancialReportsXTest.checkLedgerDetailReportPrintOption(FinancialReportsXTest.java:87)
	at sun.reflect.NativeMethodAccessorImpl.invoke0(Native Method)
	at sun.reflect.NativeMethodAccessorImpl.invoke(Unknown Source)
	at sun.reflect.DelegatingMethodAccessorImpl.invoke(Unknown Source)
	at java.lang.reflect.Method.invoke(Unknown Source)
	at org.testng.internal.MethodInvocationHelper.invokeMethod(MethodInvocationHelper.java:86)
	at org.testng.internal.Invoker.invokeMethod(Invoker.java:643)
	at org.testng.internal.Invoker.invokeTestMethod(Invoker.java:820)
	at org.testng.internal.Invoker.invokeTestMethods(Invoker.java:1128)
	at org.testng.internal.TestMethodWorker.invokeTestMethods(TestMethodWorker.java:129)
	at org.testng.internal.TestMethodWorker.run(TestMethodWorker.java:112)
	at org.testng.TestRunner.privateRun(TestRunner.java:782)
	at org.testng.TestRunner.run(TestRunner.java:632)
	at org.testng.SuiteRunner.runTest(SuiteRunner.java:366)
	at org.testng.SuiteRunner.runSequentially(SuiteRunner.java:361)
	at org.testng.SuiteRunner.privateRun(SuiteRunner.java:319)
	at org.testng.SuiteRunner.run(SuiteRunner.java:268)
	at org.testng.SuiteRunnerWorker.runSuite(SuiteRunnerWorker.java:52)
	at org.testng.SuiteRunnerWorker.run(SuiteRunnerWorker.java:86)
	at org.testng.TestNG.runSuitesSequentially(TestNG.java:1244)
	at org.testng.TestNG.runSuitesLocally(TestNG.java:1169)
	at org.testng.TestNG.run(TestNG.java:1064)
	at org.testng.remote.AbstractRemoteTestNG.run(AbstractRemoteTestNG.java:114)
	at org.testng.remote.RemoteTestNG.initAndRun(RemoteTestNG.java:251)
	at org.testng.remote.RemoteTestNG.main(RemoteTestNG.java:77)
Caused by: org.openqa.selenium.NoSuchElementException: no such element: Unable to locate element: {"method":"xpath","selector":"(//*[@class='icon-print hiconright2'])[2]"}
  (Session info: chrome=107.0.5304.122)
For documentation on this error, please visit: http://seleniumhq.org/exceptions/no_such_element.html
Build info: version: '3.12.0', revision: '7c6e0b3', time: '2018-05-08T14:04:26.12Z'
System info: host: 'FOCUS-QA-10', ip: '192.168.4.206', os.name: 'Windows 10', os.arch: 'amd64', os.version: '10.0', java.version: '1.8.0_111'
Driver info: org.openqa.selenium.chrome.ChromeDriver
Capabilities {acceptInsecureCerts: false, browserName: chrome, browserVersion: 107.0.5304.122, chrome: {chromedriverVersion: 106.0.5249.61 (511755355844..., userDataDir: C:\Users\Rakesh\AppData\Loc...}, goog:chromeOptions: {debuggerAddress: localhost:54194}, javascriptEnabled: true, networkConnectionEnabled: false, pageLoadStrategy: normal, platform: WINDOWS, platformName: WINDOWS, proxy: Proxy(), setWindowRect: true, strictFileInteractability: false, timeouts: {implicit: 0, pageLoad: 300000, script: 30000}, unhandledPromptBehavior: dismiss and notify, webauthn:extension:credBlob: true, webauthn:extension:largeBlob: true, webauthn:virtualAuthenticators: true}
Session ID: 4e5b63374159fa2ea6e25ee1b1617078
*** Element info: {Using=xpath, value=(//*[@class='icon-print hiconright2'])[2]}
	at sun.reflect.GeneratedConstructorAccessor43.newInstance(Unknown Source)
	at sun.reflect.DelegatingConstructorAccessorImpl.newInstance(Unknown Source)
	at java.lang.reflect.Constructor.newInstance(Unknown Source)
	at org.openqa.selenium.remote.http.W3CHttpResponseCodec.createException(W3CHttpResponseCodec.java:187)
	at org.openqa.selenium.remote.http.W3CHttpResponseCodec.decode(W3CHttpResponseCodec.java:122)
	at org.openqa.selenium.remote.http.W3CHttpResponseCodec.decode(W3CHttpResponseCodec.java:49)
	at org.openqa.selenium.remote.HttpCommandExecutor.execute(HttpCommandExecutor.java:158)
	at org.openqa.selenium.remote.service.DriverCommandExecutor.execute(DriverCommandExecutor.java:83)
	at org.openqa.selenium.remote.RemoteWebDriver.execute(RemoteWebDriver.java:543)
	at org.openqa.selenium.remote.RemoteWebDriver.findElement(RemoteWebDriver.java:317)
	at org.openqa.selenium.remote.RemoteWebDriver.findElementByXPath(RemoteWebDriver.java:419)
	at org.openqa.selenium.By$ByXPath.findElement(By.java:353)
	at org.openqa.selenium.remote.RemoteWebDriver.findElement(RemoteWebDriver.java:309)
	at org.openqa.selenium.support.pagefactory.DefaultElementLocator.findElement(DefaultElementLocator.java:69)
	at org.openqa.selenium.support.pagefactory.internal.LocatingElementHandler.invoke(LocatingElementHandler.java:38)
	at com.sun.proxy.$Proxy15.isDisplayed(Unknown Source)
	at org.openqa.selenium.support.ui.ExpectedConditions.elementIfVisible(ExpectedConditions.java:315)
	at org.openqa.selenium.support.ui.ExpectedConditions.access$100(ExpectedConditions.java:44)
	at org.openqa.selenium.support.ui.ExpectedConditions$10.apply(ExpectedConditions.java:301)
	at org.openqa.selenium.support.ui.ExpectedConditions$10.apply(ExpectedConditions.java:298)
	at org.openqa.selenium.support.ui.ExpectedConditions$23.apply(ExpectedConditions.java:686)
	at org.openqa.selenium.support.ui.ExpectedConditions$23.apply(ExpectedConditions.java:682)
	at org.openqa.selenium.support.ui.FluentWait.until(FluentWait.java:248)
	... 26 more
]]>
    </error>
  </testcase> <!-- checkLedgerDetailReportPrintOption -->
  <testcase name="checkComparitiveAnalysisReportBackTrackOption" time="1.286" classname="com.focus.testcases.FinancialReportsXTest">
    <error type="org.openqa.selenium.ElementClickInterceptedException" message="element click intercepted: Element &lt;td data-ifieldid=&quot;1&quot; data-datatypeid=&quot;0&quot; onclick=&quot;REPORTRENDER.GetFieldId(this);&quot; id=&quot;tdSort_5_col_Particulars_&quot; class=&quot;TextAlignLeft&quot; colspan=&quot;0&quot; style=&quot;border-style: none; font-style: normal; font-weight: normal; font-size: 12px; width: 120px;&quot;&gt;...&lt;/td&gt; is not clickable at point (206, 257). Other element would receive the click: &lt;div id=&quot;fullScreen&quot; class=&quot;modal fade right show&quot; role=&quot;dialog&quot; data-backdrop=&quot;static&quot; style=&quot;z-index: 10000001; padding-right: 10px; display: block;&quot; aria-modal=&quot;true&quot;&gt;...&lt;/div&gt;
  (Session info: chrome=107.0.5304.122)
Build info: version: &#039;3.12.0&#039;, revision: &#039;7c6e0b3&#039;, time: &#039;2018-05-08T14:04:26.12Z&#039;
System info: host: &#039;FOCUS-QA-10&#039;, ip: &#039;192.168.4.206&#039;, os.name: &#039;Windows 10&#039;, os.arch: &#039;amd64&#039;, os.version: &#039;10.0&#039;, java.version: &#039;1.8.0_111&#039;
Driver info: org.openqa.selenium.chrome.ChromeDriver
Capabilities {acceptInsecureCerts: false, browserName: chrome, browserVersion: 107.0.5304.122, chrome: {chromedriverVersion: 106.0.5249.61 (511755355844..., userDataDir: C:\Users\Rakesh\AppData\Loc...}, goog:chromeOptions: {debuggerAddress: localhost:54194}, javascriptEnabled: true, networkConnectionEnabled: false, pageLoadStrategy: normal, platform: WINDOWS, platformName: WINDOWS, proxy: Proxy(), setWindowRect: true, strictFileInteractability: false, timeouts: {implicit: 0, pageLoad: 300000, script: 30000}, unhandledPromptBehavior: dismiss and notify, webauthn:extension:credBlob: true, webauthn:extension:largeBlob: true, webauthn:virtualAuthenticators: true}
Session ID: 4e5b63374159fa2ea6e25ee1b1617078">
      <![CDATA[org.openqa.selenium.ElementClickInterceptedException: element click intercepted: Element <td data-ifieldid="1" data-datatypeid="0" onclick="REPORTRENDER.GetFieldId(this);" id="tdSort_5_col_Particulars_" class="TextAlignLeft" colspan="0" style="border-style: none; font-style: normal; font-weight: normal; font-size: 12px; width: 120px;">...</td> is not clickable at point (206, 257). Other element would receive the click: <div id="fullScreen" class="modal fade right show" role="dialog" data-backdrop="static" style="z-index: 10000001; padding-right: 10px; display: block;" aria-modal="true">...</div>
  (Session info: chrome=107.0.5304.122)
Build info: version: '3.12.0', revision: '7c6e0b3', time: '2018-05-08T14:04:26.12Z'
System info: host: 'FOCUS-QA-10', ip: '192.168.4.206', os.name: 'Windows 10', os.arch: 'amd64', os.version: '10.0', java.version: '1.8.0_111'
Driver info: org.openqa.selenium.chrome.ChromeDriver
Capabilities {acceptInsecureCerts: false, browserName: chrome, browserVersion: 107.0.5304.122, chrome: {chromedriverVersion: 106.0.5249.61 (511755355844..., userDataDir: C:\Users\Rakesh\AppData\Loc...}, goog:chromeOptions: {debuggerAddress: localhost:54194}, javascriptEnabled: true, networkConnectionEnabled: false, pageLoadStrategy: normal, platform: WINDOWS, platformName: WINDOWS, proxy: Proxy(), setWindowRect: true, strictFileInteractability: false, timeouts: {implicit: 0, pageLoad: 300000, script: 30000}, unhandledPromptBehavior: dismiss and notify, webauthn:extension:credBlob: true, webauthn:extension:largeBlob: true, webauthn:virtualAuthenticators: true}
Session ID: 4e5b63374159fa2ea6e25ee1b1617078
	at sun.reflect.GeneratedConstructorAccessor45.newInstance(Unknown Source)
	at sun.reflect.DelegatingConstructorAccessorImpl.newInstance(Unknown Source)
	at java.lang.reflect.Constructor.newInstance(Unknown Source)
	at org.openqa.selenium.remote.http.W3CHttpResponseCodec.createException(W3CHttpResponseCodec.java:187)
	at org.openqa.selenium.remote.http.W3CHttpResponseCodec.decode(W3CHttpResponseCodec.java:122)
	at org.openqa.selenium.remote.http.W3CHttpResponseCodec.decode(W3CHttpResponseCodec.java:49)
	at org.openqa.selenium.remote.HttpCommandExecutor.execute(HttpCommandExecutor.java:158)
	at org.openqa.selenium.remote.service.DriverCommandExecutor.execute(DriverCommandExecutor.java:83)
	at org.openqa.selenium.remote.RemoteWebDriver.execute(RemoteWebDriver.java:543)
	at org.openqa.selenium.remote.RemoteWebElement.execute(RemoteWebElement.java:276)
	at org.openqa.selenium.remote.RemoteWebElement.click(RemoteWebElement.java:83)
	at com.focus.Pages.FinancilaReportsXPage.checkComparitiveAnalysisReportBackTrackOption(FinancilaReportsXPage.java:25510)
	at com.focus.testcases.FinancialReportsXTest.checkComparitiveAnalysisReportBackTrackOption(FinancialReportsXTest.java:863)
	at sun.reflect.NativeMethodAccessorImpl.invoke0(Native Method)
	at sun.reflect.NativeMethodAccessorImpl.invoke(Unknown Source)
	at sun.reflect.DelegatingMethodAccessorImpl.invoke(Unknown Source)
	at java.lang.reflect.Method.invoke(Unknown Source)
	at org.testng.internal.MethodInvocationHelper.invokeMethod(MethodInvocationHelper.java:86)
	at org.testng.internal.Invoker.invokeMethod(Invoker.java:643)
	at org.testng.internal.Invoker.invokeTestMethod(Invoker.java:820)
	at org.testng.internal.Invoker.invokeTestMethods(Invoker.java:1128)
	at org.testng.internal.TestMethodWorker.invokeTestMethods(TestMethodWorker.java:129)
	at org.testng.internal.TestMethodWorker.run(TestMethodWorker.java:112)
	at org.testng.TestRunner.privateRun(TestRunner.java:782)
	at org.testng.TestRunner.run(TestRunner.java:632)
	at org.testng.SuiteRunner.runTest(SuiteRunner.java:366)
	at org.testng.SuiteRunner.runSequentially(SuiteRunner.java:361)
	at org.testng.SuiteRunner.privateRun(SuiteRunner.java:319)
	at org.testng.SuiteRunner.run(SuiteRunner.java:268)
	at org.testng.SuiteRunnerWorker.runSuite(SuiteRunnerWorker.java:52)
	at org.testng.SuiteRunnerWorker.run(SuiteRunnerWorker.java:86)
	at org.testng.TestNG.runSuitesSequentially(TestNG.java:1244)
	at org.testng.TestNG.runSuitesLocally(TestNG.java:1169)
	at org.testng.TestNG.run(TestNG.java:1064)
	at org.testng.remote.AbstractRemoteTestNG.run(AbstractRemoteTestNG.java:114)
	at org.testng.remote.RemoteTestNG.initAndRun(RemoteTestNG.java:251)
	at org.testng.remote.RemoteTestNG.main(RemoteTestNG.java:77)
]]>
    </error>
  </testcase> <!-- checkComparitiveAnalysisReportBackTrackOption -->
  <testcase name="checkBackTrackInProfitAndLossReport" time="45.725" classname="com.focus.testcases.FinancialReportsXTest"/>
  <testcase name="checkVendorSummeryVendorBillwiseSummaryReportBackTrackOption" time="1.105" classname="com.focus.testcases.FinancialReportsXTest">
    <error type="org.openqa.selenium.ElementClickInterceptedException" message="element click intercepted: Element &lt;td data-ifieldid=&quot;1&quot; data-datatypeid=&quot;0&quot; onclick=&quot;REPORTRENDER.GetFieldId(this);&quot; id=&quot;tdSort_0_col_Account_&quot; class=&quot;TextAlignLeft&quot; colspan=&quot;0&quot; style=&quot;border-style: none; font-style: normal; font-weight: normal; font-size: 12px; width: 120px;&quot;&gt;...&lt;/td&gt; is not clickable at point (206, 175). Other element would receive the click: &lt;div id=&quot;fullScreen&quot; class=&quot;modal fade right show&quot; role=&quot;dialog&quot; data-backdrop=&quot;static&quot; style=&quot;z-index: 10000001; padding-right: 10px; display: block;&quot; aria-modal=&quot;true&quot;&gt;...&lt;/div&gt;
  (Session info: chrome=107.0.5304.122)
Build info: version: &#039;3.12.0&#039;, revision: &#039;7c6e0b3&#039;, time: &#039;2018-05-08T14:04:26.12Z&#039;
System info: host: &#039;FOCUS-QA-10&#039;, ip: &#039;192.168.4.206&#039;, os.name: &#039;Windows 10&#039;, os.arch: &#039;amd64&#039;, os.version: &#039;10.0&#039;, java.version: &#039;1.8.0_111&#039;
Driver info: org.openqa.selenium.chrome.ChromeDriver
Capabilities {acceptInsecureCerts: false, browserName: chrome, browserVersion: 107.0.5304.122, chrome: {chromedriverVersion: 106.0.5249.61 (511755355844..., userDataDir: C:\Users\Rakesh\AppData\Loc...}, goog:chromeOptions: {debuggerAddress: localhost:54194}, javascriptEnabled: true, networkConnectionEnabled: false, pageLoadStrategy: normal, platform: WINDOWS, platformName: WINDOWS, proxy: Proxy(), setWindowRect: true, strictFileInteractability: false, timeouts: {implicit: 0, pageLoad: 300000, script: 30000}, unhandledPromptBehavior: dismiss and notify, webauthn:extension:credBlob: true, webauthn:extension:largeBlob: true, webauthn:virtualAuthenticators: true}
Session ID: 4e5b63374159fa2ea6e25ee1b1617078">
      <![CDATA[org.openqa.selenium.ElementClickInterceptedException: element click intercepted: Element <td data-ifieldid="1" data-datatypeid="0" onclick="REPORTRENDER.GetFieldId(this);" id="tdSort_0_col_Account_" class="TextAlignLeft" colspan="0" style="border-style: none; font-style: normal; font-weight: normal; font-size: 12px; width: 120px;">...</td> is not clickable at point (206, 175). Other element would receive the click: <div id="fullScreen" class="modal fade right show" role="dialog" data-backdrop="static" style="z-index: 10000001; padding-right: 10px; display: block;" aria-modal="true">...</div>
  (Session info: chrome=107.0.5304.122)
Build info: version: '3.12.0', revision: '7c6e0b3', time: '2018-05-08T14:04:26.12Z'
System info: host: 'FOCUS-QA-10', ip: '192.168.4.206', os.name: 'Windows 10', os.arch: 'amd64', os.version: '10.0', java.version: '1.8.0_111'
Driver info: org.openqa.selenium.chrome.ChromeDriver
Capabilities {acceptInsecureCerts: false, browserName: chrome, browserVersion: 107.0.5304.122, chrome: {chromedriverVersion: 106.0.5249.61 (511755355844..., userDataDir: C:\Users\Rakesh\AppData\Loc...}, goog:chromeOptions: {debuggerAddress: localhost:54194}, javascriptEnabled: true, networkConnectionEnabled: false, pageLoadStrategy: normal, platform: WINDOWS, platformName: WINDOWS, proxy: Proxy(), setWindowRect: true, strictFileInteractability: false, timeouts: {implicit: 0, pageLoad: 300000, script: 30000}, unhandledPromptBehavior: dismiss and notify, webauthn:extension:credBlob: true, webauthn:extension:largeBlob: true, webauthn:virtualAuthenticators: true}
Session ID: 4e5b63374159fa2ea6e25ee1b1617078
	at sun.reflect.GeneratedConstructorAccessor45.newInstance(Unknown Source)
	at sun.reflect.DelegatingConstructorAccessorImpl.newInstance(Unknown Source)
	at java.lang.reflect.Constructor.newInstance(Unknown Source)
	at org.openqa.selenium.remote.http.W3CHttpResponseCodec.createException(W3CHttpResponseCodec.java:187)
	at org.openqa.selenium.remote.http.W3CHttpResponseCodec.decode(W3CHttpResponseCodec.java:122)
	at org.openqa.selenium.remote.http.W3CHttpResponseCodec.decode(W3CHttpResponseCodec.java:49)
	at org.openqa.selenium.remote.HttpCommandExecutor.execute(HttpCommandExecutor.java:158)
	at org.openqa.selenium.remote.service.DriverCommandExecutor.execute(DriverCommandExecutor.java:83)
	at org.openqa.selenium.remote.RemoteWebDriver.execute(RemoteWebDriver.java:543)
	at org.openqa.selenium.remote.RemoteWebElement.execute(RemoteWebElement.java:276)
	at org.openqa.selenium.remote.RemoteWebElement.click(RemoteWebElement.java:83)
	at com.focus.Pages.FinancilaReportsXPage.checkVendorSummeryVendorBillwiseSummaryReportBackTrackOption(FinancilaReportsXPage.java:47035)
	at com.focus.testcases.FinancialReportsXTest.checkVendorSummeryVendorBillwiseSummaryReportBackTrackOption(FinancialReportsXTest.java:1800)
	at sun.reflect.NativeMethodAccessorImpl.invoke0(Native Method)
	at sun.reflect.NativeMethodAccessorImpl.invoke(Unknown Source)
	at sun.reflect.DelegatingMethodAccessorImpl.invoke(Unknown Source)
	at java.lang.reflect.Method.invoke(Unknown Source)
	at org.testng.internal.MethodInvocationHelper.invokeMethod(MethodInvocationHelper.java:86)
	at org.testng.internal.Invoker.invokeMethod(Invoker.java:643)
	at org.testng.internal.Invoker.invokeTestMethod(Invoker.java:820)
	at org.testng.internal.Invoker.invokeTestMethods(Invoker.java:1128)
	at org.testng.internal.TestMethodWorker.invokeTestMethods(TestMethodWorker.java:129)
	at org.testng.internal.TestMethodWorker.run(TestMethodWorker.java:112)
	at org.testng.TestRunner.privateRun(TestRunner.java:782)
	at org.testng.TestRunner.run(TestRunner.java:632)
	at org.testng.SuiteRunner.runTest(SuiteRunner.java:366)
	at org.testng.SuiteRunner.runSequentially(SuiteRunner.java:361)
	at org.testng.SuiteRunner.privateRun(SuiteRunner.java:319)
	at org.testng.SuiteRunner.run(SuiteRunner.java:268)
	at org.testng.SuiteRunnerWorker.runSuite(SuiteRunnerWorker.java:52)
	at org.testng.SuiteRunnerWorker.run(SuiteRunnerWorker.java:86)
	at org.testng.TestNG.runSuitesSequentially(TestNG.java:1244)
	at org.testng.TestNG.runSuitesLocally(TestNG.java:1169)
	at org.testng.TestNG.run(TestNG.java:1064)
	at org.testng.remote.AbstractRemoteTestNG.run(AbstractRemoteTestNG.java:114)
	at org.testng.remote.RemoteTestNG.initAndRun(RemoteTestNG.java:251)
	at org.testng.remote.RemoteTestNG.main(RemoteTestNG.java:77)
]]>
    </error>
  </testcase> <!-- checkVendorSummeryVendorBillwiseSummaryReportBackTrackOption -->
  <testcase name="checkCustomerAgeingDetailsByDueDateReport" time="3.740" classname="com.focus.testcases.FinancialReportsXTest">
    <error type="org.openqa.selenium.ElementClickInterceptedException" message="element click intercepted: Element &lt;span...class=&quot;checkmark&quot;&gt; &lt;/span&gt; is not clickable at point (1037, 590). Other element would receive the click: &lt;input type=&quot;number&quot; min=&quot;0&quot; class=&quot;form-control&quot; data-fieldid=&quot;8&quot; name=&quot;RITNumber_&quot; id=&quot;RITNumber__8&quot; value=&quot;30&quot; style=&quot;text-align:right&quot; onkeypress=&quot;return validateInputNumber(this, 2, event);&quot;&gt;
  (Session info: chrome=107.0.5304.122)
Build info: version: &#039;3.12.0&#039;, revision: &#039;7c6e0b3&#039;, time: &#039;2018-05-08T14:04:26.12Z&#039;
System info: host: &#039;FOCUS-QA-10&#039;, ip: &#039;192.168.4.206&#039;, os.name: &#039;Windows 10&#039;, os.arch: &#039;amd64&#039;, os.version: &#039;10.0&#039;, java.version: &#039;1.8.0_111&#039;
Driver info: org.openqa.selenium.chrome.ChromeDriver
Capabilities {acceptInsecureCerts: false, browserName: chrome, browserVersion: 107.0.5304.122, chrome: {chromedriverVersion: 106.0.5249.61 (511755355844..., userDataDir: C:\Users\Rakesh\AppData\Loc...}, goog:chromeOptions: {debuggerAddress: localhost:54194}, javascriptEnabled: true, networkConnectionEnabled: false, pageLoadStrategy: normal, platform: WINDOWS, platformName: WINDOWS, proxy: Proxy(), setWindowRect: true, strictFileInteractability: false, timeouts: {implicit: 0, pageLoad: 300000, script: 30000}, unhandledPromptBehavior: dismiss and notify, webauthn:extension:credBlob: true, webauthn:extension:largeBlob: true, webauthn:virtualAuthenticators: true}
Session ID: 4e5b63374159fa2ea6e25ee1b1617078">
      <![CDATA[org.openqa.selenium.ElementClickInterceptedException: element click intercepted: Element <span...class="checkmark"> </span> is not clickable at point (1037, 590). Other element would receive the click: <input type="number" min="0" class="form-control" data-fieldid="8" name="RITNumber_" id="RITNumber__8" value="30" style="text-align:right" onkeypress="return validateInputNumber(this, 2, event);">
  (Session info: chrome=107.0.5304.122)
Build info: version: '3.12.0', revision: '7c6e0b3', time: '2018-05-08T14:04:26.12Z'
System info: host: 'FOCUS-QA-10', ip: '192.168.4.206', os.name: 'Windows 10', os.arch: 'amd64', os.version: '10.0', java.version: '1.8.0_111'
Driver info: org.openqa.selenium.chrome.ChromeDriver
Capabilities {acceptInsecureCerts: false, browserName: chrome, browserVersion: 107.0.5304.122, chrome: {chromedriverVersion: 106.0.5249.61 (511755355844..., userDataDir: C:\Users\Rakesh\AppData\Loc...}, goog:chromeOptions: {debuggerAddress: localhost:54194}, javascriptEnabled: true, networkConnectionEnabled: false, pageLoadStrategy: normal, platform: WINDOWS, platformName: WINDOWS, proxy: Proxy(), setWindowRect: true, strictFileInteractability: false, timeouts: {implicit: 0, pageLoad: 300000, script: 30000}, unhandledPromptBehavior: dismiss and notify, webauthn:extension:credBlob: true, webauthn:extension:largeBlob: true, webauthn:virtualAuthenticators: true}
Session ID: 4e5b63374159fa2ea6e25ee1b1617078
	at sun.reflect.GeneratedConstructorAccessor45.newInstance(Unknown Source)
	at sun.reflect.DelegatingConstructorAccessorImpl.newInstance(Unknown Source)
	at java.lang.reflect.Constructor.newInstance(Unknown Source)
	at org.openqa.selenium.remote.http.W3CHttpResponseCodec.createException(W3CHttpResponseCodec.java:187)
	at org.openqa.selenium.remote.http.W3CHttpResponseCodec.decode(W3CHttpResponseCodec.java:122)
	at org.openqa.selenium.remote.http.W3CHttpResponseCodec.decode(W3CHttpResponseCodec.java:49)
	at org.openqa.selenium.remote.HttpCommandExecutor.execute(HttpCommandExecutor.java:158)
	at org.openqa.selenium.remote.service.DriverCommandExecutor.execute(DriverCommandExecutor.java:83)
	at org.openqa.selenium.remote.RemoteWebDriver.execute(RemoteWebDriver.java:543)
	at org.openqa.selenium.remote.RemoteWebElement.execute(RemoteWebElement.java:276)
	at org.openqa.selenium.remote.RemoteWebElement.click(RemoteWebElement.java:83)
	at sun.reflect.GeneratedMethodAccessor4.invoke(Unknown Source)
	at sun.reflect.DelegatingMethodAccessorImpl.invoke(Unknown Source)
	at java.lang.reflect.Method.invoke(Unknown Source)
	at org.openqa.selenium.support.pagefactory.internal.LocatingElementHandler.invoke(LocatingElementHandler.java:51)
	at com.sun.proxy.$Proxy15.click(Unknown Source)
	at com.focus.Pages.FinancilaReportsXPage.checkCustomerAgeingDetailsByDueDateReport(FinancilaReportsXPage.java:39509)
	at com.focus.testcases.FinancialReportsXTest.checkCustomerAgeingDetailsByDueDateReport(FinancialReportsXTest.java:1406)
	at sun.reflect.NativeMethodAccessorImpl.invoke0(Native Method)
	at sun.reflect.NativeMethodAccessorImpl.invoke(Unknown Source)
	at sun.reflect.DelegatingMethodAccessorImpl.invoke(Unknown Source)
	at java.lang.reflect.Method.invoke(Unknown Source)
	at org.testng.internal.MethodInvocationHelper.invokeMethod(MethodInvocationHelper.java:86)
	at org.testng.internal.Invoker.invokeMethod(Invoker.java:643)
	at org.testng.internal.Invoker.invokeTestMethod(Invoker.java:820)
	at org.testng.internal.Invoker.invokeTestMethods(Invoker.java:1128)
	at org.testng.internal.TestMethodWorker.invokeTestMethods(TestMethodWorker.java:129)
	at org.testng.internal.TestMethodWorker.run(TestMethodWorker.java:112)
	at org.testng.TestRunner.privateRun(TestRunner.java:782)
	at org.testng.TestRunner.run(TestRunner.java:632)
	at org.testng.SuiteRunner.runTest(SuiteRunner.java:366)
	at org.testng.SuiteRunner.runSequentially(SuiteRunner.java:361)
	at org.testng.SuiteRunner.privateRun(SuiteRunner.java:319)
	at org.testng.SuiteRunner.run(SuiteRunner.java:268)
	at org.testng.SuiteRunnerWorker.runSuite(SuiteRunnerWorker.java:52)
	at org.testng.SuiteRunnerWorker.run(SuiteRunnerWorker.java:86)
	at org.testng.TestNG.runSuitesSequentially(TestNG.java:1244)
	at org.testng.TestNG.runSuitesLocally(TestNG.java:1169)
	at org.testng.TestNG.run(TestNG.java:1064)
	at org.testng.remote.AbstractRemoteTestNG.run(AbstractRemoteTestNG.java:114)
	at org.testng.remote.RemoteTestNG.initAndRun(RemoteTestNG.java:251)
	at org.testng.remote.RemoteTestNG.main(RemoteTestNG.java:77)
]]>
    </error>
  </testcase> <!-- checkCustomerAgeingDetailsByDueDateReport -->
  <testcase name="CheckPrintAndCustomiseOptionnInVendorListingOfOutstandingBillsReport" time="58.385" classname="com.focus.testcases.FinancialReportsXTest"/>
  <testcase name="checkBankBookReport" time="92.731" classname="com.focus.testcases.FinancialReportsXTest">
    <error type="org.openqa.selenium.TimeoutException" message="Expected condition failed: waiting for element to be clickable: Proxy element for: DefaultElementLocator &#039;By.xpath: //*[@id=&#039;dvReportInputs&#039;]/div[6]/label/span&#039; (tried for 40 second(s) with 5000 milliseconds interval)">
      <![CDATA[org.openqa.selenium.TimeoutException: Expected condition failed: waiting for element to be clickable: Proxy element for: DefaultElementLocator 'By.xpath: //*[@id='dvReportInputs']/div[6]/label/span' (tried for 40 second(s) with 5000 milliseconds interval)
	at org.openqa.selenium.support.ui.FluentWait.timeoutException(FluentWait.java:303)
	at org.openqa.selenium.support.ui.FluentWait.until(FluentWait.java:271)
	at com.focus.Pages.FinancilaReportsXPage.checkBankBookReport(FinancilaReportsXPage.java:3981)
	at com.focus.testcases.FinancialReportsXTest.checkBankBookReport(FinancialReportsXTest.java:136)
	at sun.reflect.NativeMethodAccessorImpl.invoke0(Native Method)
	at sun.reflect.NativeMethodAccessorImpl.invoke(Unknown Source)
	at sun.reflect.DelegatingMethodAccessorImpl.invoke(Unknown Source)
	at java.lang.reflect.Method.invoke(Unknown Source)
	at org.testng.internal.MethodInvocationHelper.invokeMethod(MethodInvocationHelper.java:86)
	at org.testng.internal.Invoker.invokeMethod(Invoker.java:643)
	at org.testng.internal.Invoker.invokeTestMethod(Invoker.java:820)
	at org.testng.internal.Invoker.invokeTestMethods(Invoker.java:1128)
	at org.testng.internal.TestMethodWorker.invokeTestMethods(TestMethodWorker.java:129)
	at org.testng.internal.TestMethodWorker.run(TestMethodWorker.java:112)
	at org.testng.TestRunner.privateRun(TestRunner.java:782)
	at org.testng.TestRunner.run(TestRunner.java:632)
	at org.testng.SuiteRunner.runTest(SuiteRunner.java:366)
	at org.testng.SuiteRunner.runSequentially(SuiteRunner.java:361)
	at org.testng.SuiteRunner.privateRun(SuiteRunner.java:319)
	at org.testng.SuiteRunner.run(SuiteRunner.java:268)
	at org.testng.SuiteRunnerWorker.runSuite(SuiteRunnerWorker.java:52)
	at org.testng.SuiteRunnerWorker.run(SuiteRunnerWorker.java:86)
	at org.testng.TestNG.runSuitesSequentially(TestNG.java:1244)
	at org.testng.TestNG.runSuitesLocally(TestNG.java:1169)
	at org.testng.TestNG.run(TestNG.java:1064)
	at org.testng.remote.AbstractRemoteTestNG.run(AbstractRemoteTestNG.java:114)
	at org.testng.remote.RemoteTestNG.initAndRun(RemoteTestNG.java:251)
	at org.testng.remote.RemoteTestNG.main(RemoteTestNG.java:77)
Caused by: org.openqa.selenium.NoSuchElementException: no such element: Unable to locate element: {"method":"xpath","selector":"//*[@id='dvReportInputs']/div[6]/label/span"}
  (Session info: chrome=107.0.5304.122)
For documentation on this error, please visit: http://seleniumhq.org/exceptions/no_such_element.html
Build info: version: '3.12.0', revision: '7c6e0b3', time: '2018-05-08T14:04:26.12Z'
System info: host: 'FOCUS-QA-10', ip: '192.168.4.206', os.name: 'Windows 10', os.arch: 'amd64', os.version: '10.0', java.version: '1.8.0_111'
Driver info: org.openqa.selenium.chrome.ChromeDriver
Capabilities {acceptInsecureCerts: false, browserName: chrome, browserVersion: 107.0.5304.122, chrome: {chromedriverVersion: 106.0.5249.61 (511755355844..., userDataDir: C:\Users\Rakesh\AppData\Loc...}, goog:chromeOptions: {debuggerAddress: localhost:54194}, javascriptEnabled: true, networkConnectionEnabled: false, pageLoadStrategy: normal, platform: WINDOWS, platformName: WINDOWS, proxy: Proxy(), setWindowRect: true, strictFileInteractability: false, timeouts: {implicit: 0, pageLoad: 300000, script: 30000}, unhandledPromptBehavior: dismiss and notify, webauthn:extension:credBlob: true, webauthn:extension:largeBlob: true, webauthn:virtualAuthenticators: true}
Session ID: 4e5b63374159fa2ea6e25ee1b1617078
*** Element info: {Using=xpath, value=//*[@id='dvReportInputs']/div[6]/label/span}
	at sun.reflect.GeneratedConstructorAccessor43.newInstance(Unknown Source)
	at sun.reflect.DelegatingConstructorAccessorImpl.newInstance(Unknown Source)
	at java.lang.reflect.Constructor.newInstance(Unknown Source)
	at org.openqa.selenium.remote.http.W3CHttpResponseCodec.createException(W3CHttpResponseCodec.java:187)
	at org.openqa.selenium.remote.http.W3CHttpResponseCodec.decode(W3CHttpResponseCodec.java:122)
	at org.openqa.selenium.remote.http.W3CHttpResponseCodec.decode(W3CHttpResponseCodec.java:49)
	at org.openqa.selenium.remote.HttpCommandExecutor.execute(HttpCommandExecutor.java:158)
	at org.openqa.selenium.remote.service.DriverCommandExecutor.execute(DriverCommandExecutor.java:83)
	at org.openqa.selenium.remote.RemoteWebDriver.execute(RemoteWebDriver.java:543)
	at org.openqa.selenium.remote.RemoteWebDriver.findElement(RemoteWebDriver.java:317)
	at org.openqa.selenium.remote.RemoteWebDriver.findElementByXPath(RemoteWebDriver.java:419)
	at org.openqa.selenium.By$ByXPath.findElement(By.java:353)
	at org.openqa.selenium.remote.RemoteWebDriver.findElement(RemoteWebDriver.java:309)
	at org.openqa.selenium.support.pagefactory.DefaultElementLocator.findElement(DefaultElementLocator.java:69)
	at org.openqa.selenium.support.pagefactory.internal.LocatingElementHandler.invoke(LocatingElementHandler.java:38)
	at com.sun.proxy.$Proxy15.isDisplayed(Unknown Source)
	at org.openqa.selenium.support.ui.ExpectedConditions.elementIfVisible(ExpectedConditions.java:315)
	at org.openqa.selenium.support.ui.ExpectedConditions.access$100(ExpectedConditions.java:44)
	at org.openqa.selenium.support.ui.ExpectedConditions$10.apply(ExpectedConditions.java:301)
	at org.openqa.selenium.support.ui.ExpectedConditions$10.apply(ExpectedConditions.java:298)
	at org.openqa.selenium.support.ui.ExpectedConditions$23.apply(ExpectedConditions.java:686)
	at org.openqa.selenium.support.ui.ExpectedConditions$23.apply(ExpectedConditions.java:682)
	at org.openqa.selenium.support.ui.FluentWait.until(FluentWait.java:248)
	... 26 more
]]>
    </error>
  </testcase> <!-- checkBankBookReport -->
  <testcase name="checkDebitNoteRegisterReport" time="5.631" classname="com.focus.testcases.FinancialReportsXTest"/>
  <testcase name="checkPurchaseAccountReportBackTrackOption" time="2.408" classname="com.focus.testcases.FinancialReportsXTest">
    <error type="java.lang.IndexOutOfBoundsException" message="Index: 1, Size: 1">
      <![CDATA[java.lang.IndexOutOfBoundsException: Index: 1, Size: 1
	at java.util.ArrayList.rangeCheck(Unknown Source)
	at java.util.ArrayList.get(Unknown Source)
	at com.focus.Pages.FinancilaReportsXPage.checkPurchaseAccountReportBackTrackOption(FinancilaReportsXPage.java:12732)
	at com.focus.testcases.FinancialReportsXTest.checkPurchaseAccountReportBackTrackOption(FinancialReportsXTest.java:464)
	at sun.reflect.NativeMethodAccessorImpl.invoke0(Native Method)
	at sun.reflect.NativeMethodAccessorImpl.invoke(Unknown Source)
	at sun.reflect.DelegatingMethodAccessorImpl.invoke(Unknown Source)
	at java.lang.reflect.Method.invoke(Unknown Source)
	at org.testng.internal.MethodInvocationHelper.invokeMethod(MethodInvocationHelper.java:86)
	at org.testng.internal.Invoker.invokeMethod(Invoker.java:643)
	at org.testng.internal.Invoker.invokeTestMethod(Invoker.java:820)
	at org.testng.internal.Invoker.invokeTestMethods(Invoker.java:1128)
	at org.testng.internal.TestMethodWorker.invokeTestMethods(TestMethodWorker.java:129)
	at org.testng.internal.TestMethodWorker.run(TestMethodWorker.java:112)
	at org.testng.TestRunner.privateRun(TestRunner.java:782)
	at org.testng.TestRunner.run(TestRunner.java:632)
	at org.testng.SuiteRunner.runTest(SuiteRunner.java:366)
	at org.testng.SuiteRunner.runSequentially(SuiteRunner.java:361)
	at org.testng.SuiteRunner.privateRun(SuiteRunner.java:319)
	at org.testng.SuiteRunner.run(SuiteRunner.java:268)
	at org.testng.SuiteRunnerWorker.runSuite(SuiteRunnerWorker.java:52)
	at org.testng.SuiteRunnerWorker.run(SuiteRunnerWorker.java:86)
	at org.testng.TestNG.runSuitesSequentially(TestNG.java:1244)
	at org.testng.TestNG.runSuitesLocally(TestNG.java:1169)
	at org.testng.TestNG.run(TestNG.java:1064)
	at org.testng.remote.AbstractRemoteTestNG.run(AbstractRemoteTestNG.java:114)
	at org.testng.remote.RemoteTestNG.initAndRun(RemoteTestNG.java:251)
	at org.testng.remote.RemoteTestNG.main(RemoteTestNG.java:77)
]]>
    </error>
  </testcase> <!-- checkPurchaseAccountReportBackTrackOption -->
  <testcase name="checkCustomerSummaryCustomerOverDueSummeryReportBackTrackOption" time="120.116" classname="com.focus.testcases.FinancialReportsXTest">
    <error type="org.openqa.selenium.TimeoutException" message="Expected condition failed: waiting for element to be clickable: Proxy element for: DefaultElementLocator &#039;By.xpath: //*[@id=&#039;id_reportmenudisplay&#039;]/ul/li[7]&#039; (tried for 40 second(s) with 5000 milliseconds interval)">
      <![CDATA[org.openqa.selenium.TimeoutException: Expected condition failed: waiting for element to be clickable: Proxy element for: DefaultElementLocator 'By.xpath: //*[@id='id_reportmenudisplay']/ul/li[7]' (tried for 40 second(s) with 5000 milliseconds interval)
	at org.openqa.selenium.support.ui.FluentWait.timeoutException(FluentWait.java:303)
	at org.openqa.selenium.support.ui.FluentWait.until(FluentWait.java:271)
	at com.focus.Pages.FinancilaReportsXPage.checkCustomerSummaryCustomerOverDueSummeryReportBackTrackOption(FinancilaReportsXPage.java:41706)
	at com.focus.testcases.FinancialReportsXTest.checkCustomerSummaryCustomerOverDueSummeryReportBackTrackOption(FinancialReportsXTest.java:1520)
	at sun.reflect.NativeMethodAccessorImpl.invoke0(Native Method)
	at sun.reflect.NativeMethodAccessorImpl.invoke(Unknown Source)
	at sun.reflect.DelegatingMethodAccessorImpl.invoke(Unknown Source)
	at java.lang.reflect.Method.invoke(Unknown Source)
	at org.testng.internal.MethodInvocationHelper.invokeMethod(MethodInvocationHelper.java:86)
	at org.testng.internal.Invoker.invokeMethod(Invoker.java:643)
	at org.testng.internal.Invoker.invokeTestMethod(Invoker.java:820)
	at org.testng.internal.Invoker.invokeTestMethods(Invoker.java:1128)
	at org.testng.internal.TestMethodWorker.invokeTestMethods(TestMethodWorker.java:129)
	at org.testng.internal.TestMethodWorker.run(TestMethodWorker.java:112)
	at org.testng.TestRunner.privateRun(TestRunner.java:782)
	at org.testng.TestRunner.run(TestRunner.java:632)
	at org.testng.SuiteRunner.runTest(SuiteRunner.java:366)
	at org.testng.SuiteRunner.runSequentially(SuiteRunner.java:361)
	at org.testng.SuiteRunner.privateRun(SuiteRunner.java:319)
	at org.testng.SuiteRunner.run(SuiteRunner.java:268)
	at org.testng.SuiteRunnerWorker.runSuite(SuiteRunnerWorker.java:52)
	at org.testng.SuiteRunnerWorker.run(SuiteRunnerWorker.java:86)
	at org.testng.TestNG.runSuitesSequentially(TestNG.java:1244)
	at org.testng.TestNG.runSuitesLocally(TestNG.java:1169)
	at org.testng.TestNG.run(TestNG.java:1064)
	at org.testng.remote.AbstractRemoteTestNG.run(AbstractRemoteTestNG.java:114)
	at org.testng.remote.RemoteTestNG.initAndRun(RemoteTestNG.java:251)
	at org.testng.remote.RemoteTestNG.main(RemoteTestNG.java:77)
Caused by: org.openqa.selenium.NoSuchElementException: no such element: Unable to locate element: {"method":"xpath","selector":"//*[@id='id_reportmenudisplay']/ul/li[7]"}
  (Session info: chrome=107.0.5304.122)
For documentation on this error, please visit: http://seleniumhq.org/exceptions/no_such_element.html
Build info: version: '3.12.0', revision: '7c6e0b3', time: '2018-05-08T14:04:26.12Z'
System info: host: 'FOCUS-QA-10', ip: '192.168.4.206', os.name: 'Windows 10', os.arch: 'amd64', os.version: '10.0', java.version: '1.8.0_111'
Driver info: org.openqa.selenium.chrome.ChromeDriver
Capabilities {acceptInsecureCerts: false, browserName: chrome, browserVersion: 107.0.5304.122, chrome: {chromedriverVersion: 106.0.5249.61 (511755355844..., userDataDir: C:\Users\Rakesh\AppData\Loc...}, goog:chromeOptions: {debuggerAddress: localhost:54194}, javascriptEnabled: true, networkConnectionEnabled: false, pageLoadStrategy: normal, platform: WINDOWS, platformName: WINDOWS, proxy: Proxy(), setWindowRect: true, strictFileInteractability: false, timeouts: {implicit: 0, pageLoad: 300000, script: 30000}, unhandledPromptBehavior: dismiss and notify, webauthn:extension:credBlob: true, webauthn:extension:largeBlob: true, webauthn:virtualAuthenticators: true}
Session ID: 4e5b63374159fa2ea6e25ee1b1617078
*** Element info: {Using=xpath, value=//*[@id='id_reportmenudisplay']/ul/li[7]}
	at sun.reflect.GeneratedConstructorAccessor43.newInstance(Unknown Source)
	at sun.reflect.DelegatingConstructorAccessorImpl.newInstance(Unknown Source)
	at java.lang.reflect.Constructor.newInstance(Unknown Source)
	at org.openqa.selenium.remote.http.W3CHttpResponseCodec.createException(W3CHttpResponseCodec.java:187)
	at org.openqa.selenium.remote.http.W3CHttpResponseCodec.decode(W3CHttpResponseCodec.java:122)
	at org.openqa.selenium.remote.http.W3CHttpResponseCodec.decode(W3CHttpResponseCodec.java:49)
	at org.openqa.selenium.remote.HttpCommandExecutor.execute(HttpCommandExecutor.java:158)
	at org.openqa.selenium.remote.service.DriverCommandExecutor.execute(DriverCommandExecutor.java:83)
	at org.openqa.selenium.remote.RemoteWebDriver.execute(RemoteWebDriver.java:543)
	at org.openqa.selenium.remote.RemoteWebDriver.findElement(RemoteWebDriver.java:317)
	at org.openqa.selenium.remote.RemoteWebDriver.findElementByXPath(RemoteWebDriver.java:419)
	at org.openqa.selenium.By$ByXPath.findElement(By.java:353)
	at org.openqa.selenium.remote.RemoteWebDriver.findElement(RemoteWebDriver.java:309)
	at org.openqa.selenium.support.pagefactory.DefaultElementLocator.findElement(DefaultElementLocator.java:69)
	at org.openqa.selenium.support.pagefactory.internal.LocatingElementHandler.invoke(LocatingElementHandler.java:38)
	at com.sun.proxy.$Proxy15.isDisplayed(Unknown Source)
	at org.openqa.selenium.support.ui.ExpectedConditions.elementIfVisible(ExpectedConditions.java:315)
	at org.openqa.selenium.support.ui.ExpectedConditions.access$100(ExpectedConditions.java:44)
	at org.openqa.selenium.support.ui.ExpectedConditions$10.apply(ExpectedConditions.java:301)
	at org.openqa.selenium.support.ui.ExpectedConditions$10.apply(ExpectedConditions.java:298)
	at org.openqa.selenium.support.ui.ExpectedConditions$23.apply(ExpectedConditions.java:686)
	at org.openqa.selenium.support.ui.ExpectedConditions$23.apply(ExpectedConditions.java:682)
	at org.openqa.selenium.support.ui.FluentWait.until(FluentWait.java:248)
	... 26 more
]]>
    </error>
  </testcase> <!-- checkCustomerSummaryCustomerOverDueSummeryReportBackTrackOption -->
  <testcase name="checkFundFlowReport" time="1.354" classname="com.focus.testcases.FinancialReportsXTest">
    <error type="org.openqa.selenium.ElementClickInterceptedException" message="element click intercepted: Element &lt;li class=&quot;nav-item&quot; style=&quot;text-align:center&quot;&gt;...&lt;/li&gt; is not clickable at point (44, 167). Other element would receive the click: &lt;div id=&quot;fullScreen&quot; class=&quot;modal fade right show&quot; role=&quot;dialog&quot; data-backdrop=&quot;static&quot; style=&quot;z-index: 10000001; padding-right: 10px; display: block;&quot; aria-modal=&quot;true&quot;&gt;...&lt;/div&gt;
  (Session info: chrome=107.0.5304.122)
Build info: version: &#039;3.12.0&#039;, revision: &#039;7c6e0b3&#039;, time: &#039;2018-05-08T14:04:26.12Z&#039;
System info: host: &#039;FOCUS-QA-10&#039;, ip: &#039;192.168.4.206&#039;, os.name: &#039;Windows 10&#039;, os.arch: &#039;amd64&#039;, os.version: &#039;10.0&#039;, java.version: &#039;1.8.0_111&#039;
Driver info: org.openqa.selenium.chrome.ChromeDriver
Capabilities {acceptInsecureCerts: false, browserName: chrome, browserVersion: 107.0.5304.122, chrome: {chromedriverVersion: 106.0.5249.61 (511755355844..., userDataDir: C:\Users\Rakesh\AppData\Loc...}, goog:chromeOptions: {debuggerAddress: localhost:54194}, javascriptEnabled: true, networkConnectionEnabled: false, pageLoadStrategy: normal, platform: WINDOWS, platformName: WINDOWS, proxy: Proxy(), setWindowRect: true, strictFileInteractability: false, timeouts: {implicit: 0, pageLoad: 300000, script: 30000}, unhandledPromptBehavior: dismiss and notify, webauthn:extension:credBlob: true, webauthn:extension:largeBlob: true, webauthn:virtualAuthenticators: true}
Session ID: 4e5b63374159fa2ea6e25ee1b1617078">
      <![CDATA[org.openqa.selenium.ElementClickInterceptedException: element click intercepted: Element <li class="nav-item" style="text-align:center">...</li> is not clickable at point (44, 167). Other element would receive the click: <div id="fullScreen" class="modal fade right show" role="dialog" data-backdrop="static" style="z-index: 10000001; padding-right: 10px; display: block;" aria-modal="true">...</div>
  (Session info: chrome=107.0.5304.122)
Build info: version: '3.12.0', revision: '7c6e0b3', time: '2018-05-08T14:04:26.12Z'
System info: host: 'FOCUS-QA-10', ip: '192.168.4.206', os.name: 'Windows 10', os.arch: 'amd64', os.version: '10.0', java.version: '1.8.0_111'
Driver info: org.openqa.selenium.chrome.ChromeDriver
Capabilities {acceptInsecureCerts: false, browserName: chrome, browserVersion: 107.0.5304.122, chrome: {chromedriverVersion: 106.0.5249.61 (511755355844..., userDataDir: C:\Users\Rakesh\AppData\Loc...}, goog:chromeOptions: {debuggerAddress: localhost:54194}, javascriptEnabled: true, networkConnectionEnabled: false, pageLoadStrategy: normal, platform: WINDOWS, platformName: WINDOWS, proxy: Proxy(), setWindowRect: true, strictFileInteractability: false, timeouts: {implicit: 0, pageLoad: 300000, script: 30000}, unhandledPromptBehavior: dismiss and notify, webauthn:extension:credBlob: true, webauthn:extension:largeBlob: true, webauthn:virtualAuthenticators: true}
Session ID: 4e5b63374159fa2ea6e25ee1b1617078
	at sun.reflect.GeneratedConstructorAccessor45.newInstance(Unknown Source)
	at sun.reflect.DelegatingConstructorAccessorImpl.newInstance(Unknown Source)
	at java.lang.reflect.Constructor.newInstance(Unknown Source)
	at org.openqa.selenium.remote.http.W3CHttpResponseCodec.createException(W3CHttpResponseCodec.java:187)
	at org.openqa.selenium.remote.http.W3CHttpResponseCodec.decode(W3CHttpResponseCodec.java:122)
	at org.openqa.selenium.remote.http.W3CHttpResponseCodec.decode(W3CHttpResponseCodec.java:49)
	at org.openqa.selenium.remote.HttpCommandExecutor.execute(HttpCommandExecutor.java:158)
	at org.openqa.selenium.remote.service.DriverCommandExecutor.execute(DriverCommandExecutor.java:83)
	at org.openqa.selenium.remote.RemoteWebDriver.execute(RemoteWebDriver.java:543)
	at org.openqa.selenium.remote.RemoteWebElement.execute(RemoteWebElement.java:276)
	at org.openqa.selenium.remote.RemoteWebElement.click(RemoteWebElement.java:83)
	at sun.reflect.GeneratedMethodAccessor4.invoke(Unknown Source)
	at sun.reflect.DelegatingMethodAccessorImpl.invoke(Unknown Source)
	at java.lang.reflect.Method.invoke(Unknown Source)
	at org.openqa.selenium.support.pagefactory.internal.LocatingElementHandler.invoke(LocatingElementHandler.java:51)
	at com.sun.proxy.$Proxy15.click(Unknown Source)
	at com.focus.Pages.FinancilaReportsXPage.checkFundFlowReport(FinancilaReportsXPage.java:35090)
	at com.focus.testcases.FinancialReportsXTest.checkFundFlowReport(FinancialReportsXTest.java:1178)
	at sun.reflect.NativeMethodAccessorImpl.invoke0(Native Method)
	at sun.reflect.NativeMethodAccessorImpl.invoke(Unknown Source)
	at sun.reflect.DelegatingMethodAccessorImpl.invoke(Unknown Source)
	at java.lang.reflect.Method.invoke(Unknown Source)
	at org.testng.internal.MethodInvocationHelper.invokeMethod(MethodInvocationHelper.java:86)
	at org.testng.internal.Invoker.invokeMethod(Invoker.java:643)
	at org.testng.internal.Invoker.invokeTestMethod(Invoker.java:820)
	at org.testng.internal.Invoker.invokeTestMethods(Invoker.java:1128)
	at org.testng.internal.TestMethodWorker.invokeTestMethods(TestMethodWorker.java:129)
	at org.testng.internal.TestMethodWorker.run(TestMethodWorker.java:112)
	at org.testng.TestRunner.privateRun(TestRunner.java:782)
	at org.testng.TestRunner.run(TestRunner.java:632)
	at org.testng.SuiteRunner.runTest(SuiteRunner.java:366)
	at org.testng.SuiteRunner.runSequentially(SuiteRunner.java:361)
	at org.testng.SuiteRunner.privateRun(SuiteRunner.java:319)
	at org.testng.SuiteRunner.run(SuiteRunner.java:268)
	at org.testng.SuiteRunnerWorker.runSuite(SuiteRunnerWorker.java:52)
	at org.testng.SuiteRunnerWorker.run(SuiteRunnerWorker.java:86)
	at org.testng.TestNG.runSuitesSequentially(TestNG.java:1244)
	at org.testng.TestNG.runSuitesLocally(TestNG.java:1169)
	at org.testng.TestNG.run(TestNG.java:1064)
	at org.testng.remote.AbstractRemoteTestNG.run(AbstractRemoteTestNG.java:114)
	at org.testng.remote.RemoteTestNG.initAndRun(RemoteTestNG.java:251)
	at org.testng.remote.RemoteTestNG.main(RemoteTestNG.java:77)
]]>
    </error>
  </testcase> <!-- checkFundFlowReport -->
  <testcase name="checkVendorListingOfOutstandingBillsReport" time="40.973" classname="com.focus.testcases.FinancialReportsXTest"/>
  <testcase name="checkCustomerStatementReportBackTrackOption" time="121.180" classname="com.focus.testcases.FinancialReportsXTest">
    <error type="org.openqa.selenium.TimeoutException" message="Expected condition failed: waiting for element to be clickable: Proxy element for: DefaultElementLocator &#039;By.xpath: //*[@id=&#039;id_reportmenudisplay&#039;]/ul/li[7]&#039; (tried for 40 second(s) with 5000 milliseconds interval)">
      <![CDATA[org.openqa.selenium.TimeoutException: Expected condition failed: waiting for element to be clickable: Proxy element for: DefaultElementLocator 'By.xpath: //*[@id='id_reportmenudisplay']/ul/li[7]' (tried for 40 second(s) with 5000 milliseconds interval)
	at org.openqa.selenium.support.ui.FluentWait.timeoutException(FluentWait.java:303)
	at org.openqa.selenium.support.ui.FluentWait.until(FluentWait.java:271)
	at com.focus.Pages.FinancilaReportsXPage.checkCustomerStatementReportBackTrackOption(FinancilaReportsXPage.java:38348)
	at com.focus.testcases.FinancialReportsXTest.checkCustomerStatementReportBackTrackOption(FinancialReportsXTest.java:1345)
	at sun.reflect.NativeMethodAccessorImpl.invoke0(Native Method)
	at sun.reflect.NativeMethodAccessorImpl.invoke(Unknown Source)
	at sun.reflect.DelegatingMethodAccessorImpl.invoke(Unknown Source)
	at java.lang.reflect.Method.invoke(Unknown Source)
	at org.testng.internal.MethodInvocationHelper.invokeMethod(MethodInvocationHelper.java:86)
	at org.testng.internal.Invoker.invokeMethod(Invoker.java:643)
	at org.testng.internal.Invoker.invokeTestMethod(Invoker.java:820)
	at org.testng.internal.Invoker.invokeTestMethods(Invoker.java:1128)
	at org.testng.internal.TestMethodWorker.invokeTestMethods(TestMethodWorker.java:129)
	at org.testng.internal.TestMethodWorker.run(TestMethodWorker.java:112)
	at org.testng.TestRunner.privateRun(TestRunner.java:782)
	at org.testng.TestRunner.run(TestRunner.java:632)
	at org.testng.SuiteRunner.runTest(SuiteRunner.java:366)
	at org.testng.SuiteRunner.runSequentially(SuiteRunner.java:361)
	at org.testng.SuiteRunner.privateRun(SuiteRunner.java:319)
	at org.testng.SuiteRunner.run(SuiteRunner.java:268)
	at org.testng.SuiteRunnerWorker.runSuite(SuiteRunnerWorker.java:52)
	at org.testng.SuiteRunnerWorker.run(SuiteRunnerWorker.java:86)
	at org.testng.TestNG.runSuitesSequentially(TestNG.java:1244)
	at org.testng.TestNG.runSuitesLocally(TestNG.java:1169)
	at org.testng.TestNG.run(TestNG.java:1064)
	at org.testng.remote.AbstractRemoteTestNG.run(AbstractRemoteTestNG.java:114)
	at org.testng.remote.RemoteTestNG.initAndRun(RemoteTestNG.java:251)
	at org.testng.remote.RemoteTestNG.main(RemoteTestNG.java:77)
Caused by: org.openqa.selenium.NoSuchElementException: no such element: Unable to locate element: {"method":"xpath","selector":"//*[@id='id_reportmenudisplay']/ul/li[7]"}
  (Session info: chrome=107.0.5304.122)
For documentation on this error, please visit: http://seleniumhq.org/exceptions/no_such_element.html
Build info: version: '3.12.0', revision: '7c6e0b3', time: '2018-05-08T14:04:26.12Z'
System info: host: 'FOCUS-QA-10', ip: '192.168.4.206', os.name: 'Windows 10', os.arch: 'amd64', os.version: '10.0', java.version: '1.8.0_111'
Driver info: org.openqa.selenium.chrome.ChromeDriver
Capabilities {acceptInsecureCerts: false, browserName: chrome, browserVersion: 107.0.5304.122, chrome: {chromedriverVersion: 106.0.5249.61 (511755355844..., userDataDir: C:\Users\Rakesh\AppData\Loc...}, goog:chromeOptions: {debuggerAddress: localhost:54194}, javascriptEnabled: true, networkConnectionEnabled: false, pageLoadStrategy: normal, platform: WINDOWS, platformName: WINDOWS, proxy: Proxy(), setWindowRect: true, strictFileInteractability: false, timeouts: {implicit: 0, pageLoad: 300000, script: 30000}, unhandledPromptBehavior: dismiss and notify, webauthn:extension:credBlob: true, webauthn:extension:largeBlob: true, webauthn:virtualAuthenticators: true}
Session ID: 4e5b63374159fa2ea6e25ee1b1617078
*** Element info: {Using=xpath, value=//*[@id='id_reportmenudisplay']/ul/li[7]}
	at sun.reflect.GeneratedConstructorAccessor43.newInstance(Unknown Source)
	at sun.reflect.DelegatingConstructorAccessorImpl.newInstance(Unknown Source)
	at java.lang.reflect.Constructor.newInstance(Unknown Source)
	at org.openqa.selenium.remote.http.W3CHttpResponseCodec.createException(W3CHttpResponseCodec.java:187)
	at org.openqa.selenium.remote.http.W3CHttpResponseCodec.decode(W3CHttpResponseCodec.java:122)
	at org.openqa.selenium.remote.http.W3CHttpResponseCodec.decode(W3CHttpResponseCodec.java:49)
	at org.openqa.selenium.remote.HttpCommandExecutor.execute(HttpCommandExecutor.java:158)
	at org.openqa.selenium.remote.service.DriverCommandExecutor.execute(DriverCommandExecutor.java:83)
	at org.openqa.selenium.remote.RemoteWebDriver.execute(RemoteWebDriver.java:543)
	at org.openqa.selenium.remote.RemoteWebDriver.findElement(RemoteWebDriver.java:317)
	at org.openqa.selenium.remote.RemoteWebDriver.findElementByXPath(RemoteWebDriver.java:419)
	at org.openqa.selenium.By$ByXPath.findElement(By.java:353)
	at org.openqa.selenium.remote.RemoteWebDriver.findElement(RemoteWebDriver.java:309)
	at org.openqa.selenium.support.pagefactory.DefaultElementLocator.findElement(DefaultElementLocator.java:69)
	at org.openqa.selenium.support.pagefactory.internal.LocatingElementHandler.invoke(LocatingElementHandler.java:38)
	at com.sun.proxy.$Proxy15.isDisplayed(Unknown Source)
	at org.openqa.selenium.support.ui.ExpectedConditions.elementIfVisible(ExpectedConditions.java:315)
	at org.openqa.selenium.support.ui.ExpectedConditions.access$100(ExpectedConditions.java:44)
	at org.openqa.selenium.support.ui.ExpectedConditions$10.apply(ExpectedConditions.java:301)
	at org.openqa.selenium.support.ui.ExpectedConditions$10.apply(ExpectedConditions.java:298)
	at org.openqa.selenium.support.ui.ExpectedConditions$23.apply(ExpectedConditions.java:686)
	at org.openqa.selenium.support.ui.ExpectedConditions$23.apply(ExpectedConditions.java:682)
	at org.openqa.selenium.support.ui.FluentWait.until(FluentWait.java:248)
	... 26 more
]]>
    </error>
  </testcase> <!-- checkCustomerStatementReportBackTrackOption -->
  <testcase name="checkCustomizationAndPrintOptionInunfFlowReport" time="2.733" classname="com.focus.testcases.FinancialReportsXTest">
    <error type="org.openqa.selenium.ElementClickInterceptedException" message="element click intercepted: Element &lt;i class=&quot;icon-custamize hiconright2&quot;&gt;&lt;/i&gt; is not clickable at point (1178, 98). Other element would receive the click: &lt;div class=&quot;col-lg-12&quot; style=&quot;padding-right:0px;padding-left:0px;width:100%;padding-bottom:28px;&quot;&gt;...&lt;/div&gt;
  (Session info: chrome=107.0.5304.122)
Build info: version: &#039;3.12.0&#039;, revision: &#039;7c6e0b3&#039;, time: &#039;2018-05-08T14:04:26.12Z&#039;
System info: host: &#039;FOCUS-QA-10&#039;, ip: &#039;192.168.4.206&#039;, os.name: &#039;Windows 10&#039;, os.arch: &#039;amd64&#039;, os.version: &#039;10.0&#039;, java.version: &#039;1.8.0_111&#039;
Driver info: org.openqa.selenium.chrome.ChromeDriver
Capabilities {acceptInsecureCerts: false, browserName: chrome, browserVersion: 107.0.5304.122, chrome: {chromedriverVersion: 106.0.5249.61 (511755355844..., userDataDir: C:\Users\Rakesh\AppData\Loc...}, goog:chromeOptions: {debuggerAddress: localhost:54194}, javascriptEnabled: true, networkConnectionEnabled: false, pageLoadStrategy: normal, platform: WINDOWS, platformName: WINDOWS, proxy: Proxy(), setWindowRect: true, strictFileInteractability: false, timeouts: {implicit: 0, pageLoad: 300000, script: 30000}, unhandledPromptBehavior: dismiss and notify, webauthn:extension:credBlob: true, webauthn:extension:largeBlob: true, webauthn:virtualAuthenticators: true}
Session ID: 4e5b63374159fa2ea6e25ee1b1617078">
      <![CDATA[org.openqa.selenium.ElementClickInterceptedException: element click intercepted: Element <i class="icon-custamize hiconright2"></i> is not clickable at point (1178, 98). Other element would receive the click: <div class="col-lg-12" style="padding-right:0px;padding-left:0px;width:100%;padding-bottom:28px;">...</div>
  (Session info: chrome=107.0.5304.122)
Build info: version: '3.12.0', revision: '7c6e0b3', time: '2018-05-08T14:04:26.12Z'
System info: host: 'FOCUS-QA-10', ip: '192.168.4.206', os.name: 'Windows 10', os.arch: 'amd64', os.version: '10.0', java.version: '1.8.0_111'
Driver info: org.openqa.selenium.chrome.ChromeDriver
Capabilities {acceptInsecureCerts: false, browserName: chrome, browserVersion: 107.0.5304.122, chrome: {chromedriverVersion: 106.0.5249.61 (511755355844..., userDataDir: C:\Users\Rakesh\AppData\Loc...}, goog:chromeOptions: {debuggerAddress: localhost:54194}, javascriptEnabled: true, networkConnectionEnabled: false, pageLoadStrategy: normal, platform: WINDOWS, platformName: WINDOWS, proxy: Proxy(), setWindowRect: true, strictFileInteractability: false, timeouts: {implicit: 0, pageLoad: 300000, script: 30000}, unhandledPromptBehavior: dismiss and notify, webauthn:extension:credBlob: true, webauthn:extension:largeBlob: true, webauthn:virtualAuthenticators: true}
Session ID: 4e5b63374159fa2ea6e25ee1b1617078
	at sun.reflect.GeneratedConstructorAccessor45.newInstance(Unknown Source)
	at sun.reflect.DelegatingConstructorAccessorImpl.newInstance(Unknown Source)
	at java.lang.reflect.Constructor.newInstance(Unknown Source)
	at org.openqa.selenium.remote.http.W3CHttpResponseCodec.createException(W3CHttpResponseCodec.java:187)
	at org.openqa.selenium.remote.http.W3CHttpResponseCodec.decode(W3CHttpResponseCodec.java:122)
	at org.openqa.selenium.remote.http.W3CHttpResponseCodec.decode(W3CHttpResponseCodec.java:49)
	at org.openqa.selenium.remote.HttpCommandExecutor.execute(HttpCommandExecutor.java:158)
	at org.openqa.selenium.remote.service.DriverCommandExecutor.execute(DriverCommandExecutor.java:83)
	at org.openqa.selenium.remote.RemoteWebDriver.execute(RemoteWebDriver.java:543)
	at org.openqa.selenium.remote.RemoteWebElement.execute(RemoteWebElement.java:276)
	at org.openqa.selenium.remote.RemoteWebElement.click(RemoteWebElement.java:83)
	at sun.reflect.GeneratedMethodAccessor4.invoke(Unknown Source)
	at sun.reflect.DelegatingMethodAccessorImpl.invoke(Unknown Source)
	at java.lang.reflect.Method.invoke(Unknown Source)
	at org.openqa.selenium.support.pagefactory.internal.LocatingElementHandler.invoke(LocatingElementHandler.java:51)
	at com.sun.proxy.$Proxy15.click(Unknown Source)
	at com.focus.Pages.FinancilaReportsXPage.checkCustomizationAndPrintOptionInunfFlowReport(FinancilaReportsXPage.java:35236)
	at com.focus.testcases.FinancialReportsXTest.checkCustomizationAndPrintOptionInunfFlowReport(FinancialReportsXTest.java:1185)
	at sun.reflect.NativeMethodAccessorImpl.invoke0(Native Method)
	at sun.reflect.NativeMethodAccessorImpl.invoke(Unknown Source)
	at sun.reflect.DelegatingMethodAccessorImpl.invoke(Unknown Source)
	at java.lang.reflect.Method.invoke(Unknown Source)
	at org.testng.internal.MethodInvocationHelper.invokeMethod(MethodInvocationHelper.java:86)
	at org.testng.internal.Invoker.invokeMethod(Invoker.java:643)
	at org.testng.internal.Invoker.invokeTestMethod(Invoker.java:820)
	at org.testng.internal.Invoker.invokeTestMethods(Invoker.java:1128)
	at org.testng.internal.TestMethodWorker.invokeTestMethods(TestMethodWorker.java:129)
	at org.testng.internal.TestMethodWorker.run(TestMethodWorker.java:112)
	at org.testng.TestRunner.privateRun(TestRunner.java:782)
	at org.testng.TestRunner.run(TestRunner.java:632)
	at org.testng.SuiteRunner.runTest(SuiteRunner.java:366)
	at org.testng.SuiteRunner.runSequentially(SuiteRunner.java:361)
	at org.testng.SuiteRunner.privateRun(SuiteRunner.java:319)
	at org.testng.SuiteRunner.run(SuiteRunner.java:268)
	at org.testng.SuiteRunnerWorker.runSuite(SuiteRunnerWorker.java:52)
	at org.testng.SuiteRunnerWorker.run(SuiteRunnerWorker.java:86)
	at org.testng.TestNG.runSuitesSequentially(TestNG.java:1244)
	at org.testng.TestNG.runSuitesLocally(TestNG.java:1169)
	at org.testng.TestNG.run(TestNG.java:1064)
	at org.testng.remote.AbstractRemoteTestNG.run(AbstractRemoteTestNG.java:114)
	at org.testng.remote.RemoteTestNG.initAndRun(RemoteTestNG.java:251)
	at org.testng.remote.RemoteTestNG.main(RemoteTestNG.java:77)
]]>
    </error>
  </testcase> <!-- checkCustomizationAndPrintOptionInunfFlowReport -->
  <testcase name="checkFinancialLedgerDetailsReportBackTrackOption" time="120.173" classname="com.focus.testcases.FinancialReportsXTest">
    <error type="org.openqa.selenium.TimeoutException" message="Expected condition failed: waiting for element to be clickable: Proxy element for: DefaultElementLocator &#039;By.xpath: //i[contains(@class,&#039;icon-backtrack hiconright2&#039;)]&#039; (tried for 40 second(s) with 5000 milliseconds interval)">
      <![CDATA[org.openqa.selenium.TimeoutException: Expected condition failed: waiting for element to be clickable: Proxy element for: DefaultElementLocator 'By.xpath: //i[contains(@class,'icon-backtrack hiconright2')]' (tried for 40 second(s) with 5000 milliseconds interval)
	at org.openqa.selenium.support.ui.FluentWait.timeoutException(FluentWait.java:303)
	at org.openqa.selenium.support.ui.FluentWait.until(FluentWait.java:271)
	at com.focus.Pages.FinancilaReportsXPage.checkFinancialLedgerDetailsReportBackTrackOption(FinancilaReportsXPage.java:1882)
	at com.focus.testcases.FinancialReportsXTest.checkFinancialLedgerDetailsReportBackTrackOption(FinancialReportsXTest.java:79)
	at sun.reflect.NativeMethodAccessorImpl.invoke0(Native Method)
	at sun.reflect.NativeMethodAccessorImpl.invoke(Unknown Source)
	at sun.reflect.DelegatingMethodAccessorImpl.invoke(Unknown Source)
	at java.lang.reflect.Method.invoke(Unknown Source)
	at org.testng.internal.MethodInvocationHelper.invokeMethod(MethodInvocationHelper.java:86)
	at org.testng.internal.Invoker.invokeMethod(Invoker.java:643)
	at org.testng.internal.Invoker.invokeTestMethod(Invoker.java:820)
	at org.testng.internal.Invoker.invokeTestMethods(Invoker.java:1128)
	at org.testng.internal.TestMethodWorker.invokeTestMethods(TestMethodWorker.java:129)
	at org.testng.internal.TestMethodWorker.run(TestMethodWorker.java:112)
	at org.testng.TestRunner.privateRun(TestRunner.java:782)
	at org.testng.TestRunner.run(TestRunner.java:632)
	at org.testng.SuiteRunner.runTest(SuiteRunner.java:366)
	at org.testng.SuiteRunner.runSequentially(SuiteRunner.java:361)
	at org.testng.SuiteRunner.privateRun(SuiteRunner.java:319)
	at org.testng.SuiteRunner.run(SuiteRunner.java:268)
	at org.testng.SuiteRunnerWorker.runSuite(SuiteRunnerWorker.java:52)
	at org.testng.SuiteRunnerWorker.run(SuiteRunnerWorker.java:86)
	at org.testng.TestNG.runSuitesSequentially(TestNG.java:1244)
	at org.testng.TestNG.runSuitesLocally(TestNG.java:1169)
	at org.testng.TestNG.run(TestNG.java:1064)
	at org.testng.remote.AbstractRemoteTestNG.run(AbstractRemoteTestNG.java:114)
	at org.testng.remote.RemoteTestNG.initAndRun(RemoteTestNG.java:251)
	at org.testng.remote.RemoteTestNG.main(RemoteTestNG.java:77)
Caused by: org.openqa.selenium.NoSuchElementException: no such element: Unable to locate element: {"method":"xpath","selector":"//i[contains(@class,'icon-backtrack hiconright2')]"}
  (Session info: chrome=107.0.5304.122)
For documentation on this error, please visit: http://seleniumhq.org/exceptions/no_such_element.html
Build info: version: '3.12.0', revision: '7c6e0b3', time: '2018-05-08T14:04:26.12Z'
System info: host: 'FOCUS-QA-10', ip: '192.168.4.206', os.name: 'Windows 10', os.arch: 'amd64', os.version: '10.0', java.version: '1.8.0_111'
Driver info: org.openqa.selenium.chrome.ChromeDriver
Capabilities {acceptInsecureCerts: false, browserName: chrome, browserVersion: 107.0.5304.122, chrome: {chromedriverVersion: 106.0.5249.61 (511755355844..., userDataDir: C:\Users\Rakesh\AppData\Loc...}, goog:chromeOptions: {debuggerAddress: localhost:54194}, javascriptEnabled: true, networkConnectionEnabled: false, pageLoadStrategy: normal, platform: WINDOWS, platformName: WINDOWS, proxy: Proxy(), setWindowRect: true, strictFileInteractability: false, timeouts: {implicit: 0, pageLoad: 300000, script: 30000}, unhandledPromptBehavior: dismiss and notify, webauthn:extension:credBlob: true, webauthn:extension:largeBlob: true, webauthn:virtualAuthenticators: true}
Session ID: 4e5b63374159fa2ea6e25ee1b1617078
*** Element info: {Using=xpath, value=//i[contains(@class,'icon-backtrack hiconright2')]}
	at sun.reflect.GeneratedConstructorAccessor43.newInstance(Unknown Source)
	at sun.reflect.DelegatingConstructorAccessorImpl.newInstance(Unknown Source)
	at java.lang.reflect.Constructor.newInstance(Unknown Source)
	at org.openqa.selenium.remote.http.W3CHttpResponseCodec.createException(W3CHttpResponseCodec.java:187)
	at org.openqa.selenium.remote.http.W3CHttpResponseCodec.decode(W3CHttpResponseCodec.java:122)
	at org.openqa.selenium.remote.http.W3CHttpResponseCodec.decode(W3CHttpResponseCodec.java:49)
	at org.openqa.selenium.remote.HttpCommandExecutor.execute(HttpCommandExecutor.java:158)
	at org.openqa.selenium.remote.service.DriverCommandExecutor.execute(DriverCommandExecutor.java:83)
	at org.openqa.selenium.remote.RemoteWebDriver.execute(RemoteWebDriver.java:543)
	at org.openqa.selenium.remote.RemoteWebDriver.findElement(RemoteWebDriver.java:317)
	at org.openqa.selenium.remote.RemoteWebDriver.findElementByXPath(RemoteWebDriver.java:419)
	at org.openqa.selenium.By$ByXPath.findElement(By.java:353)
	at org.openqa.selenium.remote.RemoteWebDriver.findElement(RemoteWebDriver.java:309)
	at org.openqa.selenium.support.pagefactory.DefaultElementLocator.findElement(DefaultElementLocator.java:69)
	at org.openqa.selenium.support.pagefactory.internal.LocatingElementHandler.invoke(LocatingElementHandler.java:38)
	at com.sun.proxy.$Proxy15.isDisplayed(Unknown Source)
	at org.openqa.selenium.support.ui.ExpectedConditions.elementIfVisible(ExpectedConditions.java:315)
	at org.openqa.selenium.support.ui.ExpectedConditions.access$100(ExpectedConditions.java:44)
	at org.openqa.selenium.support.ui.ExpectedConditions$10.apply(ExpectedConditions.java:301)
	at org.openqa.selenium.support.ui.ExpectedConditions$10.apply(ExpectedConditions.java:298)
	at org.openqa.selenium.support.ui.ExpectedConditions$23.apply(ExpectedConditions.java:686)
	at org.openqa.selenium.support.ui.ExpectedConditions$23.apply(ExpectedConditions.java:682)
	at org.openqa.selenium.support.ui.FluentWait.until(FluentWait.java:248)
	... 26 more
]]>
    </error>
  </testcase> <!-- checkFinancialLedgerDetailsReportBackTrackOption -->
  <testcase name="checkCustomerSummaryCustomerAgeingSummaryReportBackTrackOption" time="19.583" classname="com.focus.testcases.FinancialReportsXTest">
    <failure type="java.lang.AssertionError" message="expected [true] but found [false]">
      <![CDATA[java.lang.AssertionError: expected [true] but found [false]
	at org.testng.Assert.fail(Assert.java:94)
	at org.testng.Assert.failNotEquals(Assert.java:513)
	at org.testng.Assert.assertEqualsImpl(Assert.java:135)
	at org.testng.Assert.assertEquals(Assert.java:116)
	at org.testng.Assert.assertEquals(Assert.java:305)
	at org.testng.Assert.assertEquals(Assert.java:315)
	at com.focus.testcases.FinancialReportsXTest.checkCustomerSummaryCustomerAgeingSummaryReportBackTrackOption(FinancialReportsXTest.java:1470)
	at sun.reflect.NativeMethodAccessorImpl.invoke0(Native Method)
	at sun.reflect.NativeMethodAccessorImpl.invoke(Unknown Source)
	at sun.reflect.DelegatingMethodAccessorImpl.invoke(Unknown Source)
	at java.lang.reflect.Method.invoke(Unknown Source)
	at org.testng.internal.MethodInvocationHelper.invokeMethod(MethodInvocationHelper.java:86)
	at org.testng.internal.Invoker.invokeMethod(Invoker.java:643)
	at org.testng.internal.Invoker.invokeTestMethod(Invoker.java:820)
	at org.testng.internal.Invoker.invokeTestMethods(Invoker.java:1128)
	at org.testng.internal.TestMethodWorker.invokeTestMethods(TestMethodWorker.java:129)
	at org.testng.internal.TestMethodWorker.run(TestMethodWorker.java:112)
	at org.testng.TestRunner.privateRun(TestRunner.java:782)
	at org.testng.TestRunner.run(TestRunner.java:632)
	at org.testng.SuiteRunner.runTest(SuiteRunner.java:366)
	at org.testng.SuiteRunner.runSequentially(SuiteRunner.java:361)
	at org.testng.SuiteRunner.privateRun(SuiteRunner.java:319)
	at org.testng.SuiteRunner.run(SuiteRunner.java:268)
	at org.testng.SuiteRunnerWorker.runSuite(SuiteRunnerWorker.java:52)
	at org.testng.SuiteRunnerWorker.run(SuiteRunnerWorker.java:86)
	at org.testng.TestNG.runSuitesSequentially(TestNG.java:1244)
	at org.testng.TestNG.runSuitesLocally(TestNG.java:1169)
	at org.testng.TestNG.run(TestNG.java:1064)
	at org.testng.remote.AbstractRemoteTestNG.run(AbstractRemoteTestNG.java:114)
	at org.testng.remote.RemoteTestNG.initAndRun(RemoteTestNG.java:251)
	at org.testng.remote.RemoteTestNG.main(RemoteTestNG.java:77)
]]>
    </failure>
  </testcase> <!-- checkCustomerSummaryCustomerAgeingSummaryReportBackTrackOption -->
  <testcase name="checkFinancialLedgerReportBackTrackOption" time="120.203" classname="com.focus.testcases.FinancialReportsXTest">
    <error type="org.openqa.selenium.TimeoutException" message="Expected condition failed: waiting for element to be clickable: Proxy element for: DefaultElementLocator &#039;By.xpath: //i[contains(@class,&#039;icon-backtrack hiconright2&#039;)]&#039; (tried for 40 second(s) with 5000 milliseconds interval)">
      <![CDATA[org.openqa.selenium.TimeoutException: Expected condition failed: waiting for element to be clickable: Proxy element for: DefaultElementLocator 'By.xpath: //i[contains(@class,'icon-backtrack hiconright2')]' (tried for 40 second(s) with 5000 milliseconds interval)
	at org.openqa.selenium.support.ui.FluentWait.timeoutException(FluentWait.java:303)
	at org.openqa.selenium.support.ui.FluentWait.until(FluentWait.java:271)
	at com.focus.Pages.FinancilaReportsXPage.checkFinancialLedgerReportBackTrackOption(FinancilaReportsXPage.java:1167)
	at com.focus.testcases.FinancialReportsXTest.checkFinancialLedgerReportBackTrackOption(FinancialReportsXTest.java:54)
	at sun.reflect.NativeMethodAccessorImpl.invoke0(Native Method)
	at sun.reflect.NativeMethodAccessorImpl.invoke(Unknown Source)
	at sun.reflect.DelegatingMethodAccessorImpl.invoke(Unknown Source)
	at java.lang.reflect.Method.invoke(Unknown Source)
	at org.testng.internal.MethodInvocationHelper.invokeMethod(MethodInvocationHelper.java:86)
	at org.testng.internal.Invoker.invokeMethod(Invoker.java:643)
	at org.testng.internal.Invoker.invokeTestMethod(Invoker.java:820)
	at org.testng.internal.Invoker.invokeTestMethods(Invoker.java:1128)
	at org.testng.internal.TestMethodWorker.invokeTestMethods(TestMethodWorker.java:129)
	at org.testng.internal.TestMethodWorker.run(TestMethodWorker.java:112)
	at org.testng.TestRunner.privateRun(TestRunner.java:782)
	at org.testng.TestRunner.run(TestRunner.java:632)
	at org.testng.SuiteRunner.runTest(SuiteRunner.java:366)
	at org.testng.SuiteRunner.runSequentially(SuiteRunner.java:361)
	at org.testng.SuiteRunner.privateRun(SuiteRunner.java:319)
	at org.testng.SuiteRunner.run(SuiteRunner.java:268)
	at org.testng.SuiteRunnerWorker.runSuite(SuiteRunnerWorker.java:52)
	at org.testng.SuiteRunnerWorker.run(SuiteRunnerWorker.java:86)
	at org.testng.TestNG.runSuitesSequentially(TestNG.java:1244)
	at org.testng.TestNG.runSuitesLocally(TestNG.java:1169)
	at org.testng.TestNG.run(TestNG.java:1064)
	at org.testng.remote.AbstractRemoteTestNG.run(AbstractRemoteTestNG.java:114)
	at org.testng.remote.RemoteTestNG.initAndRun(RemoteTestNG.java:251)
	at org.testng.remote.RemoteTestNG.main(RemoteTestNG.java:77)
Caused by: org.openqa.selenium.NoSuchElementException: no such element: Unable to locate element: {"method":"xpath","selector":"//i[contains(@class,'icon-backtrack hiconright2')]"}
  (Session info: chrome=107.0.5304.122)
For documentation on this error, please visit: http://seleniumhq.org/exceptions/no_such_element.html
Build info: version: '3.12.0', revision: '7c6e0b3', time: '2018-05-08T14:04:26.12Z'
System info: host: 'FOCUS-QA-10', ip: '192.168.4.206', os.name: 'Windows 10', os.arch: 'amd64', os.version: '10.0', java.version: '1.8.0_111'
Driver info: org.openqa.selenium.chrome.ChromeDriver
Capabilities {acceptInsecureCerts: false, browserName: chrome, browserVersion: 107.0.5304.122, chrome: {chromedriverVersion: 106.0.5249.61 (511755355844..., userDataDir: C:\Users\Rakesh\AppData\Loc...}, goog:chromeOptions: {debuggerAddress: localhost:54194}, javascriptEnabled: true, networkConnectionEnabled: false, pageLoadStrategy: normal, platform: WINDOWS, platformName: WINDOWS, proxy: Proxy(), setWindowRect: true, strictFileInteractability: false, timeouts: {implicit: 0, pageLoad: 300000, script: 30000}, unhandledPromptBehavior: dismiss and notify, webauthn:extension:credBlob: true, webauthn:extension:largeBlob: true, webauthn:virtualAuthenticators: true}
Session ID: 4e5b63374159fa2ea6e25ee1b1617078
*** Element info: {Using=xpath, value=//i[contains(@class,'icon-backtrack hiconright2')]}
	at sun.reflect.GeneratedConstructorAccessor43.newInstance(Unknown Source)
	at sun.reflect.DelegatingConstructorAccessorImpl.newInstance(Unknown Source)
	at java.lang.reflect.Constructor.newInstance(Unknown Source)
	at org.openqa.selenium.remote.http.W3CHttpResponseCodec.createException(W3CHttpResponseCodec.java:187)
	at org.openqa.selenium.remote.http.W3CHttpResponseCodec.decode(W3CHttpResponseCodec.java:122)
	at org.openqa.selenium.remote.http.W3CHttpResponseCodec.decode(W3CHttpResponseCodec.java:49)
	at org.openqa.selenium.remote.HttpCommandExecutor.execute(HttpCommandExecutor.java:158)
	at org.openqa.selenium.remote.service.DriverCommandExecutor.execute(DriverCommandExecutor.java:83)
	at org.openqa.selenium.remote.RemoteWebDriver.execute(RemoteWebDriver.java:543)
	at org.openqa.selenium.remote.RemoteWebDriver.findElement(RemoteWebDriver.java:317)
	at org.openqa.selenium.remote.RemoteWebDriver.findElementByXPath(RemoteWebDriver.java:419)
	at org.openqa.selenium.By$ByXPath.findElement(By.java:353)
	at org.openqa.selenium.remote.RemoteWebDriver.findElement(RemoteWebDriver.java:309)
	at org.openqa.selenium.support.pagefactory.DefaultElementLocator.findElement(DefaultElementLocator.java:69)
	at org.openqa.selenium.support.pagefactory.internal.LocatingElementHandler.invoke(LocatingElementHandler.java:38)
	at com.sun.proxy.$Proxy15.isDisplayed(Unknown Source)
	at org.openqa.selenium.support.ui.ExpectedConditions.elementIfVisible(ExpectedConditions.java:315)
	at org.openqa.selenium.support.ui.ExpectedConditions.access$100(ExpectedConditions.java:44)
	at org.openqa.selenium.support.ui.ExpectedConditions$10.apply(ExpectedConditions.java:301)
	at org.openqa.selenium.support.ui.ExpectedConditions$10.apply(ExpectedConditions.java:298)
	at org.openqa.selenium.support.ui.ExpectedConditions$23.apply(ExpectedConditions.java:686)
	at org.openqa.selenium.support.ui.ExpectedConditions$23.apply(ExpectedConditions.java:682)
	at org.openqa.selenium.support.ui.FluentWait.until(FluentWait.java:248)
	... 26 more
]]>
    </error>
  </testcase> <!-- checkFinancialLedgerReportBackTrackOption -->
  <testcase name="checkPurchaseReturnRegisterReport" time="10.107" classname="com.focus.testcases.FinancialReportsXTest"/>
  <testcase name="checkCustomizeOptionInVatPurchaseAccountReport" time="32.104" classname="com.focus.testcases.FinancialReportsXTest"/>
  <testcase name="checkSalesReturnRegisterReportBackTrackOption" time="13.905" classname="com.focus.testcases.FinancialReportsXTest"/>
  <testcase name="checkVATDetailedReport" time="59.773" classname="com.focus.testcases.FinancialReportsXTest">
    <error type="org.openqa.selenium.TimeoutException" message="Expected condition failed: waiting for element to be clickable: [[ChromeDriver: chrome on WINDOWS (4e5b63374159fa2ea6e25ee1b1617078)] -&gt; xpath: (//input[@id=&#039;5002&#039;])[1]/following-sibling::span] (tried for 40 second(s) with 5000 milliseconds interval)
Build info: version: &#039;3.12.0&#039;, revision: &#039;7c6e0b3&#039;, time: &#039;2018-05-08T14:04:26.12Z&#039;
System info: host: &#039;FOCUS-QA-10&#039;, ip: &#039;192.168.4.206&#039;, os.name: &#039;Windows 10&#039;, os.arch: &#039;amd64&#039;, os.version: &#039;10.0&#039;, java.version: &#039;1.8.0_111&#039;
Driver info: driver.version: unknown">
      <![CDATA[org.openqa.selenium.TimeoutException: Expected condition failed: waiting for element to be clickable: [[ChromeDriver: chrome on WINDOWS (4e5b63374159fa2ea6e25ee1b1617078)] -> xpath: (//input[@id='5002'])[1]/following-sibling::span] (tried for 40 second(s) with 5000 milliseconds interval)
Build info: version: '3.12.0', revision: '7c6e0b3', time: '2018-05-08T14:04:26.12Z'
System info: host: 'FOCUS-QA-10', ip: '192.168.4.206', os.name: 'Windows 10', os.arch: 'amd64', os.version: '10.0', java.version: '1.8.0_111'
Driver info: driver.version: unknown
	at org.openqa.selenium.support.ui.FluentWait.timeoutException(FluentWait.java:303)
	at org.openqa.selenium.support.ui.FluentWait.until(FluentWait.java:271)
	at com.focus.Pages.FinancilaReportsXPage.checkVATDetailedReport(FinancilaReportsXPage.java:12883)
	at com.focus.testcases.FinancialReportsXTest.checkVATDetailedReport(FinancialReportsXTest.java:476)
	at sun.reflect.NativeMethodAccessorImpl.invoke0(Native Method)
	at sun.reflect.NativeMethodAccessorImpl.invoke(Unknown Source)
	at sun.reflect.DelegatingMethodAccessorImpl.invoke(Unknown Source)
	at java.lang.reflect.Method.invoke(Unknown Source)
	at org.testng.internal.MethodInvocationHelper.invokeMethod(MethodInvocationHelper.java:86)
	at org.testng.internal.Invoker.invokeMethod(Invoker.java:643)
	at org.testng.internal.Invoker.invokeTestMethod(Invoker.java:820)
	at org.testng.internal.Invoker.invokeTestMethods(Invoker.java:1128)
	at org.testng.internal.TestMethodWorker.invokeTestMethods(TestMethodWorker.java:129)
	at org.testng.internal.TestMethodWorker.run(TestMethodWorker.java:112)
	at org.testng.TestRunner.privateRun(TestRunner.java:782)
	at org.testng.TestRunner.run(TestRunner.java:632)
	at org.testng.SuiteRunner.runTest(SuiteRunner.java:366)
	at org.testng.SuiteRunner.runSequentially(SuiteRunner.java:361)
	at org.testng.SuiteRunner.privateRun(SuiteRunner.java:319)
	at org.testng.SuiteRunner.run(SuiteRunner.java:268)
	at org.testng.SuiteRunnerWorker.runSuite(SuiteRunnerWorker.java:52)
	at org.testng.SuiteRunnerWorker.run(SuiteRunnerWorker.java:86)
	at org.testng.TestNG.runSuitesSequentially(TestNG.java:1244)
	at org.testng.TestNG.runSuitesLocally(TestNG.java:1169)
	at org.testng.TestNG.run(TestNG.java:1064)
	at org.testng.remote.AbstractRemoteTestNG.run(AbstractRemoteTestNG.java:114)
	at org.testng.remote.RemoteTestNG.initAndRun(RemoteTestNG.java:251)
	at org.testng.remote.RemoteTestNG.main(RemoteTestNG.java:77)
]]>
    </error>
  </testcase> <!-- checkVATDetailedReport -->
  <testcase name="checkVendorDetailsVendorOverdueAnalysisReport" time="3.244" classname="com.focus.testcases.FinancialReportsXTest">
    <error type="org.openqa.selenium.ElementClickInterceptedException" message="element click intercepted: Element &lt;li class=&quot;nav-item&quot; style=&quot;text-align:center&quot;&gt;...&lt;/li&gt; is not clickable at point (44, 167). Other element would receive the click: &lt;div id=&quot;fullScreen&quot; class=&quot;modal fade right show&quot; role=&quot;dialog&quot; data-backdrop=&quot;static&quot; style=&quot;z-index: 10000001; padding-right: 10px; display: block;&quot; aria-modal=&quot;true&quot;&gt;...&lt;/div&gt;
  (Session info: chrome=107.0.5304.122)
Build info: version: &#039;3.12.0&#039;, revision: &#039;7c6e0b3&#039;, time: &#039;2018-05-08T14:04:26.12Z&#039;
System info: host: &#039;FOCUS-QA-10&#039;, ip: &#039;192.168.4.206&#039;, os.name: &#039;Windows 10&#039;, os.arch: &#039;amd64&#039;, os.version: &#039;10.0&#039;, java.version: &#039;1.8.0_111&#039;
Driver info: org.openqa.selenium.chrome.ChromeDriver
Capabilities {acceptInsecureCerts: false, browserName: chrome, browserVersion: 107.0.5304.122, chrome: {chromedriverVersion: 106.0.5249.61 (511755355844..., userDataDir: C:\Users\Rakesh\AppData\Loc...}, goog:chromeOptions: {debuggerAddress: localhost:54194}, javascriptEnabled: true, networkConnectionEnabled: false, pageLoadStrategy: normal, platform: WINDOWS, platformName: WINDOWS, proxy: Proxy(), setWindowRect: true, strictFileInteractability: false, timeouts: {implicit: 0, pageLoad: 300000, script: 30000}, unhandledPromptBehavior: dismiss and notify, webauthn:extension:credBlob: true, webauthn:extension:largeBlob: true, webauthn:virtualAuthenticators: true}
Session ID: 4e5b63374159fa2ea6e25ee1b1617078">
      <![CDATA[org.openqa.selenium.ElementClickInterceptedException: element click intercepted: Element <li class="nav-item" style="text-align:center">...</li> is not clickable at point (44, 167). Other element would receive the click: <div id="fullScreen" class="modal fade right show" role="dialog" data-backdrop="static" style="z-index: 10000001; padding-right: 10px; display: block;" aria-modal="true">...</div>
  (Session info: chrome=107.0.5304.122)
Build info: version: '3.12.0', revision: '7c6e0b3', time: '2018-05-08T14:04:26.12Z'
System info: host: 'FOCUS-QA-10', ip: '192.168.4.206', os.name: 'Windows 10', os.arch: 'amd64', os.version: '10.0', java.version: '1.8.0_111'
Driver info: org.openqa.selenium.chrome.ChromeDriver
Capabilities {acceptInsecureCerts: false, browserName: chrome, browserVersion: 107.0.5304.122, chrome: {chromedriverVersion: 106.0.5249.61 (511755355844..., userDataDir: C:\Users\Rakesh\AppData\Loc...}, goog:chromeOptions: {debuggerAddress: localhost:54194}, javascriptEnabled: true, networkConnectionEnabled: false, pageLoadStrategy: normal, platform: WINDOWS, platformName: WINDOWS, proxy: Proxy(), setWindowRect: true, strictFileInteractability: false, timeouts: {implicit: 0, pageLoad: 300000, script: 30000}, unhandledPromptBehavior: dismiss and notify, webauthn:extension:credBlob: true, webauthn:extension:largeBlob: true, webauthn:virtualAuthenticators: true}
Session ID: 4e5b63374159fa2ea6e25ee1b1617078
	at sun.reflect.GeneratedConstructorAccessor45.newInstance(Unknown Source)
	at sun.reflect.DelegatingConstructorAccessorImpl.newInstance(Unknown Source)
	at java.lang.reflect.Constructor.newInstance(Unknown Source)
	at org.openqa.selenium.remote.http.W3CHttpResponseCodec.createException(W3CHttpResponseCodec.java:187)
	at org.openqa.selenium.remote.http.W3CHttpResponseCodec.decode(W3CHttpResponseCodec.java:122)
	at org.openqa.selenium.remote.http.W3CHttpResponseCodec.decode(W3CHttpResponseCodec.java:49)
	at org.openqa.selenium.remote.HttpCommandExecutor.execute(HttpCommandExecutor.java:158)
	at org.openqa.selenium.remote.service.DriverCommandExecutor.execute(DriverCommandExecutor.java:83)
	at org.openqa.selenium.remote.RemoteWebDriver.execute(RemoteWebDriver.java:543)
	at org.openqa.selenium.remote.RemoteWebElement.execute(RemoteWebElement.java:276)
	at org.openqa.selenium.remote.RemoteWebElement.click(RemoteWebElement.java:83)
	at sun.reflect.GeneratedMethodAccessor4.invoke(Unknown Source)
	at sun.reflect.DelegatingMethodAccessorImpl.invoke(Unknown Source)
	at java.lang.reflect.Method.invoke(Unknown Source)
	at org.openqa.selenium.support.pagefactory.internal.LocatingElementHandler.invoke(LocatingElementHandler.java:51)
	at com.sun.proxy.$Proxy15.click(Unknown Source)
	at com.focus.Pages.FinancilaReportsXPage.checkVendorDetailsVendorOverdueAnalysisReport(FinancilaReportsXPage.java:44892)
	at com.focus.testcases.FinancialReportsXTest.checkVendorDetailsVendorOverdueAnalysisReport(FinancialReportsXTest.java:1687)
	at sun.reflect.NativeMethodAccessorImpl.invoke0(Native Method)
	at sun.reflect.NativeMethodAccessorImpl.invoke(Unknown Source)
	at sun.reflect.DelegatingMethodAccessorImpl.invoke(Unknown Source)
	at java.lang.reflect.Method.invoke(Unknown Source)
	at org.testng.internal.MethodInvocationHelper.invokeMethod(MethodInvocationHelper.java:86)
	at org.testng.internal.Invoker.invokeMethod(Invoker.java:643)
	at org.testng.internal.Invoker.invokeTestMethod(Invoker.java:820)
	at org.testng.internal.Invoker.invokeTestMethods(Invoker.java:1128)
	at org.testng.internal.TestMethodWorker.invokeTestMethods(TestMethodWorker.java:129)
	at org.testng.internal.TestMethodWorker.run(TestMethodWorker.java:112)
	at org.testng.TestRunner.privateRun(TestRunner.java:782)
	at org.testng.TestRunner.run(TestRunner.java:632)
	at org.testng.SuiteRunner.runTest(SuiteRunner.java:366)
	at org.testng.SuiteRunner.runSequentially(SuiteRunner.java:361)
	at org.testng.SuiteRunner.privateRun(SuiteRunner.java:319)
	at org.testng.SuiteRunner.run(SuiteRunner.java:268)
	at org.testng.SuiteRunnerWorker.runSuite(SuiteRunnerWorker.java:52)
	at org.testng.SuiteRunnerWorker.run(SuiteRunnerWorker.java:86)
	at org.testng.TestNG.runSuitesSequentially(TestNG.java:1244)
	at org.testng.TestNG.runSuitesLocally(TestNG.java:1169)
	at org.testng.TestNG.run(TestNG.java:1064)
	at org.testng.remote.AbstractRemoteTestNG.run(AbstractRemoteTestNG.java:114)
	at org.testng.remote.RemoteTestNG.initAndRun(RemoteTestNG.java:251)
	at org.testng.remote.RemoteTestNG.main(RemoteTestNG.java:77)
]]>
    </error>
  </testcase> <!-- checkVendorDetailsVendorOverdueAnalysisReport -->
  <testcase name="CheckPrintAndCustomiseOptionnInvendorDetailsVendorDueDateAnalysisReport" time="81.741" classname="com.focus.testcases.FinancialReportsXTest">
    <error type="org.openqa.selenium.TimeoutException" message="Expected condition failed: waiting for element to be clickable: Proxy element for: DefaultElementLocator &#039;By.xpath: //*[@class=&#039;icon-custamize hiconright2&#039;]&#039; (tried for 40 second(s) with 5000 milliseconds interval)">
      <![CDATA[org.openqa.selenium.TimeoutException: Expected condition failed: waiting for element to be clickable: Proxy element for: DefaultElementLocator 'By.xpath: //*[@class='icon-custamize hiconright2']' (tried for 40 second(s) with 5000 milliseconds interval)
	at org.openqa.selenium.support.ui.FluentWait.timeoutException(FluentWait.java:303)
	at org.openqa.selenium.support.ui.FluentWait.until(FluentWait.java:271)
	at com.focus.Pages.FinancilaReportsXPage.CheckPrintAndCustomiseOptionnInvendorDetailsVendorDueDateAnalysisReport(FinancilaReportsXPage.java:43744)
	at com.focus.testcases.FinancialReportsXTest.CheckPrintAndCustomiseOptionnInvendorDetailsVendorDueDateAnalysisReport(FinancialReportsXTest.java:1622)
	at sun.reflect.NativeMethodAccessorImpl.invoke0(Native Method)
	at sun.reflect.NativeMethodAccessorImpl.invoke(Unknown Source)
	at sun.reflect.DelegatingMethodAccessorImpl.invoke(Unknown Source)
	at java.lang.reflect.Method.invoke(Unknown Source)
	at org.testng.internal.MethodInvocationHelper.invokeMethod(MethodInvocationHelper.java:86)
	at org.testng.internal.Invoker.invokeMethod(Invoker.java:643)
	at org.testng.internal.Invoker.invokeTestMethod(Invoker.java:820)
	at org.testng.internal.Invoker.invokeTestMethods(Invoker.java:1128)
	at org.testng.internal.TestMethodWorker.invokeTestMethods(TestMethodWorker.java:129)
	at org.testng.internal.TestMethodWorker.run(TestMethodWorker.java:112)
	at org.testng.TestRunner.privateRun(TestRunner.java:782)
	at org.testng.TestRunner.run(TestRunner.java:632)
	at org.testng.SuiteRunner.runTest(SuiteRunner.java:366)
	at org.testng.SuiteRunner.runSequentially(SuiteRunner.java:361)
	at org.testng.SuiteRunner.privateRun(SuiteRunner.java:319)
	at org.testng.SuiteRunner.run(SuiteRunner.java:268)
	at org.testng.SuiteRunnerWorker.runSuite(SuiteRunnerWorker.java:52)
	at org.testng.SuiteRunnerWorker.run(SuiteRunnerWorker.java:86)
	at org.testng.TestNG.runSuitesSequentially(TestNG.java:1244)
	at org.testng.TestNG.runSuitesLocally(TestNG.java:1169)
	at org.testng.TestNG.run(TestNG.java:1064)
	at org.testng.remote.AbstractRemoteTestNG.run(AbstractRemoteTestNG.java:114)
	at org.testng.remote.RemoteTestNG.initAndRun(RemoteTestNG.java:251)
	at org.testng.remote.RemoteTestNG.main(RemoteTestNG.java:77)
Caused by: org.openqa.selenium.NoSuchElementException: no such element: Unable to locate element: {"method":"xpath","selector":"//*[@class='icon-custamize hiconright2']"}
  (Session info: chrome=107.0.5304.122)
For documentation on this error, please visit: http://seleniumhq.org/exceptions/no_such_element.html
Build info: version: '3.12.0', revision: '7c6e0b3', time: '2018-05-08T14:04:26.12Z'
System info: host: 'FOCUS-QA-10', ip: '192.168.4.206', os.name: 'Windows 10', os.arch: 'amd64', os.version: '10.0', java.version: '1.8.0_111'
Driver info: org.openqa.selenium.chrome.ChromeDriver
Capabilities {acceptInsecureCerts: false, browserName: chrome, browserVersion: 107.0.5304.122, chrome: {chromedriverVersion: 106.0.5249.61 (511755355844..., userDataDir: C:\Users\Rakesh\AppData\Loc...}, goog:chromeOptions: {debuggerAddress: localhost:54194}, javascriptEnabled: true, networkConnectionEnabled: false, pageLoadStrategy: normal, platform: WINDOWS, platformName: WINDOWS, proxy: Proxy(), setWindowRect: true, strictFileInteractability: false, timeouts: {implicit: 0, pageLoad: 300000, script: 30000}, unhandledPromptBehavior: dismiss and notify, webauthn:extension:credBlob: true, webauthn:extension:largeBlob: true, webauthn:virtualAuthenticators: true}
Session ID: 4e5b63374159fa2ea6e25ee1b1617078
*** Element info: {Using=xpath, value=//*[@class='icon-custamize hiconright2']}
	at sun.reflect.GeneratedConstructorAccessor43.newInstance(Unknown Source)
	at sun.reflect.DelegatingConstructorAccessorImpl.newInstance(Unknown Source)
	at java.lang.reflect.Constructor.newInstance(Unknown Source)
	at org.openqa.selenium.remote.http.W3CHttpResponseCodec.createException(W3CHttpResponseCodec.java:187)
	at org.openqa.selenium.remote.http.W3CHttpResponseCodec.decode(W3CHttpResponseCodec.java:122)
	at org.openqa.selenium.remote.http.W3CHttpResponseCodec.decode(W3CHttpResponseCodec.java:49)
	at org.openqa.selenium.remote.HttpCommandExecutor.execute(HttpCommandExecutor.java:158)
	at org.openqa.selenium.remote.service.DriverCommandExecutor.execute(DriverCommandExecutor.java:83)
	at org.openqa.selenium.remote.RemoteWebDriver.execute(RemoteWebDriver.java:543)
	at org.openqa.selenium.remote.RemoteWebDriver.findElement(RemoteWebDriver.java:317)
	at org.openqa.selenium.remote.RemoteWebDriver.findElementByXPath(RemoteWebDriver.java:419)
	at org.openqa.selenium.By$ByXPath.findElement(By.java:353)
	at org.openqa.selenium.remote.RemoteWebDriver.findElement(RemoteWebDriver.java:309)
	at org.openqa.selenium.support.pagefactory.DefaultElementLocator.findElement(DefaultElementLocator.java:69)
	at org.openqa.selenium.support.pagefactory.internal.LocatingElementHandler.invoke(LocatingElementHandler.java:38)
	at com.sun.proxy.$Proxy15.isDisplayed(Unknown Source)
	at org.openqa.selenium.support.ui.ExpectedConditions.elementIfVisible(ExpectedConditions.java:315)
	at org.openqa.selenium.support.ui.ExpectedConditions.access$100(ExpectedConditions.java:44)
	at org.openqa.selenium.support.ui.ExpectedConditions$10.apply(ExpectedConditions.java:301)
	at org.openqa.selenium.support.ui.ExpectedConditions$10.apply(ExpectedConditions.java:298)
	at org.openqa.selenium.support.ui.ExpectedConditions$23.apply(ExpectedConditions.java:686)
	at org.openqa.selenium.support.ui.ExpectedConditions$23.apply(ExpectedConditions.java:682)
	at org.openqa.selenium.support.ui.FluentWait.until(FluentWait.java:248)
	... 26 more
]]>
    </error>
  </testcase> <!-- CheckPrintAndCustomiseOptionnInvendorDetailsVendorDueDateAnalysisReport -->
  <testcase name="CheckPrintAndCustomiseOptionnIncustomerSummaryCustomerOverDueSummeryReport" time="81.658" classname="com.focus.testcases.FinancialReportsXTest">
    <error type="org.openqa.selenium.TimeoutException" message="Expected condition failed: waiting for element to be clickable: Proxy element for: DefaultElementLocator &#039;By.xpath: //*[@class=&#039;icon-custamize hiconright2&#039;]&#039; (tried for 40 second(s) with 5000 milliseconds interval)">
      <![CDATA[org.openqa.selenium.TimeoutException: Expected condition failed: waiting for element to be clickable: Proxy element for: DefaultElementLocator 'By.xpath: //*[@class='icon-custamize hiconright2']' (tried for 40 second(s) with 5000 milliseconds interval)
	at org.openqa.selenium.support.ui.FluentWait.timeoutException(FluentWait.java:303)
	at org.openqa.selenium.support.ui.FluentWait.until(FluentWait.java:271)
	at com.focus.Pages.FinancilaReportsXPage.CheckPrintAndCustomiseOptionnIncustomerSummaryCustomerOverDueSummeryReport(FinancilaReportsXPage.java:41547)
	at com.focus.testcases.FinancialReportsXTest.CheckPrintAndCustomiseOptionnIncustomerSummaryCustomerOverDueSummeryReport(FinancialReportsXTest.java:1513)
	at sun.reflect.NativeMethodAccessorImpl.invoke0(Native Method)
	at sun.reflect.NativeMethodAccessorImpl.invoke(Unknown Source)
	at sun.reflect.DelegatingMethodAccessorImpl.invoke(Unknown Source)
	at java.lang.reflect.Method.invoke(Unknown Source)
	at org.testng.internal.MethodInvocationHelper.invokeMethod(MethodInvocationHelper.java:86)
	at org.testng.internal.Invoker.invokeMethod(Invoker.java:643)
	at org.testng.internal.Invoker.invokeTestMethod(Invoker.java:820)
	at org.testng.internal.Invoker.invokeTestMethods(Invoker.java:1128)
	at org.testng.internal.TestMethodWorker.invokeTestMethods(TestMethodWorker.java:129)
	at org.testng.internal.TestMethodWorker.run(TestMethodWorker.java:112)
	at org.testng.TestRunner.privateRun(TestRunner.java:782)
	at org.testng.TestRunner.run(TestRunner.java:632)
	at org.testng.SuiteRunner.runTest(SuiteRunner.java:366)
	at org.testng.SuiteRunner.runSequentially(SuiteRunner.java:361)
	at org.testng.SuiteRunner.privateRun(SuiteRunner.java:319)
	at org.testng.SuiteRunner.run(SuiteRunner.java:268)
	at org.testng.SuiteRunnerWorker.runSuite(SuiteRunnerWorker.java:52)
	at org.testng.SuiteRunnerWorker.run(SuiteRunnerWorker.java:86)
	at org.testng.TestNG.runSuitesSequentially(TestNG.java:1244)
	at org.testng.TestNG.runSuitesLocally(TestNG.java:1169)
	at org.testng.TestNG.run(TestNG.java:1064)
	at org.testng.remote.AbstractRemoteTestNG.run(AbstractRemoteTestNG.java:114)
	at org.testng.remote.RemoteTestNG.initAndRun(RemoteTestNG.java:251)
	at org.testng.remote.RemoteTestNG.main(RemoteTestNG.java:77)
Caused by: org.openqa.selenium.NoSuchElementException: no such element: Unable to locate element: {"method":"xpath","selector":"//*[@class='icon-custamize hiconright2']"}
  (Session info: chrome=107.0.5304.122)
For documentation on this error, please visit: http://seleniumhq.org/exceptions/no_such_element.html
Build info: version: '3.12.0', revision: '7c6e0b3', time: '2018-05-08T14:04:26.12Z'
System info: host: 'FOCUS-QA-10', ip: '192.168.4.206', os.name: 'Windows 10', os.arch: 'amd64', os.version: '10.0', java.version: '1.8.0_111'
Driver info: org.openqa.selenium.chrome.ChromeDriver
Capabilities {acceptInsecureCerts: false, browserName: chrome, browserVersion: 107.0.5304.122, chrome: {chromedriverVersion: 106.0.5249.61 (511755355844..., userDataDir: C:\Users\Rakesh\AppData\Loc...}, goog:chromeOptions: {debuggerAddress: localhost:54194}, javascriptEnabled: true, networkConnectionEnabled: false, pageLoadStrategy: normal, platform: WINDOWS, platformName: WINDOWS, proxy: Proxy(), setWindowRect: true, strictFileInteractability: false, timeouts: {implicit: 0, pageLoad: 300000, script: 30000}, unhandledPromptBehavior: dismiss and notify, webauthn:extension:credBlob: true, webauthn:extension:largeBlob: true, webauthn:virtualAuthenticators: true}
Session ID: 4e5b63374159fa2ea6e25ee1b1617078
*** Element info: {Using=xpath, value=//*[@class='icon-custamize hiconright2']}
	at sun.reflect.GeneratedConstructorAccessor43.newInstance(Unknown Source)
	at sun.reflect.DelegatingConstructorAccessorImpl.newInstance(Unknown Source)
	at java.lang.reflect.Constructor.newInstance(Unknown Source)
	at org.openqa.selenium.remote.http.W3CHttpResponseCodec.createException(W3CHttpResponseCodec.java:187)
	at org.openqa.selenium.remote.http.W3CHttpResponseCodec.decode(W3CHttpResponseCodec.java:122)
	at org.openqa.selenium.remote.http.W3CHttpResponseCodec.decode(W3CHttpResponseCodec.java:49)
	at org.openqa.selenium.remote.HttpCommandExecutor.execute(HttpCommandExecutor.java:158)
	at org.openqa.selenium.remote.service.DriverCommandExecutor.execute(DriverCommandExecutor.java:83)
	at org.openqa.selenium.remote.RemoteWebDriver.execute(RemoteWebDriver.java:543)
	at org.openqa.selenium.remote.RemoteWebDriver.findElement(RemoteWebDriver.java:317)
	at org.openqa.selenium.remote.RemoteWebDriver.findElementByXPath(RemoteWebDriver.java:419)
	at org.openqa.selenium.By$ByXPath.findElement(By.java:353)
	at org.openqa.selenium.remote.RemoteWebDriver.findElement(RemoteWebDriver.java:309)
	at org.openqa.selenium.support.pagefactory.DefaultElementLocator.findElement(DefaultElementLocator.java:69)
	at org.openqa.selenium.support.pagefactory.internal.LocatingElementHandler.invoke(LocatingElementHandler.java:38)
	at com.sun.proxy.$Proxy15.isDisplayed(Unknown Source)
	at org.openqa.selenium.support.ui.ExpectedConditions.elementIfVisible(ExpectedConditions.java:315)
	at org.openqa.selenium.support.ui.ExpectedConditions.access$100(ExpectedConditions.java:44)
	at org.openqa.selenium.support.ui.ExpectedConditions$10.apply(ExpectedConditions.java:301)
	at org.openqa.selenium.support.ui.ExpectedConditions$10.apply(ExpectedConditions.java:298)
	at org.openqa.selenium.support.ui.ExpectedConditions$23.apply(ExpectedConditions.java:686)
	at org.openqa.selenium.support.ui.ExpectedConditions$23.apply(ExpectedConditions.java:682)
	at org.openqa.selenium.support.ui.FluentWait.until(FluentWait.java:248)
	... 26 more
]]>
    </error>
  </testcase> <!-- CheckPrintAndCustomiseOptionnIncustomerSummaryCustomerOverDueSummeryReport -->
  <testcase name="checkPurchasesGroupedByVendorsReportBackTrackOption" time="24.780" classname="com.focus.testcases.FinancialReportsXTest"/>
  <testcase name="checkPurchasesGroupedByDepartmentReport" time="14.879" classname="com.focus.testcases.FinancialReportsXTest"/>
  <testcase name="checkComparitiveAnalysisReport" time="1.232" classname="com.focus.testcases.FinancialReportsXTest">
    <error type="org.openqa.selenium.ElementClickInterceptedException" message="element click intercepted: Element &lt;li class=&quot;nav-item&quot; style=&quot;text-align:center&quot;&gt;...&lt;/li&gt; is not clickable at point (44, 167). Other element would receive the click: &lt;div id=&quot;fullScreen&quot; class=&quot;modal fade right show&quot; role=&quot;dialog&quot; data-backdrop=&quot;static&quot; style=&quot;z-index: 10000001; padding-right: 10px; display: block;&quot; aria-modal=&quot;true&quot;&gt;...&lt;/div&gt;
  (Session info: chrome=107.0.5304.122)
Build info: version: &#039;3.12.0&#039;, revision: &#039;7c6e0b3&#039;, time: &#039;2018-05-08T14:04:26.12Z&#039;
System info: host: &#039;FOCUS-QA-10&#039;, ip: &#039;192.168.4.206&#039;, os.name: &#039;Windows 10&#039;, os.arch: &#039;amd64&#039;, os.version: &#039;10.0&#039;, java.version: &#039;1.8.0_111&#039;
Driver info: org.openqa.selenium.chrome.ChromeDriver
Capabilities {acceptInsecureCerts: false, browserName: chrome, browserVersion: 107.0.5304.122, chrome: {chromedriverVersion: 106.0.5249.61 (511755355844..., userDataDir: C:\Users\Rakesh\AppData\Loc...}, goog:chromeOptions: {debuggerAddress: localhost:54194}, javascriptEnabled: true, networkConnectionEnabled: false, pageLoadStrategy: normal, platform: WINDOWS, platformName: WINDOWS, proxy: Proxy(), setWindowRect: true, strictFileInteractability: false, timeouts: {implicit: 0, pageLoad: 300000, script: 30000}, unhandledPromptBehavior: dismiss and notify, webauthn:extension:credBlob: true, webauthn:extension:largeBlob: true, webauthn:virtualAuthenticators: true}
Session ID: 4e5b63374159fa2ea6e25ee1b1617078">
      <![CDATA[org.openqa.selenium.ElementClickInterceptedException: element click intercepted: Element <li class="nav-item" style="text-align:center">...</li> is not clickable at point (44, 167). Other element would receive the click: <div id="fullScreen" class="modal fade right show" role="dialog" data-backdrop="static" style="z-index: 10000001; padding-right: 10px; display: block;" aria-modal="true">...</div>
  (Session info: chrome=107.0.5304.122)
Build info: version: '3.12.0', revision: '7c6e0b3', time: '2018-05-08T14:04:26.12Z'
System info: host: 'FOCUS-QA-10', ip: '192.168.4.206', os.name: 'Windows 10', os.arch: 'amd64', os.version: '10.0', java.version: '1.8.0_111'
Driver info: org.openqa.selenium.chrome.ChromeDriver
Capabilities {acceptInsecureCerts: false, browserName: chrome, browserVersion: 107.0.5304.122, chrome: {chromedriverVersion: 106.0.5249.61 (511755355844..., userDataDir: C:\Users\Rakesh\AppData\Loc...}, goog:chromeOptions: {debuggerAddress: localhost:54194}, javascriptEnabled: true, networkConnectionEnabled: false, pageLoadStrategy: normal, platform: WINDOWS, platformName: WINDOWS, proxy: Proxy(), setWindowRect: true, strictFileInteractability: false, timeouts: {implicit: 0, pageLoad: 300000, script: 30000}, unhandledPromptBehavior: dismiss and notify, webauthn:extension:credBlob: true, webauthn:extension:largeBlob: true, webauthn:virtualAuthenticators: true}
Session ID: 4e5b63374159fa2ea6e25ee1b1617078
	at sun.reflect.GeneratedConstructorAccessor45.newInstance(Unknown Source)
	at sun.reflect.DelegatingConstructorAccessorImpl.newInstance(Unknown Source)
	at java.lang.reflect.Constructor.newInstance(Unknown Source)
	at org.openqa.selenium.remote.http.W3CHttpResponseCodec.createException(W3CHttpResponseCodec.java:187)
	at org.openqa.selenium.remote.http.W3CHttpResponseCodec.decode(W3CHttpResponseCodec.java:122)
	at org.openqa.selenium.remote.http.W3CHttpResponseCodec.decode(W3CHttpResponseCodec.java:49)
	at org.openqa.selenium.remote.HttpCommandExecutor.execute(HttpCommandExecutor.java:158)
	at org.openqa.selenium.remote.service.DriverCommandExecutor.execute(DriverCommandExecutor.java:83)
	at org.openqa.selenium.remote.RemoteWebDriver.execute(RemoteWebDriver.java:543)
	at org.openqa.selenium.remote.RemoteWebElement.execute(RemoteWebElement.java:276)
	at org.openqa.selenium.remote.RemoteWebElement.click(RemoteWebElement.java:83)
	at sun.reflect.GeneratedMethodAccessor4.invoke(Unknown Source)
	at sun.reflect.DelegatingMethodAccessorImpl.invoke(Unknown Source)
	at java.lang.reflect.Method.invoke(Unknown Source)
	at org.openqa.selenium.support.pagefactory.internal.LocatingElementHandler.invoke(LocatingElementHandler.java:51)
	at com.sun.proxy.$Proxy15.click(Unknown Source)
	at com.focus.Pages.FinancilaReportsXPage.checkComparitiveAnalysisReport(FinancilaReportsXPage.java:25179)
	at com.focus.testcases.FinancialReportsXTest.checkComparitiveAnalysisReport(FinancialReportsXTest.java:854)
	at sun.reflect.NativeMethodAccessorImpl.invoke0(Native Method)
	at sun.reflect.NativeMethodAccessorImpl.invoke(Unknown Source)
	at sun.reflect.DelegatingMethodAccessorImpl.invoke(Unknown Source)
	at java.lang.reflect.Method.invoke(Unknown Source)
	at org.testng.internal.MethodInvocationHelper.invokeMethod(MethodInvocationHelper.java:86)
	at org.testng.internal.Invoker.invokeMethod(Invoker.java:643)
	at org.testng.internal.Invoker.invokeTestMethod(Invoker.java:820)
	at org.testng.internal.Invoker.invokeTestMethods(Invoker.java:1128)
	at org.testng.internal.TestMethodWorker.invokeTestMethods(TestMethodWorker.java:129)
	at org.testng.internal.TestMethodWorker.run(TestMethodWorker.java:112)
	at org.testng.TestRunner.privateRun(TestRunner.java:782)
	at org.testng.TestRunner.run(TestRunner.java:632)
	at org.testng.SuiteRunner.runTest(SuiteRunner.java:366)
	at org.testng.SuiteRunner.runSequentially(SuiteRunner.java:361)
	at org.testng.SuiteRunner.privateRun(SuiteRunner.java:319)
	at org.testng.SuiteRunner.run(SuiteRunner.java:268)
	at org.testng.SuiteRunnerWorker.runSuite(SuiteRunnerWorker.java:52)
	at org.testng.SuiteRunnerWorker.run(SuiteRunnerWorker.java:86)
	at org.testng.TestNG.runSuitesSequentially(TestNG.java:1244)
	at org.testng.TestNG.runSuitesLocally(TestNG.java:1169)
	at org.testng.TestNG.run(TestNG.java:1064)
	at org.testng.remote.AbstractRemoteTestNG.run(AbstractRemoteTestNG.java:114)
	at org.testng.remote.RemoteTestNG.initAndRun(RemoteTestNG.java:251)
	at org.testng.remote.RemoteTestNG.main(RemoteTestNG.java:77)
]]>
    </error>
  </testcase> <!-- checkComparitiveAnalysisReport -->
  <testcase name="CheckPrintAndCustomiseOptionnInVendorSummeryVendorBillwiseSummaryReport" time="2.606" classname="com.focus.testcases.FinancialReportsXTest">
    <error type="org.openqa.selenium.ElementClickInterceptedException" message="element click intercepted: Element &lt;i class=&quot;icon-custamize hiconright2&quot;&gt;&lt;/i&gt; is not clickable at point (1151, 98). Other element would receive the click: &lt;div class=&quot;col-lg-12&quot; style=&quot;padding-right:0px;padding-left:0px;width:100%;padding-bottom:28px;&quot;&gt;...&lt;/div&gt;
  (Session info: chrome=107.0.5304.122)
Build info: version: &#039;3.12.0&#039;, revision: &#039;7c6e0b3&#039;, time: &#039;2018-05-08T14:04:26.12Z&#039;
System info: host: &#039;FOCUS-QA-10&#039;, ip: &#039;192.168.4.206&#039;, os.name: &#039;Windows 10&#039;, os.arch: &#039;amd64&#039;, os.version: &#039;10.0&#039;, java.version: &#039;1.8.0_111&#039;
Driver info: org.openqa.selenium.chrome.ChromeDriver
Capabilities {acceptInsecureCerts: false, browserName: chrome, browserVersion: 107.0.5304.122, chrome: {chromedriverVersion: 106.0.5249.61 (511755355844..., userDataDir: C:\Users\Rakesh\AppData\Loc...}, goog:chromeOptions: {debuggerAddress: localhost:54194}, javascriptEnabled: true, networkConnectionEnabled: false, pageLoadStrategy: normal, platform: WINDOWS, platformName: WINDOWS, proxy: Proxy(), setWindowRect: true, strictFileInteractability: false, timeouts: {implicit: 0, pageLoad: 300000, script: 30000}, unhandledPromptBehavior: dismiss and notify, webauthn:extension:credBlob: true, webauthn:extension:largeBlob: true, webauthn:virtualAuthenticators: true}
Session ID: 4e5b63374159fa2ea6e25ee1b1617078">
      <![CDATA[org.openqa.selenium.ElementClickInterceptedException: element click intercepted: Element <i class="icon-custamize hiconright2"></i> is not clickable at point (1151, 98). Other element would receive the click: <div class="col-lg-12" style="padding-right:0px;padding-left:0px;width:100%;padding-bottom:28px;">...</div>
  (Session info: chrome=107.0.5304.122)
Build info: version: '3.12.0', revision: '7c6e0b3', time: '2018-05-08T14:04:26.12Z'
System info: host: 'FOCUS-QA-10', ip: '192.168.4.206', os.name: 'Windows 10', os.arch: 'amd64', os.version: '10.0', java.version: '1.8.0_111'
Driver info: org.openqa.selenium.chrome.ChromeDriver
Capabilities {acceptInsecureCerts: false, browserName: chrome, browserVersion: 107.0.5304.122, chrome: {chromedriverVersion: 106.0.5249.61 (511755355844..., userDataDir: C:\Users\Rakesh\AppData\Loc...}, goog:chromeOptions: {debuggerAddress: localhost:54194}, javascriptEnabled: true, networkConnectionEnabled: false, pageLoadStrategy: normal, platform: WINDOWS, platformName: WINDOWS, proxy: Proxy(), setWindowRect: true, strictFileInteractability: false, timeouts: {implicit: 0, pageLoad: 300000, script: 30000}, unhandledPromptBehavior: dismiss and notify, webauthn:extension:credBlob: true, webauthn:extension:largeBlob: true, webauthn:virtualAuthenticators: true}
Session ID: 4e5b63374159fa2ea6e25ee1b1617078
	at sun.reflect.GeneratedConstructorAccessor45.newInstance(Unknown Source)
	at sun.reflect.DelegatingConstructorAccessorImpl.newInstance(Unknown Source)
	at java.lang.reflect.Constructor.newInstance(Unknown Source)
	at org.openqa.selenium.remote.http.W3CHttpResponseCodec.createException(W3CHttpResponseCodec.java:187)
	at org.openqa.selenium.remote.http.W3CHttpResponseCodec.decode(W3CHttpResponseCodec.java:122)
	at org.openqa.selenium.remote.http.W3CHttpResponseCodec.decode(W3CHttpResponseCodec.java:49)
	at org.openqa.selenium.remote.HttpCommandExecutor.execute(HttpCommandExecutor.java:158)
	at org.openqa.selenium.remote.service.DriverCommandExecutor.execute(DriverCommandExecutor.java:83)
	at org.openqa.selenium.remote.RemoteWebDriver.execute(RemoteWebDriver.java:543)
	at org.openqa.selenium.remote.RemoteWebElement.execute(RemoteWebElement.java:276)
	at org.openqa.selenium.remote.RemoteWebElement.click(RemoteWebElement.java:83)
	at sun.reflect.GeneratedMethodAccessor4.invoke(Unknown Source)
	at sun.reflect.DelegatingMethodAccessorImpl.invoke(Unknown Source)
	at java.lang.reflect.Method.invoke(Unknown Source)
	at org.openqa.selenium.support.pagefactory.internal.LocatingElementHandler.invoke(LocatingElementHandler.java:51)
	at com.sun.proxy.$Proxy15.click(Unknown Source)
	at com.focus.Pages.FinancilaReportsXPage.CheckPrintAndCustomiseOptionnInVendorSummeryVendorBillwiseSummaryReport(FinancilaReportsXPage.java:46882)
	at com.focus.testcases.FinancialReportsXTest.CheckPrintAndCustomiseOptionnInVendorSummeryVendorBillwiseSummaryReport(FinancialReportsXTest.java:1792)
	at sun.reflect.NativeMethodAccessorImpl.invoke0(Native Method)
	at sun.reflect.NativeMethodAccessorImpl.invoke(Unknown Source)
	at sun.reflect.DelegatingMethodAccessorImpl.invoke(Unknown Source)
	at java.lang.reflect.Method.invoke(Unknown Source)
	at org.testng.internal.MethodInvocationHelper.invokeMethod(MethodInvocationHelper.java:86)
	at org.testng.internal.Invoker.invokeMethod(Invoker.java:643)
	at org.testng.internal.Invoker.invokeTestMethod(Invoker.java:820)
	at org.testng.internal.Invoker.invokeTestMethods(Invoker.java:1128)
	at org.testng.internal.TestMethodWorker.invokeTestMethods(TestMethodWorker.java:129)
	at org.testng.internal.TestMethodWorker.run(TestMethodWorker.java:112)
	at org.testng.TestRunner.privateRun(TestRunner.java:782)
	at org.testng.TestRunner.run(TestRunner.java:632)
	at org.testng.SuiteRunner.runTest(SuiteRunner.java:366)
	at org.testng.SuiteRunner.runSequentially(SuiteRunner.java:361)
	at org.testng.SuiteRunner.privateRun(SuiteRunner.java:319)
	at org.testng.SuiteRunner.run(SuiteRunner.java:268)
	at org.testng.SuiteRunnerWorker.runSuite(SuiteRunnerWorker.java:52)
	at org.testng.SuiteRunnerWorker.run(SuiteRunnerWorker.java:86)
	at org.testng.TestNG.runSuitesSequentially(TestNG.java:1244)
	at org.testng.TestNG.runSuitesLocally(TestNG.java:1169)
	at org.testng.TestNG.run(TestNG.java:1064)
	at org.testng.remote.AbstractRemoteTestNG.run(AbstractRemoteTestNG.java:114)
	at org.testng.remote.RemoteTestNG.initAndRun(RemoteTestNG.java:251)
	at org.testng.remote.RemoteTestNG.main(RemoteTestNG.java:77)
]]>
    </error>
  </testcase> <!-- CheckPrintAndCustomiseOptionnInVendorSummeryVendorBillwiseSummaryReport -->
  <testcase name="checkSalesRegisterReport" time="13.382" classname="com.focus.testcases.FinancialReportsXTest"/>
  <testcase name="checkBackTrackInFundFlow" time="3.075" classname="com.focus.testcases.FinancialReportsXTest">
    <error type="org.openqa.selenium.ElementClickInterceptedException" message="element click intercepted: Element &lt;td data-ifieldid=&quot;1&quot; data-datatypeid=&quot;0&quot; onclick=&quot;REPORTRENDER.GetFieldId(this);&quot; id=&quot;tdSort_0_col_Particulars_&quot; class=&quot;TextAlignLeft&quot; colspan=&quot;0&quot; style=&quot;border-style: none; font-style: normal; font-weight: normal; font-size: 12px; width: 120px;&quot;&gt;...&lt;/td&gt; is not clickable at point (206, 175). Other element would receive the click: &lt;div id=&quot;fullScreen&quot; class=&quot;modal fade right show&quot; role=&quot;dialog&quot; data-backdrop=&quot;static&quot; style=&quot;z-index: 10000001; padding-right: 10px; display: block;&quot; aria-modal=&quot;true&quot;&gt;...&lt;/div&gt;
  (Session info: chrome=107.0.5304.122)
Build info: version: &#039;3.12.0&#039;, revision: &#039;7c6e0b3&#039;, time: &#039;2018-05-08T14:04:26.12Z&#039;
System info: host: &#039;FOCUS-QA-10&#039;, ip: &#039;192.168.4.206&#039;, os.name: &#039;Windows 10&#039;, os.arch: &#039;amd64&#039;, os.version: &#039;10.0&#039;, java.version: &#039;1.8.0_111&#039;
Driver info: org.openqa.selenium.chrome.ChromeDriver
Capabilities {acceptInsecureCerts: false, browserName: chrome, browserVersion: 107.0.5304.122, chrome: {chromedriverVersion: 106.0.5249.61 (511755355844..., userDataDir: C:\Users\Rakesh\AppData\Loc...}, goog:chromeOptions: {debuggerAddress: localhost:54194}, javascriptEnabled: true, networkConnectionEnabled: false, pageLoadStrategy: normal, platform: WINDOWS, platformName: WINDOWS, proxy: Proxy(), setWindowRect: true, strictFileInteractability: false, timeouts: {implicit: 0, pageLoad: 300000, script: 30000}, unhandledPromptBehavior: dismiss and notify, webauthn:extension:credBlob: true, webauthn:extension:largeBlob: true, webauthn:virtualAuthenticators: true}
Session ID: 4e5b63374159fa2ea6e25ee1b1617078">
      <![CDATA[org.openqa.selenium.ElementClickInterceptedException: element click intercepted: Element <td data-ifieldid="1" data-datatypeid="0" onclick="REPORTRENDER.GetFieldId(this);" id="tdSort_0_col_Particulars_" class="TextAlignLeft" colspan="0" style="border-style: none; font-style: normal; font-weight: normal; font-size: 12px; width: 120px;">...</td> is not clickable at point (206, 175). Other element would receive the click: <div id="fullScreen" class="modal fade right show" role="dialog" data-backdrop="static" style="z-index: 10000001; padding-right: 10px; display: block;" aria-modal="true">...</div>
  (Session info: chrome=107.0.5304.122)
Build info: version: '3.12.0', revision: '7c6e0b3', time: '2018-05-08T14:04:26.12Z'
System info: host: 'FOCUS-QA-10', ip: '192.168.4.206', os.name: 'Windows 10', os.arch: 'amd64', os.version: '10.0', java.version: '1.8.0_111'
Driver info: org.openqa.selenium.chrome.ChromeDriver
Capabilities {acceptInsecureCerts: false, browserName: chrome, browserVersion: 107.0.5304.122, chrome: {chromedriverVersion: 106.0.5249.61 (511755355844..., userDataDir: C:\Users\Rakesh\AppData\Loc...}, goog:chromeOptions: {debuggerAddress: localhost:54194}, javascriptEnabled: true, networkConnectionEnabled: false, pageLoadStrategy: normal, platform: WINDOWS, platformName: WINDOWS, proxy: Proxy(), setWindowRect: true, strictFileInteractability: false, timeouts: {implicit: 0, pageLoad: 300000, script: 30000}, unhandledPromptBehavior: dismiss and notify, webauthn:extension:credBlob: true, webauthn:extension:largeBlob: true, webauthn:virtualAuthenticators: true}
Session ID: 4e5b63374159fa2ea6e25ee1b1617078
	at sun.reflect.GeneratedConstructorAccessor45.newInstance(Unknown Source)
	at sun.reflect.DelegatingConstructorAccessorImpl.newInstance(Unknown Source)
	at java.lang.reflect.Constructor.newInstance(Unknown Source)
	at org.openqa.selenium.remote.http.W3CHttpResponseCodec.createException(W3CHttpResponseCodec.java:187)
	at org.openqa.selenium.remote.http.W3CHttpResponseCodec.decode(W3CHttpResponseCodec.java:122)
	at org.openqa.selenium.remote.http.W3CHttpResponseCodec.decode(W3CHttpResponseCodec.java:49)
	at org.openqa.selenium.remote.HttpCommandExecutor.execute(HttpCommandExecutor.java:158)
	at org.openqa.selenium.remote.service.DriverCommandExecutor.execute(DriverCommandExecutor.java:83)
	at org.openqa.selenium.remote.RemoteWebDriver.execute(RemoteWebDriver.java:543)
	at org.openqa.selenium.remote.RemoteWebElement.execute(RemoteWebElement.java:276)
	at org.openqa.selenium.remote.RemoteWebElement.click(RemoteWebElement.java:83)
	at com.focus.Pages.FinancilaReportsXPage.checkBackTrackInFundFlow(FinancilaReportsXPage.java:35393)
	at com.focus.testcases.FinancialReportsXTest.checkBackTrackInFundFlow(FinancialReportsXTest.java:1192)
	at sun.reflect.NativeMethodAccessorImpl.invoke0(Native Method)
	at sun.reflect.NativeMethodAccessorImpl.invoke(Unknown Source)
	at sun.reflect.DelegatingMethodAccessorImpl.invoke(Unknown Source)
	at java.lang.reflect.Method.invoke(Unknown Source)
	at org.testng.internal.MethodInvocationHelper.invokeMethod(MethodInvocationHelper.java:86)
	at org.testng.internal.Invoker.invokeMethod(Invoker.java:643)
	at org.testng.internal.Invoker.invokeTestMethod(Invoker.java:820)
	at org.testng.internal.Invoker.invokeTestMethods(Invoker.java:1128)
	at org.testng.internal.TestMethodWorker.invokeTestMethods(TestMethodWorker.java:129)
	at org.testng.internal.TestMethodWorker.run(TestMethodWorker.java:112)
	at org.testng.TestRunner.privateRun(TestRunner.java:782)
	at org.testng.TestRunner.run(TestRunner.java:632)
	at org.testng.SuiteRunner.runTest(SuiteRunner.java:366)
	at org.testng.SuiteRunner.runSequentially(SuiteRunner.java:361)
	at org.testng.SuiteRunner.privateRun(SuiteRunner.java:319)
	at org.testng.SuiteRunner.run(SuiteRunner.java:268)
	at org.testng.SuiteRunnerWorker.runSuite(SuiteRunnerWorker.java:52)
	at org.testng.SuiteRunnerWorker.run(SuiteRunnerWorker.java:86)
	at org.testng.TestNG.runSuitesSequentially(TestNG.java:1244)
	at org.testng.TestNG.runSuitesLocally(TestNG.java:1169)
	at org.testng.TestNG.run(TestNG.java:1064)
	at org.testng.remote.AbstractRemoteTestNG.run(AbstractRemoteTestNG.java:114)
	at org.testng.remote.RemoteTestNG.initAndRun(RemoteTestNG.java:251)
	at org.testng.remote.RemoteTestNG.main(RemoteTestNG.java:77)
]]>
    </error>
  </testcase> <!-- checkBackTrackInFundFlow -->
  <testcase name="checkIncomeExpenseTrendReport" time="97.588" classname="com.focus.testcases.FinancialReportsXTest">
    <error type="org.openqa.selenium.TimeoutException" message="Expected condition failed: waiting for element to be clickable: Proxy element for: DefaultElementLocator &#039;By.xpath: //div[@id=&#039;id_reportmenudisplay&#039;]/ul/li[13]&#039; (tried for 40 second(s) with 5000 milliseconds interval)">
      <![CDATA[org.openqa.selenium.TimeoutException: Expected condition failed: waiting for element to be clickable: Proxy element for: DefaultElementLocator 'By.xpath: //div[@id='id_reportmenudisplay']/ul/li[13]' (tried for 40 second(s) with 5000 milliseconds interval)
	at org.openqa.selenium.support.ui.FluentWait.timeoutException(FluentWait.java:303)
	at org.openqa.selenium.support.ui.FluentWait.until(FluentWait.java:271)
	at com.focus.Pages.FinancilaReportsXPage.checkIncomeExpenseTrendReport(FinancilaReportsXPage.java:36524)
	at com.focus.testcases.FinancialReportsXTest.checkIncomeExpenseTrendReport(FinancialReportsXTest.java:1267)
	at sun.reflect.NativeMethodAccessorImpl.invoke0(Native Method)
	at sun.reflect.NativeMethodAccessorImpl.invoke(Unknown Source)
	at sun.reflect.DelegatingMethodAccessorImpl.invoke(Unknown Source)
	at java.lang.reflect.Method.invoke(Unknown Source)
	at org.testng.internal.MethodInvocationHelper.invokeMethod(MethodInvocationHelper.java:86)
	at org.testng.internal.Invoker.invokeMethod(Invoker.java:643)
	at org.testng.internal.Invoker.invokeTestMethod(Invoker.java:820)
	at org.testng.internal.Invoker.invokeTestMethods(Invoker.java:1128)
	at org.testng.internal.TestMethodWorker.invokeTestMethods(TestMethodWorker.java:129)
	at org.testng.internal.TestMethodWorker.run(TestMethodWorker.java:112)
	at org.testng.TestRunner.privateRun(TestRunner.java:782)
	at org.testng.TestRunner.run(TestRunner.java:632)
	at org.testng.SuiteRunner.runTest(SuiteRunner.java:366)
	at org.testng.SuiteRunner.runSequentially(SuiteRunner.java:361)
	at org.testng.SuiteRunner.privateRun(SuiteRunner.java:319)
	at org.testng.SuiteRunner.run(SuiteRunner.java:268)
	at org.testng.SuiteRunnerWorker.runSuite(SuiteRunnerWorker.java:52)
	at org.testng.SuiteRunnerWorker.run(SuiteRunnerWorker.java:86)
	at org.testng.TestNG.runSuitesSequentially(TestNG.java:1244)
	at org.testng.TestNG.runSuitesLocally(TestNG.java:1169)
	at org.testng.TestNG.run(TestNG.java:1064)
	at org.testng.remote.AbstractRemoteTestNG.run(AbstractRemoteTestNG.java:114)
	at org.testng.remote.RemoteTestNG.initAndRun(RemoteTestNG.java:251)
	at org.testng.remote.RemoteTestNG.main(RemoteTestNG.java:77)
Caused by: org.openqa.selenium.NoSuchElementException: no such element: Unable to locate element: {"method":"xpath","selector":"//div[@id='id_reportmenudisplay']/ul/li[13]"}
  (Session info: chrome=107.0.5304.122)
For documentation on this error, please visit: http://seleniumhq.org/exceptions/no_such_element.html
Build info: version: '3.12.0', revision: '7c6e0b3', time: '2018-05-08T14:04:26.12Z'
System info: host: 'FOCUS-QA-10', ip: '192.168.4.206', os.name: 'Windows 10', os.arch: 'amd64', os.version: '10.0', java.version: '1.8.0_111'
Driver info: org.openqa.selenium.chrome.ChromeDriver
Capabilities {acceptInsecureCerts: false, browserName: chrome, browserVersion: 107.0.5304.122, chrome: {chromedriverVersion: 106.0.5249.61 (511755355844..., userDataDir: C:\Users\Rakesh\AppData\Loc...}, goog:chromeOptions: {debuggerAddress: localhost:54194}, javascriptEnabled: true, networkConnectionEnabled: false, pageLoadStrategy: normal, platform: WINDOWS, platformName: WINDOWS, proxy: Proxy(), setWindowRect: true, strictFileInteractability: false, timeouts: {implicit: 0, pageLoad: 300000, script: 30000}, unhandledPromptBehavior: dismiss and notify, webauthn:extension:credBlob: true, webauthn:extension:largeBlob: true, webauthn:virtualAuthenticators: true}
Session ID: 4e5b63374159fa2ea6e25ee1b1617078
*** Element info: {Using=xpath, value=//div[@id='id_reportmenudisplay']/ul/li[13]}
	at sun.reflect.GeneratedConstructorAccessor43.newInstance(Unknown Source)
	at sun.reflect.DelegatingConstructorAccessorImpl.newInstance(Unknown Source)
	at java.lang.reflect.Constructor.newInstance(Unknown Source)
	at org.openqa.selenium.remote.http.W3CHttpResponseCodec.createException(W3CHttpResponseCodec.java:187)
	at org.openqa.selenium.remote.http.W3CHttpResponseCodec.decode(W3CHttpResponseCodec.java:122)
	at org.openqa.selenium.remote.http.W3CHttpResponseCodec.decode(W3CHttpResponseCodec.java:49)
	at org.openqa.selenium.remote.HttpCommandExecutor.execute(HttpCommandExecutor.java:158)
	at org.openqa.selenium.remote.service.DriverCommandExecutor.execute(DriverCommandExecutor.java:83)
	at org.openqa.selenium.remote.RemoteWebDriver.execute(RemoteWebDriver.java:543)
	at org.openqa.selenium.remote.RemoteWebDriver.findElement(RemoteWebDriver.java:317)
	at org.openqa.selenium.remote.RemoteWebDriver.findElementByXPath(RemoteWebDriver.java:419)
	at org.openqa.selenium.By$ByXPath.findElement(By.java:353)
	at org.openqa.selenium.remote.RemoteWebDriver.findElement(RemoteWebDriver.java:309)
	at org.openqa.selenium.support.pagefactory.DefaultElementLocator.findElement(DefaultElementLocator.java:69)
	at org.openqa.selenium.support.pagefactory.internal.LocatingElementHandler.invoke(LocatingElementHandler.java:38)
	at com.sun.proxy.$Proxy15.isDisplayed(Unknown Source)
	at org.openqa.selenium.support.ui.ExpectedConditions.elementIfVisible(ExpectedConditions.java:315)
	at org.openqa.selenium.support.ui.ExpectedConditions.access$100(ExpectedConditions.java:44)
	at org.openqa.selenium.support.ui.ExpectedConditions$10.apply(ExpectedConditions.java:301)
	at org.openqa.selenium.support.ui.ExpectedConditions$10.apply(ExpectedConditions.java:298)
	at org.openqa.selenium.support.ui.ExpectedConditions$23.apply(ExpectedConditions.java:686)
	at org.openqa.selenium.support.ui.ExpectedConditions$23.apply(ExpectedConditions.java:682)
	at org.openqa.selenium.support.ui.FluentWait.until(FluentWait.java:248)
	... 26 more
]]>
    </error>
  </testcase> <!-- checkIncomeExpenseTrendReport -->
  <testcase name="checkTrailBalanceReportPrintOption" time="1.108" classname="com.focus.testcases.FinancialReportsXTest">
    <error type="org.openqa.selenium.ElementClickInterceptedException" message="element click intercepted: Element &lt;li class=&quot;nav-item active&quot; data-outputscreen=&quot;1&quot; data-isprintfromreportrender=&quot;true&quot; onclick=&quot;REPORTRENDER.GetOutputScreen(this,event,false,true,true,&#039;2e14d6d5-2205-4d50-b9b5-d0a5f233e04b&#039;)&quot; id=&quot;print_report_2e14d6d5-2205-4d50-b9b5-d0a5f233e04b&quot;&gt;...&lt;/li&gt; is not clickable at point (1070, 98). Other element would receive the click: &lt;div class=&quot;col-lg-12&quot; style=&quot;padding-right:0px;padding-left:0px;width:100%;padding-bottom:28px;&quot;&gt;...&lt;/div&gt;
  (Session info: chrome=107.0.5304.122)
Build info: version: &#039;3.12.0&#039;, revision: &#039;7c6e0b3&#039;, time: &#039;2018-05-08T14:04:26.12Z&#039;
System info: host: &#039;FOCUS-QA-10&#039;, ip: &#039;192.168.4.206&#039;, os.name: &#039;Windows 10&#039;, os.arch: &#039;amd64&#039;, os.version: &#039;10.0&#039;, java.version: &#039;1.8.0_111&#039;
Driver info: org.openqa.selenium.chrome.ChromeDriver
Capabilities {acceptInsecureCerts: false, browserName: chrome, browserVersion: 107.0.5304.122, chrome: {chromedriverVersion: 106.0.5249.61 (511755355844..., userDataDir: C:\Users\Rakesh\AppData\Loc...}, goog:chromeOptions: {debuggerAddress: localhost:54194}, javascriptEnabled: true, networkConnectionEnabled: false, pageLoadStrategy: normal, platform: WINDOWS, platformName: WINDOWS, proxy: Proxy(), setWindowRect: true, strictFileInteractability: false, timeouts: {implicit: 0, pageLoad: 300000, script: 30000}, unhandledPromptBehavior: dismiss and notify, webauthn:extension:credBlob: true, webauthn:extension:largeBlob: true, webauthn:virtualAuthenticators: true}
Session ID: 4e5b63374159fa2ea6e25ee1b1617078">
      <![CDATA[org.openqa.selenium.ElementClickInterceptedException: element click intercepted: Element <li class="nav-item active" data-outputscreen="1" data-isprintfromreportrender="true" onclick="REPORTRENDER.GetOutputScreen(this,event,false,true,true,'2e14d6d5-2205-4d50-b9b5-d0a5f233e04b')" id="print_report_2e14d6d5-2205-4d50-b9b5-d0a5f233e04b">...</li> is not clickable at point (1070, 98). Other element would receive the click: <div class="col-lg-12" style="padding-right:0px;padding-left:0px;width:100%;padding-bottom:28px;">...</div>
  (Session info: chrome=107.0.5304.122)
Build info: version: '3.12.0', revision: '7c6e0b3', time: '2018-05-08T14:04:26.12Z'
System info: host: 'FOCUS-QA-10', ip: '192.168.4.206', os.name: 'Windows 10', os.arch: 'amd64', os.version: '10.0', java.version: '1.8.0_111'
Driver info: org.openqa.selenium.chrome.ChromeDriver
Capabilities {acceptInsecureCerts: false, browserName: chrome, browserVersion: 107.0.5304.122, chrome: {chromedriverVersion: 106.0.5249.61 (511755355844..., userDataDir: C:\Users\Rakesh\AppData\Loc...}, goog:chromeOptions: {debuggerAddress: localhost:54194}, javascriptEnabled: true, networkConnectionEnabled: false, pageLoadStrategy: normal, platform: WINDOWS, platformName: WINDOWS, proxy: Proxy(), setWindowRect: true, strictFileInteractability: false, timeouts: {implicit: 0, pageLoad: 300000, script: 30000}, unhandledPromptBehavior: dismiss and notify, webauthn:extension:credBlob: true, webauthn:extension:largeBlob: true, webauthn:virtualAuthenticators: true}
Session ID: 4e5b63374159fa2ea6e25ee1b1617078
	at sun.reflect.GeneratedConstructorAccessor45.newInstance(Unknown Source)
	at sun.reflect.DelegatingConstructorAccessorImpl.newInstance(Unknown Source)
	at java.lang.reflect.Constructor.newInstance(Unknown Source)
	at org.openqa.selenium.remote.http.W3CHttpResponseCodec.createException(W3CHttpResponseCodec.java:187)
	at org.openqa.selenium.remote.http.W3CHttpResponseCodec.decode(W3CHttpResponseCodec.java:122)
	at org.openqa.selenium.remote.http.W3CHttpResponseCodec.decode(W3CHttpResponseCodec.java:49)
	at org.openqa.selenium.remote.HttpCommandExecutor.execute(HttpCommandExecutor.java:158)
	at org.openqa.selenium.remote.service.DriverCommandExecutor.execute(DriverCommandExecutor.java:83)
	at org.openqa.selenium.remote.RemoteWebDriver.execute(RemoteWebDriver.java:543)
	at org.openqa.selenium.remote.RemoteWebElement.execute(RemoteWebElement.java:276)
	at org.openqa.selenium.remote.RemoteWebElement.click(RemoteWebElement.java:83)
	at sun.reflect.GeneratedMethodAccessor4.invoke(Unknown Source)
	at sun.reflect.DelegatingMethodAccessorImpl.invoke(Unknown Source)
	at java.lang.reflect.Method.invoke(Unknown Source)
	at org.openqa.selenium.support.pagefactory.internal.LocatingElementHandler.invoke(LocatingElementHandler.java:51)
	at com.sun.proxy.$Proxy15.click(Unknown Source)
	at com.focus.Pages.FinancilaReportsXPage.checkTrailBalanceReportPrintOption(FinancilaReportsXPage.java:32824)
	at com.focus.testcases.FinancialReportsXTest.checkTrailBalanceReportPrintOption(FinancialReportsXTest.java:1041)
	at sun.reflect.NativeMethodAccessorImpl.invoke0(Native Method)
	at sun.reflect.NativeMethodAccessorImpl.invoke(Unknown Source)
	at sun.reflect.DelegatingMethodAccessorImpl.invoke(Unknown Source)
	at java.lang.reflect.Method.invoke(Unknown Source)
	at org.testng.internal.MethodInvocationHelper.invokeMethod(MethodInvocationHelper.java:86)
	at org.testng.internal.Invoker.invokeMethod(Invoker.java:643)
	at org.testng.internal.Invoker.invokeTestMethod(Invoker.java:820)
	at org.testng.internal.Invoker.invokeTestMethods(Invoker.java:1128)
	at org.testng.internal.TestMethodWorker.invokeTestMethods(TestMethodWorker.java:129)
	at org.testng.internal.TestMethodWorker.run(TestMethodWorker.java:112)
	at org.testng.TestRunner.privateRun(TestRunner.java:782)
	at org.testng.TestRunner.run(TestRunner.java:632)
	at org.testng.SuiteRunner.runTest(SuiteRunner.java:366)
	at org.testng.SuiteRunner.runSequentially(SuiteRunner.java:361)
	at org.testng.SuiteRunner.privateRun(SuiteRunner.java:319)
	at org.testng.SuiteRunner.run(SuiteRunner.java:268)
	at org.testng.SuiteRunnerWorker.runSuite(SuiteRunnerWorker.java:52)
	at org.testng.SuiteRunnerWorker.run(SuiteRunnerWorker.java:86)
	at org.testng.TestNG.runSuitesSequentially(TestNG.java:1244)
	at org.testng.TestNG.runSuitesLocally(TestNG.java:1169)
	at org.testng.TestNG.run(TestNG.java:1064)
	at org.testng.remote.AbstractRemoteTestNG.run(AbstractRemoteTestNG.java:114)
	at org.testng.remote.RemoteTestNG.initAndRun(RemoteTestNG.java:251)
	at org.testng.remote.RemoteTestNG.main(RemoteTestNG.java:77)
]]>
    </error>
  </testcase> <!-- checkTrailBalanceReportPrintOption -->
  <testcase name="checkAdvanceCashFLowReport" time="1.221" classname="com.focus.testcases.FinancialReportsXTest">
    <error type="org.openqa.selenium.ElementClickInterceptedException" message="element click intercepted: Element &lt;li class=&quot;nav-item&quot; style=&quot;text-align:center&quot;&gt;...&lt;/li&gt; is not clickable at point (44, 167). Other element would receive the click: &lt;div id=&quot;fullScreen&quot; class=&quot;modal fade right show&quot; role=&quot;dialog&quot; data-backdrop=&quot;static&quot; style=&quot;z-index: 10000001; padding-right: 10px; display: block;&quot; aria-modal=&quot;true&quot;&gt;...&lt;/div&gt;
  (Session info: chrome=107.0.5304.122)
Build info: version: &#039;3.12.0&#039;, revision: &#039;7c6e0b3&#039;, time: &#039;2018-05-08T14:04:26.12Z&#039;
System info: host: &#039;FOCUS-QA-10&#039;, ip: &#039;192.168.4.206&#039;, os.name: &#039;Windows 10&#039;, os.arch: &#039;amd64&#039;, os.version: &#039;10.0&#039;, java.version: &#039;1.8.0_111&#039;
Driver info: org.openqa.selenium.chrome.ChromeDriver
Capabilities {acceptInsecureCerts: false, browserName: chrome, browserVersion: 107.0.5304.122, chrome: {chromedriverVersion: 106.0.5249.61 (511755355844..., userDataDir: C:\Users\Rakesh\AppData\Loc...}, goog:chromeOptions: {debuggerAddress: localhost:54194}, javascriptEnabled: true, networkConnectionEnabled: false, pageLoadStrategy: normal, platform: WINDOWS, platformName: WINDOWS, proxy: Proxy(), setWindowRect: true, strictFileInteractability: false, timeouts: {implicit: 0, pageLoad: 300000, script: 30000}, unhandledPromptBehavior: dismiss and notify, webauthn:extension:credBlob: true, webauthn:extension:largeBlob: true, webauthn:virtualAuthenticators: true}
Session ID: 4e5b63374159fa2ea6e25ee1b1617078">
      <![CDATA[org.openqa.selenium.ElementClickInterceptedException: element click intercepted: Element <li class="nav-item" style="text-align:center">...</li> is not clickable at point (44, 167). Other element would receive the click: <div id="fullScreen" class="modal fade right show" role="dialog" data-backdrop="static" style="z-index: 10000001; padding-right: 10px; display: block;" aria-modal="true">...</div>
  (Session info: chrome=107.0.5304.122)
Build info: version: '3.12.0', revision: '7c6e0b3', time: '2018-05-08T14:04:26.12Z'
System info: host: 'FOCUS-QA-10', ip: '192.168.4.206', os.name: 'Windows 10', os.arch: 'amd64', os.version: '10.0', java.version: '1.8.0_111'
Driver info: org.openqa.selenium.chrome.ChromeDriver
Capabilities {acceptInsecureCerts: false, browserName: chrome, browserVersion: 107.0.5304.122, chrome: {chromedriverVersion: 106.0.5249.61 (511755355844..., userDataDir: C:\Users\Rakesh\AppData\Loc...}, goog:chromeOptions: {debuggerAddress: localhost:54194}, javascriptEnabled: true, networkConnectionEnabled: false, pageLoadStrategy: normal, platform: WINDOWS, platformName: WINDOWS, proxy: Proxy(), setWindowRect: true, strictFileInteractability: false, timeouts: {implicit: 0, pageLoad: 300000, script: 30000}, unhandledPromptBehavior: dismiss and notify, webauthn:extension:credBlob: true, webauthn:extension:largeBlob: true, webauthn:virtualAuthenticators: true}
Session ID: 4e5b63374159fa2ea6e25ee1b1617078
	at sun.reflect.GeneratedConstructorAccessor45.newInstance(Unknown Source)
	at sun.reflect.DelegatingConstructorAccessorImpl.newInstance(Unknown Source)
	at java.lang.reflect.Constructor.newInstance(Unknown Source)
	at org.openqa.selenium.remote.http.W3CHttpResponseCodec.createException(W3CHttpResponseCodec.java:187)
	at org.openqa.selenium.remote.http.W3CHttpResponseCodec.decode(W3CHttpResponseCodec.java:122)
	at org.openqa.selenium.remote.http.W3CHttpResponseCodec.decode(W3CHttpResponseCodec.java:49)
	at org.openqa.selenium.remote.HttpCommandExecutor.execute(HttpCommandExecutor.java:158)
	at org.openqa.selenium.remote.service.DriverCommandExecutor.execute(DriverCommandExecutor.java:83)
	at org.openqa.selenium.remote.RemoteWebDriver.execute(RemoteWebDriver.java:543)
	at org.openqa.selenium.remote.RemoteWebElement.execute(RemoteWebElement.java:276)
	at org.openqa.selenium.remote.RemoteWebElement.click(RemoteWebElement.java:83)
	at sun.reflect.GeneratedMethodAccessor4.invoke(Unknown Source)
	at sun.reflect.DelegatingMethodAccessorImpl.invoke(Unknown Source)
	at java.lang.reflect.Method.invoke(Unknown Source)
	at org.openqa.selenium.support.pagefactory.internal.LocatingElementHandler.invoke(LocatingElementHandler.java:51)
	at com.sun.proxy.$Proxy15.click(Unknown Source)
	at com.focus.Pages.FinancilaReportsXPage.checkAdvanceCashFLowReport(FinancilaReportsXPage.java:36285)
	at com.focus.testcases.FinancialReportsXTest.checkAdvanceCashFLowReport(FinancialReportsXTest.java:1245)
	at sun.reflect.NativeMethodAccessorImpl.invoke0(Native Method)
	at sun.reflect.NativeMethodAccessorImpl.invoke(Unknown Source)
	at sun.reflect.DelegatingMethodAccessorImpl.invoke(Unknown Source)
	at java.lang.reflect.Method.invoke(Unknown Source)
	at org.testng.internal.MethodInvocationHelper.invokeMethod(MethodInvocationHelper.java:86)
	at org.testng.internal.Invoker.invokeMethod(Invoker.java:643)
	at org.testng.internal.Invoker.invokeTestMethod(Invoker.java:820)
	at org.testng.internal.Invoker.invokeTestMethods(Invoker.java:1128)
	at org.testng.internal.TestMethodWorker.invokeTestMethods(TestMethodWorker.java:129)
	at org.testng.internal.TestMethodWorker.run(TestMethodWorker.java:112)
	at org.testng.TestRunner.privateRun(TestRunner.java:782)
	at org.testng.TestRunner.run(TestRunner.java:632)
	at org.testng.SuiteRunner.runTest(SuiteRunner.java:366)
	at org.testng.SuiteRunner.runSequentially(SuiteRunner.java:361)
	at org.testng.SuiteRunner.privateRun(SuiteRunner.java:319)
	at org.testng.SuiteRunner.run(SuiteRunner.java:268)
	at org.testng.SuiteRunnerWorker.runSuite(SuiteRunnerWorker.java:52)
	at org.testng.SuiteRunnerWorker.run(SuiteRunnerWorker.java:86)
	at org.testng.TestNG.runSuitesSequentially(TestNG.java:1244)
	at org.testng.TestNG.runSuitesLocally(TestNG.java:1169)
	at org.testng.TestNG.run(TestNG.java:1064)
	at org.testng.remote.AbstractRemoteTestNG.run(AbstractRemoteTestNG.java:114)
	at org.testng.remote.RemoteTestNG.initAndRun(RemoteTestNG.java:251)
	at org.testng.remote.RemoteTestNG.main(RemoteTestNG.java:77)
]]>
    </error>
  </testcase> <!-- checkAdvanceCashFLowReport -->
  <testcase name="CheckFilterAndPrintOptionnInCustomerAgeingDetailsDueDate" time="81.704" classname="com.focus.testcases.FinancialReportsXTest">
    <error type="org.openqa.selenium.TimeoutException" message="Expected condition failed: waiting for element to be clickable: Proxy element for: DefaultElementLocator &#039;By.xpath: (//*[@class=&#039;icon-print hiconright2&#039;])[2]&#039; (tried for 40 second(s) with 5000 milliseconds interval)">
      <![CDATA[org.openqa.selenium.TimeoutException: Expected condition failed: waiting for element to be clickable: Proxy element for: DefaultElementLocator 'By.xpath: (//*[@class='icon-print hiconright2'])[2]' (tried for 40 second(s) with 5000 milliseconds interval)
	at org.openqa.selenium.support.ui.FluentWait.timeoutException(FluentWait.java:303)
	at org.openqa.selenium.support.ui.FluentWait.until(FluentWait.java:271)
	at com.focus.Pages.FinancilaReportsXPage.CheckFilterAndPrintOptionnInCustomerAgeingDetailsDueDate(FinancilaReportsXPage.java:39700)
	at com.focus.testcases.FinancialReportsXTest.CheckFilterAndPrintOptionnInCustomerAgeingDetailsDueDate(FinancialReportsXTest.java:1413)
	at sun.reflect.NativeMethodAccessorImpl.invoke0(Native Method)
	at sun.reflect.NativeMethodAccessorImpl.invoke(Unknown Source)
	at sun.reflect.DelegatingMethodAccessorImpl.invoke(Unknown Source)
	at java.lang.reflect.Method.invoke(Unknown Source)
	at org.testng.internal.MethodInvocationHelper.invokeMethod(MethodInvocationHelper.java:86)
	at org.testng.internal.Invoker.invokeMethod(Invoker.java:643)
	at org.testng.internal.Invoker.invokeTestMethod(Invoker.java:820)
	at org.testng.internal.Invoker.invokeTestMethods(Invoker.java:1128)
	at org.testng.internal.TestMethodWorker.invokeTestMethods(TestMethodWorker.java:129)
	at org.testng.internal.TestMethodWorker.run(TestMethodWorker.java:112)
	at org.testng.TestRunner.privateRun(TestRunner.java:782)
	at org.testng.TestRunner.run(TestRunner.java:632)
	at org.testng.SuiteRunner.runTest(SuiteRunner.java:366)
	at org.testng.SuiteRunner.runSequentially(SuiteRunner.java:361)
	at org.testng.SuiteRunner.privateRun(SuiteRunner.java:319)
	at org.testng.SuiteRunner.run(SuiteRunner.java:268)
	at org.testng.SuiteRunnerWorker.runSuite(SuiteRunnerWorker.java:52)
	at org.testng.SuiteRunnerWorker.run(SuiteRunnerWorker.java:86)
	at org.testng.TestNG.runSuitesSequentially(TestNG.java:1244)
	at org.testng.TestNG.runSuitesLocally(TestNG.java:1169)
	at org.testng.TestNG.run(TestNG.java:1064)
	at org.testng.remote.AbstractRemoteTestNG.run(AbstractRemoteTestNG.java:114)
	at org.testng.remote.RemoteTestNG.initAndRun(RemoteTestNG.java:251)
	at org.testng.remote.RemoteTestNG.main(RemoteTestNG.java:77)
Caused by: org.openqa.selenium.NoSuchElementException: no such element: Unable to locate element: {"method":"xpath","selector":"(//*[@class='icon-print hiconright2'])[2]"}
  (Session info: chrome=107.0.5304.122)
For documentation on this error, please visit: http://seleniumhq.org/exceptions/no_such_element.html
Build info: version: '3.12.0', revision: '7c6e0b3', time: '2018-05-08T14:04:26.12Z'
System info: host: 'FOCUS-QA-10', ip: '192.168.4.206', os.name: 'Windows 10', os.arch: 'amd64', os.version: '10.0', java.version: '1.8.0_111'
Driver info: org.openqa.selenium.chrome.ChromeDriver
Capabilities {acceptInsecureCerts: false, browserName: chrome, browserVersion: 107.0.5304.122, chrome: {chromedriverVersion: 106.0.5249.61 (511755355844..., userDataDir: C:\Users\Rakesh\AppData\Loc...}, goog:chromeOptions: {debuggerAddress: localhost:54194}, javascriptEnabled: true, networkConnectionEnabled: false, pageLoadStrategy: normal, platform: WINDOWS, platformName: WINDOWS, proxy: Proxy(), setWindowRect: true, strictFileInteractability: false, timeouts: {implicit: 0, pageLoad: 300000, script: 30000}, unhandledPromptBehavior: dismiss and notify, webauthn:extension:credBlob: true, webauthn:extension:largeBlob: true, webauthn:virtualAuthenticators: true}
Session ID: 4e5b63374159fa2ea6e25ee1b1617078
*** Element info: {Using=xpath, value=(//*[@class='icon-print hiconright2'])[2]}
	at sun.reflect.GeneratedConstructorAccessor43.newInstance(Unknown Source)
	at sun.reflect.DelegatingConstructorAccessorImpl.newInstance(Unknown Source)
	at java.lang.reflect.Constructor.newInstance(Unknown Source)
	at org.openqa.selenium.remote.http.W3CHttpResponseCodec.createException(W3CHttpResponseCodec.java:187)
	at org.openqa.selenium.remote.http.W3CHttpResponseCodec.decode(W3CHttpResponseCodec.java:122)
	at org.openqa.selenium.remote.http.W3CHttpResponseCodec.decode(W3CHttpResponseCodec.java:49)
	at org.openqa.selenium.remote.HttpCommandExecutor.execute(HttpCommandExecutor.java:158)
	at org.openqa.selenium.remote.service.DriverCommandExecutor.execute(DriverCommandExecutor.java:83)
	at org.openqa.selenium.remote.RemoteWebDriver.execute(RemoteWebDriver.java:543)
	at org.openqa.selenium.remote.RemoteWebDriver.findElement(RemoteWebDriver.java:317)
	at org.openqa.selenium.remote.RemoteWebDriver.findElementByXPath(RemoteWebDriver.java:419)
	at org.openqa.selenium.By$ByXPath.findElement(By.java:353)
	at org.openqa.selenium.remote.RemoteWebDriver.findElement(RemoteWebDriver.java:309)
	at org.openqa.selenium.support.pagefactory.DefaultElementLocator.findElement(DefaultElementLocator.java:69)
	at org.openqa.selenium.support.pagefactory.internal.LocatingElementHandler.invoke(LocatingElementHandler.java:38)
	at com.sun.proxy.$Proxy15.isDisplayed(Unknown Source)
	at org.openqa.selenium.support.ui.ExpectedConditions.elementIfVisible(ExpectedConditions.java:315)
	at org.openqa.selenium.support.ui.ExpectedConditions.access$100(ExpectedConditions.java:44)
	at org.openqa.selenium.support.ui.ExpectedConditions$10.apply(ExpectedConditions.java:301)
	at org.openqa.selenium.support.ui.ExpectedConditions$10.apply(ExpectedConditions.java:298)
	at org.openqa.selenium.support.ui.ExpectedConditions$23.apply(ExpectedConditions.java:686)
	at org.openqa.selenium.support.ui.ExpectedConditions$23.apply(ExpectedConditions.java:682)
	at org.openqa.selenium.support.ui.FluentWait.until(FluentWait.java:248)
	... 26 more
]]>
    </error>
  </testcase> <!-- CheckFilterAndPrintOptionnInCustomerAgeingDetailsDueDate -->
  <testcase name="checkCustomizationAndPrintOptionInBalanceSheetReport" time="1.308" classname="com.focus.testcases.FinancialReportsXTest">
    <error type="org.openqa.selenium.ElementClickInterceptedException" message="element click intercepted: Element &lt;i class=&quot;icon-custamize hiconright2&quot;&gt;&lt;/i&gt; is not clickable at point (1178, 98). Other element would receive the click: &lt;div class=&quot;col-lg-12&quot; style=&quot;padding-right:0px;padding-left:0px;width:100%;padding-bottom:28px;&quot;&gt;...&lt;/div&gt;
  (Session info: chrome=107.0.5304.122)
Build info: version: &#039;3.12.0&#039;, revision: &#039;7c6e0b3&#039;, time: &#039;2018-05-08T14:04:26.12Z&#039;
System info: host: &#039;FOCUS-QA-10&#039;, ip: &#039;192.168.4.206&#039;, os.name: &#039;Windows 10&#039;, os.arch: &#039;amd64&#039;, os.version: &#039;10.0&#039;, java.version: &#039;1.8.0_111&#039;
Driver info: org.openqa.selenium.chrome.ChromeDriver
Capabilities {acceptInsecureCerts: false, browserName: chrome, browserVersion: 107.0.5304.122, chrome: {chromedriverVersion: 106.0.5249.61 (511755355844..., userDataDir: C:\Users\Rakesh\AppData\Loc...}, goog:chromeOptions: {debuggerAddress: localhost:54194}, javascriptEnabled: true, networkConnectionEnabled: false, pageLoadStrategy: normal, platform: WINDOWS, platformName: WINDOWS, proxy: Proxy(), setWindowRect: true, strictFileInteractability: false, timeouts: {implicit: 0, pageLoad: 300000, script: 30000}, unhandledPromptBehavior: dismiss and notify, webauthn:extension:credBlob: true, webauthn:extension:largeBlob: true, webauthn:virtualAuthenticators: true}
Session ID: 4e5b63374159fa2ea6e25ee1b1617078">
      <![CDATA[org.openqa.selenium.ElementClickInterceptedException: element click intercepted: Element <i class="icon-custamize hiconright2"></i> is not clickable at point (1178, 98). Other element would receive the click: <div class="col-lg-12" style="padding-right:0px;padding-left:0px;width:100%;padding-bottom:28px;">...</div>
  (Session info: chrome=107.0.5304.122)
Build info: version: '3.12.0', revision: '7c6e0b3', time: '2018-05-08T14:04:26.12Z'
System info: host: 'FOCUS-QA-10', ip: '192.168.4.206', os.name: 'Windows 10', os.arch: 'amd64', os.version: '10.0', java.version: '1.8.0_111'
Driver info: org.openqa.selenium.chrome.ChromeDriver
Capabilities {acceptInsecureCerts: false, browserName: chrome, browserVersion: 107.0.5304.122, chrome: {chromedriverVersion: 106.0.5249.61 (511755355844..., userDataDir: C:\Users\Rakesh\AppData\Loc...}, goog:chromeOptions: {debuggerAddress: localhost:54194}, javascriptEnabled: true, networkConnectionEnabled: false, pageLoadStrategy: normal, platform: WINDOWS, platformName: WINDOWS, proxy: Proxy(), setWindowRect: true, strictFileInteractability: false, timeouts: {implicit: 0, pageLoad: 300000, script: 30000}, unhandledPromptBehavior: dismiss and notify, webauthn:extension:credBlob: true, webauthn:extension:largeBlob: true, webauthn:virtualAuthenticators: true}
Session ID: 4e5b63374159fa2ea6e25ee1b1617078
	at sun.reflect.GeneratedConstructorAccessor45.newInstance(Unknown Source)
	at sun.reflect.DelegatingConstructorAccessorImpl.newInstance(Unknown Source)
	at java.lang.reflect.Constructor.newInstance(Unknown Source)
	at org.openqa.selenium.remote.http.W3CHttpResponseCodec.createException(W3CHttpResponseCodec.java:187)
	at org.openqa.selenium.remote.http.W3CHttpResponseCodec.decode(W3CHttpResponseCodec.java:122)
	at org.openqa.selenium.remote.http.W3CHttpResponseCodec.decode(W3CHttpResponseCodec.java:49)
	at org.openqa.selenium.remote.HttpCommandExecutor.execute(HttpCommandExecutor.java:158)
	at org.openqa.selenium.remote.service.DriverCommandExecutor.execute(DriverCommandExecutor.java:83)
	at org.openqa.selenium.remote.RemoteWebDriver.execute(RemoteWebDriver.java:543)
	at org.openqa.selenium.remote.RemoteWebElement.execute(RemoteWebElement.java:276)
	at org.openqa.selenium.remote.RemoteWebElement.click(RemoteWebElement.java:83)
	at sun.reflect.GeneratedMethodAccessor4.invoke(Unknown Source)
	at sun.reflect.DelegatingMethodAccessorImpl.invoke(Unknown Source)
	at java.lang.reflect.Method.invoke(Unknown Source)
	at org.openqa.selenium.support.pagefactory.internal.LocatingElementHandler.invoke(LocatingElementHandler.java:51)
	at com.sun.proxy.$Proxy15.click(Unknown Source)
	at com.focus.Pages.FinancilaReportsXPage.checkCustomizationAndPrintOptionInBalanceSheetReport(FinancilaReportsXPage.java:34333)
	at com.focus.testcases.FinancialReportsXTest.checkCustomizationAndPrintOptionInBalanceSheetReport(FinancialReportsXTest.java:1135)
	at sun.reflect.NativeMethodAccessorImpl.invoke0(Native Method)
	at sun.reflect.NativeMethodAccessorImpl.invoke(Unknown Source)
	at sun.reflect.DelegatingMethodAccessorImpl.invoke(Unknown Source)
	at java.lang.reflect.Method.invoke(Unknown Source)
	at org.testng.internal.MethodInvocationHelper.invokeMethod(MethodInvocationHelper.java:86)
	at org.testng.internal.Invoker.invokeMethod(Invoker.java:643)
	at org.testng.internal.Invoker.invokeTestMethod(Invoker.java:820)
	at org.testng.internal.Invoker.invokeTestMethods(Invoker.java:1128)
	at org.testng.internal.TestMethodWorker.invokeTestMethods(TestMethodWorker.java:129)
	at org.testng.internal.TestMethodWorker.run(TestMethodWorker.java:112)
	at org.testng.TestRunner.privateRun(TestRunner.java:782)
	at org.testng.TestRunner.run(TestRunner.java:632)
	at org.testng.SuiteRunner.runTest(SuiteRunner.java:366)
	at org.testng.SuiteRunner.runSequentially(SuiteRunner.java:361)
	at org.testng.SuiteRunner.privateRun(SuiteRunner.java:319)
	at org.testng.SuiteRunner.run(SuiteRunner.java:268)
	at org.testng.SuiteRunnerWorker.runSuite(SuiteRunnerWorker.java:52)
	at org.testng.SuiteRunnerWorker.run(SuiteRunnerWorker.java:86)
	at org.testng.TestNG.runSuitesSequentially(TestNG.java:1244)
	at org.testng.TestNG.runSuitesLocally(TestNG.java:1169)
	at org.testng.TestNG.run(TestNG.java:1064)
	at org.testng.remote.AbstractRemoteTestNG.run(AbstractRemoteTestNG.java:114)
	at org.testng.remote.RemoteTestNG.initAndRun(RemoteTestNG.java:251)
	at org.testng.remote.RemoteTestNG.main(RemoteTestNG.java:77)
]]>
    </error>
  </testcase> <!-- checkCustomizationAndPrintOptionInBalanceSheetReport -->
  <testcase name="checkFinalAccountsSchedulesReport" time="66.771" classname="com.focus.testcases.FinancialReportsXTest">
    <error type="org.openqa.selenium.TimeoutException" message="Expected condition failed: waiting for element to be clickable: [[ChromeDriver: chrome on WINDOWS (4e5b63374159fa2ea6e25ee1b1617078)] -&gt; xpath: (//input[@id=&#039;5002&#039;])[1]/following-sibling::span] (tried for 40 second(s) with 5000 milliseconds interval)
Build info: version: &#039;3.12.0&#039;, revision: &#039;7c6e0b3&#039;, time: &#039;2018-05-08T14:04:26.12Z&#039;
System info: host: &#039;FOCUS-QA-10&#039;, ip: &#039;192.168.4.206&#039;, os.name: &#039;Windows 10&#039;, os.arch: &#039;amd64&#039;, os.version: &#039;10.0&#039;, java.version: &#039;1.8.0_111&#039;
Driver info: driver.version: unknown">
      <![CDATA[org.openqa.selenium.TimeoutException: Expected condition failed: waiting for element to be clickable: [[ChromeDriver: chrome on WINDOWS (4e5b63374159fa2ea6e25ee1b1617078)] -> xpath: (//input[@id='5002'])[1]/following-sibling::span] (tried for 40 second(s) with 5000 milliseconds interval)
Build info: version: '3.12.0', revision: '7c6e0b3', time: '2018-05-08T14:04:26.12Z'
System info: host: 'FOCUS-QA-10', ip: '192.168.4.206', os.name: 'Windows 10', os.arch: 'amd64', os.version: '10.0', java.version: '1.8.0_111'
Driver info: driver.version: unknown
	at org.openqa.selenium.support.ui.FluentWait.timeoutException(FluentWait.java:303)
	at org.openqa.selenium.support.ui.FluentWait.until(FluentWait.java:271)
	at com.focus.Pages.FinancilaReportsXPage.checkFinalAccountsSchedulesReport(FinancilaReportsXPage.java:34719)
	at com.focus.testcases.FinancialReportsXTest.checkFinalAccountsSchedulesReport(FinancialReportsXTest.java:1153)
	at sun.reflect.NativeMethodAccessorImpl.invoke0(Native Method)
	at sun.reflect.NativeMethodAccessorImpl.invoke(Unknown Source)
	at sun.reflect.DelegatingMethodAccessorImpl.invoke(Unknown Source)
	at java.lang.reflect.Method.invoke(Unknown Source)
	at org.testng.internal.MethodInvocationHelper.invokeMethod(MethodInvocationHelper.java:86)
	at org.testng.internal.Invoker.invokeMethod(Invoker.java:643)
	at org.testng.internal.Invoker.invokeTestMethod(Invoker.java:820)
	at org.testng.internal.Invoker.invokeTestMethods(Invoker.java:1128)
	at org.testng.internal.TestMethodWorker.invokeTestMethods(TestMethodWorker.java:129)
	at org.testng.internal.TestMethodWorker.run(TestMethodWorker.java:112)
	at org.testng.TestRunner.privateRun(TestRunner.java:782)
	at org.testng.TestRunner.run(TestRunner.java:632)
	at org.testng.SuiteRunner.runTest(SuiteRunner.java:366)
	at org.testng.SuiteRunner.runSequentially(SuiteRunner.java:361)
	at org.testng.SuiteRunner.privateRun(SuiteRunner.java:319)
	at org.testng.SuiteRunner.run(SuiteRunner.java:268)
	at org.testng.SuiteRunnerWorker.runSuite(SuiteRunnerWorker.java:52)
	at org.testng.SuiteRunnerWorker.run(SuiteRunnerWorker.java:86)
	at org.testng.TestNG.runSuitesSequentially(TestNG.java:1244)
	at org.testng.TestNG.runSuitesLocally(TestNG.java:1169)
	at org.testng.TestNG.run(TestNG.java:1064)
	at org.testng.remote.AbstractRemoteTestNG.run(AbstractRemoteTestNG.java:114)
	at org.testng.remote.RemoteTestNG.initAndRun(RemoteTestNG.java:251)
	at org.testng.remote.RemoteTestNG.main(RemoteTestNG.java:77)
]]>
    </error>
  </testcase> <!-- checkFinalAccountsSchedulesReport -->
  <testcase name="checkLedgerDetailreportWithAllCheckBoxesEnable" time="83.659" classname="com.focus.testcases.FinancialReportsXTest">
    <error type="org.openqa.selenium.TimeoutException" message="Expected condition failed: waiting for element to be clickable: Proxy element for: DefaultElementLocator &#039;By.xpath: //*[@id=&#039;trRender_0&#039;]/td[1]&#039; (tried for 40 second(s) with 5000 milliseconds interval)">
      <![CDATA[org.openqa.selenium.TimeoutException: Expected condition failed: waiting for element to be clickable: Proxy element for: DefaultElementLocator 'By.xpath: //*[@id='trRender_0']/td[1]' (tried for 40 second(s) with 5000 milliseconds interval)
	at org.openqa.selenium.support.ui.FluentWait.timeoutException(FluentWait.java:303)
	at org.openqa.selenium.support.ui.FluentWait.until(FluentWait.java:271)
	at com.focus.Pages.FinancilaReportsXPage.checkLedgerDetailreportWithAllCheckBoxesEnable(FinancilaReportsXPage.java:1492)
	at com.focus.testcases.FinancialReportsXTest.checkLedgerDetailreportWithAllCheckBoxesEnable(FinancialReportsXTest.java:72)
	at sun.reflect.NativeMethodAccessorImpl.invoke0(Native Method)
	at sun.reflect.NativeMethodAccessorImpl.invoke(Unknown Source)
	at sun.reflect.DelegatingMethodAccessorImpl.invoke(Unknown Source)
	at java.lang.reflect.Method.invoke(Unknown Source)
	at org.testng.internal.MethodInvocationHelper.invokeMethod(MethodInvocationHelper.java:86)
	at org.testng.internal.Invoker.invokeMethod(Invoker.java:643)
	at org.testng.internal.Invoker.invokeTestMethod(Invoker.java:820)
	at org.testng.internal.Invoker.invokeTestMethods(Invoker.java:1128)
	at org.testng.internal.TestMethodWorker.invokeTestMethods(TestMethodWorker.java:129)
	at org.testng.internal.TestMethodWorker.run(TestMethodWorker.java:112)
	at org.testng.TestRunner.privateRun(TestRunner.java:782)
	at org.testng.TestRunner.run(TestRunner.java:632)
	at org.testng.SuiteRunner.runTest(SuiteRunner.java:366)
	at org.testng.SuiteRunner.runSequentially(SuiteRunner.java:361)
	at org.testng.SuiteRunner.privateRun(SuiteRunner.java:319)
	at org.testng.SuiteRunner.run(SuiteRunner.java:268)
	at org.testng.SuiteRunnerWorker.runSuite(SuiteRunnerWorker.java:52)
	at org.testng.SuiteRunnerWorker.run(SuiteRunnerWorker.java:86)
	at org.testng.TestNG.runSuitesSequentially(TestNG.java:1244)
	at org.testng.TestNG.runSuitesLocally(TestNG.java:1169)
	at org.testng.TestNG.run(TestNG.java:1064)
	at org.testng.remote.AbstractRemoteTestNG.run(AbstractRemoteTestNG.java:114)
	at org.testng.remote.RemoteTestNG.initAndRun(RemoteTestNG.java:251)
	at org.testng.remote.RemoteTestNG.main(RemoteTestNG.java:77)
Caused by: org.openqa.selenium.NoSuchElementException: no such element: Unable to locate element: {"method":"xpath","selector":"//*[@id='trRender_0']/td[1]"}
  (Session info: chrome=107.0.5304.122)
For documentation on this error, please visit: http://seleniumhq.org/exceptions/no_such_element.html
Build info: version: '3.12.0', revision: '7c6e0b3', time: '2018-05-08T14:04:26.12Z'
System info: host: 'FOCUS-QA-10', ip: '192.168.4.206', os.name: 'Windows 10', os.arch: 'amd64', os.version: '10.0', java.version: '1.8.0_111'
Driver info: org.openqa.selenium.chrome.ChromeDriver
Capabilities {acceptInsecureCerts: false, browserName: chrome, browserVersion: 107.0.5304.122, chrome: {chromedriverVersion: 106.0.5249.61 (511755355844..., userDataDir: C:\Users\Rakesh\AppData\Loc...}, goog:chromeOptions: {debuggerAddress: localhost:54194}, javascriptEnabled: true, networkConnectionEnabled: false, pageLoadStrategy: normal, platform: WINDOWS, platformName: WINDOWS, proxy: Proxy(), setWindowRect: true, strictFileInteractability: false, timeouts: {implicit: 0, pageLoad: 300000, script: 30000}, unhandledPromptBehavior: dismiss and notify, webauthn:extension:credBlob: true, webauthn:extension:largeBlob: true, webauthn:virtualAuthenticators: true}
Session ID: 4e5b63374159fa2ea6e25ee1b1617078
*** Element info: {Using=xpath, value=//*[@id='trRender_0']/td[1]}
	at sun.reflect.GeneratedConstructorAccessor43.newInstance(Unknown Source)
	at sun.reflect.DelegatingConstructorAccessorImpl.newInstance(Unknown Source)
	at java.lang.reflect.Constructor.newInstance(Unknown Source)
	at org.openqa.selenium.remote.http.W3CHttpResponseCodec.createException(W3CHttpResponseCodec.java:187)
	at org.openqa.selenium.remote.http.W3CHttpResponseCodec.decode(W3CHttpResponseCodec.java:122)
	at org.openqa.selenium.remote.http.W3CHttpResponseCodec.decode(W3CHttpResponseCodec.java:49)
	at org.openqa.selenium.remote.HttpCommandExecutor.execute(HttpCommandExecutor.java:158)
	at org.openqa.selenium.remote.service.DriverCommandExecutor.execute(DriverCommandExecutor.java:83)
	at org.openqa.selenium.remote.RemoteWebDriver.execute(RemoteWebDriver.java:543)
	at org.openqa.selenium.remote.RemoteWebDriver.findElement(RemoteWebDriver.java:317)
	at org.openqa.selenium.remote.RemoteWebDriver.findElementByXPath(RemoteWebDriver.java:419)
	at org.openqa.selenium.By$ByXPath.findElement(By.java:353)
	at org.openqa.selenium.remote.RemoteWebDriver.findElement(RemoteWebDriver.java:309)
	at org.openqa.selenium.support.pagefactory.DefaultElementLocator.findElement(DefaultElementLocator.java:69)
	at org.openqa.selenium.support.pagefactory.internal.LocatingElementHandler.invoke(LocatingElementHandler.java:38)
	at com.sun.proxy.$Proxy15.isDisplayed(Unknown Source)
	at org.openqa.selenium.support.ui.ExpectedConditions.elementIfVisible(ExpectedConditions.java:315)
	at org.openqa.selenium.support.ui.ExpectedConditions.access$100(ExpectedConditions.java:44)
	at org.openqa.selenium.support.ui.ExpectedConditions$10.apply(ExpectedConditions.java:301)
	at org.openqa.selenium.support.ui.ExpectedConditions$10.apply(ExpectedConditions.java:298)
	at org.openqa.selenium.support.ui.ExpectedConditions$23.apply(ExpectedConditions.java:686)
	at org.openqa.selenium.support.ui.ExpectedConditions$23.apply(ExpectedConditions.java:682)
	at org.openqa.selenium.support.ui.FluentWait.until(FluentWait.java:248)
	... 26 more
]]>
    </error>
  </testcase> <!-- checkLedgerDetailreportWithAllCheckBoxesEnable -->
  <testcase name="checkCustomerListingOfOutstandingBillsReport" time="29.158" classname="com.focus.testcases.FinancialReportsXTest"/>
  <testcase name="checkCustomerSummaryCustomerBillWiseSummeryReportBackTrackOption" time="42.380" classname="com.focus.testcases.FinancialReportsXTest">
    <error type="org.openqa.selenium.TimeoutException" message="Expected condition failed: waiting for element to be clickable: [[ChromeDriver: chrome on WINDOWS (4e5b63374159fa2ea6e25ee1b1617078)] -&gt; xpath: //*[@id=&#039;id_reportmenudisplay&#039;]/ul/li[7]] (tried for 40 second(s) with 5000 milliseconds interval)
Build info: version: &#039;3.12.0&#039;, revision: &#039;7c6e0b3&#039;, time: &#039;2018-05-08T14:04:26.12Z&#039;
System info: host: &#039;FOCUS-QA-10&#039;, ip: &#039;192.168.4.206&#039;, os.name: &#039;Windows 10&#039;, os.arch: &#039;amd64&#039;, os.version: &#039;10.0&#039;, java.version: &#039;1.8.0_111&#039;
Driver info: driver.version: unknown">
      <![CDATA[org.openqa.selenium.TimeoutException: Expected condition failed: waiting for element to be clickable: [[ChromeDriver: chrome on WINDOWS (4e5b63374159fa2ea6e25ee1b1617078)] -> xpath: //*[@id='id_reportmenudisplay']/ul/li[7]] (tried for 40 second(s) with 5000 milliseconds interval)
Build info: version: '3.12.0', revision: '7c6e0b3', time: '2018-05-08T14:04:26.12Z'
System info: host: 'FOCUS-QA-10', ip: '192.168.4.206', os.name: 'Windows 10', os.arch: 'amd64', os.version: '10.0', java.version: '1.8.0_111'
Driver info: driver.version: unknown
	at org.openqa.selenium.support.ui.FluentWait.timeoutException(FluentWait.java:303)
	at org.openqa.selenium.support.ui.FluentWait.until(FluentWait.java:271)
	at com.focus.Pages.FinancilaReportsXPage.checkCustomerSummaryCustomerBillWiseSummeryReportBackTrackOption(FinancilaReportsXPage.java:42215)
	at com.focus.testcases.FinancialReportsXTest.checkCustomerSummaryCustomerBillWiseSummeryReportBackTrackOption(FinancialReportsXTest.java:1544)
	at sun.reflect.NativeMethodAccessorImpl.invoke0(Native Method)
	at sun.reflect.NativeMethodAccessorImpl.invoke(Unknown Source)
	at sun.reflect.DelegatingMethodAccessorImpl.invoke(Unknown Source)
	at java.lang.reflect.Method.invoke(Unknown Source)
	at org.testng.internal.MethodInvocationHelper.invokeMethod(MethodInvocationHelper.java:86)
	at org.testng.internal.Invoker.invokeMethod(Invoker.java:643)
	at org.testng.internal.Invoker.invokeTestMethod(Invoker.java:820)
	at org.testng.internal.Invoker.invokeTestMethods(Invoker.java:1128)
	at org.testng.internal.TestMethodWorker.invokeTestMethods(TestMethodWorker.java:129)
	at org.testng.internal.TestMethodWorker.run(TestMethodWorker.java:112)
	at org.testng.TestRunner.privateRun(TestRunner.java:782)
	at org.testng.TestRunner.run(TestRunner.java:632)
	at org.testng.SuiteRunner.runTest(SuiteRunner.java:366)
	at org.testng.SuiteRunner.runSequentially(SuiteRunner.java:361)
	at org.testng.SuiteRunner.privateRun(SuiteRunner.java:319)
	at org.testng.SuiteRunner.run(SuiteRunner.java:268)
	at org.testng.SuiteRunnerWorker.runSuite(SuiteRunnerWorker.java:52)
	at org.testng.SuiteRunnerWorker.run(SuiteRunnerWorker.java:86)
	at org.testng.TestNG.runSuitesSequentially(TestNG.java:1244)
	at org.testng.TestNG.runSuitesLocally(TestNG.java:1169)
	at org.testng.TestNG.run(TestNG.java:1064)
	at org.testng.remote.AbstractRemoteTestNG.run(AbstractRemoteTestNG.java:114)
	at org.testng.remote.RemoteTestNG.initAndRun(RemoteTestNG.java:251)
	at org.testng.remote.RemoteTestNG.main(RemoteTestNG.java:77)
]]>
    </error>
  </testcase> <!-- checkCustomerSummaryCustomerBillWiseSummeryReportBackTrackOption -->
  <testcase name="checkVendorSummeryVendorBillWiseSummaryReport" time="1.198" classname="com.focus.testcases.FinancialReportsXTest">
    <error type="org.openqa.selenium.ElementClickInterceptedException" message="element click intercepted: Element &lt;li class=&quot;nav-item&quot; style=&quot;text-align:center&quot;&gt;...&lt;/li&gt; is not clickable at point (44, 167). Other element would receive the click: &lt;div id=&quot;fullScreen&quot; class=&quot;modal fade right show&quot; role=&quot;dialog&quot; data-backdrop=&quot;static&quot; style=&quot;z-index: 10000001; padding-right: 10px; display: block;&quot; aria-modal=&quot;true&quot;&gt;...&lt;/div&gt;
  (Session info: chrome=107.0.5304.122)
Build info: version: &#039;3.12.0&#039;, revision: &#039;7c6e0b3&#039;, time: &#039;2018-05-08T14:04:26.12Z&#039;
System info: host: &#039;FOCUS-QA-10&#039;, ip: &#039;192.168.4.206&#039;, os.name: &#039;Windows 10&#039;, os.arch: &#039;amd64&#039;, os.version: &#039;10.0&#039;, java.version: &#039;1.8.0_111&#039;
Driver info: org.openqa.selenium.chrome.ChromeDriver
Capabilities {acceptInsecureCerts: false, browserName: chrome, browserVersion: 107.0.5304.122, chrome: {chromedriverVersion: 106.0.5249.61 (511755355844..., userDataDir: C:\Users\Rakesh\AppData\Loc...}, goog:chromeOptions: {debuggerAddress: localhost:54194}, javascriptEnabled: true, networkConnectionEnabled: false, pageLoadStrategy: normal, platform: WINDOWS, platformName: WINDOWS, proxy: Proxy(), setWindowRect: true, strictFileInteractability: false, timeouts: {implicit: 0, pageLoad: 300000, script: 30000}, unhandledPromptBehavior: dismiss and notify, webauthn:extension:credBlob: true, webauthn:extension:largeBlob: true, webauthn:virtualAuthenticators: true}
Session ID: 4e5b63374159fa2ea6e25ee1b1617078">
      <![CDATA[org.openqa.selenium.ElementClickInterceptedException: element click intercepted: Element <li class="nav-item" style="text-align:center">...</li> is not clickable at point (44, 167). Other element would receive the click: <div id="fullScreen" class="modal fade right show" role="dialog" data-backdrop="static" style="z-index: 10000001; padding-right: 10px; display: block;" aria-modal="true">...</div>
  (Session info: chrome=107.0.5304.122)
Build info: version: '3.12.0', revision: '7c6e0b3', time: '2018-05-08T14:04:26.12Z'
System info: host: 'FOCUS-QA-10', ip: '192.168.4.206', os.name: 'Windows 10', os.arch: 'amd64', os.version: '10.0', java.version: '1.8.0_111'
Driver info: org.openqa.selenium.chrome.ChromeDriver
Capabilities {acceptInsecureCerts: false, browserName: chrome, browserVersion: 107.0.5304.122, chrome: {chromedriverVersion: 106.0.5249.61 (511755355844..., userDataDir: C:\Users\Rakesh\AppData\Loc...}, goog:chromeOptions: {debuggerAddress: localhost:54194}, javascriptEnabled: true, networkConnectionEnabled: false, pageLoadStrategy: normal, platform: WINDOWS, platformName: WINDOWS, proxy: Proxy(), setWindowRect: true, strictFileInteractability: false, timeouts: {implicit: 0, pageLoad: 300000, script: 30000}, unhandledPromptBehavior: dismiss and notify, webauthn:extension:credBlob: true, webauthn:extension:largeBlob: true, webauthn:virtualAuthenticators: true}
Session ID: 4e5b63374159fa2ea6e25ee1b1617078
	at sun.reflect.GeneratedConstructorAccessor45.newInstance(Unknown Source)
	at sun.reflect.DelegatingConstructorAccessorImpl.newInstance(Unknown Source)
	at java.lang.reflect.Constructor.newInstance(Unknown Source)
	at org.openqa.selenium.remote.http.W3CHttpResponseCodec.createException(W3CHttpResponseCodec.java:187)
	at org.openqa.selenium.remote.http.W3CHttpResponseCodec.decode(W3CHttpResponseCodec.java:122)
	at org.openqa.selenium.remote.http.W3CHttpResponseCodec.decode(W3CHttpResponseCodec.java:49)
	at org.openqa.selenium.remote.HttpCommandExecutor.execute(HttpCommandExecutor.java:158)
	at org.openqa.selenium.remote.service.DriverCommandExecutor.execute(DriverCommandExecutor.java:83)
	at org.openqa.selenium.remote.RemoteWebDriver.execute(RemoteWebDriver.java:543)
	at org.openqa.selenium.remote.RemoteWebElement.execute(RemoteWebElement.java:276)
	at org.openqa.selenium.remote.RemoteWebElement.click(RemoteWebElement.java:83)
	at sun.reflect.GeneratedMethodAccessor4.invoke(Unknown Source)
	at sun.reflect.DelegatingMethodAccessorImpl.invoke(Unknown Source)
	at java.lang.reflect.Method.invoke(Unknown Source)
	at org.openqa.selenium.support.pagefactory.internal.LocatingElementHandler.invoke(LocatingElementHandler.java:51)
	at com.sun.proxy.$Proxy15.click(Unknown Source)
	at com.focus.Pages.FinancilaReportsXPage.checkVendorSummeryVendorBillWiseSummaryReport(FinancilaReportsXPage.java:46739)
	at com.focus.testcases.FinancialReportsXTest.checkVendorSummeryVendorBillWiseSummaryReport(FinancialReportsXTest.java:1785)
	at sun.reflect.NativeMethodAccessorImpl.invoke0(Native Method)
	at sun.reflect.NativeMethodAccessorImpl.invoke(Unknown Source)
	at sun.reflect.DelegatingMethodAccessorImpl.invoke(Unknown Source)
	at java.lang.reflect.Method.invoke(Unknown Source)
	at org.testng.internal.MethodInvocationHelper.invokeMethod(MethodInvocationHelper.java:86)
	at org.testng.internal.Invoker.invokeMethod(Invoker.java:643)
	at org.testng.internal.Invoker.invokeTestMethod(Invoker.java:820)
	at org.testng.internal.Invoker.invokeTestMethods(Invoker.java:1128)
	at org.testng.internal.TestMethodWorker.invokeTestMethods(TestMethodWorker.java:129)
	at org.testng.internal.TestMethodWorker.run(TestMethodWorker.java:112)
	at org.testng.TestRunner.privateRun(TestRunner.java:782)
	at org.testng.TestRunner.run(TestRunner.java:632)
	at org.testng.SuiteRunner.runTest(SuiteRunner.java:366)
	at org.testng.SuiteRunner.runSequentially(SuiteRunner.java:361)
	at org.testng.SuiteRunner.privateRun(SuiteRunner.java:319)
	at org.testng.SuiteRunner.run(SuiteRunner.java:268)
	at org.testng.SuiteRunnerWorker.runSuite(SuiteRunnerWorker.java:52)
	at org.testng.SuiteRunnerWorker.run(SuiteRunnerWorker.java:86)
	at org.testng.TestNG.runSuitesSequentially(TestNG.java:1244)
	at org.testng.TestNG.runSuitesLocally(TestNG.java:1169)
	at org.testng.TestNG.run(TestNG.java:1064)
	at org.testng.remote.AbstractRemoteTestNG.run(AbstractRemoteTestNG.java:114)
	at org.testng.remote.RemoteTestNG.initAndRun(RemoteTestNG.java:251)
	at org.testng.remote.RemoteTestNG.main(RemoteTestNG.java:77)
]]>
    </error>
  </testcase> <!-- checkVendorSummeryVendorBillWiseSummaryReport -->
  <testcase name="checkLoginTOAutomationCompany" time="9.728" classname="com.focus.testcases.FinancialReportsXTest"/>
  <testcase name="checkcustomerSummaryAgeingByDueDateReport" time="5.259" classname="com.focus.testcases.FinancialReportsXTest">
    <error type="org.openqa.selenium.ElementClickInterceptedException" message="element click intercepted: Element &lt;span...class=&quot;checkmark&quot;&gt; &lt;/span&gt; is not clickable at point (1037, 590). Other element would receive the click: &lt;input type=&quot;number&quot; min=&quot;0&quot; class=&quot;form-control&quot; data-fieldid=&quot;8&quot; name=&quot;RITNumber_&quot; id=&quot;RITNumber__8&quot; value=&quot;30&quot; style=&quot;text-align:right&quot; onkeypress=&quot;return validateInputNumber(this, 2, event);&quot;&gt;
  (Session info: chrome=107.0.5304.122)
Build info: version: &#039;3.12.0&#039;, revision: &#039;7c6e0b3&#039;, time: &#039;2018-05-08T14:04:26.12Z&#039;
System info: host: &#039;FOCUS-QA-10&#039;, ip: &#039;192.168.4.206&#039;, os.name: &#039;Windows 10&#039;, os.arch: &#039;amd64&#039;, os.version: &#039;10.0&#039;, java.version: &#039;1.8.0_111&#039;
Driver info: org.openqa.selenium.chrome.ChromeDriver
Capabilities {acceptInsecureCerts: false, browserName: chrome, browserVersion: 107.0.5304.122, chrome: {chromedriverVersion: 106.0.5249.61 (511755355844..., userDataDir: C:\Users\Rakesh\AppData\Loc...}, goog:chromeOptions: {debuggerAddress: localhost:54194}, javascriptEnabled: true, networkConnectionEnabled: false, pageLoadStrategy: normal, platform: WINDOWS, platformName: WINDOWS, proxy: Proxy(), setWindowRect: true, strictFileInteractability: false, timeouts: {implicit: 0, pageLoad: 300000, script: 30000}, unhandledPromptBehavior: dismiss and notify, webauthn:extension:credBlob: true, webauthn:extension:largeBlob: true, webauthn:virtualAuthenticators: true}
Session ID: 4e5b63374159fa2ea6e25ee1b1617078">
      <![CDATA[org.openqa.selenium.ElementClickInterceptedException: element click intercepted: Element <span...class="checkmark"> </span> is not clickable at point (1037, 590). Other element would receive the click: <input type="number" min="0" class="form-control" data-fieldid="8" name="RITNumber_" id="RITNumber__8" value="30" style="text-align:right" onkeypress="return validateInputNumber(this, 2, event);">
  (Session info: chrome=107.0.5304.122)
Build info: version: '3.12.0', revision: '7c6e0b3', time: '2018-05-08T14:04:26.12Z'
System info: host: 'FOCUS-QA-10', ip: '192.168.4.206', os.name: 'Windows 10', os.arch: 'amd64', os.version: '10.0', java.version: '1.8.0_111'
Driver info: org.openqa.selenium.chrome.ChromeDriver
Capabilities {acceptInsecureCerts: false, browserName: chrome, browserVersion: 107.0.5304.122, chrome: {chromedriverVersion: 106.0.5249.61 (511755355844..., userDataDir: C:\Users\Rakesh\AppData\Loc...}, goog:chromeOptions: {debuggerAddress: localhost:54194}, javascriptEnabled: true, networkConnectionEnabled: false, pageLoadStrategy: normal, platform: WINDOWS, platformName: WINDOWS, proxy: Proxy(), setWindowRect: true, strictFileInteractability: false, timeouts: {implicit: 0, pageLoad: 300000, script: 30000}, unhandledPromptBehavior: dismiss and notify, webauthn:extension:credBlob: true, webauthn:extension:largeBlob: true, webauthn:virtualAuthenticators: true}
Session ID: 4e5b63374159fa2ea6e25ee1b1617078
	at sun.reflect.GeneratedConstructorAccessor45.newInstance(Unknown Source)
	at sun.reflect.DelegatingConstructorAccessorImpl.newInstance(Unknown Source)
	at java.lang.reflect.Constructor.newInstance(Unknown Source)
	at org.openqa.selenium.remote.http.W3CHttpResponseCodec.createException(W3CHttpResponseCodec.java:187)
	at org.openqa.selenium.remote.http.W3CHttpResponseCodec.decode(W3CHttpResponseCodec.java:122)
	at org.openqa.selenium.remote.http.W3CHttpResponseCodec.decode(W3CHttpResponseCodec.java:49)
	at org.openqa.selenium.remote.HttpCommandExecutor.execute(HttpCommandExecutor.java:158)
	at org.openqa.selenium.remote.service.DriverCommandExecutor.execute(DriverCommandExecutor.java:83)
	at org.openqa.selenium.remote.RemoteWebDriver.execute(RemoteWebDriver.java:543)
	at org.openqa.selenium.remote.RemoteWebElement.execute(RemoteWebElement.java:276)
	at org.openqa.selenium.remote.RemoteWebElement.click(RemoteWebElement.java:83)
	at sun.reflect.GeneratedMethodAccessor4.invoke(Unknown Source)
	at sun.reflect.DelegatingMethodAccessorImpl.invoke(Unknown Source)
	at java.lang.reflect.Method.invoke(Unknown Source)
	at org.openqa.selenium.support.pagefactory.internal.LocatingElementHandler.invoke(LocatingElementHandler.java:51)
	at com.sun.proxy.$Proxy15.click(Unknown Source)
	at com.focus.Pages.FinancilaReportsXPage.checkcustomerSummaryAgeingByDueDateReport(FinancilaReportsXPage.java:40937)
	at com.focus.testcases.FinancialReportsXTest.checkcustomerSummaryAgeingByDueDateReport(FinancialReportsXTest.java:1481)
	at sun.reflect.NativeMethodAccessorImpl.invoke0(Native Method)
	at sun.reflect.NativeMethodAccessorImpl.invoke(Unknown Source)
	at sun.reflect.DelegatingMethodAccessorImpl.invoke(Unknown Source)
	at java.lang.reflect.Method.invoke(Unknown Source)
	at org.testng.internal.MethodInvocationHelper.invokeMethod(MethodInvocationHelper.java:86)
	at org.testng.internal.Invoker.invokeMethod(Invoker.java:643)
	at org.testng.internal.Invoker.invokeTestMethod(Invoker.java:820)
	at org.testng.internal.Invoker.invokeTestMethods(Invoker.java:1128)
	at org.testng.internal.TestMethodWorker.invokeTestMethods(TestMethodWorker.java:129)
	at org.testng.internal.TestMethodWorker.run(TestMethodWorker.java:112)
	at org.testng.TestRunner.privateRun(TestRunner.java:782)
	at org.testng.TestRunner.run(TestRunner.java:632)
	at org.testng.SuiteRunner.runTest(SuiteRunner.java:366)
	at org.testng.SuiteRunner.runSequentially(SuiteRunner.java:361)
	at org.testng.SuiteRunner.privateRun(SuiteRunner.java:319)
	at org.testng.SuiteRunner.run(SuiteRunner.java:268)
	at org.testng.SuiteRunnerWorker.runSuite(SuiteRunnerWorker.java:52)
	at org.testng.SuiteRunnerWorker.run(SuiteRunnerWorker.java:86)
	at org.testng.TestNG.runSuitesSequentially(TestNG.java:1244)
	at org.testng.TestNG.runSuitesLocally(TestNG.java:1169)
	at org.testng.TestNG.run(TestNG.java:1064)
	at org.testng.remote.AbstractRemoteTestNG.run(AbstractRemoteTestNG.java:114)
	at org.testng.remote.RemoteTestNG.initAndRun(RemoteTestNG.java:251)
	at org.testng.remote.RemoteTestNG.main(RemoteTestNG.java:77)
]]>
    </error>
  </testcase> <!-- checkcustomerSummaryAgeingByDueDateReport -->
  <testcase name="checkVendorVendorSummeryVendorOverdueSummaryReportBackTrackOption" time="1.267" classname="com.focus.testcases.FinancialReportsXTest">
    <error type="org.openqa.selenium.ElementClickInterceptedException" message="element click intercepted: Element &lt;td data-ifieldid=&quot;1&quot; data-datatypeid=&quot;0&quot; onclick=&quot;REPORTRENDER.GetFieldId(this);&quot; id=&quot;tdSort_0_col_Account_&quot; class=&quot;TextAlignLeft&quot; colspan=&quot;0&quot; style=&quot;border-style: none; font-style: normal; font-weight: normal; font-size: 12px; width: 120px;&quot;&gt;...&lt;/td&gt; is not clickable at point (206, 175). Other element would receive the click: &lt;div id=&quot;fullScreen&quot; class=&quot;modal fade right show&quot; role=&quot;dialog&quot; data-backdrop=&quot;static&quot; style=&quot;z-index: 10000001; padding-right: 10px; display: block;&quot; aria-modal=&quot;true&quot;&gt;...&lt;/div&gt;
  (Session info: chrome=107.0.5304.122)
Build info: version: &#039;3.12.0&#039;, revision: &#039;7c6e0b3&#039;, time: &#039;2018-05-08T14:04:26.12Z&#039;
System info: host: &#039;FOCUS-QA-10&#039;, ip: &#039;192.168.4.206&#039;, os.name: &#039;Windows 10&#039;, os.arch: &#039;amd64&#039;, os.version: &#039;10.0&#039;, java.version: &#039;1.8.0_111&#039;
Driver info: org.openqa.selenium.chrome.ChromeDriver
Capabilities {acceptInsecureCerts: false, browserName: chrome, browserVersion: 107.0.5304.122, chrome: {chromedriverVersion: 106.0.5249.61 (511755355844..., userDataDir: C:\Users\Rakesh\AppData\Loc...}, goog:chromeOptions: {debuggerAddress: localhost:54194}, javascriptEnabled: true, networkConnectionEnabled: false, pageLoadStrategy: normal, platform: WINDOWS, platformName: WINDOWS, proxy: Proxy(), setWindowRect: true, strictFileInteractability: false, timeouts: {implicit: 0, pageLoad: 300000, script: 30000}, unhandledPromptBehavior: dismiss and notify, webauthn:extension:credBlob: true, webauthn:extension:largeBlob: true, webauthn:virtualAuthenticators: true}
Session ID: 4e5b63374159fa2ea6e25ee1b1617078">
      <![CDATA[org.openqa.selenium.ElementClickInterceptedException: element click intercepted: Element <td data-ifieldid="1" data-datatypeid="0" onclick="REPORTRENDER.GetFieldId(this);" id="tdSort_0_col_Account_" class="TextAlignLeft" colspan="0" style="border-style: none; font-style: normal; font-weight: normal; font-size: 12px; width: 120px;">...</td> is not clickable at point (206, 175). Other element would receive the click: <div id="fullScreen" class="modal fade right show" role="dialog" data-backdrop="static" style="z-index: 10000001; padding-right: 10px; display: block;" aria-modal="true">...</div>
  (Session info: chrome=107.0.5304.122)
Build info: version: '3.12.0', revision: '7c6e0b3', time: '2018-05-08T14:04:26.12Z'
System info: host: 'FOCUS-QA-10', ip: '192.168.4.206', os.name: 'Windows 10', os.arch: 'amd64', os.version: '10.0', java.version: '1.8.0_111'
Driver info: org.openqa.selenium.chrome.ChromeDriver
Capabilities {acceptInsecureCerts: false, browserName: chrome, browserVersion: 107.0.5304.122, chrome: {chromedriverVersion: 106.0.5249.61 (511755355844..., userDataDir: C:\Users\Rakesh\AppData\Loc...}, goog:chromeOptions: {debuggerAddress: localhost:54194}, javascriptEnabled: true, networkConnectionEnabled: false, pageLoadStrategy: normal, platform: WINDOWS, platformName: WINDOWS, proxy: Proxy(), setWindowRect: true, strictFileInteractability: false, timeouts: {implicit: 0, pageLoad: 300000, script: 30000}, unhandledPromptBehavior: dismiss and notify, webauthn:extension:credBlob: true, webauthn:extension:largeBlob: true, webauthn:virtualAuthenticators: true}
Session ID: 4e5b63374159fa2ea6e25ee1b1617078
	at sun.reflect.GeneratedConstructorAccessor45.newInstance(Unknown Source)
	at sun.reflect.DelegatingConstructorAccessorImpl.newInstance(Unknown Source)
	at java.lang.reflect.Constructor.newInstance(Unknown Source)
	at org.openqa.selenium.remote.http.W3CHttpResponseCodec.createException(W3CHttpResponseCodec.java:187)
	at org.openqa.selenium.remote.http.W3CHttpResponseCodec.decode(W3CHttpResponseCodec.java:122)
	at org.openqa.selenium.remote.http.W3CHttpResponseCodec.decode(W3CHttpResponseCodec.java:49)
	at org.openqa.selenium.remote.HttpCommandExecutor.execute(HttpCommandExecutor.java:158)
	at org.openqa.selenium.remote.service.DriverCommandExecutor.execute(DriverCommandExecutor.java:83)
	at org.openqa.selenium.remote.RemoteWebDriver.execute(RemoteWebDriver.java:543)
	at org.openqa.selenium.remote.RemoteWebElement.execute(RemoteWebElement.java:276)
	at org.openqa.selenium.remote.RemoteWebElement.click(RemoteWebElement.java:83)
	at com.focus.Pages.FinancilaReportsXPage.checkVendorVendorSummeryVendorOverdueSummaryReportBackTrackOption(FinancilaReportsXPage.java:46580)
	at com.focus.testcases.FinancialReportsXTest.checkVendorVendorSummeryVendorOverdueSummaryReportBackTrackOption(FinancialReportsXTest.java:1775)
	at sun.reflect.NativeMethodAccessorImpl.invoke0(Native Method)
	at sun.reflect.NativeMethodAccessorImpl.invoke(Unknown Source)
	at sun.reflect.DelegatingMethodAccessorImpl.invoke(Unknown Source)
	at java.lang.reflect.Method.invoke(Unknown Source)
	at org.testng.internal.MethodInvocationHelper.invokeMethod(MethodInvocationHelper.java:86)
	at org.testng.internal.Invoker.invokeMethod(Invoker.java:643)
	at org.testng.internal.Invoker.invokeTestMethod(Invoker.java:820)
	at org.testng.internal.Invoker.invokeTestMethods(Invoker.java:1128)
	at org.testng.internal.TestMethodWorker.invokeTestMethods(TestMethodWorker.java:129)
	at org.testng.internal.TestMethodWorker.run(TestMethodWorker.java:112)
	at org.testng.TestRunner.privateRun(TestRunner.java:782)
	at org.testng.TestRunner.run(TestRunner.java:632)
	at org.testng.SuiteRunner.runTest(SuiteRunner.java:366)
	at org.testng.SuiteRunner.runSequentially(SuiteRunner.java:361)
	at org.testng.SuiteRunner.privateRun(SuiteRunner.java:319)
	at org.testng.SuiteRunner.run(SuiteRunner.java:268)
	at org.testng.SuiteRunnerWorker.runSuite(SuiteRunnerWorker.java:52)
	at org.testng.SuiteRunnerWorker.run(SuiteRunnerWorker.java:86)
	at org.testng.TestNG.runSuitesSequentially(TestNG.java:1244)
	at org.testng.TestNG.runSuitesLocally(TestNG.java:1169)
	at org.testng.TestNG.run(TestNG.java:1064)
	at org.testng.remote.AbstractRemoteTestNG.run(AbstractRemoteTestNG.java:114)
	at org.testng.remote.RemoteTestNG.initAndRun(RemoteTestNG.java:251)
	at org.testng.remote.RemoteTestNG.main(RemoteTestNG.java:77)
]]>
    </error>
  </testcase> <!-- checkVendorVendorSummeryVendorOverdueSummaryReportBackTrackOption -->
</testsuite> <!-- com.focus.testcases.FinancialReportsXTest -->
