<?xml version="1.0" encoding="UTF-8"?>
<!-- Generated by org.testng.reporters.JUnitReportReporter -->
<testsuite hostname="FOCUS-QA-10" name="com.focus.testcases.SellerPriceBookTest" tests="6" failures="0" timestamp="8 May 2022 06:38:52 GMT" time="93.655" errors="0">
  <testcase name="checkSavingSellerPriceBook" time="16.147" classname="com.focus.testcases.SellerPriceBookTest"/>
  <testcase name="checkDeletingSellerPriceBook" time="8.043" classname="com.focus.testcases.SellerPriceBookTest"/>
  <testcase name="checkUpdatingSellerPriceBook" time="6.483" classname="com.focus.testcases.SellerPriceBookTest"/>
  <testcase name="checkCopyPasteAndSavingSellerPriceBook" time="10.984" classname="com.focus.testcases.SellerPriceBookTest"/>
  <testcase name="checkImportingSellerPriceBook" time="38.545" classname="com.focus.testcases.SellerPriceBookTest"/>
  <testcase name="checkExportingSellerPriceBook" time="13.453" classname="com.focus.testcases.SellerPriceBookTest"/>
</testsuite> <!-- com.focus.testcases.SellerPriceBookTest -->
