<?xml version="1.0" encoding="UTF-8"?>
<!-- Generated by org.testng.reporters.JUnitReportReporter -->
<testsuite hostname="FOCUS-QA-10" name="com.focus.testcases.LoginPageTest" tests="4" failures="0" timestamp="3 Jan 2023 19:02:40 GMT" time="9.797" errors="0">
  <testcase name="checkUserNameInfoInHomePage" time="0.340" classname="com.focus.testcases.LoginPageTest"/>
  <testcase name="checkLoginPageAvailablityOfFields" time="0.685" classname="com.focus.testcases.LoginPageTest"/>
  <testcase name="checkCompanyTextDisplayInCompanyListDropdown" time="0.053" classname="com.focus.testcases.LoginPageTest"/>
  <testcase name="checkSignInBtnWithValidUserNameAndValidPassword" time="8.719" classname="com.focus.testcases.LoginPageTest"/>
</testsuite> <!-- com.focus.testcases.LoginPageTest -->
