<?xml version="1.0" encoding="UTF-8"?>
<!-- Generated by org.testng.reporters.JUnitReportReporter -->
<testsuite hostname="FOCUS-QA-10" name="com.focus.testcases.ItemsTest" tests="5" failures="0" timestamp="8 May 2022 06:38:52 GMT" time="32.090" errors="0">
  <testcase name="checkDeleteItemInItemMaster" time="7.008" classname="com.focus.testcases.ItemsTest"/>
  <testcase name="checkEditingInSavedItemINItemMaster" time="3.199" classname="com.focus.testcases.ItemsTest"/>
  <testcase name="checkItemMasterInMasterMenu" time="16.322" classname="com.focus.testcases.ItemsTest"/>
  <testcase name="checkUpdatedItemMasterDisplayInItemGridBeforeCustomization" time="0.950" classname="com.focus.testcases.ItemsTest"/>
  <testcase name="checkSavingItemInItemMaster" time="4.611" classname="com.focus.testcases.ItemsTest"/>
</testsuite> <!-- com.focus.testcases.ItemsTest -->
