<?xml version="1.0" encoding="UTF-8"?>
<!-- Generated by org.testng.reporters.JUnitReportReporter -->
<testsuite hostname="FOCUS-QA-10" name="com.focus.testcases.CurrencyTest" tests="3" failures="0" timestamp="8 May 2022 06:38:52 GMT" time="19.032" errors="0">
  <testcase name="checkOpenCurrencyMenu" time="11.046" classname="com.focus.testcases.CurrencyTest"/>
  <testcase name="checkUpdatingAgainISOCurrencyCodeSLLCoinName" time="3.065" classname="com.focus.testcases.CurrencyTest"/>
  <testcase name="checkUpdatingISOCurrencyCodeSLLCoinName" time="4.921" classname="com.focus.testcases.CurrencyTest"/>
</testsuite> <!-- com.focus.testcases.CurrencyTest -->
