<?xml version="1.0" encoding="UTF-8"?>
<!-- Generated by org.testng.reporters.JUnitReportReporter -->
<testsuite hostname="FOCUS-QA-10" name="com.focus.testcases.AccountsTest" tests="4" failures="0" timestamp="8 May 2022 06:38:52 GMT" time="28.099" errors="0">
  <testcase name="checkUpdatedAccountDisplayInAccountGridBeforeCustomization" time="3.074" classname="com.focus.testcases.AccountsTest"/>
  <testcase name="checkDeleteAccountInAccountMaster" time="9.413" classname="com.focus.testcases.AccountsTest"/>
  <testcase name="checkSavingAccountINAccountMaster" time="12.207" classname="com.focus.testcases.AccountsTest"/>
  <testcase name="checkEditingInSavedAccountINAccountMaster" time="3.405" classname="com.focus.testcases.AccountsTest"/>
</testsuite> <!-- com.focus.testcases.AccountsTest -->
