<?xml version="1.0" encoding="UTF-8"?>
<!-- Generated by org.testng.reporters.JUnitReportReporter -->
<testsuite hostname="FOCUS-QA-10" name="com.focus.testcases.CreditNotesTest" tests="6" failures="0" timestamp="8 May 2022 11:22:44 GMT" time="93.832" errors="0">
  <testcase name="checkVerifingDetailsOfSavedCreditNotesVoucherInHomepage" time="1.852" classname="com.focus.testcases.CreditNotesTest"/>
  <testcase name="checkSavingCreditNotesVoucher1" time="20.687" classname="com.focus.testcases.CreditNotesTest"/>
  <testcase name="checkEditingCreditNotesVoucher1" time="13.360" classname="com.focus.testcases.CreditNotesTest"/>
  <testcase name="checkCustomizationOptionInCreditNotes" time="33.107" classname="com.focus.testcases.CreditNotesTest"/>
  <testcase name="checkSavingCreditNotesVoucher2" time="19.327" classname="com.focus.testcases.CreditNotesTest"/>
  <testcase name="checkDeletingCreditNotesVoucher2" time="5.499" classname="com.focus.testcases.CreditNotesTest"/>
</testsuite> <!-- com.focus.testcases.CreditNotesTest -->
