<?xml version="1.0" encoding="UTF-8"?>
<!-- Generated by org.testng.reporters.JUnitReportReporter -->
<testsuite hostname="FOCUS-QA-10" name="com.focus.testcases.TransactionAuthorizationTest" tests="3" failures="0" timestamp="8 May 2022 06:38:52 GMT" time="74.837" errors="0">
  <testcase name="checkDeletingTransactionAuthorizationInPurchaseReturns" time="13.604" classname="com.focus.testcases.TransactionAuthorizationTest"/>
  <testcase name="checkEditingTransactionAuthorizationInPurchaseReturns" time="29.407" classname="com.focus.testcases.TransactionAuthorizationTest"/>
  <testcase name="checkSavingTransactionAuthorizationInPurchaseReturns" time="31.826" classname="com.focus.testcases.TransactionAuthorizationTest"/>
</testsuite> <!-- com.focus.testcases.TransactionAuthorizationTest -->
