<?xml version="1.0" encoding="UTF-8"?>
<!-- Generated by org.testng.reporters.JUnitReportReporter -->
<testsuite hostname="FOCUS-QA-10" name="com.focus.testcases.BuyerPriceBookTest" tests="6" failures="0" timestamp="8 May 2022 06:38:52 GMT" time="99.596" errors="0">
  <testcase name="checkImportingBuyerPriceBook" time="46.425" classname="com.focus.testcases.BuyerPriceBookTest"/>
  <testcase name="checkDeletingBuyerPriceBook" time="8.073" classname="com.focus.testcases.BuyerPriceBookTest"/>
  <testcase name="checkCopyPasteAndSavingBuyerPriceBook" time="10.895" classname="com.focus.testcases.BuyerPriceBookTest"/>
  <testcase name="checkExportingBuyerPriceBook" time="12.670" classname="com.focus.testcases.BuyerPriceBookTest"/>
  <testcase name="checkSavingBuyerPriceBook" time="15.059" classname="com.focus.testcases.BuyerPriceBookTest"/>
  <testcase name="checkUpdatingBuyerPriceBook" time="6.474" classname="com.focus.testcases.BuyerPriceBookTest"/>
</testsuite> <!-- com.focus.testcases.BuyerPriceBookTest -->
