<?xml version="1.0" encoding="UTF-8"?>
<!-- Generated by org.testng.reporters.JUnitReportReporter -->
<testsuite hostname="FOCUS-QA-10" name="com.focus.testcases.ExchangeRateAndExchangeRateHistoryTest" tests="7" failures="0" timestamp="8 May 2022 06:38:52 GMT" time="62.449" errors="0">
  <testcase name="checkSavingCurrencyExchnageRate" time="4.553" classname="com.focus.testcases.ExchangeRateAndExchangeRateHistoryTest"/>
  <testcase name="checkExchangeRateHistoryLoadButtonWithBaseCurrency" time="5.121" classname="com.focus.testcases.ExchangeRateAndExchangeRateHistoryTest"/>
  <testcase name="checkOpenExchangeRate" time="12.567" classname="com.focus.testcases.ExchangeRateAndExchangeRateHistoryTest"/>
  <testcase name="checkOpenExchangeRateHistory" time="10.869" classname="com.focus.testcases.ExchangeRateAndExchangeRateHistoryTest"/>
  <testcase name="checkExchangeRateHistoryAfterUpdating" time="13.936" classname="com.focus.testcases.ExchangeRateAndExchangeRateHistoryTest"/>
  <testcase name="checkDeleteOptionInExchangeRate" time="1.518" classname="com.focus.testcases.ExchangeRateAndExchangeRateHistoryTest"/>
  <testcase name="checkUpdateExchangeRate" time="13.885" classname="com.focus.testcases.ExchangeRateAndExchangeRateHistoryTest"/>
</testsuite> <!-- com.focus.testcases.ExchangeRateAndExchangeRateHistoryTest -->
