<?xml version="1.0" encoding="UTF-8"?>
<!-- Generated by org.testng.reporters.JUnitReportReporter -->
<testsuite hostname="FOCUS-QA-10" name="com.focus.testcases.UnitsTest" tests="5" failures="0" timestamp="8 May 2022 06:38:52 GMT" time="30.454" errors="0">
  <testcase name="checkUnitMasterInMAsterMenu" time="15.622" classname="com.focus.testcases.UnitsTest"/>
  <testcase name="checkEditingInSavedUnitsINUnitsMaster" time="1.764" classname="com.focus.testcases.UnitsTest"/>
  <testcase name="checkUpdatedUnitsMasterDisplayInUnits" time="0.610" classname="com.focus.testcases.UnitsTest"/>
  <testcase name="checkDeleteUnitsInUnitsMaster" time="8.797" classname="com.focus.testcases.UnitsTest"/>
  <testcase name="checkSavingUnitsInUnitsMaster" time="3.661" classname="com.focus.testcases.UnitsTest"/>
</testsuite> <!-- com.focus.testcases.UnitsTest -->
