<?xml version="1.0" encoding="UTF-8"?>
<!-- Generated by org.testng.reporters.JUnitReportReporter -->
<testsuite hostname="FOCUS-QA-10" name="com.focus.testcases.MaterialRequisitionTest" tests="9" failures="0" timestamp="8 May 2022 09:16:14 GMT" time="101.757" errors="0">
  <testcase name="checkReSavingMaterialRequisitionVoucher1" time="10.755" classname="com.focus.testcases.MaterialRequisitionTest"/>
  <testcase name="checkVerifyingAndUpdatingMaterialRequisitionVoucher1" time="7.298" classname="com.focus.testcases.MaterialRequisitionTest"/>
  <testcase name="checkVerifyingAndDeletingMaterialRequisitionVoucher1" time="3.814" classname="com.focus.testcases.MaterialRequisitionTest"/>
  <testcase name="checkResavingMaterialRequisitionVoucher2AndSuspendingFromHomepage" time="16.822" classname="com.focus.testcases.MaterialRequisitionTest"/>
  <testcase name="checkDeleteOptionInMaterialRequisitionHomePage" time="5.687" classname="com.focus.testcases.MaterialRequisitionTest"/>
  <testcase name="checkVerifingDetailsOfSavedMaterialRequisitionVouchersInHomepage" time="1.198" classname="com.focus.testcases.MaterialRequisitionTest"/>
  <testcase name="checkSavingMaterialRequisitionVoucher2AndSuspendingFromEntryPage" time="16.070" classname="com.focus.testcases.MaterialRequisitionTest"/>
  <testcase name="checkVerifyingMaterialRequisitionVoucher1" time="0.685" classname="com.focus.testcases.MaterialRequisitionTest"/>
  <testcase name="checkSavingMaterialRequisitionVoucher1" time="39.428" classname="com.focus.testcases.MaterialRequisitionTest"/>
</testsuite> <!-- com.focus.testcases.MaterialRequisitionTest -->
