<?xml version="1.0" encoding="UTF-8"?>
<!-- Generated by org.testng.reporters.JUnitReportReporter -->
<testsuite hostname="FOCUS-QA-10" name="com.focus.testcases.UnitConversionTest" tests="3" failures="0" timestamp="8 May 2022 06:38:52 GMT" time="28.298" errors="0">
  <testcase name="checkUpdatingUnitConversion" time="7.221" classname="com.focus.testcases.UnitConversionTest"/>
  <testcase name="checkSavingUnitConversion" time="5.083" classname="com.focus.testcases.UnitConversionTest"/>
  <testcase name="checkDeletingUnitConversion" time="15.994" classname="com.focus.testcases.UnitConversionTest"/>
</testsuite> <!-- com.focus.testcases.UnitConversionTest -->
