<?xml version="1.0" encoding="UTF-8"?>
<!-- Generated by org.testng.reporters.JUnitReportReporter -->
<testsuite hostname="FOCUS-QA-10" name="com.focus.testcases.DesignWorkFlowTest" tests="4" failures="0" timestamp="8 May 2022 06:38:52 GMT" time="64.833" errors="0">
  <testcase name="checkEditingPurchasesFlow" time="33.177" classname="com.focus.testcases.DesignWorkFlowTest"/>
  <testcase name="checkEditingSavedTestWorkFlow" time="5.422" classname="com.focus.testcases.DesignWorkFlowTest"/>
  <testcase name="checkDeletingTestWorkFlow" time="3.664" classname="com.focus.testcases.DesignWorkFlowTest"/>
  <testcase name="checkSavingTestWorkFlow" time="22.570" classname="com.focus.testcases.DesignWorkFlowTest"/>
</testsuite> <!-- com.focus.testcases.DesignWorkFlowTest -->
