<?xml version="1.0" encoding="UTF-8"?>
<!-- Generated by org.testng.reporters.JUnitReportReporter -->
<testsuite hostname="FOCUS-QA-10" name="com.focus.testcases.ConfigureMasterTest" tests="10" failures="0" timestamp="8 May 2022 06:38:52 GMT" time="184.111" errors="0">
  <testcase name="checkconfigureMasters" time="4.791" classname="com.focus.testcases.ConfigureMasterTest"/>
  <testcase name="checkDeletingSavedGroupmasterWithChildmaster" time="4.654" classname="com.focus.testcases.ConfigureMasterTest"/>
  <testcase name="checkSavingMasterInConfigureMaster" time="93.116" classname="com.focus.testcases.ConfigureMasterTest"/>
  <testcase name="checkUpdatedMasterAndDeleteThatMaster" time="12.718" classname="com.focus.testcases.ConfigureMasterTest"/>
  <testcase name="checkSavedMasterAndUpdatingTheMaster" time="3.490" classname="com.focus.testcases.ConfigureMasterTest"/>
  <testcase name="checkSavingMasterForRecordCreation" time="13.218" classname="com.focus.testcases.ConfigureMasterTest"/>
  <testcase name="checkSavedMaserInMastersListAndSaveRecord" time="11.656" classname="com.focus.testcases.ConfigureMasterTest"/>
  <testcase name="checkAddingChildMasterInGroupMaster" time="7.836" classname="com.focus.testcases.ConfigureMasterTest"/>
  <testcase name="checkAddingGroupMasterInConfigureMaster" time="17.200" classname="com.focus.testcases.ConfigureMasterTest"/>
  <testcase name="checkAddingGroupMasterForDeletion" time="15.432" classname="com.focus.testcases.ConfigureMasterTest"/>
</testsuite> <!-- com.focus.testcases.ConfigureMasterTest -->
