<?xml version="1.0" encoding="UTF-8"?>
<!-- Generated by org.testng.reporters.JUnitReportReporter -->
<testsuite hostname="FOCUS-QA-10" name="com.focus.testcases.SanityDocCustViewTest" tests="39" failures="0" timestamp="8 May 2022 06:38:52 GMT" time="553.413" errors="0">
  <testcase name="checkFieldDetailsTabInputDefaultValueAndPropertiesOptionReadOnlyAndClickOnApplyInEditLayout" time="17.980" classname="com.focus.testcases.SanityDocCustViewTest"/>
  <testcase name="checkEditinginBodyFieldAndFooterFieldinInViewTab" time="18.221" classname="com.focus.testcases.SanityDocCustViewTest"/>
  <testcase name="checkTypeDropdownValues" time="0.358" classname="com.focus.testcases.SanityDocCustViewTest"/>
  <testcase name="checkRuleTabOptions" time="11.429" classname="com.focus.testcases.SanityDocCustViewTest"/>
  <testcase name="checkInputingCharacterInputInSecondRowAndCheckFooterValue" time="4.045" classname="com.focus.testcases.SanityDocCustViewTest"/>
  <testcase name="checkLoadingValesinFieldsOnSelectingLoginInTypeDropDown" time="3.883" classname="com.focus.testcases.SanityDocCustViewTest"/>
  <testcase name="checkViewTabHeaderOptionsINVeiwTabUnderDocumentCustomization" time="7.743" classname="com.focus.testcases.SanityDocCustViewTest"/>
  <testcase name="checkNavigateToDocumentNumberingTabInPurchaseVoucherVatView" time="15.549" classname="com.focus.testcases.SanityDocCustViewTest"/>
  <testcase name="checkLoginAfterDocumentCustOptions" time="13.582" classname="com.focus.testcases.SanityDocCustViewTest"/>
  <testcase name="checkLoginCompanyWithValidCredentials" time="13.819" classname="com.focus.testcases.SanityDocCustViewTest"/>
  <testcase name="checkCreatedVoucherInventoryTabInDocumentCustoimization" time="12.156" classname="com.focus.testcases.SanityDocCustViewTest"/>
  <testcase name="checkLogoutUserDocumentCustOptions" time="6.614" classname="com.focus.testcases.SanityDocCustViewTest"/>
  <testcase name="checkEditingInTriggersTabUnderPVVATView" time="35.403" classname="com.focus.testcases.SanityDocCustViewTest"/>
  <testcase name="checkInputingInputInTypeColumnInFifthRowAndCheckFooterValue" time="3.934" classname="com.focus.testcases.SanityDocCustViewTest"/>
  <testcase name="checkSelectingLoginNameandInputingStartingValueandNoofCharactersandCheckFooterValue" time="3.989" classname="com.focus.testcases.SanityDocCustViewTest"/>
  <testcase name="checkToggleExpansionINDocumentCustomizationVoucherScreen" time="7.028" classname="com.focus.testcases.SanityDocCustViewTest"/>
  <testcase name="checkCreatedVoucherEditScreenTabInDocumentCustoimization" time="37.928" classname="com.focus.testcases.SanityDocCustViewTest"/>
  <testcase name="checkCreatingViewInViewTab" time="25.918" classname="com.focus.testcases.SanityDocCustViewTest"/>
  <testcase name="checkFieldTypesinBodyGridViewTab" time="6.798" classname="com.focus.testcases.SanityDocCustViewTest"/>
  <testcase name="checkInputingCharacterInputInFourthRowAndCheckFooterValue" time="3.979" classname="com.focus.testcases.SanityDocCustViewTest"/>
  <testcase name="checkDeleteTriggerOptionInTriggers" time="12.018" classname="com.focus.testcases.SanityDocCustViewTest"/>
  <testcase name="checkLoginUsersinViewsTabUnderDocumentCustomization" time="5.595" classname="com.focus.testcases.SanityDocCustViewTest"/>
  <testcase name="checkLoadingValesinFieldsOnSelectingWareHouseInTypeDropDown" time="5.878" classname="com.focus.testcases.SanityDocCustViewTest"/>
  <testcase name="checkInputingIncrementInTypeColumnInFifthRowAndCheckFooterValue" time="4.132" classname="com.focus.testcases.SanityDocCustViewTest"/>
  <testcase name="checkSaveTriggerWithRaiseDocumentOptionInTriggers" time="47.271" classname="com.focus.testcases.SanityDocCustViewTest"/>
  <testcase name="checkHeaderBodyandFooterFieldsinDocumentNUmberingTab" time="13.568" classname="com.focus.testcases.SanityDocCustViewTest"/>
  <testcase name="checkSavedFieldsinPvVatViewVoucherDocumentNUmberingTab" time="20.636" classname="com.focus.testcases.SanityDocCustViewTest"/>
  <testcase name="checkRolesInViewsTabUnderDocumentCustomization" time="5.615" classname="com.focus.testcases.SanityDocCustViewTest"/>
  <testcase name="checkRaiseDocumentOptionInTriggers" time="16.954" classname="com.focus.testcases.SanityDocCustViewTest"/>
  <testcase name="checkCreatedVoucherMiscellaneousTabInDocumentCustoimization" time="19.520" classname="com.focus.testcases.SanityDocCustViewTest"/>
  <testcase name="checkUserCreatedVoucherDisplayWithDocumentTabInDocumentCustomization" time="11.081" classname="com.focus.testcases.SanityDocCustViewTest"/>
  <testcase name="checkSavingOnClickingUpdateOption" time="4.337" classname="com.focus.testcases.SanityDocCustViewTest"/>
  <testcase name="checkRuleTabInDocumentCustomization" time="21.193" classname="com.focus.testcases.SanityDocCustViewTest"/>
  <testcase name="checkCreatedVoucherEditLayoutInDocumentCustomization" time="15.460" classname="com.focus.testcases.SanityDocCustViewTest"/>
  <testcase name="checkSelectingNameandInputingStartingValueandNoofCharactersandCheckFooterValue" time="3.955" classname="com.focus.testcases.SanityDocCustViewTest"/>
  <testcase name="checkDeleteinCreatedViewInViewTab" time="28.407" classname="com.focus.testcases.SanityDocCustViewTest"/>
  <testcase name="checktheNarrationinHeaderTabEditLayoutinPVVATVIEW" time="14.613" classname="com.focus.testcases.SanityDocCustViewTest"/>
  <testcase name="checkCreatingRuleinRuleTAbUnderDocumentCustomization" time="47.964" classname="com.focus.testcases.SanityDocCustViewTest"/>
  <testcase name="checkSaveOptionInTriggerTab" time="4.860" classname="com.focus.testcases.SanityDocCustViewTest"/>
</testsuite> <!-- com.focus.testcases.SanityDocCustViewTest -->
