<?xml version="1.0" encoding="UTF-8"?>
<!-- Generated by org.testng.reporters.JUnitReportReporter -->
<testsuite hostname="FOCUS-QA-10" name="com.focus.testcases.DocumentCustomizationTest" tests="1" failures="0" timestamp="8 May 2022 06:38:52 GMT" time="85.411" errors="0">
  <testcase name="checkCreatingNewVoucherPurchaseVoucheVAT" time="85.411" classname="com.focus.testcases.DocumentCustomizationTest"/>
</testsuite> <!-- com.focus.testcases.DocumentCustomizationTest -->
