<?xml version="1.0" encoding="UTF-8"?>
<!-- Generated by org.testng.reporters.JUnitReportReporter -->
<testsuite hostname="FOCUS-QA-10" name="com.focus.testcases.StandardRateTest" tests="3" failures="0" timestamp="8 May 2022 06:38:52 GMT" time="15.898" errors="0">
  <testcase name="checkStandardRateDeleteOption" time="14.891" classname="com.focus.testcases.StandardRateTest"/>
  <testcase name="checkEditingStandardRate" time="0.740" classname="com.focus.testcases.StandardRateTest"/>
  <testcase name="checkSavingStandardRate" time="0.267" classname="com.focus.testcases.StandardRateTest"/>
</testsuite> <!-- com.focus.testcases.StandardRateTest -->
