<?xml version="1.0" encoding="UTF-8"?>
<!-- Generated by org.testng.reporters.JUnitReportReporter -->
<testsuite hostname="FOCUS-QA-10" name="com.focus.testcases.BinsTest" tests="5" failures="0" timestamp="8 May 2022 06:38:52 GMT" time="19.385" errors="0">
  <testcase name="checkUpdatedBinsMasterDisplayInBins" time="0.694" classname="com.focus.testcases.BinsTest"/>
  <testcase name="checkDeleteInBinsInBinsMaster" time="6.723" classname="com.focus.testcases.BinsTest"/>
  <testcase name="checkSavingBinsInBinsMaster" time="2.847" classname="com.focus.testcases.BinsTest"/>
  <testcase name="checkBinsMasterInMasterMenu" time="7.474" classname="com.focus.testcases.BinsTest"/>
  <testcase name="checkEditingInSavedBinsINBinsMaster" time="1.647" classname="com.focus.testcases.BinsTest"/>
</testsuite> <!-- com.focus.testcases.BinsTest -->
