<?xml version="1.0" encoding="UTF-8"?>
<!-- Generated by org.testng.reporters.JUnitReportReporter -->
<testsuite hostname="FOCUS-QA-10" name="com.focus.testcases.Focus10FinancialsReportsTest" tests="2" failures="0" timestamp="28 Dec 2021 06:24:38 GMT" time="47.530" errors="0">
  <testcase name="checkCashBookReportwithAscendingOrderColumn" time="27.669" classname="com.focus.testcases.Focus10FinancialsReportsTest"/>
  <testcase name="checkLoginTOAutomationCompany" time="19.861" classname="com.focus.testcases.Focus10FinancialsReportsTest"/>
</testsuite> <!-- com.focus.testcases.Focus10FinancialsReportsTest -->
