<?xml version="1.0" encoding="UTF-8"?>
<!-- Generated by org.testng.reporters.JUnitReportReporter -->
<testsuite hostname="FOCUS-QA-10" name="com.focus.testcases.DepartmentTest" tests="5" failures="0" timestamp="8 May 2022 06:38:52 GMT" time="13.845" errors="0">
  <testcase name="checkEditingInSavedDepartmentINDepartmentMaster" time="1.546" classname="com.focus.testcases.DepartmentTest"/>
  <testcase name="checkUpdatedDepartmentMasterDisplayInDepartment" time="0.673" classname="com.focus.testcases.DepartmentTest"/>
  <testcase name="checkDeleteInDepartmentMaster" time="3.103" classname="com.focus.testcases.DepartmentTest"/>
  <testcase name="checkDepartmentMasterInMAsterMenu" time="6.083" classname="com.focus.testcases.DepartmentTest"/>
  <testcase name="checkSavingDepartmentInDepartmentMaster" time="2.440" classname="com.focus.testcases.DepartmentTest"/>
</testsuite> <!-- com.focus.testcases.DepartmentTest -->
