<?xml version="1.0" encoding="UTF-8"?>
<!-- Generated by org.testng.reporters.JUnitReportReporter -->
<testsuite hostname="FOCUS-QA-10" name="com.focus.testcases.URLBrowserTest" tests="2" failures="0" timestamp="3 Jan 2023 19:02:40 GMT" time="12.783" errors="0">
  <testcase name="checkLoginPageTitleByURLInputInBrowser" time="4.808" classname="com.focus.testcases.URLBrowserTest"/>
  <testcase name="verifyBrowserOpen" time="7.975" classname="com.focus.testcases.URLBrowserTest"/>
</testsuite> <!-- com.focus.testcases.URLBrowserTest -->
